#
# There is insufficient memory for the Java Runtime Environment to continue.
# Native memory allocation (malloc) failed to allocate 1056496 bytes for Chunk::new
# Possible reasons:
#   The system is out of physical RAM or swap space
#   The process is running with CompressedOops enabled, and the Java Heap may be blocking the growth of the native heap
# Possible solutions:
#   Reduce memory load on the system
#   Increase physical memory or swap space
#   Check if swap backing store is full
#   Decrease Java heap size (-Xmx/-Xms)
#   Decrease number of Java threads
#   Decrease Java thread stack sizes (-Xss)
#   Set larger code cache with -XX:ReservedCodeCacheSize=
#   JVM is running with Unscaled Compressed Oops mode in which the Java heap is
#     placed in the first 4GB address space. The Java Heap base address is the
#     maximum limit for the native heap growth. Please use -XX:HeapBaseMinAddress
#     to set the Java Heap base and to place the Java Heap above 4GB virtual address.
# This output file may be truncated or incomplete.
#
#  Out of Memory Error (arena.cpp:189), pid=207164, tid=215824
#
# JRE version: OpenJDK Runtime Environment Temurin-17.0.4+8 (17.0.4+8) (build 17.0.4+8)
# Java VM: OpenJDK 64-Bit Server VM Temurin-17.0.4+8 (17.0.4+8, mixed mode, tiered, compressed oops, compressed class ptrs, parallel gc, windows-amd64)
# No core dump will be written. Minidumps are not enabled by default on client versions of Windows
#

---------------  S U M M A R Y ------------

Command Line: --add-modules=ALL-SYSTEM --add-opens=java.base/java.util=ALL-UNNAMED --add-opens=java.base/java.lang=ALL-UNNAMED --add-opens=java.base/sun.nio.fs=ALL-UNNAMED -Declipse.application=org.eclipse.jdt.ls.core.id1 -Dosgi.bundles.defaultStartLevel=4 -Declipse.product=org.eclipse.jdt.ls.core.product -Djava.import.generatesMetadataFilesAtProjectRoot=false -Dfile.encoding=utf8 -DwatchParentProcess=false -Xlog:jni+resolve=off -XX:+UseParallelGC -XX:GCTimeRatio=4 -XX:AdaptiveSizePolicyWeight=90 -Dsun.zip.disableMemoryMapping=true -Xmx1G -Xms100m -javaagent:c:\Users\Nargol\.vscode\extensions\redhat.java-1.10.0-win32-x64\lombok\lombok-1.18.24.jar c:\Users\Nargol\.vscode\extensions\redhat.java-1.10.0-win32-x64\server\plugins\org.eclipse.equinox.launcher_1.6.400.v20210924-0641.jar -configuration c:\Users\Nargol\AppData\Roaming\Code\User\globalStorage\redhat.java\1.10.0\config_ss_win -data c:\Users\Nargol\AppData\Roaming\Code\User\workspaceStorage\45846c7739866774b57027b74214147e\redhat.java\ss_ws

Host: Intel(R) Core(TM) i7-2630QM CPU @ 2.00GHz, 8 cores, 15G,  Windows 10 , 64 bit Build 19041 (10.0.19041.1889)
Time: Sun Sep 11 23:07:51 2022 W. Europe Daylight Time elapsed time: 56.184201 seconds (0d 0h 0m 56s)

---------------  T H R E A D  ---------------

Current thread (0x00000260a08068f0):  JavaThread "C2 CompilerThread1" daemon [_thread_in_native, id=215824, stack(0x000000df99300000,0x000000df99400000)]


Current CompileTask:
C2:  56184 7556       4       lombok.eclipse.EclipseAST::buildMethod (110 bytes)

Stack: [0x000000df99300000,0x000000df99400000]
Native frames: (J=compiled Java code, j=interpreted, Vv=VM code, C=native code)
V  [jvm.dll+0x67733a]
V  [jvm.dll+0x8323c4]
V  [jvm.dll+0x833b6e]
V  [jvm.dll+0x8341d3]
V  [jvm.dll+0x2455e5]
V  [jvm.dll+0xabd7b]
V  [jvm.dll+0xac30c]
V  [jvm.dll+0x2ac67f]
V  [jvm.dll+0x57dd57]
V  [jvm.dll+0x220702]
V  [jvm.dll+0x21a0c4]
V  [jvm.dll+0x2177eb]
V  [jvm.dll+0x1a3f8d]
V  [jvm.dll+0x227308]
V  [jvm.dll+0x225455]
V  [jvm.dll+0x7e7eeb]
V  [jvm.dll+0x7e245a]
V  [jvm.dll+0x6761c5]
C  [ucrtbase.dll+0x21bb2]
C  [KERNEL32.DLL+0x17034]
C  [ntdll.dll+0x52651]


---------------  P R O C E S S  ---------------

Threads class SMR info:
_java_thread_list=0x000002609ee8c130, length=24, elements={
0x000002608884e0c0, 0x000002609c6e4000, 0x000002609c6e67b0, 0x000002609ebf7090,
0x000002609ebf7f00, 0x000002609ebfd0c0, 0x000002609ec009a0, 0x000002609ec02650,
0x000002609ec030f0, 0x000002609ec05af0, 0x000002608890bb60, 0x000002609ee98df0,
0x000002609f5fa300, 0x000002609f78f540, 0x000002609f6f2a60, 0x000002609f784040,
0x00000260a04eb3a0, 0x00000260a065c590, 0x00000260a0621bc0, 0x00000260a0621220,
0x00000260a061f540, 0x00000260a061f070, 0x00000260a0620d50, 0x00000260a08068f0
}

Java Threads: ( => current thread )
  0x000002608884e0c0 JavaThread "main" [_thread_blocked, id=229388, stack(0x000000df97000000,0x000000df97100000)]
  0x000002609c6e4000 JavaThread "Reference Handler" daemon [_thread_blocked, id=229436, stack(0x000000df97300000,0x000000df97400000)]
  0x000002609c6e67b0 JavaThread "Finalizer" daemon [_thread_blocked, id=229440, stack(0x000000df97400000,0x000000df97500000)]
  0x000002609ebf7090 JavaThread "Signal Dispatcher" daemon [_thread_blocked, id=229480, stack(0x000000df97500000,0x000000df97600000)]
  0x000002609ebf7f00 JavaThread "Attach Listener" daemon [_thread_blocked, id=229484, stack(0x000000df97600000,0x000000df97700000)]
  0x000002609ebfd0c0 JavaThread "Service Thread" daemon [_thread_blocked, id=229488, stack(0x000000df97700000,0x000000df97800000)]
  0x000002609ec009a0 JavaThread "Monitor Deflation Thread" daemon [_thread_blocked, id=229492, stack(0x000000df97800000,0x000000df97900000)]
  0x000002609ec02650 JavaThread "C2 CompilerThread0" daemon [_thread_in_native, id=229496, stack(0x000000df97900000,0x000000df97a00000)]
  0x000002609ec030f0 JavaThread "C1 CompilerThread0" daemon [_thread_blocked, id=229500, stack(0x000000df97a00000,0x000000df97b00000)]
  0x000002609ec05af0 JavaThread "Sweeper thread" daemon [_thread_blocked, id=229504, stack(0x000000df97b00000,0x000000df97c00000)]
  0x000002608890bb60 JavaThread "Common-Cleaner" daemon [_thread_blocked, id=229552, stack(0x000000df97c00000,0x000000df97d00000)]
  0x000002609ee98df0 JavaThread "Notification Thread" daemon [_thread_blocked, id=229796, stack(0x000000df97d00000,0x000000df97e00000)]
  0x000002609f5fa300 JavaThread "Active Thread: Equinox Container: 5b29e862-d29f-4e57-b2d2-7cdd84069265" [_thread_blocked, id=133248, stack(0x000000df98400000,0x000000df98500000)]
  0x000002609f78f540 JavaThread "Framework Event Dispatcher: Equinox Container: 5b29e862-d29f-4e57-b2d2-7cdd84069265" daemon [_thread_blocked, id=229688, stack(0x000000df98500000,0x000000df98600000)]
  0x000002609f6f2a60 JavaThread "Start Level: Equinox Container: 5b29e862-d29f-4e57-b2d2-7cdd84069265" daemon [_thread_blocked, id=229684, stack(0x000000df98600000,0x000000df98700000)]
  0x000002609f784040 JavaThread "SCR Component Actor" daemon [_thread_blocked, id=229680, stack(0x000000df98700000,0x000000df98800000)]
  0x00000260a04eb3a0 JavaThread "Worker-JM" [_thread_blocked, id=230228, stack(0x000000df98b00000,0x000000df98c00000)]
  0x00000260a065c590 JavaThread "Worker-0" [_thread_blocked, id=226968, stack(0x000000df98c00000,0x000000df98d00000)]
  0x00000260a0621bc0 JavaThread "Worker-1: Publish Diagnostics" [_thread_in_native, id=208180, stack(0x000000df98d00000,0x000000df98e00000)]
  0x00000260a0621220 JavaThread "pool-1-thread-1" [_thread_blocked, id=229660, stack(0x000000df99000000,0x000000df99100000)]
  0x00000260a061f540 JavaThread "Worker-2" [_thread_blocked, id=229792, stack(0x000000df98a00000,0x000000df98b00000)]
  0x00000260a061f070 JavaThread "ForkJoinPool.commonPool-worker-1" daemon [_thread_blocked, id=230176, stack(0x000000df99100000,0x000000df99200000)]
  0x00000260a0620d50 JavaThread "ForkJoinPool.commonPool-worker-2" daemon [_thread_blocked, id=230036, stack(0x000000df99200000,0x000000df99300000)]
=>0x00000260a08068f0 JavaThread "C2 CompilerThread1" daemon [_thread_in_native, id=215824, stack(0x000000df99300000,0x000000df99400000)]

Other Threads:
  0x000002609c6e0630 VMThread "VM Thread" [stack: 0x000000df97200000,0x000000df97300000] [id=229404]
  0x000002609ee524f0 WatcherThread [stack: 0x000000df97e00000,0x000000df97f00000] [id=229800]
  0x0000026088864f40 GCTaskThread "GC Thread#0" [stack: 0x000000df97100000,0x000000df97200000] [id=229392]
  0x000002609f4cc6d0 GCTaskThread "GC Thread#1" [stack: 0x000000df97f00000,0x000000df98000000] [id=230196]
  0x000002609f4ccf90 GCTaskThread "GC Thread#2" [stack: 0x000000df98000000,0x000000df98100000] [id=230200]
  0x000002609f4cd240 GCTaskThread "GC Thread#3" [stack: 0x000000df98100000,0x000000df98200000] [id=230204]
  0x000002609f1f82c0 GCTaskThread "GC Thread#4" [stack: 0x000000df98200000,0x000000df98300000] [id=230208]
  0x000002609f1f8570 GCTaskThread "GC Thread#5" [stack: 0x000000df98300000,0x000000df98400000] [id=230212]
  0x000002609f7bfd10 GCTaskThread "GC Thread#6" [stack: 0x000000df98800000,0x000000df98900000] [id=229852]
  0x000002609f745cc0 GCTaskThread "GC Thread#7" [stack: 0x000000df98900000,0x000000df98a00000] [id=229848]

Threads with active compile tasks:
C2 CompilerThread0    56252 7557       4       lombok.eclipse.EclipseAST::buildArguments (56 bytes)
C2 CompilerThread1    56252 7556       4       lombok.eclipse.EclipseAST::buildMethod (110 bytes)

VM state: not at safepoint (normal execution)

VM Mutex/Monitor currently owned by a thread: None

Heap address: 0x00000000c0000000, size: 1024 MB, Compressed Oops mode: 32-bit

CDS archive(s) not mapped
Compressed class space mapped at: 0x0000000100000000-0x0000000140000000, reserved size: 1073741824
Narrow klass base: 0x0000000000000000, Narrow klass shift: 3, Narrow klass range: 0x140000000

GC Precious Log:
 CPUs: 8 total, 8 available
 Memory: 16291M
 Large Page Support: Disabled
 NUMA Support: Disabled
 Compressed Oops: Enabled (32-bit)
 Alignments: Space 512K, Generation 512K, Heap 2M
 Heap Min Capacity: 100M
 Heap Initial Capacity: 100M
 Heap Max Capacity: 1G
 Pre-touch: Disabled
 Parallel Workers: 8

Heap:
 PSYoungGen      total 19968K, used 11677K [0x00000000eab00000, 0x00000000ec500000, 0x0000000100000000)
  eden space 19456K, 57% used [0x00000000eab00000,0x00000000eb5eb4f8,0x00000000ebe00000)
  from space 512K, 96% used [0x00000000ec300000,0x00000000ec37c010,0x00000000ec380000)
  to   space 1536K, 0% used [0x00000000ec380000,0x00000000ec380000,0x00000000ec500000)
 ParOldGen       total 68608K, used 63679K [0x00000000c0000000, 0x00000000c4300000, 0x00000000eab00000)
  object space 68608K, 92% used [0x00000000c0000000,0x00000000c3e2fc30,0x00000000c4300000)
 Metaspace       used 47127K, committed 47872K, reserved 1097728K
  class space    used 4485K, committed 4800K, reserved 1048576K

Card table byte_map: [0x0000026088240000,0x0000026088450000] _byte_map_base: 0x0000026087c40000

Marking Bits: (ParMarkBitMap*) 0x00007ffa035b2cd0
 Begin Bits: [0x000002609a4f0000, 0x000002609b4f0000)
 End Bits:   [0x000002609b4f0000, 0x000002609c4f0000)

Polling page: 0x0000026088030000

Metaspace:

Usage:
  Non-class:     41.64 MB used.
      Class:      4.38 MB used.
       Both:     46.02 MB used.

Virtual space:
  Non-class space:       48.00 MB reserved,      42.06 MB ( 88%) committed,  6 nodes.
      Class space:        1.00 GB reserved,       4.69 MB ( <1%) committed,  1 nodes.
             Both:        1.05 GB reserved,      46.75 MB (  4%) committed. 

Chunk freelists:
   Non-Class:  1.61 MB
       Class:  3.15 MB
        Both:  4.76 MB

MaxMetaspaceSize: unlimited
CompressedClassSpaceSize: 1.00 GB
Initial GC threshold: 21.00 MB
Current GC threshold: 58.38 MB
CDS: off
MetaspaceReclaimPolicy: balanced
 - commit_granule_bytes: 65536.
 - commit_granule_words: 8192.
 - virtual_space_node_default_size: 1048576.
 - enlarge_chunks_in_place: 1.
 - new_chunks_are_fully_committed: 0.
 - uncommit_free_chunks: 1.
 - use_allocation_guard: 0.
 - handle_deallocations: 1.


Internal statistics:

num_allocs_failed_limit: 6.
num_arena_births: 296.
num_arena_deaths: 14.
num_vsnodes_births: 7.
num_vsnodes_deaths: 0.
num_space_committed: 748.
num_space_uncommitted: 0.
num_chunks_returned_to_freelist: 20.
num_chunks_taken_from_freelist: 1808.
num_chunk_merges: 7.
num_chunk_splits: 1254.
num_chunks_enlarged: 902.
num_purges: 2.
num_inconsistent_stats: 0.

CodeHeap 'non-profiled nmethods': size=120000Kb used=3700Kb max_used=3700Kb free=116299Kb
 bounds [0x0000026092fc0000, 0x0000026093360000, 0x000002609a4f0000]
CodeHeap 'profiled nmethods': size=120000Kb used=16286Kb max_used=16286Kb free=103714Kb
 bounds [0x000002608ba90000, 0x000002608ca80000, 0x0000026092fc0000]
CodeHeap 'non-nmethods': size=5760Kb used=1306Kb max_used=1356Kb free=4454Kb
 bounds [0x000002608b4f0000, 0x000002608b760000, 0x000002608ba90000]
 total_blobs=7359 nmethods=6724 adapters=548
 compilation: enabled
              stopped_count=0, restarted_count=0
 full_count=0

Compilation events (20 events):
Event: 55.971 Thread 0x000002609ec030f0 7569       3       org.eclipse.jdt.internal.compiler.ast.ImportReference::getSimpleName (13 bytes)
Event: 55.972 Thread 0x000002609ec030f0 nmethod 7569 0x000002608ca6f790 code [0x000002608ca6f920, 0x000002608ca6fa58]
Event: 55.972 Thread 0x000002609ec030f0 7570       3       org.eclipse.jdt.internal.compiler.lookup.ImportBinding::getSimpleName (28 bytes)
Event: 55.972 Thread 0x000002609ec030f0 nmethod 7570 0x000002608ca6fb10 code [0x000002608ca6fcc0, 0x000002608ca6fef8]
Event: 56.001 Thread 0x000002609ec030f0 7572       3       org.eclipse.jdt.internal.compiler.SourceElementParser::consumeClassHeaderName1 (22 bytes)
Event: 56.002 Thread 0x000002609ec030f0 nmethod 7572 0x000002608ca70090 code [0x000002608ca70240, 0x000002608ca70458]
Event: 56.003 Thread 0x000002609ec030f0 7573       3       org.eclipse.jdt.internal.compiler.SourceElementNotifier::getInterfaceNames (117 bytes)
Event: 56.004 Thread 0x000002609ec030f0 nmethod 7573 0x000002608ca70590 code [0x000002608ca707a0, 0x000002608ca710b8]
Event: 56.004 Thread 0x000002609ec030f0 7574       3       org.eclipse.jdt.internal.compiler.ISourceElementRequestor$TypeInfo::<init> (16 bytes)
Event: 56.005 Thread 0x000002609ec030f0 nmethod 7574 0x000002608ca71390 code [0x000002608ca71540, 0x000002608ca71858]
Event: 56.005 Thread 0x000002609ec030f0 7575       3       org.eclipse.jdt.internal.compiler.ast.TypeDeclaration::isSecondary (15 bytes)
Event: 56.005 Thread 0x000002609ec030f0 nmethod 7575 0x000002608ca71990 code [0x000002608ca71b20, 0x000002608ca71c98]
Event: 56.119 Thread 0x000002609ec030f0 7579       3       org.eclipse.jdt.internal.compiler.SourceElementParser::newQualifiedNameReference (13 bytes)
Event: 56.120 Thread 0x000002609ec030f0 nmethod 7579 0x000002608ca71d10 code [0x000002608ca71ee0, 0x000002608ca72338]
Event: 56.120 Thread 0x000002609ec030f0 7580       3       org.eclipse.jdt.internal.core.util.ReferenceInfoAdapter::acceptUnknownReference (1 bytes)
Event: 56.120 Thread 0x000002609ec030f0 nmethod 7580 0x000002608ca72510 code [0x000002608ca726a0, 0x000002608ca727b8]
Event: 56.126 Thread 0x000002609ec030f0 7581       3       org.eclipse.core.internal.resources.Resource::isAccessible (5 bytes)
Event: 56.127 Thread 0x000002609ec030f0 nmethod 7581 0x000002608ca72890 code [0x000002608ca72a60, 0x000002608ca730b8]
Event: 56.171 Thread 0x000002609ec030f0 7582       3       sun.nio.fs.WindowsPath::parse (26 bytes)
Event: 56.172 Thread 0x000002609ec030f0 nmethod 7582 0x000002608ca73290 code [0x000002608ca73460, 0x000002608ca737c8]

GC Heap History (20 events):
Event: 50.025 GC heap before
{Heap before GC invocations=118 (full 2):
 PSYoungGen      total 19968K, used 19793K [0x00000000eab00000, 0x00000000ec400000, 0x0000000100000000)
  eden space 19456K, 99% used [0x00000000eab00000,0x00000000ebddf838,0x00000000ebe00000)
  from space 512K, 91% used [0x00000000ec300000,0x00000000ec374c08,0x00000000ec380000)
  to   space 512K, 0% used [0x00000000ec380000,0x00000000ec380000,0x00000000ec400000)
 ParOldGen       total 68608K, used 60967K [0x00000000c0000000, 0x00000000c4300000, 0x00000000eab00000)
  object space 68608K, 88% used [0x00000000c0000000,0x00000000c3b89d80,0x00000000c4300000)
 Metaspace       used 46732K, committed 47424K, reserved 1097728K
  class space    used 4449K, committed 4736K, reserved 1048576K
}
Event: 50.027 GC heap after
{Heap after GC invocations=118 (full 2):
 PSYoungGen      total 19968K, used 128K [0x00000000eab00000, 0x00000000ec400000, 0x0000000100000000)
  eden space 19456K, 0% used [0x00000000eab00000,0x00000000eab00000,0x00000000ebe00000)
  from space 512K, 25% used [0x00000000ec380000,0x00000000ec3a0000,0x00000000ec400000)
  to   space 512K, 0% used [0x00000000ec300000,0x00000000ec300000,0x00000000ec380000)
 ParOldGen       total 68608K, used 60991K [0x00000000c0000000, 0x00000000c4300000, 0x00000000eab00000)
  object space 68608K, 88% used [0x00000000c0000000,0x00000000c3b8fd80,0x00000000c4300000)
 Metaspace       used 46732K, committed 47424K, reserved 1097728K
  class space    used 4449K, committed 4736K, reserved 1048576K
}
Event: 50.156 GC heap before
{Heap before GC invocations=119 (full 2):
 PSYoungGen      total 19968K, used 19584K [0x00000000eab00000, 0x00000000ec400000, 0x0000000100000000)
  eden space 19456K, 100% used [0x00000000eab00000,0x00000000ebe00000,0x00000000ebe00000)
  from space 512K, 25% used [0x00000000ec380000,0x00000000ec3a0000,0x00000000ec400000)
  to   space 512K, 0% used [0x00000000ec300000,0x00000000ec300000,0x00000000ec380000)
 ParOldGen       total 68608K, used 60991K [0x00000000c0000000, 0x00000000c4300000, 0x00000000eab00000)
  object space 68608K, 88% used [0x00000000c0000000,0x00000000c3b8fd80,0x00000000c4300000)
 Metaspace       used 46732K, committed 47424K, reserved 1097728K
  class space    used 4449K, committed 4736K, reserved 1048576K
}
Event: 50.160 GC heap after
{Heap after GC invocations=119 (full 2):
 PSYoungGen      total 19968K, used 435K [0x00000000eab00000, 0x00000000ec400000, 0x0000000100000000)
  eden space 19456K, 0% used [0x00000000eab00000,0x00000000eab00000,0x00000000ebe00000)
  from space 512K, 84% used [0x00000000ec300000,0x00000000ec36cc08,0x00000000ec380000)
  to   space 512K, 0% used [0x00000000ec380000,0x00000000ec380000,0x00000000ec400000)
 ParOldGen       total 68608K, used 61015K [0x00000000c0000000, 0x00000000c4300000, 0x00000000eab00000)
  object space 68608K, 88% used [0x00000000c0000000,0x00000000c3b95d80,0x00000000c4300000)
 Metaspace       used 46732K, committed 47424K, reserved 1097728K
  class space    used 4449K, committed 4736K, reserved 1048576K
}
Event: 50.236 GC heap before
{Heap before GC invocations=120 (full 2):
 PSYoungGen      total 19968K, used 19891K [0x00000000eab00000, 0x00000000ec400000, 0x0000000100000000)
  eden space 19456K, 100% used [0x00000000eab00000,0x00000000ebe00000,0x00000000ebe00000)
  from space 512K, 84% used [0x00000000ec300000,0x00000000ec36cc08,0x00000000ec380000)
  to   space 512K, 0% used [0x00000000ec380000,0x00000000ec380000,0x00000000ec400000)
 ParOldGen       total 68608K, used 61015K [0x00000000c0000000, 0x00000000c4300000, 0x00000000eab00000)
  object space 68608K, 88% used [0x00000000c0000000,0x00000000c3b95d80,0x00000000c4300000)
 Metaspace       used 46732K, committed 47424K, reserved 1097728K
  class space    used 4449K, committed 4736K, reserved 1048576K
}
Event: 50.237 GC heap after
{Heap after GC invocations=120 (full 2):
 PSYoungGen      total 19968K, used 419K [0x00000000eab00000, 0x00000000ec400000, 0x0000000100000000)
  eden space 19456K, 0% used [0x00000000eab00000,0x00000000eab00000,0x00000000ebe00000)
  from space 512K, 81% used [0x00000000ec380000,0x00000000ec3e8d28,0x00000000ec400000)
  to   space 512K, 0% used [0x00000000ec300000,0x00000000ec300000,0x00000000ec380000)
 ParOldGen       total 68608K, used 61047K [0x00000000c0000000, 0x00000000c4300000, 0x00000000eab00000)
  object space 68608K, 88% used [0x00000000c0000000,0x00000000c3b9dd80,0x00000000c4300000)
 Metaspace       used 46732K, committed 47424K, reserved 1097728K
  class space    used 4449K, committed 4736K, reserved 1048576K
}
Event: 50.314 GC heap before
{Heap before GC invocations=121 (full 2):
 PSYoungGen      total 19968K, used 19875K [0x00000000eab00000, 0x00000000ec400000, 0x0000000100000000)
  eden space 19456K, 100% used [0x00000000eab00000,0x00000000ebe00000,0x00000000ebe00000)
  from space 512K, 81% used [0x00000000ec380000,0x00000000ec3e8d28,0x00000000ec400000)
  to   space 512K, 0% used [0x00000000ec300000,0x00000000ec300000,0x00000000ec380000)
 ParOldGen       total 68608K, used 61047K [0x00000000c0000000, 0x00000000c4300000, 0x00000000eab00000)
  object space 68608K, 88% used [0x00000000c0000000,0x00000000c3b9dd80,0x00000000c4300000)
 Metaspace       used 46732K, committed 47424K, reserved 1097728K
  class space    used 4449K, committed 4736K, reserved 1048576K
}
Event: 50.315 GC heap after
{Heap after GC invocations=121 (full 2):
 PSYoungGen      total 19968K, used 371K [0x00000000eab00000, 0x00000000ec400000, 0x0000000100000000)
  eden space 19456K, 0% used [0x00000000eab00000,0x00000000eab00000,0x00000000ebe00000)
  from space 512K, 72% used [0x00000000ec300000,0x00000000ec35cc08,0x00000000ec380000)
  to   space 512K, 0% used [0x00000000ec380000,0x00000000ec380000,0x00000000ec400000)
 ParOldGen       total 68608K, used 61079K [0x00000000c0000000, 0x00000000c4300000, 0x00000000eab00000)
  object space 68608K, 89% used [0x00000000c0000000,0x00000000c3ba5d80,0x00000000c4300000)
 Metaspace       used 46732K, committed 47424K, reserved 1097728K
  class space    used 4449K, committed 4736K, reserved 1048576K
}
Event: 50.393 GC heap before
{Heap before GC invocations=122 (full 2):
 PSYoungGen      total 19968K, used 19827K [0x00000000eab00000, 0x00000000ec400000, 0x0000000100000000)
  eden space 19456K, 100% used [0x00000000eab00000,0x00000000ebe00000,0x00000000ebe00000)
  from space 512K, 72% used [0x00000000ec300000,0x00000000ec35cc08,0x00000000ec380000)
  to   space 512K, 0% used [0x00000000ec380000,0x00000000ec380000,0x00000000ec400000)
 ParOldGen       total 68608K, used 61079K [0x00000000c0000000, 0x00000000c4300000, 0x00000000eab00000)
  object space 68608K, 89% used [0x00000000c0000000,0x00000000c3ba5d80,0x00000000c4300000)
 Metaspace       used 46732K, committed 47424K, reserved 1097728K
  class space    used 4449K, committed 4736K, reserved 1048576K
}
Event: 50.395 GC heap after
{Heap after GC invocations=122 (full 2):
 PSYoungGen      total 19968K, used 339K [0x00000000eab00000, 0x00000000ec400000, 0x0000000100000000)
  eden space 19456K, 0% used [0x00000000eab00000,0x00000000eab00000,0x00000000ebe00000)
  from space 512K, 66% used [0x00000000ec380000,0x00000000ec3d4c08,0x00000000ec400000)
  to   space 512K, 0% used [0x00000000ec300000,0x00000000ec300000,0x00000000ec380000)
 ParOldGen       total 68608K, used 61103K [0x00000000c0000000, 0x00000000c4300000, 0x00000000eab00000)
  object space 68608K, 89% used [0x00000000c0000000,0x00000000c3babd80,0x00000000c4300000)
 Metaspace       used 46732K, committed 47424K, reserved 1097728K
  class space    used 4449K, committed 4736K, reserved 1048576K
}
Event: 50.516 GC heap before
{Heap before GC invocations=123 (full 2):
 PSYoungGen      total 19968K, used 19795K [0x00000000eab00000, 0x00000000ec400000, 0x0000000100000000)
  eden space 19456K, 100% used [0x00000000eab00000,0x00000000ebe00000,0x00000000ebe00000)
  from space 512K, 66% used [0x00000000ec380000,0x00000000ec3d4c08,0x00000000ec400000)
  to   space 512K, 0% used [0x00000000ec300000,0x00000000ec300000,0x00000000ec380000)
 ParOldGen       total 68608K, used 61103K [0x00000000c0000000, 0x00000000c4300000, 0x00000000eab00000)
  object space 68608K, 89% used [0x00000000c0000000,0x00000000c3babd80,0x00000000c4300000)
 Metaspace       used 46732K, committed 47424K, reserved 1097728K
  class space    used 4449K, committed 4736K, reserved 1048576K
}
Event: 50.517 GC heap after
{Heap after GC invocations=123 (full 2):
 PSYoungGen      total 19968K, used 403K [0x00000000eab00000, 0x00000000ec400000, 0x0000000100000000)
  eden space 19456K, 0% used [0x00000000eab00000,0x00000000eab00000,0x00000000ebe00000)
  from space 512K, 78% used [0x00000000ec300000,0x00000000ec364c08,0x00000000ec380000)
  to   space 512K, 0% used [0x00000000ec380000,0x00000000ec380000,0x00000000ec400000)
 ParOldGen       total 68608K, used 61127K [0x00000000c0000000, 0x00000000c4300000, 0x00000000eab00000)
  object space 68608K, 89% used [0x00000000c0000000,0x00000000c3bb1d80,0x00000000c4300000)
 Metaspace       used 46732K, committed 47424K, reserved 1097728K
  class space    used 4449K, committed 4736K, reserved 1048576K
}
Event: 50.630 GC heap before
{Heap before GC invocations=124 (full 2):
 PSYoungGen      total 19968K, used 19662K [0x00000000eab00000, 0x00000000ec400000, 0x0000000100000000)
  eden space 19456K, 98% used [0x00000000eab00000,0x00000000ebdcec80,0x00000000ebe00000)
  from space 512K, 78% used [0x00000000ec300000,0x00000000ec364c08,0x00000000ec380000)
  to   space 512K, 0% used [0x00000000ec380000,0x00000000ec380000,0x00000000ec400000)
 ParOldGen       total 68608K, used 61127K [0x00000000c0000000, 0x00000000c4300000, 0x00000000eab00000)
  object space 68608K, 89% used [0x00000000c0000000,0x00000000c3bb1d80,0x00000000c4300000)
 Metaspace       used 46732K, committed 47424K, reserved 1097728K
  class space    used 4449K, committed 4736K, reserved 1048576K
}
Event: 50.631 GC heap after
{Heap after GC invocations=124 (full 2):
 PSYoungGen      total 19968K, used 96K [0x00000000eab00000, 0x00000000ec400000, 0x0000000100000000)
  eden space 19456K, 0% used [0x00000000eab00000,0x00000000eab00000,0x00000000ebe00000)
  from space 512K, 18% used [0x00000000ec380000,0x00000000ec398000,0x00000000ec400000)
  to   space 512K, 0% used [0x00000000ec300000,0x00000000ec300000,0x00000000ec380000)
 ParOldGen       total 68608K, used 61151K [0x00000000c0000000, 0x00000000c4300000, 0x00000000eab00000)
  object space 68608K, 89% used [0x00000000c0000000,0x00000000c3bb7d80,0x00000000c4300000)
 Metaspace       used 46732K, committed 47424K, reserved 1097728K
  class space    used 4449K, committed 4736K, reserved 1048576K
}
Event: 50.706 GC heap before
{Heap before GC invocations=125 (full 2):
 PSYoungGen      total 19968K, used 19372K [0x00000000eab00000, 0x00000000ec400000, 0x0000000100000000)
  eden space 19456K, 99% used [0x00000000eab00000,0x00000000ebdd3028,0x00000000ebe00000)
  from space 512K, 18% used [0x00000000ec380000,0x00000000ec398000,0x00000000ec400000)
  to   space 512K, 0% used [0x00000000ec300000,0x00000000ec300000,0x00000000ec380000)
 ParOldGen       total 68608K, used 61151K [0x00000000c0000000, 0x00000000c4300000, 0x00000000eab00000)
  object space 68608K, 89% used [0x00000000c0000000,0x00000000c3bb7d80,0x00000000c4300000)
 Metaspace       used 46732K, committed 47424K, reserved 1097728K
  class space    used 4449K, committed 4736K, reserved 1048576K
}
Event: 50.710 GC heap after
{Heap after GC invocations=125 (full 2):
 PSYoungGen      total 19968K, used 128K [0x00000000eab00000, 0x00000000ec400000, 0x0000000100000000)
  eden space 19456K, 0% used [0x00000000eab00000,0x00000000eab00000,0x00000000ebe00000)
  from space 512K, 25% used [0x00000000ec300000,0x00000000ec320000,0x00000000ec380000)
  to   space 512K, 0% used [0x00000000ec380000,0x00000000ec380000,0x00000000ec400000)
 ParOldGen       total 68608K, used 61167K [0x00000000c0000000, 0x00000000c4300000, 0x00000000eab00000)
  object space 68608K, 89% used [0x00000000c0000000,0x00000000c3bbbd80,0x00000000c4300000)
 Metaspace       used 46732K, committed 47424K, reserved 1097728K
  class space    used 4449K, committed 4736K, reserved 1048576K
}
Event: 50.782 GC heap before
{Heap before GC invocations=126 (full 2):
 PSYoungGen      total 19968K, used 19584K [0x00000000eab00000, 0x00000000ec400000, 0x0000000100000000)
  eden space 19456K, 100% used [0x00000000eab00000,0x00000000ebe00000,0x00000000ebe00000)
  from space 512K, 25% used [0x00000000ec300000,0x00000000ec320000,0x00000000ec380000)
  to   space 512K, 0% used [0x00000000ec380000,0x00000000ec380000,0x00000000ec400000)
 ParOldGen       total 68608K, used 61167K [0x00000000c0000000, 0x00000000c4300000, 0x00000000eab00000)
  object space 68608K, 89% used [0x00000000c0000000,0x00000000c3bbbd80,0x00000000c4300000)
 Metaspace       used 46732K, committed 47424K, reserved 1097728K
  class space    used 4449K, committed 4736K, reserved 1048576K
}
Event: 50.785 GC heap after
{Heap after GC invocations=126 (full 2):
 PSYoungGen      total 19968K, used 435K [0x00000000eab00000, 0x00000000ec400000, 0x0000000100000000)
  eden space 19456K, 0% used [0x00000000eab00000,0x00000000eab00000,0x00000000ebe00000)
  from space 512K, 84% used [0x00000000ec380000,0x00000000ec3ecc08,0x00000000ec400000)
  to   space 512K, 0% used [0x00000000ec300000,0x00000000ec300000,0x00000000ec380000)
 ParOldGen       total 68608K, used 61191K [0x00000000c0000000, 0x00000000c4300000, 0x00000000eab00000)
  object space 68608K, 89% used [0x00000000c0000000,0x00000000c3bc1d80,0x00000000c4300000)
 Metaspace       used 46732K, committed 47424K, reserved 1097728K
  class space    used 4449K, committed 4736K, reserved 1048576K
}
Event: 55.155 GC heap before
{Heap before GC invocations=127 (full 2):
 PSYoungGen      total 19968K, used 19891K [0x00000000eab00000, 0x00000000ec400000, 0x0000000100000000)
  eden space 19456K, 100% used [0x00000000eab00000,0x00000000ebe00000,0x00000000ebe00000)
  from space 512K, 84% used [0x00000000ec380000,0x00000000ec3ecc08,0x00000000ec400000)
  to   space 512K, 0% used [0x00000000ec300000,0x00000000ec300000,0x00000000ec380000)
 ParOldGen       total 68608K, used 61191K [0x00000000c0000000, 0x00000000c4300000, 0x00000000eab00000)
  object space 68608K, 89% used [0x00000000c0000000,0x00000000c3bc1d80,0x00000000c4300000)
 Metaspace       used 47114K, committed 47808K, reserved 1097728K
  class space    used 4485K, committed 4800K, reserved 1048576K
}
Event: 55.157 GC heap after
{Heap after GC invocations=127 (full 2):
 PSYoungGen      total 19968K, used 496K [0x00000000eab00000, 0x00000000ec500000, 0x0000000100000000)
  eden space 19456K, 0% used [0x00000000eab00000,0x00000000eab00000,0x00000000ebe00000)
  from space 512K, 96% used [0x00000000ec300000,0x00000000ec37c010,0x00000000ec380000)
  to   space 1536K, 0% used [0x00000000ec380000,0x00000000ec380000,0x00000000ec500000)
 ParOldGen       total 68608K, used 63679K [0x00000000c0000000, 0x00000000c4300000, 0x00000000eab00000)
  object space 68608K, 92% used [0x00000000c0000000,0x00000000c3e2fc30,0x00000000c4300000)
 Metaspace       used 47114K, committed 47808K, reserved 1097728K
  class space    used 4485K, committed 4800K, reserved 1048576K
}

Deoptimization events (20 events):
Event: 55.140 Thread 0x00000260a0621220 Uncommon trap: trap_request=0xffffffbe fr.pc=0x0000026093331e7c relative=0x000000000000061c
Event: 55.140 Thread 0x00000260a0621220 Uncommon trap: reason=profile_predicate action=maybe_recompile pc=0x0000026093331e7c method=java.util.TreeMap.getEntryUsingComparator(Ljava/lang/Object;)Ljava/util/TreeMap$Entry; @ 19 c2
Event: 55.140 Thread 0x00000260a0621220 DEOPT PACKING pc=0x0000026093331e7c sp=0x000000df990fd920
Event: 55.140 Thread 0x00000260a0621220 DEOPT UNPACKING pc=0x000002608b5420a3 sp=0x000000df990fd8d0 mode 2
Event: 55.140 Thread 0x00000260a0621220 Uncommon trap: trap_request=0xffffffbe fr.pc=0x0000026093331e7c relative=0x000000000000061c
Event: 55.140 Thread 0x00000260a0621220 Uncommon trap: reason=profile_predicate action=maybe_recompile pc=0x0000026093331e7c method=java.util.TreeMap.getEntryUsingComparator(Ljava/lang/Object;)Ljava/util/TreeMap$Entry; @ 19 c2
Event: 55.140 Thread 0x00000260a0621220 DEOPT PACKING pc=0x0000026093331e7c sp=0x000000df990fd920
Event: 55.140 Thread 0x00000260a0621220 DEOPT UNPACKING pc=0x000002608b5420a3 sp=0x000000df990fd8d0 mode 2
Event: 55.140 Thread 0x00000260a0621220 Uncommon trap: trap_request=0xffffffbe fr.pc=0x0000026093331e7c relative=0x000000000000061c
Event: 55.140 Thread 0x00000260a0621220 Uncommon trap: reason=profile_predicate action=maybe_recompile pc=0x0000026093331e7c method=java.util.TreeMap.getEntryUsingComparator(Ljava/lang/Object;)Ljava/util/TreeMap$Entry; @ 19 c2
Event: 55.140 Thread 0x00000260a0621220 DEOPT PACKING pc=0x0000026093331e7c sp=0x000000df990fd920
Event: 55.140 Thread 0x00000260a0621220 DEOPT UNPACKING pc=0x000002608b5420a3 sp=0x000000df990fd8d0 mode 2
Event: 55.168 Thread 0x00000260a0621bc0 DEOPT PACKING pc=0x000002608c60257d sp=0x000000df98dfdb80
Event: 55.168 Thread 0x00000260a0621bc0 DEOPT UNPACKING pc=0x000002608b542843 sp=0x000000df98dfd038 mode 0
Event: 55.196 Thread 0x00000260a0621bc0 DEOPT PACKING pc=0x000002608c60257d sp=0x000000df98dfe300
Event: 55.196 Thread 0x00000260a0621bc0 DEOPT UNPACKING pc=0x000002608b542843 sp=0x000000df98dfd7b8 mode 0
Event: 55.199 Thread 0x00000260a0621bc0 DEOPT PACKING pc=0x000002608c60257d sp=0x000000df98dfd8a0
Event: 55.200 Thread 0x00000260a0621bc0 DEOPT UNPACKING pc=0x000002608b542843 sp=0x000000df98dfcd58 mode 0
Event: 55.283 Thread 0x00000260a0621bc0 DEOPT PACKING pc=0x000002608c7d252e sp=0x000000df98dfe700
Event: 55.283 Thread 0x00000260a0621bc0 DEOPT UNPACKING pc=0x000002608b542843 sp=0x000000df98dfdbe0 mode 0

Classes unloaded (7 events):
Event: 5.667 Thread 0x000002609c6e0630 Unloading class 0x0000000100212800 'java/lang/invoke/LambdaForm$MH+0x0000000100212800'
Event: 5.667 Thread 0x000002609c6e0630 Unloading class 0x0000000100212400 'java/lang/invoke/LambdaForm$MH+0x0000000100212400'
Event: 5.667 Thread 0x000002609c6e0630 Unloading class 0x0000000100212000 'java/lang/invoke/LambdaForm$MH+0x0000000100212000'
Event: 5.667 Thread 0x000002609c6e0630 Unloading class 0x0000000100211c00 'java/lang/invoke/LambdaForm$MH+0x0000000100211c00'
Event: 5.667 Thread 0x000002609c6e0630 Unloading class 0x0000000100211400 'java/lang/invoke/LambdaForm$BMH+0x0000000100211400'
Event: 5.667 Thread 0x000002609c6e0630 Unloading class 0x0000000100211000 'java/lang/invoke/LambdaForm$DMH+0x0000000100211000'
Event: 5.667 Thread 0x000002609c6e0630 Unloading class 0x000000010020c400 'java/lang/invoke/LambdaForm$DMH+0x000000010020c400'

Classes redefined (0 events):
No events

Internal exceptions (20 events):
Event: 9.167 Thread 0x000002608884e0c0 Exception <a 'java/lang/NoSuchMethodError'{0x00000000ebed47f8}: 'void java.lang.invoke.DirectMethodHandle$Holder.invokeSpecial(java.lang.Object, java.lang.Object, java.lang.Object, java.lang.Object, java.lang.Object, java.lang.Object)'> (0x00000000ebed47f8) 
thrown [s\src\hotspot\share\interpreter\linkResolver.cpp, line 759]
Event: 9.171 Thread 0x000002608884e0c0 Exception <a 'java/lang/NoSuchMethodError'{0x00000000ebedbeb0}: 'java.lang.Object java.lang.invoke.DirectMethodHandle$Holder.newInvokeSpecial(java.lang.Object, java.lang.Object, java.lang.Object, java.lang.Object, java.lang.Object)'> (0x00000000ebedbeb0) 
thrown [s\src\hotspot\share\interpreter\linkResolver.cpp, line 759]
Event: 9.593 Thread 0x00000260a0621220 Exception <a 'java/io/FileNotFoundException'{0x00000000eab44ab0}> (0x00000000eab44ab0) 
thrown [s\src\hotspot\share\prims\jni.cpp, line 516]
Event: 10.085 Thread 0x00000260a0621bc0 Exception <a 'java/lang/NoSuchMethodError'{0x00000000eb3ead20}: 'java.lang.Object java.lang.invoke.Invokers$Holder.invoke_MT(java.lang.Object, java.lang.Object, java.lang.Object)'> (0x00000000eb3ead20) 
thrown [s\src\hotspot\share\interpreter\linkResolver.cpp, line 759]
Event: 10.997 Thread 0x00000260a0621bc0 Exception <a 'java/io/FileNotFoundException'{0x00000000eae3d600}> (0x00000000eae3d600) 
thrown [s\src\hotspot\share\prims\jni.cpp, line 516]
Event: 10.997 Thread 0x00000260a0621bc0 Exception <a 'java/io/FileNotFoundException'{0x00000000eae3eeb8}> (0x00000000eae3eeb8) 
thrown [s\src\hotspot\share\prims\jni.cpp, line 516]
Event: 11.001 Thread 0x00000260a0621bc0 Exception <a 'java/lang/NoSuchMethodError'{0x00000000eae4b050}: 'void java.lang.invoke.DirectMethodHandle$Holder.invokeStaticInit(java.lang.Object, java.lang.Object, java.lang.Object)'> (0x00000000eae4b050) 
thrown [s\src\hotspot\share\interpreter\linkResolver.cpp, line 759]
Event: 12.772 Thread 0x00000260a0621bc0 Exception <a 'java/lang/NoSuchMethodError'{0x00000000eb85e088}: 'java.lang.Object java.lang.invoke.DirectMethodHandle$Holder.newInvokeSpecial(java.lang.Object, java.lang.Object, java.lang.Object, int, java.lang.Object)'> (0x00000000eb85e088) 
thrown [s\src\hotspot\share\interpreter\linkResolver.cpp, line 759]
Event: 12.772 Thread 0x00000260a0621bc0 Exception <a 'java/lang/NoSuchMethodError'{0x00000000eb862238}: 'java.lang.Object java.lang.invoke.DirectMethodHandle$Holder.invokeSpecial(java.lang.Object, java.lang.Object, java.lang.Object, java.lang.Object, int, java.lang.Object)'> (0x00000000eb862238) 
thrown [s\src\hotspot\share\interpreter\linkResolver.cpp, line 759]
Event: 14.003 Thread 0x00000260a0621220 Exception <a 'java/lang/NoSuchMethodError'{0x00000000ebc43778}: 'java.lang.Object java.lang.invoke.DirectMethodHandle$Holder.invokeInterface(java.lang.Object, java.lang.Object, java.lang.Object)'> (0x00000000ebc43778) 
thrown [s\src\hotspot\share\interpreter\linkResolver.cpp, line 759]
Event: 16.464 Thread 0x00000260a0621220 Implicit null exception at 0x00000260930a9cc7 to 0x00000260930aa974
Event: 17.148 Thread 0x00000260a061f070 Exception <a 'java/lang/NoSuchMethodError'{0x00000000eb4490c0}: 'int java.lang.invoke.DirectMethodHandle$Holder.invokeVirtual(java.lang.Object, java.lang.Object)'> (0x00000000eb4490c0) 
thrown [s\src\hotspot\share\interpreter\linkResolver.cpp, line 759]
Event: 18.515 Thread 0x00000260a061f540 Exception <a 'java/lang/NoSuchMethodError'{0x00000000ebd6ba30}: 'int java.lang.invoke.DirectMethodHandle$Holder.invokeStatic(java.lang.Object, java.lang.Object, java.lang.Object, int)'> (0x00000000ebd6ba30) 
thrown [s\src\hotspot\share\interpreter\linkResolver.cpp, line 759]
Event: 18.559 Thread 0x00000260a061f540 Exception <a 'java/lang/NoSuchMethodError'{0x00000000eb477630}: 'int java.lang.invoke.DirectMethodHandle$Holder.invokeVirtual(java.lang.Object, java.lang.Object, java.lang.Object)'> (0x00000000eb477630) 
thrown [s\src\hotspot\share\interpreter\linkResolver.cpp, line 759]
Event: 18.786 Thread 0x00000260a061f540 Exception <a 'java/io/FileNotFoundException'{0x00000000eb868b58}> (0x00000000eb868b58) 
thrown [s\src\hotspot\share\prims\jni.cpp, line 516]
Event: 18.793 Thread 0x00000260a061f540 Exception <a 'java/io/FileNotFoundException'{0x00000000ebc87688}> (0x00000000ebc87688) 
thrown [s\src\hotspot\share\prims\jni.cpp, line 516]
Event: 26.843 Thread 0x00000260a061f540 Implicit null exception at 0x0000026093266937 to 0x0000026093266c50
Event: 53.009 Thread 0x00000260a0621220 Exception <a 'java/io/FileNotFoundException'{0x00000000eadae568}> (0x00000000eadae568) 
thrown [s\src\hotspot\share\prims\jni.cpp, line 516]
Event: 53.010 Thread 0x00000260a0621220 Exception <a 'java/io/FileNotFoundException'{0x00000000eadafac0}> (0x00000000eadafac0) 
thrown [s\src\hotspot\share\prims\jni.cpp, line 516]
Event: 54.296 Thread 0x00000260a0621220 Implicit null exception at 0x00000260932f684c to 0x00000260932f6a61

VM Operations (20 events):
Event: 50.782 Executing VM operation: ParallelGCFailedAllocation
Event: 50.785 Executing VM operation: ParallelGCFailedAllocation done
Event: 51.786 Executing VM operation: Cleanup
Event: 51.786 Executing VM operation: Cleanup done
Event: 52.980 Executing VM operation: HandshakeAllThreads
Event: 52.980 Executing VM operation: HandshakeAllThreads done
Event: 53.986 Executing VM operation: Cleanup
Event: 53.986 Executing VM operation: Cleanup done
Event: 54.300 Executing VM operation: HandshakeAllThreads
Event: 54.300 Executing VM operation: HandshakeAllThreads done
Event: 54.301 Executing VM operation: HandshakeAllThreads
Event: 54.301 Executing VM operation: HandshakeAllThreads done
Event: 55.022 Executing VM operation: HandshakeAllThreads
Event: 55.022 Executing VM operation: HandshakeAllThreads done
Event: 55.022 Executing VM operation: Cleanup
Event: 55.022 Executing VM operation: Cleanup done
Event: 55.155 Executing VM operation: ParallelGCFailedAllocation
Event: 55.158 Executing VM operation: ParallelGCFailedAllocation done
Event: 56.158 Executing VM operation: Cleanup
Event: 56.158 Executing VM operation: Cleanup done

Events (20 events):
Event: 19.702 Thread 0x000002609ec05af0 flushing nmethod 0x000002608c469390
Event: 19.702 Thread 0x000002609ec05af0 flushing nmethod 0x000002608c477f90
Event: 19.703 Thread 0x000002609ec05af0 flushing nmethod 0x000002608c4eac90
Event: 19.703 Thread 0x000002609ec05af0 flushing nmethod 0x000002608c53fb10
Event: 27.367 loading class java/util/AbstractList$ListItr
Event: 27.368 loading class java/util/AbstractList$ListItr done
Event: 27.900 Thread 0x000002609ec05af0 flushing nmethod 0x00000260931fc190
Event: 52.978 loading class java/util/stream/DistinctOps
Event: 52.978 loading class java/util/stream/DistinctOps done
Event: 52.978 loading class java/util/stream/DistinctOps$1
Event: 52.979 loading class java/util/stream/DistinctOps$1 done
Event: 52.980 loading class java/util/stream/DistinctOps$1$2
Event: 52.981 loading class java/util/stream/DistinctOps$1$2 done
Event: 54.359 Thread 0x00000260a1338e60 Thread added: 0x00000260a1338e60
Event: 54.890 Thread 0x00000260a1338e60 Thread exited: 0x00000260a1338e60
Event: 55.057 Thread 0x00000260a0de6910 Thread added: 0x00000260a0de6910
Event: 55.143 loading class java/util/AbstractList$RandomAccessSpliterator
Event: 55.143 loading class java/util/AbstractList$RandomAccessSpliterator done
Event: 55.524 Thread 0x00000260a0de6910 Thread exited: 0x00000260a0de6910
Event: 55.922 Thread 0x00000260a08068f0 Thread added: 0x00000260a08068f0


Dynamic libraries:
0x00007ff794fd0000 - 0x00007ff794fde000 	c:\Users\Nargol\.vscode\extensions\redhat.java-1.10.0-win32-x64\jre\17.0.4-win32-x86_64\bin\java.exe
0x00007ffa5d050000 - 0x00007ffa5d248000 	C:\WINDOWS\SYSTEM32\ntdll.dll
0x00007ffa5c540000 - 0x00007ffa5c5fd000 	C:\WINDOWS\System32\KERNEL32.DLL
0x00007ffa5a870000 - 0x00007ffa5ab3e000 	C:\WINDOWS\System32\KERNELBASE.dll
0x00007ffa5ae70000 - 0x00007ffa5af70000 	C:\WINDOWS\System32\ucrtbase.dll
0x00007ffa4da20000 - 0x00007ffa4da38000 	c:\Users\Nargol\.vscode\extensions\redhat.java-1.10.0-win32-x64\jre\17.0.4-win32-x86_64\bin\jli.dll
0x00007ffa4c340000 - 0x00007ffa4c359000 	c:\Users\Nargol\.vscode\extensions\redhat.java-1.10.0-win32-x64\jre\17.0.4-win32-x86_64\bin\VCRUNTIME140.dll
0x00007ffa5b900000 - 0x00007ffa5baa0000 	C:\WINDOWS\System32\USER32.dll
0x00007ffa4b660000 - 0x00007ffa4b8fa000 	C:\WINDOWS\WinSxS\amd64_microsoft.windows.common-controls_6595b64144ccf1df_6.0.19041.1110_none_60b5254171f9507e\COMCTL32.dll
0x00007ffa5ab90000 - 0x00007ffa5abb2000 	C:\WINDOWS\System32\win32u.dll
0x00007ffa5bac0000 - 0x00007ffa5baea000 	C:\WINDOWS\System32\GDI32.dll
0x00007ffa5cec0000 - 0x00007ffa5cf5e000 	C:\WINDOWS\System32\msvcrt.dll
0x00007ffa5afa0000 - 0x00007ffa5b0ab000 	C:\WINDOWS\System32\gdi32full.dll
0x00007ffa5abc0000 - 0x00007ffa5ac5d000 	C:\WINDOWS\System32\msvcp_win.dll
0x00007ffa5b0b0000 - 0x00007ffa5b0e0000 	C:\WINDOWS\System32\IMM32.DLL
0x00007ffa534f0000 - 0x00007ffa534fc000 	c:\Users\Nargol\.vscode\extensions\redhat.java-1.10.0-win32-x64\jre\17.0.4-win32-x86_64\bin\vcruntime140_1.dll
0x00007ffa30740000 - 0x00007ffa307d1000 	c:\Users\Nargol\.vscode\extensions\redhat.java-1.10.0-win32-x64\jre\17.0.4-win32-x86_64\bin\msvcp140.dll
0x00007ffa02a30000 - 0x00007ffa03676000 	c:\Users\Nargol\.vscode\extensions\redhat.java-1.10.0-win32-x64\jre\17.0.4-win32-x86_64\bin\server\jvm.dll
0x00007ffa5c660000 - 0x00007ffa5c70e000 	C:\WINDOWS\System32\ADVAPI32.dll
0x00007ffa5bfb0000 - 0x00007ffa5c04c000 	C:\WINDOWS\System32\sechost.dll
0x00007ffa5c870000 - 0x00007ffa5c995000 	C:\WINDOWS\System32\RPCRT4.dll
0x00007ffa5b140000 - 0x00007ffa5b148000 	C:\WINDOWS\System32\PSAPI.DLL
0x00007ffa57ee0000 - 0x00007ffa57f07000 	C:\WINDOWS\SYSTEM32\WINMM.dll
0x00007ffa52da0000 - 0x00007ffa52da9000 	C:\WINDOWS\SYSTEM32\WSOCK32.dll
0x00007ffa501d0000 - 0x00007ffa501da000 	C:\WINDOWS\SYSTEM32\VERSION.dll
0x00007ffa5c4d0000 - 0x00007ffa5c53b000 	C:\WINDOWS\System32\WS2_32.dll
0x00007ffa58630000 - 0x00007ffa58642000 	C:\WINDOWS\SYSTEM32\kernel.appcore.dll
0x00007ffa52fa0000 - 0x00007ffa52faa000 	c:\Users\Nargol\.vscode\extensions\redhat.java-1.10.0-win32-x64\jre\17.0.4-win32-x86_64\bin\jimage.dll
0x00007ffa443c0000 - 0x00007ffa445a4000 	C:\WINDOWS\SYSTEM32\DBGHELP.DLL
0x00007ffa44390000 - 0x00007ffa443bc000 	C:\WINDOWS\SYSTEM32\dbgcore.DLL
0x00007ffa5a770000 - 0x00007ffa5a7f2000 	C:\WINDOWS\System32\bcryptPrimitives.dll
0x00007ffa4e4b0000 - 0x00007ffa4e4be000 	c:\Users\Nargol\.vscode\extensions\redhat.java-1.10.0-win32-x64\jre\17.0.4-win32-x86_64\bin\instrument.dll
0x00007ffa46b00000 - 0x00007ffa46b25000 	c:\Users\Nargol\.vscode\extensions\redhat.java-1.10.0-win32-x64\jre\17.0.4-win32-x86_64\bin\java.dll
0x00007ffa4bba0000 - 0x00007ffa4bbb8000 	c:\Users\Nargol\.vscode\extensions\redhat.java-1.10.0-win32-x64\jre\17.0.4-win32-x86_64\bin\zip.dll
0x00007ffa5b1b0000 - 0x00007ffa5b8f4000 	C:\WINDOWS\System32\SHELL32.dll
0x00007ffa58830000 - 0x00007ffa58fc4000 	C:\WINDOWS\SYSTEM32\windows.storage.dll
0x00007ffa5cb60000 - 0x00007ffa5ceb4000 	C:\WINDOWS\System32\combase.dll
0x00007ffa5a020000 - 0x00007ffa5a050000 	C:\WINDOWS\SYSTEM32\Wldp.dll
0x00007ffa5bf00000 - 0x00007ffa5bfad000 	C:\WINDOWS\System32\SHCORE.dll
0x00007ffa5bb80000 - 0x00007ffa5bbd5000 	C:\WINDOWS\System32\shlwapi.dll
0x00007ffa5a6b0000 - 0x00007ffa5a6cf000 	C:\WINDOWS\SYSTEM32\profapi.dll
0x00007ffa4aeb0000 - 0x00007ffa4aec9000 	C:\Users\Nargol\.vscode\extensions\redhat.java-1.10.0-win32-x64\jre\17.0.4-win32-x86_64\bin\net.dll
0x00007ffa51930000 - 0x00007ffa51a3a000 	C:\WINDOWS\SYSTEM32\WINHTTP.dll
0x00007ffa59e00000 - 0x00007ffa59e6a000 	C:\WINDOWS\system32\mswsock.dll
0x00007ffa49920000 - 0x00007ffa49935000 	C:\Users\Nargol\.vscode\extensions\redhat.java-1.10.0-win32-x64\jre\17.0.4-win32-x86_64\bin\nio.dll
0x00007ffa4dbd0000 - 0x00007ffa4dbe0000 	c:\Users\Nargol\.vscode\extensions\redhat.java-1.10.0-win32-x64\jre\17.0.4-win32-x86_64\bin\verify.dll
0x00007ffa3d970000 - 0x00007ffa3d9ae000 	C:\Users\Nargol\AppData\Roaming\Code\User\globalStorage\redhat.java\1.10.0\config_ss_win\org.eclipse.equinox.launcher\org.eclipse.equinox.launcher.win32.win32.x86_64_1.2.500.v20220509-0833\eclipse_11700.dll
0x00007ffa5bdd0000 - 0x00007ffa5befa000 	C:\WINDOWS\System32\ole32.dll
0x00007ffa5a390000 - 0x00007ffa5a3a8000 	C:\WINDOWS\SYSTEM32\CRYPTSP.dll
0x00007ffa597a0000 - 0x00007ffa597d4000 	C:\WINDOWS\system32\rsaenh.dll
0x00007ffa5af70000 - 0x00007ffa5af97000 	C:\WINDOWS\System32\bcrypt.dll
0x00007ffa5a630000 - 0x00007ffa5a65e000 	C:\WINDOWS\SYSTEM32\USERENV.dll
0x00007ffa59f90000 - 0x00007ffa59f9c000 	C:\WINDOWS\SYSTEM32\CRYPTBASE.dll
0x00007ffa59b10000 - 0x00007ffa59b4b000 	C:\WINDOWS\SYSTEM32\IPHLPAPI.DLL
0x00007ffa5c050000 - 0x00007ffa5c058000 	C:\WINDOWS\System32\NSI.dll
0x00007ffa51ff0000 - 0x00007ffa52007000 	C:\WINDOWS\SYSTEM32\dhcpcsvc6.DLL
0x00007ffa53160000 - 0x00007ffa5317d000 	C:\WINDOWS\SYSTEM32\dhcpcsvc.DLL
0x00007ffa59b50000 - 0x00007ffa59c1a000 	C:\WINDOWS\SYSTEM32\DNSAPI.dll
0x00007ffa39110000 - 0x00007ffa39154000 	C:\Users\Nargol\AppData\Local\Temp\jna--1968813275\jna2592294814124293178.dll

dbghelp: loaded successfully - version: 4.0.5 - missing functions: none
symbol engine: initialized successfully - sym options: 0x614 - pdb path: .;c:\Users\Nargol\.vscode\extensions\redhat.java-1.10.0-win32-x64\jre\17.0.4-win32-x86_64\bin;C:\WINDOWS\SYSTEM32;C:\WINDOWS\WinSxS\amd64_microsoft.windows.common-controls_6595b64144ccf1df_6.0.19041.1110_none_60b5254171f9507e;c:\Users\Nargol\.vscode\extensions\redhat.java-1.10.0-win32-x64\jre\17.0.4-win32-x86_64\bin\server;C:\Users\Nargol\AppData\Roaming\Code\User\globalStorage\redhat.java\1.10.0\config_ss_win\org.eclipse.equinox.launcher\org.eclipse.equinox.launcher.win32.win32.x86_64_1.2.500.v20220509-0833;C:\Users\Nargol\AppData\Local\Temp\jna--1968813275

VM Arguments:
jvm_args: --add-modules=ALL-SYSTEM --add-opens=java.base/java.util=ALL-UNNAMED --add-opens=java.base/java.lang=ALL-UNNAMED --add-opens=java.base/sun.nio.fs=ALL-UNNAMED -Declipse.application=org.eclipse.jdt.ls.core.id1 -Dosgi.bundles.defaultStartLevel=4 -Declipse.product=org.eclipse.jdt.ls.core.product -Djava.import.generatesMetadataFilesAtProjectRoot=false -Dfile.encoding=utf8 -DwatchParentProcess=false -Xlog:jni+resolve=off -XX:+UseParallelGC -XX:GCTimeRatio=4 -XX:AdaptiveSizePolicyWeight=90 -Dsun.zip.disableMemoryMapping=true -Xmx1G -Xms100m -javaagent:c:\Users\Nargol\.vscode\extensions\redhat.java-1.10.0-win32-x64\lombok\lombok-1.18.24.jar 
java_command: c:\Users\Nargol\.vscode\extensions\redhat.java-1.10.0-win32-x64\server\plugins\org.eclipse.equinox.launcher_1.6.400.v20210924-0641.jar -configuration c:\Users\Nargol\AppData\Roaming\Code\User\globalStorage\redhat.java\1.10.0\config_ss_win -data c:\Users\Nargol\AppData\Roaming\Code\User\workspaceStorage\45846c7739866774b57027b74214147e\redhat.java\ss_ws
java_class_path (initial): c:\Users\Nargol\.vscode\extensions\redhat.java-1.10.0-win32-x64\server\plugins\org.eclipse.equinox.launcher_1.6.400.v20210924-0641.jar
Launcher Type: SUN_STANDARD

[Global flags]
    uintx AdaptiveSizePolicyWeight                 = 90                                        {product} {command line}
     intx CICompilerCount                          = 4                                         {product} {ergonomic}
    uintx GCTimeRatio                              = 4                                         {product} {command line}
   size_t InitialHeapSize                          = 104857600                                 {product} {command line}
   size_t MaxHeapSize                              = 1073741824                                {product} {command line}
   size_t MaxNewSize                               = 357564416                                 {product} {ergonomic}
   size_t MinHeapDeltaBytes                        = 524288                                    {product} {ergonomic}
   size_t MinHeapSize                              = 104857600                                 {product} {command line}
   size_t NewSize                                  = 34603008                                  {product} {ergonomic}
    uintx NonNMethodCodeHeapSize                   = 5839372                                {pd product} {ergonomic}
    uintx NonProfiledCodeHeapSize                  = 122909434                              {pd product} {ergonomic}
   size_t OldSize                                  = 70254592                                  {product} {ergonomic}
    uintx ProfiledCodeHeapSize                     = 122909434                              {pd product} {ergonomic}
    uintx ReservedCodeCacheSize                    = 251658240                              {pd product} {ergonomic}
     bool SegmentedCodeCache                       = true                                      {product} {ergonomic}
   size_t SoftMaxHeapSize                          = 1073741824                             {manageable} {ergonomic}
     bool UseCompressedClassPointers               = true                           {product lp64_product} {ergonomic}
     bool UseCompressedOops                        = true                           {product lp64_product} {ergonomic}
     bool UseLargePagesIndividualAllocation        = false                                  {pd product} {ergonomic}
     bool UseParallelGC                            = true                                      {product} {command line}

Logging:
Log output configuration:
 #0: stdout all=warning,jni+resolve=off uptime,level,tags
 #1: stderr all=off uptime,level,tags

Environment Variables:
JAVA_HOME=C:\Program Files\Java\jdk-11.0.8
PATH=C:\Program Files\Common Files\Oracle\Java\javapath;C:\apache-maven-3.8.6\bin;C:\WINDOWS\system32;C:\WINDOWS;C:\WINDOWS\System32\Wbem;C:\WINDOWS\System32\WindowsPowerShell\v1.0\;C:\Program Files (x86)\Git\cmd;C:\Program Files\PuTTY\;C:\WINDOWS\System32\OpenSSH\;C:\Program Files\Docker\Docker\resources\bin;C:\ProgramData\DockerDesktop\version-bin;C:\Program Files\nodejs\;C:\Program Files\Java\jdk-11.0.8;C:\Users\Nargol\AppData\Local\Microsoft\WindowsApps;C:\apache-maven-3.8.6\bin;C:\Users\Nargol\AppData\Local\Programs\Microsoft VS Code\bin;C:\Users\Nargol\AppData\Roaming\npm;
USERNAME=Nargol
OS=Windows_NT
PROCESSOR_IDENTIFIER=Intel64 Family 6 Model 42 Stepping 7, GenuineIntel
TMP=C:\Users\Nargol\AppData\Local\Temp
TEMP=C:\Users\Nargol\AppData\Local\Temp



---------------  S Y S T E M  ---------------

OS:
 Windows 10 , 64 bit Build 19041 (10.0.19041.1889)
OS uptime: 9 days 23:26 hours
Hyper-V role detected

CPU: total 8 (initial active 8) (4 cores per cpu, 2 threads per core) family 6 model 42 stepping 7 microcode 0x2f, cx8, cmov, fxsr, ht, mmx, sse, sse2, sse3, ssse3, sse4.1, sse4.2, popcnt, tsc, tscinvbit, avx, aes, clmul, vzeroupper, clflush, hv

Memory: 4k page, system-wide physical 16291M (541M free)
TotalPageFile size 35028M (AvailPageFile size 4M)
current process WorkingSet (physical memory assigned to process): 234M, peak: 234M
current process commit charge ("private bytes"): 283M, peak: 292M

vm_info: OpenJDK 64-Bit Server VM (17.0.4+8) for windows-amd64 JRE (17.0.4+8), built on Jul 19 2022 16:05:16 by "temurin" with MS VC++ 16.7 (VS2019)

END.
