#
# There is insufficient memory for the Java Runtime Environment to continue.
# Native memory allocation (malloc) failed to allocate 784656 bytes for Chunk::new
# Possible reasons:
#   The system is out of physical RAM or swap space
#   The process is running with CompressedOops enabled, and the Java Heap may be blocking the growth of the native heap
# Possible solutions:
#   Reduce memory load on the system
#   Increase physical memory or swap space
#   Check if swap backing store is full
#   Decrease Java heap size (-Xmx/-Xms)
#   Decrease number of Java threads
#   Decrease Java thread stack sizes (-Xss)
#   Set larger code cache with -XX:ReservedCodeCacheSize=
#   JVM is running with Unscaled Compressed Oops mode in which the Java heap is
#     placed in the first 4GB address space. The Java Heap base address is the
#     maximum limit for the native heap growth. Please use -XX:HeapBaseMinAddress
#     to set the Java Heap base and to place the Java Heap above 4GB virtual address.
# This output file may be truncated or incomplete.
#
#  Out of Memory Error (arena.cpp:189), pid=209428, tid=165188
#
# JRE version: OpenJDK Runtime Environment Temurin-17.0.4+8 (17.0.4+8) (build 17.0.4+8)
# Java VM: OpenJDK 64-Bit Server VM Temurin-17.0.4+8 (17.0.4+8, mixed mode, tiered, compressed oops, compressed class ptrs, parallel gc, windows-amd64)
# No core dump will be written. Minidumps are not enabled by default on client versions of Windows
#

---------------  S U M M A R Y ------------

Command Line: --add-modules=ALL-SYSTEM --add-opens=java.base/java.util=ALL-UNNAMED --add-opens=java.base/java.lang=ALL-UNNAMED --add-opens=java.base/sun.nio.fs=ALL-UNNAMED -Declipse.application=org.eclipse.jdt.ls.core.id1 -Dosgi.bundles.defaultStartLevel=4 -Declipse.product=org.eclipse.jdt.ls.core.product -Djava.import.generatesMetadataFilesAtProjectRoot=false -Dfile.encoding=utf8 -DwatchParentProcess=false -Xlog:jni+resolve=off -XX:+UseParallelGC -XX:GCTimeRatio=4 -XX:AdaptiveSizePolicyWeight=90 -Dsun.zip.disableMemoryMapping=true -Xmx1G -Xms100m -javaagent:c:\Users\Nargol\.vscode\extensions\redhat.java-1.10.0-win32-x64\lombok\lombok-1.18.24.jar -XX:+HeapDumpOnOutOfMemoryError -XX:HeapDumpPath=c:\Users\Nargol\AppData\Roaming\Code\User\workspaceStorage\45846c7739866774b57027b74214147e\redhat.java c:\Users\Nargol\.vscode\extensions\redhat.java-1.10.0-win32-x64\server\plugins\org.eclipse.equinox.launcher_1.6.400.v20210924-0641.jar -configuration c:\Users\Nargol\AppData\Roaming\Code\User\globalStorage\redhat.java\1.10.0\config_win -data c:\Users\Nargol\AppData\Roaming\Code\User\workspaceStorage\45846c7739866774b57027b74214147e\redhat.java\jdt_ws

Host: Intel(R) Core(TM) i7-2630QM CPU @ 2.00GHz, 8 cores, 15G,  Windows 10 , 64 bit Build 19041 (10.0.19041.1889)
Time: Sun Sep 11 21:31:36 2022 W. Europe Daylight Time elapsed time: 4.985725 seconds (0d 0h 0m 4s)

---------------  T H R E A D  ---------------

Current thread (0x000001a0281cbb00):  JavaThread "C2 CompilerThread0" daemon [_thread_in_native, id=165188, stack(0x0000004b71e00000,0x0000004b71f00000)]


Current CompileTask:
C2:   4986 3816       4       jdk.internal.org.objectweb.asm.Frame::execute (2318 bytes)

Stack: [0x0000004b71e00000,0x0000004b71f00000]
Native frames: (J=compiled Java code, j=interpreted, Vv=VM code, C=native code)
V  [jvm.dll+0x67733a]
V  [jvm.dll+0x8323c4]
V  [jvm.dll+0x833b6e]
V  [jvm.dll+0x8341d3]
V  [jvm.dll+0x2455e5]
V  [jvm.dll+0xabd7b]
V  [jvm.dll+0xac30c]
V  [jvm.dll+0x2ac67f]
V  [jvm.dll+0x57dd57]
V  [jvm.dll+0x220702]
V  [jvm.dll+0x220adf]
V  [jvm.dll+0x21a325]
V  [jvm.dll+0x2177eb]
V  [jvm.dll+0x1a3f8d]
V  [jvm.dll+0x227308]
V  [jvm.dll+0x225455]
V  [jvm.dll+0x7e7eeb]
V  [jvm.dll+0x7e245a]
V  [jvm.dll+0x6761c5]
C  [ucrtbase.dll+0x21bb2]
C  [KERNEL32.DLL+0x17034]
C  [ntdll.dll+0x52651]


---------------  P R O C E S S  ---------------

Threads class SMR info:
_java_thread_list=0x000001a02a6ef720, length=24, elements={
0x000001a011dd96a0, 0x000001a025c65720, 0x000001a025c67190, 0x000001a0281a6f20,
0x000001a0281a7ca0, 0x000001a0281c0fc0, 0x000001a0281c3a00, 0x000001a0281cbb00,
0x000001a0281ccc50, 0x000001a0281cdcf0, 0x000001a02823ac50, 0x000001a02849f1d0,
0x000001a0289fec90, 0x000001a028af26f0, 0x000001a028af3130, 0x000001a029910850,
0x000001a029c66500, 0x000001a029b8e6d0, 0x000001a028da09f0, 0x000001a028da0520,
0x000001a028d9e840, 0x000001a028d9e370, 0x000001a028d9d030, 0x000001a028d9d500
}

Java Threads: ( => current thread )
  0x000001a011dd96a0 JavaThread "main" [_thread_blocked, id=205060, stack(0x0000004b71500000,0x0000004b71600000)]
  0x000001a025c65720 JavaThread "Reference Handler" daemon [_thread_blocked, id=142632, stack(0x0000004b71800000,0x0000004b71900000)]
  0x000001a025c67190 JavaThread "Finalizer" daemon [_thread_blocked, id=227536, stack(0x0000004b71900000,0x0000004b71a00000)]
  0x000001a0281a6f20 JavaThread "Signal Dispatcher" daemon [_thread_blocked, id=227940, stack(0x0000004b71a00000,0x0000004b71b00000)]
  0x000001a0281a7ca0 JavaThread "Attach Listener" daemon [_thread_blocked, id=207464, stack(0x0000004b71b00000,0x0000004b71c00000)]
  0x000001a0281c0fc0 JavaThread "Service Thread" daemon [_thread_blocked, id=226072, stack(0x0000004b71c00000,0x0000004b71d00000)]
  0x000001a0281c3a00 JavaThread "Monitor Deflation Thread" daemon [_thread_blocked, id=227900, stack(0x0000004b71d00000,0x0000004b71e00000)]
=>0x000001a0281cbb00 JavaThread "C2 CompilerThread0" daemon [_thread_in_native, id=165188, stack(0x0000004b71e00000,0x0000004b71f00000)]
  0x000001a0281ccc50 JavaThread "C1 CompilerThread0" daemon [_thread_blocked, id=116940, stack(0x0000004b71f00000,0x0000004b72000000)]
  0x000001a0281cdcf0 JavaThread "Sweeper thread" daemon [_thread_blocked, id=227956, stack(0x0000004b72000000,0x0000004b72100000)]
  0x000001a02823ac50 JavaThread "Common-Cleaner" daemon [_thread_blocked, id=9616, stack(0x0000004b72100000,0x0000004b72200000)]
  0x000001a02849f1d0 JavaThread "Notification Thread" daemon [_thread_blocked, id=224276, stack(0x0000004b72200000,0x0000004b72300000)]
  0x000001a0289fec90 JavaThread "Active Thread: Equinox Container: 9c6aa6dc-945a-4ef4-a2d4-f1885f225c30" [_thread_blocked, id=225680, stack(0x0000004b72900000,0x0000004b72a00000)]
  0x000001a028af26f0 JavaThread "Framework Event Dispatcher: Equinox Container: 9c6aa6dc-945a-4ef4-a2d4-f1885f225c30" daemon [_thread_blocked, id=225224, stack(0x0000004b72a00000,0x0000004b72b00000)]
  0x000001a028af3130 JavaThread "Start Level: Equinox Container: 9c6aa6dc-945a-4ef4-a2d4-f1885f225c30" daemon [_thread_blocked, id=225620, stack(0x0000004b72b00000,0x0000004b72c00000)]
  0x000001a029910850 JavaThread "SCR Component Actor" daemon [_thread_blocked, id=225736, stack(0x0000004b72c00000,0x0000004b72d00000)]
  0x000001a029c66500 JavaThread "SCR Component Registry" daemon [_thread_blocked, id=226824, stack(0x0000004b72f00000,0x0000004b73000000)]
  0x000001a029b8e6d0 JavaThread "Bundle File Closer" daemon [_thread_blocked, id=226828, stack(0x0000004b73000000,0x0000004b73100000)]
  0x000001a028da09f0 JavaThread "Worker-JM" [_thread_blocked, id=225984, stack(0x0000004b73100000,0x0000004b73200000)]
  0x000001a028da0520 JavaThread "Worker-0: Repository registry initialization" [_thread_in_vm, id=226668, stack(0x0000004b73200000,0x0000004b73300000)]
  0x000001a028d9e840 JavaThread "Worker-1" [_thread_blocked, id=227960, stack(0x0000004b73300000,0x0000004b73400000)]
  0x000001a028d9e370 JavaThread "Worker-2" [_thread_blocked, id=222656, stack(0x0000004b73400000,0x0000004b73500000)]
  0x000001a028d9d030 JavaThread "Java indexing" daemon [_thread_blocked, id=227744, stack(0x0000004b73500000,0x0000004b73600000)]
  0x000001a028d9d500 JavaThread "pool-1-thread-1" [_thread_in_vm, id=227636, stack(0x0000004b73800000,0x0000004b73900000)]

Other Threads:
  0x000001a025c5eba0 VMThread "VM Thread" [stack: 0x0000004b71700000,0x0000004b71800000] [id=210984]
  0x000001a02849f6a0 WatcherThread [stack: 0x0000004b72300000,0x0000004b72400000] [id=228216]
  0x000001a011def200 GCTaskThread "GC Thread#0" [stack: 0x0000004b71600000,0x0000004b71700000] [id=211080]
  0x000001a028d45140 GCTaskThread "GC Thread#1" [stack: 0x0000004b72400000,0x0000004b72500000] [id=227288]
  0x000001a028d453f0 GCTaskThread "GC Thread#2" [stack: 0x0000004b72500000,0x0000004b72600000] [id=225636]
  0x000001a028d456a0 GCTaskThread "GC Thread#3" [stack: 0x0000004b72600000,0x0000004b72700000] [id=228132]
  0x000001a0289a8a80 GCTaskThread "GC Thread#4" [stack: 0x0000004b72700000,0x0000004b72800000] [id=228012]
  0x000001a0289a8d30 GCTaskThread "GC Thread#5" [stack: 0x0000004b72800000,0x0000004b72900000] [id=225812]
  0x000001a02884df10 GCTaskThread "GC Thread#6" [stack: 0x0000004b72d00000,0x0000004b72e00000] [id=227296]
  0x000001a02988b4c0 GCTaskThread "GC Thread#7" [stack: 0x0000004b72e00000,0x0000004b72f00000] [id=215048]

Threads with active compile tasks:
C2 CompilerThread0     5035 3816       4       jdk.internal.org.objectweb.asm.Frame::execute (2318 bytes)

VM state: not at safepoint (normal execution)

VM Mutex/Monitor currently owned by a thread: None

Heap address: 0x00000000c0000000, size: 1024 MB, Compressed Oops mode: 32-bit

CDS archive(s) not mapped
Compressed class space mapped at: 0x0000000100000000-0x0000000140000000, reserved size: 1073741824
Narrow klass base: 0x0000000000000000, Narrow klass shift: 3, Narrow klass range: 0x140000000

GC Precious Log:
 CPUs: 8 total, 8 available
 Memory: 16291M
 Large Page Support: Disabled
 NUMA Support: Disabled
 Compressed Oops: Enabled (32-bit)
 Alignments: Space 512K, Generation 512K, Heap 2M
 Heap Min Capacity: 100M
 Heap Initial Capacity: 100M
 Heap Max Capacity: 1G
 Pre-touch: Disabled
 Parallel Workers: 8

Heap:
 PSYoungGen      total 23552K, used 1684K [0x00000000eab00000, 0x00000000ec680000, 0x0000000100000000)
  eden space 23040K, 5% used [0x00000000eab00000,0x00000000eac253c0,0x00000000ec180000)
  from space 512K, 100% used [0x00000000ec600000,0x00000000ec680000,0x00000000ec680000)
  to   space 1536K, 0% used [0x00000000ec380000,0x00000000ec380000,0x00000000ec500000)
 ParOldGen       total 68608K, used 13706K [0x00000000c0000000, 0x00000000c4300000, 0x00000000eab00000)
  object space 68608K, 19% used [0x00000000c0000000,0x00000000c0d628e0,0x00000000c4300000)
 Metaspace       used 38603K, committed 39360K, reserved 1089536K
  class space    used 4049K, committed 4352K, reserved 1048576K

Card table byte_map: [0x000001a011790000,0x000001a0119a0000] _byte_map_base: 0x000001a011190000

Marking Bits: (ParMarkBitMap*) 0x00007ffa25272cd0
 Begin Bits: [0x000001a023a70000, 0x000001a024a70000)
 End Bits:   [0x000001a024a70000, 0x000001a025a70000)

Polling page: 0x000001a00fc20000

Metaspace:

Usage:
  Non-class:     33.75 MB used.
      Class:      3.95 MB used.
       Both:     37.70 MB used.

Virtual space:
  Non-class space:       40.00 MB reserved,      34.19 MB ( 85%) committed,  5 nodes.
      Class space:        1.00 GB reserved,       4.25 MB ( <1%) committed,  1 nodes.
             Both:        1.04 GB reserved,      38.44 MB (  4%) committed. 

Chunk freelists:
   Non-Class:  1.61 MB
       Class:  3.75 MB
        Both:  5.36 MB

MaxMetaspaceSize: unlimited
CompressedClassSpaceSize: 1.00 GB
Initial GC threshold: 21.00 MB
Current GC threshold: 59.94 MB
CDS: off
MetaspaceReclaimPolicy: balanced
 - commit_granule_bytes: 65536.
 - commit_granule_words: 8192.
 - virtual_space_node_default_size: 1048576.
 - enlarge_chunks_in_place: 1.
 - new_chunks_are_fully_committed: 0.
 - uncommit_free_chunks: 1.
 - use_allocation_guard: 0.
 - handle_deallocations: 1.


Internal statistics:

num_allocs_failed_limit: 20.
num_arena_births: 508.
num_arena_deaths: 14.
num_vsnodes_births: 6.
num_vsnodes_deaths: 0.
num_space_committed: 616.
num_space_uncommitted: 0.
num_chunks_returned_to_freelist: 41.
num_chunks_taken_from_freelist: 1883.
num_chunk_merges: 26.
num_chunk_splits: 1168.
num_chunks_enlarged: 629.
num_purges: 2.
num_inconsistent_stats: 0.

CodeHeap 'non-profiled nmethods': size=120000Kb used=1459Kb max_used=1459Kb free=118541Kb
 bounds [0x000001a01c540000, 0x000001a01c7b0000, 0x000001a023a70000]
CodeHeap 'profiled nmethods': size=120000Kb used=8000Kb max_used=8000Kb free=111999Kb
 bounds [0x000001a015010000, 0x000001a0157f0000, 0x000001a01c540000]
CodeHeap 'non-nmethods': size=5760Kb used=1260Kb max_used=1300Kb free=4499Kb
 bounds [0x000001a014a70000, 0x000001a014ce0000, 0x000001a015010000]
 total_blobs=4520 nmethods=3939 adapters=494
 compilation: enabled
              stopped_count=0, restarted_count=0
 full_count=0

Compilation events (20 events):
Event: 4.970 Thread 0x000001a0281ccc50 nmethod 3904 0x000001a0157c2410 code [0x000001a0157c25a0, 0x000001a0157c26e8]
Event: 4.970 Thread 0x000001a0281ccc50 3907       2       com.google.gson.stream.JsonReader::peek (144 bytes)
Event: 4.970 Thread 0x000001a0281ccc50 nmethod 3907 0x000001a0157c2790 code [0x000001a0157c29a0, 0x000001a0157c2dd8]
Event: 4.970 Thread 0x000001a0281ccc50 3905       2       java.lang.Class::getInterfaces (6 bytes)
Event: 4.970 Thread 0x000001a0281ccc50 nmethod 3905 0x000001a0157c2f10 code [0x000001a0157c30a0, 0x000001a0157c31c8]
Event: 4.970 Thread 0x000001a0281ccc50 3908       2       com.google.gson.internal.$Gson$Preconditions::checkNotNull (14 bytes)
Event: 4.971 Thread 0x000001a0281ccc50 nmethod 3908 0x000001a0157c3290 code [0x000001a0157c3440, 0x000001a0157c35e8]
Event: 4.971 Thread 0x000001a0281ccc50 3909       2       com.google.gson.stream.JsonReader::nextName (116 bytes)
Event: 4.972 Thread 0x000001a0281ccc50 nmethod 3909 0x000001a0157c3690 code [0x000001a0157c38e0, 0x000001a0157c3de8]
Event: 4.972 Thread 0x000001a0281ccc50 3910       2       com.google.gson.internal.bind.TypeAdapters$27::read (225 bytes)
Event: 4.975 Thread 0x000001a0281ccc50 nmethod 3910 0x000001a0157c4190 code [0x000001a0157c44c0, 0x000001a0157c51e8]
Event: 4.975 Thread 0x000001a0281ccc50 3911       2       com.google.gson.JsonElement::<init> (5 bytes)
Event: 4.975 Thread 0x000001a0281ccc50 nmethod 3911 0x000001a0157c5910 code [0x000001a0157c5aa0, 0x000001a0157c5b98]
Event: 4.980 Thread 0x000001a0281ccc50 3912       1       com.google.inject.TypeLiteral::getRawType (5 bytes)
Event: 4.980 Thread 0x000001a0281ccc50 nmethod 3912 0x000001a01c6a8110 code [0x000001a01c6a82a0, 0x000001a01c6a8378]
Event: 4.980 Thread 0x000001a0281ccc50 3913       1       com.google.inject.TypeLiteral::hashCode (5 bytes)
Event: 4.981 Thread 0x000001a0281ccc50 nmethod 3913 0x000001a01c6a8410 code [0x000001a01c6a85a0, 0x000001a01c6a8678]
Event: 4.981 Thread 0x000001a0281ccc50 3914       2       com.google.inject.spi.InjectionPoint::getAtInject (26 bytes)
Event: 4.981 Thread 0x000001a0281ccc50 nmethod 3914 0x000001a0157c5c10 code [0x000001a0157c5dc0, 0x000001a0157c5f18]
Event: 4.981 Thread 0x000001a0281ccc50 3916       2       java.util.TimSort::binarySort (223 bytes)

GC Heap History (20 events):
Event: 2.944 GC heap before
{Heap before GC invocations=6 (full 1):
 PSYoungGen      total 29696K, used 4075K [0x00000000eab00000, 0x00000000ecf00000, 0x0000000100000000)
  eden space 25600K, 0% used [0x00000000eab00000,0x00000000eab00000,0x00000000ec400000)
  from space 4096K, 99% used [0x00000000ec400000,0x00000000ec7fad60,0x00000000ec800000)
  to   space 5632K, 0% used [0x00000000ec980000,0x00000000ec980000,0x00000000ecf00000)
 ParOldGen       total 68608K, used 7991K [0x00000000c0000000, 0x00000000c4300000, 0x00000000eab00000)
  object space 68608K, 11% used [0x00000000c0000000,0x00000000c07cdc00,0x00000000c4300000)
 Metaspace       used 21068K, committed 21504K, reserved 1073152K
  class space    used 2120K, committed 2368K, reserved 1048576K
}
Event: 2.974 GC heap after
{Heap after GC invocations=6 (full 1):
 PSYoungGen      total 29696K, used 0K [0x00000000eab00000, 0x00000000ecf00000, 0x0000000100000000)
  eden space 25600K, 0% used [0x00000000eab00000,0x00000000eab00000,0x00000000ec400000)
  from space 4096K, 0% used [0x00000000ec400000,0x00000000ec400000,0x00000000ec800000)
  to   space 5632K, 0% used [0x00000000ec980000,0x00000000ec980000,0x00000000ecf00000)
 ParOldGen       total 68608K, used 11533K [0x00000000c0000000, 0x00000000c4300000, 0x00000000eab00000)
  object space 68608K, 16% used [0x00000000c0000000,0x00000000c0b435c0,0x00000000c4300000)
 Metaspace       used 21055K, committed 21504K, reserved 1073152K
  class space    used 2116K, committed 2368K, reserved 1048576K
}
Event: 3.417 GC heap before
{Heap before GC invocations=7 (full 1):
 PSYoungGen      total 29696K, used 25600K [0x00000000eab00000, 0x00000000ecf00000, 0x0000000100000000)
  eden space 25600K, 100% used [0x00000000eab00000,0x00000000ec400000,0x00000000ec400000)
  from space 4096K, 0% used [0x00000000ec400000,0x00000000ec400000,0x00000000ec800000)
  to   space 5632K, 0% used [0x00000000ec980000,0x00000000ec980000,0x00000000ecf00000)
 ParOldGen       total 68608K, used 11533K [0x00000000c0000000, 0x00000000c4300000, 0x00000000eab00000)
  object space 68608K, 16% used [0x00000000c0000000,0x00000000c0b435c0,0x00000000c4300000)
 Metaspace       used 24180K, committed 24832K, reserved 1073152K
  class space    used 2500K, committed 2816K, reserved 1048576K
}
Event: 3.419 GC heap after
{Heap after GC invocations=7 (full 1):
 PSYoungGen      total 27136K, used 2045K [0x00000000eab00000, 0x00000000ecb80000, 0x0000000100000000)
  eden space 25088K, 0% used [0x00000000eab00000,0x00000000eab00000,0x00000000ec380000)
  from space 2048K, 99% used [0x00000000ec980000,0x00000000ecb7f530,0x00000000ecb80000)
  to   space 3072K, 0% used [0x00000000ec580000,0x00000000ec580000,0x00000000ec880000)
 ParOldGen       total 68608K, used 11541K [0x00000000c0000000, 0x00000000c4300000, 0x00000000eab00000)
  object space 68608K, 16% used [0x00000000c0000000,0x00000000c0b455c0,0x00000000c4300000)
 Metaspace       used 24180K, committed 24832K, reserved 1073152K
  class space    used 2500K, committed 2816K, reserved 1048576K
}
Event: 3.671 GC heap before
{Heap before GC invocations=8 (full 1):
 PSYoungGen      total 27136K, used 27133K [0x00000000eab00000, 0x00000000ecb80000, 0x0000000100000000)
  eden space 25088K, 100% used [0x00000000eab00000,0x00000000ec380000,0x00000000ec380000)
  from space 2048K, 99% used [0x00000000ec980000,0x00000000ecb7f530,0x00000000ecb80000)
  to   space 3072K, 0% used [0x00000000ec580000,0x00000000ec580000,0x00000000ec880000)
 ParOldGen       total 68608K, used 11541K [0x00000000c0000000, 0x00000000c4300000, 0x00000000eab00000)
  object space 68608K, 16% used [0x00000000c0000000,0x00000000c0b455c0,0x00000000c4300000)
 Metaspace       used 27276K, committed 27904K, reserved 1081344K
  class space    used 2705K, committed 3008K, reserved 1048576K
}
Event: 3.673 GC heap after
{Heap after GC invocations=8 (full 1):
 PSYoungGen      total 27136K, used 2517K [0x00000000eab00000, 0x00000000eca00000, 0x0000000100000000)
  eden space 24576K, 0% used [0x00000000eab00000,0x00000000eab00000,0x00000000ec300000)
  from space 2560K, 98% used [0x00000000ec580000,0x00000000ec7f5540,0x00000000ec800000)
  to   space 2048K, 0% used [0x00000000ec800000,0x00000000ec800000,0x00000000eca00000)
 ParOldGen       total 68608K, used 11549K [0x00000000c0000000, 0x00000000c4300000, 0x00000000eab00000)
  object space 68608K, 16% used [0x00000000c0000000,0x00000000c0b475c0,0x00000000c4300000)
 Metaspace       used 27276K, committed 27904K, reserved 1081344K
  class space    used 2705K, committed 3008K, reserved 1048576K
}
Event: 3.889 GC heap before
{Heap before GC invocations=9 (full 1):
 PSYoungGen      total 27136K, used 27093K [0x00000000eab00000, 0x00000000eca00000, 0x0000000100000000)
  eden space 24576K, 100% used [0x00000000eab00000,0x00000000ec300000,0x00000000ec300000)
  from space 2560K, 98% used [0x00000000ec580000,0x00000000ec7f5540,0x00000000ec800000)
  to   space 2048K, 0% used [0x00000000ec800000,0x00000000ec800000,0x00000000eca00000)
 ParOldGen       total 68608K, used 11549K [0x00000000c0000000, 0x00000000c4300000, 0x00000000eab00000)
  object space 68608K, 16% used [0x00000000c0000000,0x00000000c0b475c0,0x00000000c4300000)
 Metaspace       used 29790K, committed 30464K, reserved 1081344K
  class space    used 2900K, committed 3200K, reserved 1048576K
}
Event: 3.891 GC heap after
{Heap after GC invocations=9 (full 1):
 PSYoungGen      total 26112K, used 2037K [0x00000000eab00000, 0x00000000eca00000, 0x0000000100000000)
  eden space 24064K, 0% used [0x00000000eab00000,0x00000000eab00000,0x00000000ec280000)
  from space 2048K, 99% used [0x00000000ec800000,0x00000000ec9fd540,0x00000000eca00000)
  to   space 3072K, 0% used [0x00000000ec400000,0x00000000ec400000,0x00000000ec700000)
 ParOldGen       total 68608K, used 12401K [0x00000000c0000000, 0x00000000c4300000, 0x00000000eab00000)
  object space 68608K, 18% used [0x00000000c0000000,0x00000000c0c1c478,0x00000000c4300000)
 Metaspace       used 29790K, committed 30464K, reserved 1081344K
  class space    used 2900K, committed 3200K, reserved 1048576K
}
Event: 4.525 GC heap before
{Heap before GC invocations=10 (full 1):
 PSYoungGen      total 26112K, used 26101K [0x00000000eab00000, 0x00000000eca00000, 0x0000000100000000)
  eden space 24064K, 100% used [0x00000000eab00000,0x00000000ec280000,0x00000000ec280000)
  from space 2048K, 99% used [0x00000000ec800000,0x00000000ec9fd540,0x00000000eca00000)
  to   space 3072K, 0% used [0x00000000ec400000,0x00000000ec400000,0x00000000ec700000)
 ParOldGen       total 68608K, used 12401K [0x00000000c0000000, 0x00000000c4300000, 0x00000000eab00000)
  object space 68608K, 18% used [0x00000000c0000000,0x00000000c0c1c478,0x00000000c4300000)
 Metaspace       used 33874K, committed 34624K, reserved 1081344K
  class space    used 3400K, committed 3712K, reserved 1048576K
}
Event: 4.528 GC heap after
{Heap after GC invocations=10 (full 1):
 PSYoungGen      total 26112K, used 2098K [0x00000000eab00000, 0x00000000ec880000, 0x0000000100000000)
  eden space 23552K, 0% used [0x00000000eab00000,0x00000000eab00000,0x00000000ec200000)
  from space 2560K, 81% used [0x00000000ec400000,0x00000000ec60c880,0x00000000ec680000)
  to   space 2048K, 0% used [0x00000000ec680000,0x00000000ec680000,0x00000000ec880000)
 ParOldGen       total 68608K, used 13938K [0x00000000c0000000, 0x00000000c4300000, 0x00000000eab00000)
  object space 68608K, 20% used [0x00000000c0000000,0x00000000c0d9cb40,0x00000000c4300000)
 Metaspace       used 33874K, committed 34624K, reserved 1081344K
  class space    used 3400K, committed 3712K, reserved 1048576K
}
Event: 4.609 GC heap before
{Heap before GC invocations=11 (full 1):
 PSYoungGen      total 26112K, used 10244K [0x00000000eab00000, 0x00000000ec880000, 0x0000000100000000)
  eden space 23552K, 34% used [0x00000000eab00000,0x00000000eb2f4ad0,0x00000000ec200000)
  from space 2560K, 81% used [0x00000000ec400000,0x00000000ec60c880,0x00000000ec680000)
  to   space 2048K, 0% used [0x00000000ec680000,0x00000000ec680000,0x00000000ec880000)
 ParOldGen       total 68608K, used 13938K [0x00000000c0000000, 0x00000000c4300000, 0x00000000eab00000)
  object space 68608K, 20% used [0x00000000c0000000,0x00000000c0d9cb40,0x00000000c4300000)
 Metaspace       used 35160K, committed 35904K, reserved 1081344K
  class space    used 3567K, committed 3840K, reserved 1048576K
}
Event: 4.611 GC heap after
{Heap after GC invocations=11 (full 1):
 PSYoungGen      total 25600K, used 1749K [0x00000000eab00000, 0x00000000ec880000, 0x0000000100000000)
  eden space 23552K, 0% used [0x00000000eab00000,0x00000000eab00000,0x00000000ec200000)
  from space 2048K, 85% used [0x00000000ec680000,0x00000000ec8356a0,0x00000000ec880000)
  to   space 2048K, 0% used [0x00000000ec480000,0x00000000ec480000,0x00000000ec680000)
 ParOldGen       total 68608K, used 14454K [0x00000000c0000000, 0x00000000c4300000, 0x00000000eab00000)
  object space 68608K, 21% used [0x00000000c0000000,0x00000000c0e1d800,0x00000000c4300000)
 Metaspace       used 35160K, committed 35904K, reserved 1081344K
  class space    used 3567K, committed 3840K, reserved 1048576K
}
Event: 4.625 GC heap before
{Heap before GC invocations=12 (full 1):
 PSYoungGen      total 25600K, used 3356K [0x00000000eab00000, 0x00000000ec880000, 0x0000000100000000)
  eden space 23552K, 6% used [0x00000000eab00000,0x00000000eac91998,0x00000000ec200000)
  from space 2048K, 85% used [0x00000000ec680000,0x00000000ec8356a0,0x00000000ec880000)
  to   space 2048K, 0% used [0x00000000ec480000,0x00000000ec480000,0x00000000ec680000)
 ParOldGen       total 68608K, used 14454K [0x00000000c0000000, 0x00000000c4300000, 0x00000000eab00000)
  object space 68608K, 21% used [0x00000000c0000000,0x00000000c0e1d800,0x00000000c4300000)
 Metaspace       used 35382K, committed 36224K, reserved 1081344K
  class space    used 3603K, committed 3968K, reserved 1048576K
}
Event: 4.627 GC heap after
{Heap after GC invocations=12 (full 1):
 PSYoungGen      total 24064K, used 224K [0x00000000eab00000, 0x00000000ec700000, 0x0000000100000000)
  eden space 23552K, 0% used [0x00000000eab00000,0x00000000eab00000,0x00000000ec200000)
  from space 512K, 43% used [0x00000000ec480000,0x00000000ec4b8000,0x00000000ec500000)
  to   space 1024K, 0% used [0x00000000ec600000,0x00000000ec600000,0x00000000ec700000)
 ParOldGen       total 68608K, used 16115K [0x00000000c0000000, 0x00000000c4300000, 0x00000000eab00000)
  object space 68608K, 23% used [0x00000000c0000000,0x00000000c0fbcff8,0x00000000c4300000)
 Metaspace       used 35382K, committed 36224K, reserved 1081344K
  class space    used 3603K, committed 3968K, reserved 1048576K
}
Event: 4.658 GC heap before
{Heap before GC invocations=13 (full 1):
 PSYoungGen      total 24064K, used 3034K [0x00000000eab00000, 0x00000000ec700000, 0x0000000100000000)
  eden space 23552K, 11% used [0x00000000eab00000,0x00000000eadbeba8,0x00000000ec200000)
  from space 512K, 43% used [0x00000000ec480000,0x00000000ec4b8000,0x00000000ec500000)
  to   space 1024K, 0% used [0x00000000ec600000,0x00000000ec600000,0x00000000ec700000)
 ParOldGen       total 68608K, used 16115K [0x00000000c0000000, 0x00000000c4300000, 0x00000000eab00000)
  object space 68608K, 23% used [0x00000000c0000000,0x00000000c0fbcff8,0x00000000c4300000)
 Metaspace       used 35786K, committed 36544K, reserved 1089536K
  class space    used 3667K, committed 3968K, reserved 1048576K
}
Event: 4.658 GC heap after
{Heap after GC invocations=13 (full 1):
 PSYoungGen      total 24064K, used 256K [0x00000000eab00000, 0x00000000ec680000, 0x0000000100000000)
  eden space 23552K, 0% used [0x00000000eab00000,0x00000000eab00000,0x00000000ec200000)
  from space 512K, 50% used [0x00000000ec600000,0x00000000ec640000,0x00000000ec680000)
  to   space 512K, 0% used [0x00000000ec480000,0x00000000ec480000,0x00000000ec500000)
 ParOldGen       total 68608K, used 16216K [0x00000000c0000000, 0x00000000c4300000, 0x00000000eab00000)
  object space 68608K, 23% used [0x00000000c0000000,0x00000000c0fd6080,0x00000000c4300000)
 Metaspace       used 35786K, committed 36544K, reserved 1089536K
  class space    used 3667K, committed 3968K, reserved 1048576K
}
Event: 4.685 GC heap before
{Heap before GC invocations=14 (full 1):
 PSYoungGen      total 24064K, used 2995K [0x00000000eab00000, 0x00000000ec680000, 0x0000000100000000)
  eden space 23552K, 11% used [0x00000000eab00000,0x00000000eadacf50,0x00000000ec200000)
  from space 512K, 50% used [0x00000000ec600000,0x00000000ec640000,0x00000000ec680000)
  to   space 512K, 0% used [0x00000000ec480000,0x00000000ec480000,0x00000000ec500000)
 ParOldGen       total 68608K, used 16216K [0x00000000c0000000, 0x00000000c4300000, 0x00000000eab00000)
  object space 68608K, 23% used [0x00000000c0000000,0x00000000c0fd6080,0x00000000c4300000)
 Metaspace       used 36075K, committed 36800K, reserved 1089536K
  class space    used 3716K, committed 4032K, reserved 1048576K
}
Event: 4.686 GC heap after
{Heap after GC invocations=14 (full 1):
 PSYoungGen      total 24064K, used 256K [0x00000000eab00000, 0x00000000ec680000, 0x0000000100000000)
  eden space 23552K, 0% used [0x00000000eab00000,0x00000000eab00000,0x00000000ec200000)
  from space 512K, 50% used [0x00000000ec480000,0x00000000ec4c0000,0x00000000ec500000)
  to   space 512K, 0% used [0x00000000ec600000,0x00000000ec600000,0x00000000ec680000)
 ParOldGen       total 68608K, used 16344K [0x00000000c0000000, 0x00000000c4300000, 0x00000000eab00000)
  object space 68608K, 23% used [0x00000000c0000000,0x00000000c0ff6080,0x00000000c4300000)
 Metaspace       used 36075K, committed 36800K, reserved 1089536K
  class space    used 3716K, committed 4032K, reserved 1048576K
}
Event: 4.686 GC heap before
{Heap before GC invocations=15 (full 2):
 PSYoungGen      total 24064K, used 256K [0x00000000eab00000, 0x00000000ec680000, 0x0000000100000000)
  eden space 23552K, 0% used [0x00000000eab00000,0x00000000eab00000,0x00000000ec200000)
  from space 512K, 50% used [0x00000000ec480000,0x00000000ec4c0000,0x00000000ec500000)
  to   space 512K, 0% used [0x00000000ec600000,0x00000000ec600000,0x00000000ec680000)
 ParOldGen       total 68608K, used 16344K [0x00000000c0000000, 0x00000000c4300000, 0x00000000eab00000)
  object space 68608K, 23% used [0x00000000c0000000,0x00000000c0ff6080,0x00000000c4300000)
 Metaspace       used 36075K, committed 36800K, reserved 1089536K
  class space    used 3716K, committed 4032K, reserved 1048576K
}
Event: 4.720 GC heap after
{Heap after GC invocations=15 (full 2):
 PSYoungGen      total 24064K, used 0K [0x00000000eab00000, 0x00000000ec680000, 0x0000000100000000)
  eden space 23552K, 0% used [0x00000000eab00000,0x00000000eab00000,0x00000000ec200000)
  from space 512K, 0% used [0x00000000ec480000,0x00000000ec480000,0x00000000ec500000)
  to   space 512K, 0% used [0x00000000ec600000,0x00000000ec600000,0x00000000ec680000)
 ParOldGen       total 68608K, used 13155K [0x00000000c0000000, 0x00000000c4300000, 0x00000000eab00000)
  object space 68608K, 19% used [0x00000000c0000000,0x00000000c0cd8ca8,0x00000000c4300000)
 Metaspace       used 36075K, committed 36800K, reserved 1089536K
  class space    used 3716K, committed 4032K, reserved 1048576K
}

Deoptimization events (20 events):
Event: 4.634 Thread 0x000001a028da0520 Uncommon trap: trap_request=0xffffff45 fr.pc=0x000001a01c585800 relative=0x00000000000001e0
Event: 4.634 Thread 0x000001a028da0520 Uncommon trap: reason=unstable_if action=reinterpret pc=0x000001a01c585800 method=java.util.HashMap.getNode(Ljava/lang/Object;)Ljava/util/HashMap$Node; @ 66 c2
Event: 4.634 Thread 0x000001a028da0520 DEOPT PACKING pc=0x000001a01c585800 sp=0x0000004b732feb80
Event: 4.634 Thread 0x000001a028da0520 DEOPT UNPACKING pc=0x000001a014ac20a3 sp=0x0000004b732feb00 mode 2
Event: 4.758 Thread 0x000001a028da0520 Uncommon trap: trap_request=0xffffff45 fr.pc=0x000001a01c69b8a4 relative=0x0000000000000784
Event: 4.758 Thread 0x000001a028da0520 Uncommon trap: reason=unstable_if action=reinterpret pc=0x000001a01c69b8a4 method=java.util.HashMap.putVal(ILjava/lang/Object;Ljava/lang/Object;ZZ)Ljava/lang/Object; @ 94 c2
Event: 4.758 Thread 0x000001a028da0520 DEOPT PACKING pc=0x000001a01c69b8a4 sp=0x0000004b732fe970
Event: 4.758 Thread 0x000001a028da0520 DEOPT UNPACKING pc=0x000001a014ac20a3 sp=0x0000004b732fe8e8 mode 2
Event: 4.775 Thread 0x000001a028da0520 Uncommon trap: trap_request=0xffffff45 fr.pc=0x000001a01c6515b4 relative=0x0000000000000114
Event: 4.775 Thread 0x000001a028da0520 Uncommon trap: reason=unstable_if action=reinterpret pc=0x000001a01c6515b4 method=jdk.internal.org.objectweb.asm.SymbolTable.put(Ljdk/internal/org/objectweb/asm/SymbolTable$Entry;)Ljdk/internal/org/objectweb/asm/SymbolTable$Entry; @ 13 c2
Event: 4.775 Thread 0x000001a028da0520 DEOPT PACKING pc=0x000001a01c6515b4 sp=0x0000004b732fd890
Event: 4.775 Thread 0x000001a028da0520 DEOPT UNPACKING pc=0x000001a014ac20a3 sp=0x0000004b732fd7f0 mode 2
Event: 4.863 Thread 0x000001a028da0520 Uncommon trap: trap_request=0xffffff45 fr.pc=0x000001a01c6025b4 relative=0x0000000000000114
Event: 4.863 Thread 0x000001a028da0520 Uncommon trap: reason=unstable_if action=reinterpret pc=0x000001a01c6025b4 method=java.util.ArrayList.indexOfRange(Ljava/lang/Object;II)I @ 7 c2
Event: 4.863 Thread 0x000001a028da0520 DEOPT PACKING pc=0x000001a01c6025b4 sp=0x0000004b732fe650
Event: 4.863 Thread 0x000001a028da0520 DEOPT UNPACKING pc=0x000001a014ac20a3 sp=0x0000004b732fe510 mode 2
Event: 4.878 Thread 0x000001a028da0520 Uncommon trap: trap_request=0xffffff45 fr.pc=0x000001a01c5e0510 relative=0x00000000000000f0
Event: 4.878 Thread 0x000001a028da0520 Uncommon trap: reason=unstable_if action=reinterpret pc=0x000001a01c5e0510 method=java.util.ArrayList.indexOfRange(Ljava/lang/Object;II)I @ 7 c2
Event: 4.878 Thread 0x000001a028da0520 DEOPT PACKING pc=0x000001a01c5e0510 sp=0x0000004b732fe5f0
Event: 4.878 Thread 0x000001a028da0520 DEOPT UNPACKING pc=0x000001a014ac20a3 sp=0x0000004b732fe570 mode 2

Classes unloaded (7 events):
Event: 2.949 Thread 0x000001a025c5eba0 Unloading class 0x0000000100218c00 'java/lang/invoke/LambdaForm$MH+0x0000000100218c00'
Event: 2.949 Thread 0x000001a025c5eba0 Unloading class 0x0000000100218800 'java/lang/invoke/LambdaForm$MH+0x0000000100218800'
Event: 2.949 Thread 0x000001a025c5eba0 Unloading class 0x0000000100218400 'java/lang/invoke/LambdaForm$MH+0x0000000100218400'
Event: 2.949 Thread 0x000001a025c5eba0 Unloading class 0x0000000100218000 'java/lang/invoke/LambdaForm$MH+0x0000000100218000'
Event: 2.949 Thread 0x000001a025c5eba0 Unloading class 0x0000000100217800 'java/lang/invoke/LambdaForm$BMH+0x0000000100217800'
Event: 2.949 Thread 0x000001a025c5eba0 Unloading class 0x0000000100217400 'java/lang/invoke/LambdaForm$DMH+0x0000000100217400'
Event: 2.949 Thread 0x000001a025c5eba0 Unloading class 0x0000000100214800 'java/lang/invoke/LambdaForm$DMH+0x0000000100214800'

Classes redefined (0 events):
No events

Internal exceptions (20 events):
Event: 3.338 Thread 0x000001a028af3130 Exception <a 'java/lang/NoSuchMethodError'{0x00000000ebf73ec0}: 'java.lang.Object java.lang.invoke.Invokers$Holder.invoker(java.lang.Object, java.lang.Object, java.lang.Object, java.lang.Object, java.lang.Object, java.lang.Object, java.lang.Object, java.lang.Object, java.lang.Object, java.lang.Object, java.lang.Object, java.lang.Object, java.lang.Object)'> (0x00000000ebf73ec0) 
thrown [s\src\hotspot\share\interpreter\linkResolver.cpp, line 759]
Event: 3.338 Thread 0x000001a028af3130 Exception <a 'java/lang/NoSuchMethodError'{0x00000000ebf7abc0}: 'java.lang.Object java.lang.invoke.DirectMethodHandle$Holder.invokeSpecial(java.lang.Object, java.lang.Object, java.lang.Object, java.lang.Object, java.lang.Object, java.lang.Object, java.lang.Object, java.lang.Object, java.lang.Object, java.lang.Object, java.lang.Object, java.lang.Object, java.lang.Object, java.lang.Object)'> (0x00000000ebf7abc0) 
thrown [s\src\hotspot\share\interpreter\linkResolver.cpp, line 759]
Event: 3.344 Thread 0x000001a028af3130 Exception <a 'java/lang/NoSuchMethodError'{0x00000000ebfd2bb0}: static Lorg/eclipse/m2e/core/internal/lifecyclemapping/model/PluginExecutionMetadata;.<clinit>()V> (0x00000000ebfd2bb0) 
thrown [s\src\hotspot\share\prims\jni.cpp, line 1107]
Event: 3.349 Thread 0x000001a028af3130 Exception <a 'java/lang/NoSuchMethodError'{0x00000000ec024b40}: static Lorg/eclipse/m2e/core/internal/lifecyclemapping/model/PluginExecutionFilter;.<clinit>()V> (0x00000000ec024b40) 
thrown [s\src\hotspot\share\prims\jni.cpp, line 1107]
Event: 3.572 Thread 0x000001a028af3130 Exception <a 'java/io/FileNotFoundException'{0x00000000ebb95658}> (0x00000000ebb95658) 
thrown [s\src\hotspot\share\prims\jni.cpp, line 516]
Event: 3.573 Thread 0x000001a028af3130 Exception <a 'java/io/FileNotFoundException'{0x00000000ebb96480}> (0x00000000ebb96480) 
thrown [s\src\hotspot\share\prims\jni.cpp, line 516]
Event: 3.918 Thread 0x000001a028af3130 Exception <a 'java/lang/ClassNotFoundException'{0x00000000eac19440}: com/sun/org/apache/xerces/internal/impl/msg/spi/DOMMessagesProvider> (0x00000000eac19440) 
thrown [s\src\hotspot\share\classfile\systemDictionary.cpp, line 256]
Event: 3.921 Thread 0x000001a028af3130 Exception <a 'java/lang/ClassNotFoundException'{0x00000000eac35080}: com/sun/org/apache/xerces/internal/impl/msg/spi/XMLSerializerMessagesProvider> (0x00000000eac35080) 
thrown [s\src\hotspot\share\classfile\systemDictionary.cpp, line 256]
Event: 3.922 Thread 0x000001a028af3130 Exception <a 'java/lang/ClassNotFoundException'{0x00000000eac42358}: com/sun/org/apache/xerces/internal/impl/msg/spi/XMLMessagesProvider> (0x00000000eac42358) 
thrown [s\src\hotspot\share\classfile\systemDictionary.cpp, line 256]
Event: 4.000 Thread 0x000001a028af3130 Exception <a 'java/lang/NoSuchMethodError'{0x00000000eaf97bc0}: 'java.lang.Object java.lang.invoke.DirectMethodHandle$Holder.invokeStaticInit(java.lang.Object, int, int, int, int)'> (0x00000000eaf97bc0) 
thrown [s\src\hotspot\share\interpreter\linkResolver.cpp, line 759]
Event: 4.094 Thread 0x000001a028af3130 Exception <a 'java/lang/NoSuchMethodError'{0x00000000eb0f2b58}: 'java.lang.Object java.lang.invoke.DirectMethodHandle$Holder.invokeStaticInit(java.lang.Object, java.lang.Object, int, int, int, int)'> (0x00000000eb0f2b58) 
thrown [s\src\hotspot\share\interpreter\linkResolver.cpp, line 759]
Event: 4.173 Thread 0x000001a028af3130 Exception <a 'java/lang/ClassNotFoundException'{0x00000000eb4558b8}: com/sun/org/apache/xml/internal/serializer/spi/XMLEntitiesProvider> (0x00000000eb4558b8) 
thrown [s\src\hotspot\share\classfile\systemDictionary.cpp, line 256]
Event: 4.298 Thread 0x000001a028af3130 Exception <a 'java/io/FileNotFoundException'{0x00000000eb7b86a0}> (0x00000000eb7b86a0) 
thrown [s\src\hotspot\share\prims\jni.cpp, line 516]
Event: 4.437 Thread 0x000001a028af3130 Exception <a 'java/lang/UnsatisfiedLinkError'{0x00000000ebacb0f0}: The specified procedure could not be found.
> (0x00000000ebacb0f0) 
thrown [s\src\hotspot\share\prims\jni.cpp, line 535]
Event: 4.443 Thread 0x000001a028af3130 Exception <a 'java/io/FileNotFoundException'{0x00000000ebaeecf0}> (0x00000000ebaeecf0) 
thrown [s\src\hotspot\share\prims\jni.cpp, line 516]
Event: 4.452 Thread 0x000001a028af3130 Exception <a 'java/io/FileNotFoundException'{0x00000000ebbc4fc0}> (0x00000000ebbc4fc0) 
thrown [s\src\hotspot\share\prims\jni.cpp, line 516]
Event: 4.466 Thread 0x000001a028af3130 Exception <a 'java/lang/UnsatisfiedLinkError'{0x00000000ebcabc20}: The specified procedure could not be found.
> (0x00000000ebcabc20) 
thrown [s\src\hotspot\share\prims\jni.cpp, line 535]
Event: 4.592 Thread 0x000001a011dd96a0 Exception <a 'java/lang/NoSuchMethodError'{0x00000000eb169fd8}: 'void java.lang.invoke.DirectMethodHandle$Holder.invokeStatic(java.lang.Object, java.lang.Object, java.lang.Object, java.lang.Object)'> (0x00000000eb169fd8) 
thrown [s\src\hotspot\share\interpreter\linkResolver.cpp, line 759]
Event: 4.815 Thread 0x000001a028da0520 Exception <a 'java/lang/NoClassDefFoundError'{0x00000000eb2b1340}: javax/enterprise/inject/Typed> (0x00000000eb2b1340) 
thrown [s\src\hotspot\share\classfile\systemDictionary.cpp, line 245]
Event: 4.818 Thread 0x000001a011dd96a0 Exception <a 'java/lang/NoSuchMethodError'{0x00000000eb2e82d0}: 'void java.lang.invoke.DirectMethodHandle$Holder.invokeSpecial(java.lang.Object, java.lang.Object, java.lang.Object, java.lang.Object, java.lang.Object, java.lang.Object)'> (0x00000000eb2e82d0) 
thrown [s\src\hotspot\share\interpreter\linkResolver.cpp, line 759]

VM Operations (20 events):
Event: 4.609 Executing VM operation: ParallelGCSystemGC
Event: 4.611 Executing VM operation: ParallelGCSystemGC done
Event: 4.625 Executing VM operation: CollectForMetadataAllocation
Event: 4.625 Executing VM operation: CollectForMetadataAllocation done
Event: 4.625 Executing VM operation: ParallelGCSystemGC
Event: 4.627 Executing VM operation: ParallelGCSystemGC done
Event: 4.657 Executing VM operation: CollectForMetadataAllocation
Event: 4.658 Executing VM operation: CollectForMetadataAllocation done
Event: 4.658 Executing VM operation: ParallelGCSystemGC
Event: 4.658 Executing VM operation: ParallelGCSystemGC done
Event: 4.685 Executing VM operation: CollectForMetadataAllocation
Event: 4.721 Executing VM operation: CollectForMetadataAllocation done
Event: 4.721 Executing VM operation: CollectForMetadataAllocation
Event: 4.721 Executing VM operation: CollectForMetadataAllocation done
Event: 4.753 Executing VM operation: HandshakeAllThreads
Event: 4.753 Executing VM operation: HandshakeAllThreads done
Event: 4.792 Executing VM operation: HandshakeAllThreads
Event: 4.792 Executing VM operation: HandshakeAllThreads done
Event: 4.981 Executing VM operation: HandshakeAllThreads
Event: 4.981 Executing VM operation: HandshakeAllThreads done

Events (20 events):
Event: 4.748 loading class java/math/BigDecimal done
Event: 4.789 loading class java/util/concurrent/atomic/AtomicIntegerArray
Event: 4.789 loading class java/util/concurrent/atomic/AtomicIntegerArray done
Event: 4.791 loading class java/util/Currency
Event: 4.791 loading class java/util/Currency done
Event: 4.796 loading class java/lang/Short$ShortCache
Event: 4.796 loading class java/lang/Short$ShortCache done
Event: 4.798 loading class java/util/concurrent/atomic/AtomicLongArray
Event: 4.798 loading class java/util/concurrent/atomic/AtomicLongArray done
Event: 4.814 loading class java/lang/annotation/IncompleteAnnotationException
Event: 4.814 loading class java/lang/annotation/IncompleteAnnotationException done
Event: 4.850 loading class sun/util/locale/provider/DateFormatProviderImpl
Event: 4.850 loading class sun/util/locale/provider/DateFormatProviderImpl done
Event: 4.861 Thread 0x000001a028d9d500 Thread added: 0x000001a028d9d500
Event: 4.891 loading class sun/reflect/generics/repository/FieldRepository
Event: 4.892 loading class sun/reflect/generics/repository/FieldRepository done
Event: 4.899 loading class jdk/internal/reflect/UnsafeQualifiedIntegerFieldAccessorImpl
Event: 4.899 loading class jdk/internal/reflect/UnsafeQualifiedIntegerFieldAccessorImpl done
Event: 4.904 loading class jdk/internal/access/foreign/MemorySegmentProxy
Event: 4.904 loading class jdk/internal/access/foreign/MemorySegmentProxy done


Dynamic libraries:
0x00007ff62a550000 - 0x00007ff62a55e000 	c:\Users\Nargol\.vscode\extensions\redhat.java-1.10.0-win32-x64\jre\17.0.4-win32-x86_64\bin\java.exe
0x00007ffa5d050000 - 0x00007ffa5d248000 	C:\WINDOWS\SYSTEM32\ntdll.dll
0x00007ffa5c540000 - 0x00007ffa5c5fd000 	C:\WINDOWS\System32\KERNEL32.DLL
0x00007ffa5a870000 - 0x00007ffa5ab3e000 	C:\WINDOWS\System32\KERNELBASE.dll
0x00007ffa5ae70000 - 0x00007ffa5af70000 	C:\WINDOWS\System32\ucrtbase.dll
0x00007ffa54f60000 - 0x00007ffa54f78000 	c:\Users\Nargol\.vscode\extensions\redhat.java-1.10.0-win32-x64\jre\17.0.4-win32-x86_64\bin\jli.dll
0x00007ffa53fa0000 - 0x00007ffa53fb9000 	c:\Users\Nargol\.vscode\extensions\redhat.java-1.10.0-win32-x64\jre\17.0.4-win32-x86_64\bin\VCRUNTIME140.dll
0x00007ffa5b900000 - 0x00007ffa5baa0000 	C:\WINDOWS\System32\USER32.dll
0x00007ffa5ab90000 - 0x00007ffa5abb2000 	C:\WINDOWS\System32\win32u.dll
0x00007ffa4b660000 - 0x00007ffa4b8fa000 	C:\WINDOWS\WinSxS\amd64_microsoft.windows.common-controls_6595b64144ccf1df_6.0.19041.1110_none_60b5254171f9507e\COMCTL32.dll
0x00007ffa5bac0000 - 0x00007ffa5baea000 	C:\WINDOWS\System32\GDI32.dll
0x00007ffa5cec0000 - 0x00007ffa5cf5e000 	C:\WINDOWS\System32\msvcrt.dll
0x00007ffa5afa0000 - 0x00007ffa5b0ab000 	C:\WINDOWS\System32\gdi32full.dll
0x00007ffa5abc0000 - 0x00007ffa5ac5d000 	C:\WINDOWS\System32\msvcp_win.dll
0x00007ffa5b0b0000 - 0x00007ffa5b0e0000 	C:\WINDOWS\System32\IMM32.DLL
0x00007ffa53eb0000 - 0x00007ffa53ebc000 	c:\Users\Nargol\.vscode\extensions\redhat.java-1.10.0-win32-x64\jre\17.0.4-win32-x86_64\bin\vcruntime140_1.dll
0x00007ffa33ce0000 - 0x00007ffa33d71000 	c:\Users\Nargol\.vscode\extensions\redhat.java-1.10.0-win32-x64\jre\17.0.4-win32-x86_64\bin\msvcp140.dll
0x00007ffa246f0000 - 0x00007ffa25336000 	c:\Users\Nargol\.vscode\extensions\redhat.java-1.10.0-win32-x64\jre\17.0.4-win32-x86_64\bin\server\jvm.dll
0x00007ffa5c660000 - 0x00007ffa5c70e000 	C:\WINDOWS\System32\ADVAPI32.dll
0x00007ffa5bfb0000 - 0x00007ffa5c04c000 	C:\WINDOWS\System32\sechost.dll
0x00007ffa5c870000 - 0x00007ffa5c995000 	C:\WINDOWS\System32\RPCRT4.dll
0x00007ffa5b140000 - 0x00007ffa5b148000 	C:\WINDOWS\System32\PSAPI.DLL
0x00007ffa52da0000 - 0x00007ffa52da9000 	C:\WINDOWS\SYSTEM32\WSOCK32.dll
0x00007ffa57ee0000 - 0x00007ffa57f07000 	C:\WINDOWS\SYSTEM32\WINMM.dll
0x00007ffa501d0000 - 0x00007ffa501da000 	C:\WINDOWS\SYSTEM32\VERSION.dll
0x00007ffa5c4d0000 - 0x00007ffa5c53b000 	C:\WINDOWS\System32\WS2_32.dll
0x00007ffa58630000 - 0x00007ffa58642000 	C:\WINDOWS\SYSTEM32\kernel.appcore.dll
0x00007ffa53e60000 - 0x00007ffa53e6a000 	c:\Users\Nargol\.vscode\extensions\redhat.java-1.10.0-win32-x64\jre\17.0.4-win32-x86_64\bin\jimage.dll
0x00007ffa443c0000 - 0x00007ffa445a4000 	C:\WINDOWS\SYSTEM32\DBGHELP.DLL
0x00007ffa44390000 - 0x00007ffa443bc000 	C:\WINDOWS\SYSTEM32\dbgcore.DLL
0x00007ffa5a770000 - 0x00007ffa5a7f2000 	C:\WINDOWS\System32\bcryptPrimitives.dll
0x00007ffa534f0000 - 0x00007ffa534fe000 	c:\Users\Nargol\.vscode\extensions\redhat.java-1.10.0-win32-x64\jre\17.0.4-win32-x86_64\bin\instrument.dll
0x00007ffa53510000 - 0x00007ffa53535000 	c:\Users\Nargol\.vscode\extensions\redhat.java-1.10.0-win32-x64\jre\17.0.4-win32-x86_64\bin\java.dll
0x00007ffa53e40000 - 0x00007ffa53e58000 	c:\Users\Nargol\.vscode\extensions\redhat.java-1.10.0-win32-x64\jre\17.0.4-win32-x86_64\bin\zip.dll
0x00007ffa5b1b0000 - 0x00007ffa5b8f4000 	C:\WINDOWS\System32\SHELL32.dll
0x00007ffa58830000 - 0x00007ffa58fc4000 	C:\WINDOWS\SYSTEM32\windows.storage.dll
0x00007ffa5cb60000 - 0x00007ffa5ceb4000 	C:\WINDOWS\System32\combase.dll
0x00007ffa5a020000 - 0x00007ffa5a050000 	C:\WINDOWS\SYSTEM32\Wldp.dll
0x00007ffa5bf00000 - 0x00007ffa5bfad000 	C:\WINDOWS\System32\SHCORE.dll
0x00007ffa5bb80000 - 0x00007ffa5bbd5000 	C:\WINDOWS\System32\shlwapi.dll
0x00007ffa5a6b0000 - 0x00007ffa5a6cf000 	C:\WINDOWS\SYSTEM32\profapi.dll
0x00007ffa52f80000 - 0x00007ffa52f99000 	C:\Users\Nargol\.vscode\extensions\redhat.java-1.10.0-win32-x64\jre\17.0.4-win32-x86_64\bin\net.dll
0x00007ffa51930000 - 0x00007ffa51a3a000 	C:\WINDOWS\SYSTEM32\WINHTTP.dll
0x00007ffa59e00000 - 0x00007ffa59e6a000 	C:\WINDOWS\system32\mswsock.dll
0x00007ffa52f60000 - 0x00007ffa52f75000 	C:\Users\Nargol\.vscode\extensions\redhat.java-1.10.0-win32-x64\jre\17.0.4-win32-x86_64\bin\nio.dll
0x00007ffa52f50000 - 0x00007ffa52f60000 	c:\Users\Nargol\.vscode\extensions\redhat.java-1.10.0-win32-x64\jre\17.0.4-win32-x86_64\bin\verify.dll
0x00007ffa4dc00000 - 0x00007ffa4dc3e000 	C:\Users\Nargol\AppData\Roaming\Code\User\globalStorage\redhat.java\1.10.0\config_win\org.eclipse.equinox.launcher\org.eclipse.equinox.launcher.win32.win32.x86_64_1.2.500.v20220509-0833\eclipse_11700.dll
0x00007ffa5bdd0000 - 0x00007ffa5befa000 	C:\WINDOWS\System32\ole32.dll
0x00007ffa5a390000 - 0x00007ffa5a3a8000 	C:\WINDOWS\SYSTEM32\CRYPTSP.dll
0x00007ffa597a0000 - 0x00007ffa597d4000 	C:\WINDOWS\system32\rsaenh.dll
0x00007ffa5af70000 - 0x00007ffa5af97000 	C:\WINDOWS\System32\bcrypt.dll
0x00007ffa5a630000 - 0x00007ffa5a65e000 	C:\WINDOWS\SYSTEM32\USERENV.dll
0x00007ffa59f90000 - 0x00007ffa59f9c000 	C:\WINDOWS\SYSTEM32\CRYPTBASE.dll
0x00007ffa59b10000 - 0x00007ffa59b4b000 	C:\WINDOWS\SYSTEM32\IPHLPAPI.DLL
0x00007ffa5c050000 - 0x00007ffa5c058000 	C:\WINDOWS\System32\NSI.dll
0x00007ffa51ff0000 - 0x00007ffa52007000 	C:\WINDOWS\SYSTEM32\dhcpcsvc6.DLL
0x00007ffa53160000 - 0x00007ffa5317d000 	C:\WINDOWS\SYSTEM32\dhcpcsvc.DLL
0x00007ffa59b50000 - 0x00007ffa59c1a000 	C:\WINDOWS\SYSTEM32\DNSAPI.dll
0x00007ffa28ef0000 - 0x00007ffa28f34000 	C:\Users\Nargol\AppData\Local\Temp\jna--1968813275\jna3691736651789692852.dll

dbghelp: loaded successfully - version: 4.0.5 - missing functions: none
symbol engine: initialized successfully - sym options: 0x614 - pdb path: .;c:\Users\Nargol\.vscode\extensions\redhat.java-1.10.0-win32-x64\jre\17.0.4-win32-x86_64\bin;C:\WINDOWS\SYSTEM32;C:\WINDOWS\WinSxS\amd64_microsoft.windows.common-controls_6595b64144ccf1df_6.0.19041.1110_none_60b5254171f9507e;c:\Users\Nargol\.vscode\extensions\redhat.java-1.10.0-win32-x64\jre\17.0.4-win32-x86_64\bin\server;C:\Users\Nargol\AppData\Roaming\Code\User\globalStorage\redhat.java\1.10.0\config_win\org.eclipse.equinox.launcher\org.eclipse.equinox.launcher.win32.win32.x86_64_1.2.500.v20220509-0833;C:\Users\Nargol\AppData\Local\Temp\jna--1968813275

VM Arguments:
jvm_args: --add-modules=ALL-SYSTEM --add-opens=java.base/java.util=ALL-UNNAMED --add-opens=java.base/java.lang=ALL-UNNAMED --add-opens=java.base/sun.nio.fs=ALL-UNNAMED -Declipse.application=org.eclipse.jdt.ls.core.id1 -Dosgi.bundles.defaultStartLevel=4 -Declipse.product=org.eclipse.jdt.ls.core.product -Djava.import.generatesMetadataFilesAtProjectRoot=false -Dfile.encoding=utf8 -DwatchParentProcess=false -Xlog:jni+resolve=off -XX:+UseParallelGC -XX:GCTimeRatio=4 -XX:AdaptiveSizePolicyWeight=90 -Dsun.zip.disableMemoryMapping=true -Xmx1G -Xms100m -javaagent:c:\Users\Nargol\.vscode\extensions\redhat.java-1.10.0-win32-x64\lombok\lombok-1.18.24.jar -XX:+HeapDumpOnOutOfMemoryError -XX:HeapDumpPath=c:\Users\Nargol\AppData\Roaming\Code\User\workspaceStorage\45846c7739866774b57027b74214147e\redhat.java 
java_command: c:\Users\Nargol\.vscode\extensions\redhat.java-1.10.0-win32-x64\server\plugins\org.eclipse.equinox.launcher_1.6.400.v20210924-0641.jar -configuration c:\Users\Nargol\AppData\Roaming\Code\User\globalStorage\redhat.java\1.10.0\config_win -data c:\Users\Nargol\AppData\Roaming\Code\User\workspaceStorage\45846c7739866774b57027b74214147e\redhat.java\jdt_ws
java_class_path (initial): c:\Users\Nargol\.vscode\extensions\redhat.java-1.10.0-win32-x64\server\plugins\org.eclipse.equinox.launcher_1.6.400.v20210924-0641.jar
Launcher Type: SUN_STANDARD

[Global flags]
    uintx AdaptiveSizePolicyWeight                 = 90                                        {product} {command line}
     intx CICompilerCount                          = 4                                         {product} {ergonomic}
    uintx GCTimeRatio                              = 4                                         {product} {command line}
     bool HeapDumpOnOutOfMemoryError               = true                                   {manageable} {command line}
    ccstr HeapDumpPath                             = c:\Users\Nargol\AppData\Roaming\Code\User\workspaceStorage\45846c7739866774b57027b74214147e\redhat.java         {manageable} {command line}
   size_t InitialHeapSize                          = 104857600                                 {product} {command line}
   size_t MaxHeapSize                              = 1073741824                                {product} {command line}
   size_t MaxNewSize                               = 357564416                                 {product} {ergonomic}
   size_t MinHeapDeltaBytes                        = 524288                                    {product} {ergonomic}
   size_t MinHeapSize                              = 104857600                                 {product} {command line}
   size_t NewSize                                  = 34603008                                  {product} {ergonomic}
    uintx NonNMethodCodeHeapSize                   = 5839372                                {pd product} {ergonomic}
    uintx NonProfiledCodeHeapSize                  = 122909434                              {pd product} {ergonomic}
   size_t OldSize                                  = 70254592                                  {product} {ergonomic}
    uintx ProfiledCodeHeapSize                     = 122909434                              {pd product} {ergonomic}
    uintx ReservedCodeCacheSize                    = 251658240                              {pd product} {ergonomic}
     bool SegmentedCodeCache                       = true                                      {product} {ergonomic}
   size_t SoftMaxHeapSize                          = 1073741824                             {manageable} {ergonomic}
     bool UseCompressedClassPointers               = true                           {product lp64_product} {ergonomic}
     bool UseCompressedOops                        = true                           {product lp64_product} {ergonomic}
     bool UseLargePagesIndividualAllocation        = false                                  {pd product} {ergonomic}
     bool UseParallelGC                            = true                                      {product} {command line}

Logging:
Log output configuration:
 #0: stdout all=warning,jni+resolve=off uptime,level,tags
 #1: stderr all=off uptime,level,tags

Environment Variables:
JAVA_HOME=C:\Program Files\Java\jdk-11.0.8
PATH=C:\Program Files\Common Files\Oracle\Java\javapath;C:\apache-maven-3.8.6\bin;C:\WINDOWS\system32;C:\WINDOWS;C:\WINDOWS\System32\Wbem;C:\WINDOWS\System32\WindowsPowerShell\v1.0\;C:\Program Files (x86)\Git\cmd;C:\Program Files\PuTTY\;C:\WINDOWS\System32\OpenSSH\;C:\Program Files\Docker\Docker\resources\bin;C:\ProgramData\DockerDesktop\version-bin;C:\Program Files\nodejs\;C:\Program Files\Java\jdk-11.0.8;C:\Users\Nargol\AppData\Local\Microsoft\WindowsApps;C:\apache-maven-3.8.6\bin;C:\Users\Nargol\AppData\Local\Programs\Microsoft VS Code\bin;C:\Users\Nargol\AppData\Roaming\npm;
USERNAME=Nargol
OS=Windows_NT
PROCESSOR_IDENTIFIER=Intel64 Family 6 Model 42 Stepping 7, GenuineIntel
TMP=C:\Users\Nargol\AppData\Local\Temp
TEMP=C:\Users\Nargol\AppData\Local\Temp



---------------  S Y S T E M  ---------------

OS:
 Windows 10 , 64 bit Build 19041 (10.0.19041.1889)
OS uptime: 9 days 21:50 hours
Hyper-V role detected

CPU: total 8 (initial active 8) (4 cores per cpu, 2 threads per core) family 6 model 42 stepping 7 microcode 0x2f, cx8, cmov, fxsr, ht, mmx, sse, sse2, sse3, ssse3, sse4.1, sse4.2, popcnt, tsc, tscinvbit, avx, aes, clmul, vzeroupper, clflush, hv

Memory: 4k page, system-wide physical 16291M (151M free)
TotalPageFile size 35028M (AvailPageFile size 3M)
current process WorkingSet (physical memory assigned to process): 168M, peak: 168M
current process commit charge ("private bytes"): 264M, peak: 265M

vm_info: OpenJDK 64-Bit Server VM (17.0.4+8) for windows-amd64 JRE (17.0.4+8), built on Jul 19 2022 16:05:16 by "temurin" with MS VC++ 16.7 (VS2019)

END.
