#
# There is insufficient memory for the Java Runtime Environment to continue.
# Native memory allocation (malloc) failed to allocate 287600 bytes for Chunk::new
# Possible reasons:
#   The system is out of physical RAM or swap space
#   The process is running with CompressedOops enabled, and the Java Heap may be blocking the growth of the native heap
# Possible solutions:
#   Reduce memory load on the system
#   Increase physical memory or swap space
#   Check if swap backing store is full
#   Decrease Java heap size (-Xmx/-Xms)
#   Decrease number of Java threads
#   Decrease Java thread stack sizes (-Xss)
#   Set larger code cache with -XX:ReservedCodeCacheSize=
#   JVM is running with Unscaled Compressed Oops mode in which the Java heap is
#     placed in the first 4GB address space. The Java Heap base address is the
#     maximum limit for the native heap growth. Please use -XX:HeapBaseMinAddress
#     to set the Java Heap base and to place the Java Heap above 4GB virtual address.
# This output file may be truncated or incomplete.
#
#  Out of Memory Error (arena.cpp:189), pid=221952, tid=228004
#
# JRE version: OpenJDK Runtime Environment Temurin-17.0.4+8 (17.0.4+8) (build 17.0.4+8)
# Java VM: OpenJDK 64-Bit Server VM Temurin-17.0.4+8 (17.0.4+8, mixed mode, tiered, compressed oops, compressed class ptrs, parallel gc, windows-amd64)
# No core dump will be written. Minidumps are not enabled by default on client versions of Windows
#

---------------  S U M M A R Y ------------

Command Line: --add-modules=ALL-SYSTEM --add-opens=java.base/java.util=ALL-UNNAMED --add-opens=java.base/java.lang=ALL-UNNAMED --add-opens=java.base/sun.nio.fs=ALL-UNNAMED -Declipse.application=org.eclipse.jdt.ls.core.id1 -Dosgi.bundles.defaultStartLevel=4 -Declipse.product=org.eclipse.jdt.ls.core.product -Djava.import.generatesMetadataFilesAtProjectRoot=false -Dfile.encoding=utf8 -DwatchParentProcess=false -Xlog:jni+resolve=off -XX:+UseParallelGC -XX:GCTimeRatio=4 -XX:AdaptiveSizePolicyWeight=90 -Dsun.zip.disableMemoryMapping=true -Xmx1G -Xms100m -javaagent:c:\Users\Nargol\.vscode\extensions\redhat.java-1.10.0-win32-x64\lombok\lombok-1.18.24.jar -XX:+HeapDumpOnOutOfMemoryError -XX:HeapDumpPath=c:\Users\Nargol\AppData\Roaming\Code\User\workspaceStorage\45846c7739866774b57027b74214147e\redhat.java c:\Users\Nargol\.vscode\extensions\redhat.java-1.10.0-win32-x64\server\plugins\org.eclipse.equinox.launcher_1.6.400.v20210924-0641.jar -configuration c:\Users\Nargol\AppData\Roaming\Code\User\globalStorage\redhat.java\1.10.0\config_win -data c:\Users\Nargol\AppData\Roaming\Code\User\workspaceStorage\45846c7739866774b57027b74214147e\redhat.java\jdt_ws

Host: Intel(R) Core(TM) i7-2630QM CPU @ 2.00GHz, 8 cores, 15G,  Windows 10 , 64 bit Build 19041 (10.0.19041.1889)
Time: Sun Sep 11 21:31:31 2022 W. Europe Daylight Time elapsed time: 4.698364 seconds (0d 0h 0m 4s)

---------------  T H R E A D  ---------------

Current thread (0x000002444ad07250):  JavaThread "C2 CompilerThread0" daemon [_thread_in_native, id=228004, stack(0x000000d812900000,0x000000d812a00000)]


Current CompileTask:
C2:   4698 3335       4       java.io.WinNTFileSystem::normalize (143 bytes)

Stack: [0x000000d812900000,0x000000d812a00000]
Native frames: (J=compiled Java code, j=interpreted, Vv=VM code, C=native code)
V  [jvm.dll+0x67733a]
V  [jvm.dll+0x8323c4]
V  [jvm.dll+0x833b6e]
V  [jvm.dll+0x8341d3]
V  [jvm.dll+0x2455e5]
V  [jvm.dll+0xabd7b]
V  [jvm.dll+0xac30c]
V  [jvm.dll+0x363a77]
V  [jvm.dll+0x1bba22]
V  [jvm.dll+0x218629]
V  [jvm.dll+0x2178f1]
V  [jvm.dll+0x1a3f8d]
V  [jvm.dll+0x227308]
V  [jvm.dll+0x225455]
V  [jvm.dll+0x7e7eeb]
V  [jvm.dll+0x7e245a]
V  [jvm.dll+0x6761c5]
C  [ucrtbase.dll+0x21bb2]
C  [KERNEL32.DLL+0x17034]
C  [ntdll.dll+0x52651]


---------------  P R O C E S S  ---------------

Threads class SMR info:
_java_thread_list=0x000002444cc5f390, length=22, elements={
0x0000024434941c60, 0x00000244487d53b0, 0x000002444acd2130, 0x000002444ace5eb0,
0x00000244487d7400, 0x000002444ad01d70, 0x000002444ad04650, 0x000002444ad07250,
0x000002444ad07b50, 0x000002444ad08c70, 0x00000244349fe6e0, 0x000002444b02d250,
0x000002444b6fa550, 0x000002444b8fe160, 0x000002444b8fe8d0, 0x000002444b819780,
0x000002444b94b640, 0x000002444c954fb0, 0x000002444c877ef0, 0x000002444c8783c0,
0x000002444c877550, 0x000002444c877a20
}

Java Threads: ( => current thread )
  0x0000024434941c60 JavaThread "main" [_thread_blocked, id=227636, stack(0x000000d812000000,0x000000d812100000)]
  0x00000244487d53b0 JavaThread "Reference Handler" daemon [_thread_blocked, id=208184, stack(0x000000d812300000,0x000000d812400000)]
  0x000002444acd2130 JavaThread "Finalizer" daemon [_thread_blocked, id=227984, stack(0x000000d812400000,0x000000d812500000)]
  0x000002444ace5eb0 JavaThread "Signal Dispatcher" daemon [_thread_blocked, id=223564, stack(0x000000d812500000,0x000000d812600000)]
  0x00000244487d7400 JavaThread "Attach Listener" daemon [_thread_blocked, id=226112, stack(0x000000d812600000,0x000000d812700000)]
  0x000002444ad01d70 JavaThread "Service Thread" daemon [_thread_blocked, id=13956, stack(0x000000d812700000,0x000000d812800000)]
  0x000002444ad04650 JavaThread "Monitor Deflation Thread" daemon [_thread_blocked, id=225308, stack(0x000000d812800000,0x000000d812900000)]
=>0x000002444ad07250 JavaThread "C2 CompilerThread0" daemon [_thread_in_native, id=228004, stack(0x000000d812900000,0x000000d812a00000)]
  0x000002444ad07b50 JavaThread "C1 CompilerThread0" daemon [_thread_in_vm, id=227724, stack(0x000000d812a00000,0x000000d812b00000)]
  0x000002444ad08c70 JavaThread "Sweeper thread" daemon [_thread_blocked, id=13076, stack(0x000000d812b00000,0x000000d812c00000)]
  0x00000244349fe6e0 JavaThread "Common-Cleaner" daemon [_thread_blocked, id=204748, stack(0x000000d812c00000,0x000000d812d00000)]
  0x000002444b02d250 JavaThread "Notification Thread" daemon [_thread_blocked, id=224972, stack(0x000000d812d00000,0x000000d812e00000)]
  0x000002444b6fa550 JavaThread "Active Thread: Equinox Container: dfbd6610-e9aa-4621-8129-7efc85145134" [_thread_blocked, id=112780, stack(0x000000d813400000,0x000000d813500000)]
  0x000002444b8fe160 JavaThread "Framework Event Dispatcher: Equinox Container: dfbd6610-e9aa-4621-8129-7efc85145134" daemon [_thread_blocked, id=203188, stack(0x000000d813500000,0x000000d813600000)]
  0x000002444b8fe8d0 JavaThread "Start Level: Equinox Container: dfbd6610-e9aa-4621-8129-7efc85145134" daemon [_thread_in_Java, id=193628, stack(0x000000d813600000,0x000000d813700000)]
  0x000002444b819780 JavaThread "SCR Component Actor" daemon [_thread_blocked, id=213208, stack(0x000000d813700000,0x000000d813800000)]
  0x000002444b94b640 JavaThread "SCR Component Registry" daemon [_thread_blocked, id=226416, stack(0x000000d813a00000,0x000000d813b00000)]
  0x000002444c954fb0 JavaThread "Bundle File Closer" daemon [_thread_blocked, id=226660, stack(0x000000d813b00000,0x000000d813c00000)]
  0x000002444c877ef0 JavaThread "Worker-JM" [_thread_blocked, id=226044, stack(0x000000d813c00000,0x000000d813d00000)]
  0x000002444c8783c0 JavaThread "Worker-0" [_thread_blocked, id=219368, stack(0x000000d813d00000,0x000000d813e00000)]
  0x000002444c877550 JavaThread "Worker-1: Refreshing workspace" [_thread_in_native, id=95296, stack(0x000000d813e00000,0x000000d813f00000)]
  0x000002444c877a20 JavaThread "Worker-2" [_thread_blocked, id=224024, stack(0x000000d813f00000,0x000000d814000000)]

Other Threads:
  0x00000244487ce430 VMThread "VM Thread" [stack: 0x000000d812200000,0x000000d812300000] [id=227640]
  0x000002444b05c030 WatcherThread [stack: 0x000000d812e00000,0x000000d812f00000] [id=172320]
  0x00000244349567b0 GCTaskThread "GC Thread#0" [stack: 0x000000d812100000,0x000000d812200000] [id=223432]
  0x000002444b62e290 GCTaskThread "GC Thread#1" [stack: 0x000000d812f00000,0x000000d813000000] [id=227796]
  0x000002444b5bc790 GCTaskThread "GC Thread#2" [stack: 0x000000d813000000,0x000000d813100000] [id=137984]
  0x000002444b5bca40 GCTaskThread "GC Thread#3" [stack: 0x000000d813100000,0x000000d813200000] [id=227888]
  0x000002444b400500 GCTaskThread "GC Thread#4" [stack: 0x000000d813200000,0x000000d813300000] [id=92720]
  0x000002444b4007b0 GCTaskThread "GC Thread#5" [stack: 0x000000d813300000,0x000000d813400000] [id=224988]
  0x000002444c7f7cf0 GCTaskThread "GC Thread#6" [stack: 0x000000d813800000,0x000000d813900000] [id=226128]
  0x000002444b997510 GCTaskThread "GC Thread#7" [stack: 0x000000d813900000,0x000000d813a00000] [id=214232]

Threads with active compile tasks:
C2 CompilerThread0     4741 3335       4       java.io.WinNTFileSystem::normalize (143 bytes)

VM state: not at safepoint (normal execution)

VM Mutex/Monitor currently owned by a thread: None

Heap address: 0x00000000c0000000, size: 1024 MB, Compressed Oops mode: 32-bit

CDS archive(s) not mapped
Compressed class space mapped at: 0x0000000100000000-0x0000000140000000, reserved size: 1073741824
Narrow klass base: 0x0000000000000000, Narrow klass shift: 3, Narrow klass range: 0x140000000

GC Precious Log:
 CPUs: 8 total, 8 available
 Memory: 16291M
 Large Page Support: Disabled
 NUMA Support: Disabled
 Compressed Oops: Enabled (32-bit)
 Alignments: Space 512K, Generation 512K, Heap 2M
 Heap Min Capacity: 100M
 Heap Initial Capacity: 100M
 Heap Max Capacity: 1G
 Pre-touch: Disabled
 Parallel Workers: 8

Heap:
 PSYoungGen      total 26624K, used 5001K [0x00000000eab00000, 0x00000000eca00000, 0x0000000100000000)
  eden space 24064K, 10% used [0x00000000eab00000,0x00000000ead63b10,0x00000000ec280000)
  from space 2560K, 99% used [0x00000000ec780000,0x00000000ec9feb10,0x00000000eca00000)
  to   space 3072K, 0% used [0x00000000ec400000,0x00000000ec400000,0x00000000ec700000)
 ParOldGen       total 68608K, used 11826K [0x00000000c0000000, 0x00000000c4300000, 0x00000000eab00000)
  object space 68608K, 17% used [0x00000000c0000000,0x00000000c0b8c8c8,0x00000000c4300000)
 Metaspace       used 30170K, committed 30784K, reserved 1081344K
  class space    used 2947K, committed 3200K, reserved 1048576K

Card table byte_map: [0x0000024434300000,0x0000024434510000] _byte_map_base: 0x0000024433d00000

Marking Bits: (ParMarkBitMap*) 0x00007ffa25272cd0
 Begin Bits: [0x00000244465e0000, 0x00000244475e0000)
 End Bits:   [0x00000244475e0000, 0x00000244485e0000)

Polling page: 0x0000024432700000

Metaspace:

Usage:
  Non-class:     26.59 MB used.
      Class:      2.88 MB used.
       Both:     29.47 MB used.

Virtual space:
  Non-class space:       32.00 MB reserved,      26.94 MB ( 84%) committed,  4 nodes.
      Class space:        1.00 GB reserved,       3.12 MB ( <1%) committed,  1 nodes.
             Both:        1.03 GB reserved,      30.06 MB (  3%) committed. 

Chunk freelists:
   Non-Class:  1008.00 KB
       Class:  715.00 KB
        Both:  1.68 MB

MaxMetaspaceSize: unlimited
CompressedClassSpaceSize: 1.00 GB
Initial GC threshold: 21.00 MB
Current GC threshold: 35.00 MB
CDS: off
MetaspaceReclaimPolicy: balanced
 - commit_granule_bytes: 65536.
 - commit_granule_words: 8192.
 - virtual_space_node_default_size: 1048576.
 - enlarge_chunks_in_place: 1.
 - new_chunks_are_fully_committed: 0.
 - uncommit_free_chunks: 1.
 - use_allocation_guard: 0.
 - handle_deallocations: 1.


Internal statistics:

num_allocs_failed_limit: 3.
num_arena_births: 442.
num_arena_deaths: 14.
num_vsnodes_births: 5.
num_vsnodes_deaths: 0.
num_space_committed: 481.
num_space_uncommitted: 0.
num_chunks_returned_to_freelist: 17.
num_chunks_taken_from_freelist: 1326.
num_chunk_merges: 7.
num_chunk_splits: 880.
num_chunks_enlarged: 548.
num_purges: 2.
num_inconsistent_stats: 0.

CodeHeap 'non-profiled nmethods': size=120000Kb used=1272Kb max_used=1272Kb free=118727Kb
 bounds [0x000002443f0b0000, 0x000002443f320000, 0x00000244465e0000]
CodeHeap 'profiled nmethods': size=120000Kb used=6971Kb max_used=6971Kb free=113029Kb
 bounds [0x0000024437b80000, 0x0000024438250000, 0x000002443f0b0000]
CodeHeap 'non-nmethods': size=5760Kb used=1235Kb max_used=1252Kb free=4524Kb
 bounds [0x00000244375e0000, 0x0000024437850000, 0x0000024437b80000]
 total_blobs=3922 nmethods=3375 adapters=460
 compilation: enabled
              stopped_count=0, restarted_count=0
 full_count=0

Compilation events (20 events):
Event: 4.679 Thread 0x000002444ad07b50 3376       3       jdk.internal.loader.BuiltinClassLoader::findLoadedModule (33 bytes)
Event: 4.680 Thread 0x000002444ad07b50 nmethod 3376 0x000002443823ec90 code [0x000002443823eea0, 0x000002443823f558]
Event: 4.682 Thread 0x000002444ad07b50 3377       3       org.eclipse.core.internal.resources.Resource::getName (10 bytes)
Event: 4.682 Thread 0x000002444ad07b50 nmethod 3377 0x000002443823f790 code [0x000002443823f940, 0x000002443823fb98]
Event: 4.682 Thread 0x000002444ad07b50 3378       3       java.util.ResourceBundle::getString (9 bytes)
Event: 4.683 Thread 0x000002444ad07b50 nmethod 3378 0x000002443823fd10 code [0x000002443823fec0, 0x00000244382400e8]
Event: 4.683 Thread 0x000002444ad07b50 3379       3       com.sun.org.apache.xerces.internal.dom.NodeImpl::needsSyncData (15 bytes)
Event: 4.683 Thread 0x000002444ad07b50 nmethod 3379 0x0000024438240190 code [0x0000024438240320, 0x0000024438240498]
Event: 4.683 Thread 0x000002444ad07b50 3380       1       com.sun.org.apache.xerces.internal.dom.DocumentImpl::setMutationEvents (6 bytes)
Event: 4.683 Thread 0x000002444ad07b50 nmethod 3380 0x000002443f1eb710 code [0x000002443f1eb8a0, 0x000002443f1eb978]
Event: 4.684 Thread 0x000002444ad07b50 3381       1       com.sun.org.apache.xerces.internal.dom.ChildNode::getNextSibling (5 bytes)
Event: 4.684 Thread 0x000002444ad07b50 nmethod 3381 0x000002443f1eba10 code [0x000002443f1ebba0, 0x000002443f1ebc78]
Event: 4.687 Thread 0x000002444ad07b50 3382       3       org.eclipse.core.internal.localstore.FileSystemResourceManager::getStoreRoot (229 bytes)
Event: 4.690 Thread 0x000002444ad07b50 nmethod 3382 0x0000024438240510 code [0x00000244382408c0, 0x0000024438242878]
Event: 4.690 Thread 0x000002444ad07b50 3383       1       org.eclipse.core.runtime.Path::getDevice (5 bytes)
Event: 4.690 Thread 0x000002444ad07b50 nmethod 3383 0x000002443f1ebd10 code [0x000002443f1ebea0, 0x000002443f1ebf78]
Event: 4.692 Thread 0x000002444ad07b50 3384       3       org.eclipse.core.internal.resources.Resource::getLocalManager (8 bytes)
Event: 4.692 Thread 0x000002444ad07b50 nmethod 3384 0x0000024438243090 code [0x0000024438243220, 0x0000024438243358]
Event: 4.693 Thread 0x000002444ad07b50 3385       1       org.eclipse.jdt.internal.core.ClasspathEntry::getEntryKind (5 bytes)
Event: 4.693 Thread 0x000002444ad07b50 nmethod 3385 0x000002443f1ec010 code [0x000002443f1ec1a0, 0x000002443f1ec278]

GC Heap History (18 events):
Event: 1.322 GC heap before
{Heap before GC invocations=1 (full 0):
 PSYoungGen      total 29696K, used 25600K [0x00000000eab00000, 0x00000000ecc00000, 0x0000000100000000)
  eden space 25600K, 100% used [0x00000000eab00000,0x00000000ec400000,0x00000000ec400000)
  from space 4096K, 0% used [0x00000000ec800000,0x00000000ec800000,0x00000000ecc00000)
  to   space 4096K, 0% used [0x00000000ec400000,0x00000000ec400000,0x00000000ec800000)
 ParOldGen       total 68608K, used 0K [0x00000000c0000000, 0x00000000c4300000, 0x00000000eab00000)
  object space 68608K, 0% used [0x00000000c0000000,0x00000000c0000000,0x00000000c4300000)
 Metaspace       used 10757K, committed 10880K, reserved 1064960K
  class space    used 1081K, committed 1152K, reserved 1048576K
}
Event: 1.330 GC heap after
{Heap after GC invocations=1 (full 0):
 PSYoungGen      total 29696K, used 3326K [0x00000000eab00000, 0x00000000ecc00000, 0x0000000100000000)
  eden space 25600K, 0% used [0x00000000eab00000,0x00000000eab00000,0x00000000ec400000)
  from space 4096K, 81% used [0x00000000ec400000,0x00000000ec73faa0,0x00000000ec800000)
  to   space 4096K, 0% used [0x00000000ec800000,0x00000000ec800000,0x00000000ecc00000)
 ParOldGen       total 68608K, used 16K [0x00000000c0000000, 0x00000000c4300000, 0x00000000eab00000)
  object space 68608K, 0% used [0x00000000c0000000,0x00000000c0004000,0x00000000c4300000)
 Metaspace       used 10757K, committed 10880K, reserved 1064960K
  class space    used 1081K, committed 1152K, reserved 1048576K
}
Event: 1.964 GC heap before
{Heap before GC invocations=2 (full 0):
 PSYoungGen      total 29696K, used 28926K [0x00000000eab00000, 0x00000000ecc00000, 0x0000000100000000)
  eden space 25600K, 100% used [0x00000000eab00000,0x00000000ec400000,0x00000000ec400000)
  from space 4096K, 81% used [0x00000000ec400000,0x00000000ec73faa0,0x00000000ec800000)
  to   space 4096K, 0% used [0x00000000ec800000,0x00000000ec800000,0x00000000ecc00000)
 ParOldGen       total 68608K, used 16K [0x00000000c0000000, 0x00000000c4300000, 0x00000000eab00000)
  object space 68608K, 0% used [0x00000000c0000000,0x00000000c0004000,0x00000000c4300000)
 Metaspace       used 14715K, committed 15040K, reserved 1064960K
  class space    used 1498K, committed 1664K, reserved 1048576K
}
Event: 1.972 GC heap after
{Heap after GC invocations=2 (full 0):
 PSYoungGen      total 29696K, used 4078K [0x00000000eab00000, 0x00000000ecc00000, 0x0000000100000000)
  eden space 25600K, 0% used [0x00000000eab00000,0x00000000eab00000,0x00000000ec400000)
  from space 4096K, 99% used [0x00000000ec800000,0x00000000ecbfb9e0,0x00000000ecc00000)
  to   space 4096K, 0% used [0x00000000ec400000,0x00000000ec400000,0x00000000ec800000)
 ParOldGen       total 68608K, used 1390K [0x00000000c0000000, 0x00000000c4300000, 0x00000000eab00000)
  object space 68608K, 2% used [0x00000000c0000000,0x00000000c015b850,0x00000000c4300000)
 Metaspace       used 14715K, committed 15040K, reserved 1064960K
  class space    used 1498K, committed 1664K, reserved 1048576K
}
Event: 3.011 GC heap before
{Heap before GC invocations=3 (full 0):
 PSYoungGen      total 29696K, used 29678K [0x00000000eab00000, 0x00000000ecc00000, 0x0000000100000000)
  eden space 25600K, 100% used [0x00000000eab00000,0x00000000ec400000,0x00000000ec400000)
  from space 4096K, 99% used [0x00000000ec800000,0x00000000ecbfb9e0,0x00000000ecc00000)
  to   space 4096K, 0% used [0x00000000ec400000,0x00000000ec400000,0x00000000ec800000)
 ParOldGen       total 68608K, used 1390K [0x00000000c0000000, 0x00000000c4300000, 0x00000000eab00000)
  object space 68608K, 2% used [0x00000000c0000000,0x00000000c015b850,0x00000000c4300000)
 Metaspace       used 17808K, committed 18112K, reserved 1073152K
  class space    used 1799K, committed 1920K, reserved 1048576K
}
Event: 3.020 GC heap after
{Heap after GC invocations=3 (full 0):
 PSYoungGen      total 29696K, used 4064K [0x00000000eab00000, 0x00000000ecc00000, 0x0000000100000000)
  eden space 25600K, 0% used [0x00000000eab00000,0x00000000eab00000,0x00000000ec400000)
  from space 4096K, 99% used [0x00000000ec400000,0x00000000ec7f81c8,0x00000000ec800000)
  to   space 4096K, 0% used [0x00000000ec800000,0x00000000ec800000,0x00000000ecc00000)
 ParOldGen       total 68608K, used 5440K [0x00000000c0000000, 0x00000000c4300000, 0x00000000eab00000)
  object space 68608K, 7% used [0x00000000c0000000,0x00000000c0550000,0x00000000c4300000)
 Metaspace       used 17808K, committed 18112K, reserved 1073152K
  class space    used 1799K, committed 1920K, reserved 1048576K
}
Event: 3.410 GC heap before
{Heap before GC invocations=4 (full 0):
 PSYoungGen      total 29696K, used 29664K [0x00000000eab00000, 0x00000000ecc00000, 0x0000000100000000)
  eden space 25600K, 100% used [0x00000000eab00000,0x00000000ec400000,0x00000000ec400000)
  from space 4096K, 99% used [0x00000000ec400000,0x00000000ec7f81c8,0x00000000ec800000)
  to   space 4096K, 0% used [0x00000000ec800000,0x00000000ec800000,0x00000000ecc00000)
 ParOldGen       total 68608K, used 5440K [0x00000000c0000000, 0x00000000c4300000, 0x00000000eab00000)
  object space 68608K, 7% used [0x00000000c0000000,0x00000000c0550000,0x00000000c4300000)
 Metaspace       used 20442K, committed 20864K, reserved 1073152K
  class space    used 2054K, committed 2304K, reserved 1048576K
}
Event: 3.416 GC heap after
{Heap after GC invocations=4 (full 0):
 PSYoungGen      total 29696K, used 4080K [0x00000000eab00000, 0x00000000ecc00000, 0x0000000100000000)
  eden space 25600K, 0% used [0x00000000eab00000,0x00000000eab00000,0x00000000ec400000)
  from space 4096K, 99% used [0x00000000ec800000,0x00000000ecbfc358,0x00000000ecc00000)
  to   space 4096K, 0% used [0x00000000ec400000,0x00000000ec400000,0x00000000ec800000)
 ParOldGen       total 68608K, used 7627K [0x00000000c0000000, 0x00000000c4300000, 0x00000000eab00000)
  object space 68608K, 11% used [0x00000000c0000000,0x00000000c0772da0,0x00000000c4300000)
 Metaspace       used 20442K, committed 20864K, reserved 1073152K
  class space    used 2054K, committed 2304K, reserved 1048576K
}
Event: 3.527 GC heap before
{Heap before GC invocations=5 (full 0):
 PSYoungGen      total 29696K, used 10582K [0x00000000eab00000, 0x00000000ecc00000, 0x0000000100000000)
  eden space 25600K, 25% used [0x00000000eab00000,0x00000000eb159600,0x00000000ec400000)
  from space 4096K, 99% used [0x00000000ec800000,0x00000000ecbfc358,0x00000000ecc00000)
  to   space 4096K, 0% used [0x00000000ec400000,0x00000000ec400000,0x00000000ec800000)
 ParOldGen       total 68608K, used 7627K [0x00000000c0000000, 0x00000000c4300000, 0x00000000eab00000)
  object space 68608K, 11% used [0x00000000c0000000,0x00000000c0772da0,0x00000000c4300000)
 Metaspace       used 21071K, committed 21504K, reserved 1073152K
  class space    used 2119K, committed 2368K, reserved 1048576K
}
Event: 3.530 GC heap after
{Heap after GC invocations=5 (full 0):
 PSYoungGen      total 29696K, used 4075K [0x00000000eab00000, 0x00000000ecf00000, 0x0000000100000000)
  eden space 25600K, 0% used [0x00000000eab00000,0x00000000eab00000,0x00000000ec400000)
  from space 4096K, 99% used [0x00000000ec400000,0x00000000ec7fad60,0x00000000ec800000)
  to   space 5632K, 0% used [0x00000000ec980000,0x00000000ec980000,0x00000000ecf00000)
 ParOldGen       total 68608K, used 8009K [0x00000000c0000000, 0x00000000c4300000, 0x00000000eab00000)
  object space 68608K, 11% used [0x00000000c0000000,0x00000000c07d2578,0x00000000c4300000)
 Metaspace       used 21071K, committed 21504K, reserved 1073152K
  class space    used 2119K, committed 2368K, reserved 1048576K
}
Event: 3.530 GC heap before
{Heap before GC invocations=6 (full 1):
 PSYoungGen      total 29696K, used 4075K [0x00000000eab00000, 0x00000000ecf00000, 0x0000000100000000)
  eden space 25600K, 0% used [0x00000000eab00000,0x00000000eab00000,0x00000000ec400000)
  from space 4096K, 99% used [0x00000000ec400000,0x00000000ec7fad60,0x00000000ec800000)
  to   space 5632K, 0% used [0x00000000ec980000,0x00000000ec980000,0x00000000ecf00000)
 ParOldGen       total 68608K, used 8009K [0x00000000c0000000, 0x00000000c4300000, 0x00000000eab00000)
  object space 68608K, 11% used [0x00000000c0000000,0x00000000c07d2578,0x00000000c4300000)
 Metaspace       used 21071K, committed 21504K, reserved 1073152K
  class space    used 2119K, committed 2368K, reserved 1048576K
}
Event: 3.566 GC heap after
{Heap after GC invocations=6 (full 1):
 PSYoungGen      total 29696K, used 0K [0x00000000eab00000, 0x00000000ecf00000, 0x0000000100000000)
  eden space 25600K, 0% used [0x00000000eab00000,0x00000000eab00000,0x00000000ec400000)
  from space 4096K, 0% used [0x00000000ec400000,0x00000000ec400000,0x00000000ec800000)
  to   space 5632K, 0% used [0x00000000ec980000,0x00000000ec980000,0x00000000ecf00000)
 ParOldGen       total 68608K, used 11561K [0x00000000c0000000, 0x00000000c4300000, 0x00000000eab00000)
  object space 68608K, 16% used [0x00000000c0000000,0x00000000c0b4a400,0x00000000c4300000)
 Metaspace       used 21058K, committed 21504K, reserved 1073152K
  class space    used 2116K, committed 2368K, reserved 1048576K
}
Event: 4.203 GC heap before
{Heap before GC invocations=7 (full 1):
 PSYoungGen      total 29696K, used 25600K [0x00000000eab00000, 0x00000000ecf00000, 0x0000000100000000)
  eden space 25600K, 100% used [0x00000000eab00000,0x00000000ec400000,0x00000000ec400000)
  from space 4096K, 0% used [0x00000000ec400000,0x00000000ec400000,0x00000000ec800000)
  to   space 5632K, 0% used [0x00000000ec980000,0x00000000ec980000,0x00000000ecf00000)
 ParOldGen       total 68608K, used 11561K [0x00000000c0000000, 0x00000000c4300000, 0x00000000eab00000)
  object space 68608K, 16% used [0x00000000c0000000,0x00000000c0b4a400,0x00000000c4300000)
 Metaspace       used 24287K, committed 24896K, reserved 1073152K
  class space    used 2502K, committed 2816K, reserved 1048576K
}
Event: 4.205 GC heap after
{Heap after GC invocations=7 (full 1):
 PSYoungGen      total 27648K, used 2139K [0x00000000eab00000, 0x00000000ecc00000, 0x0000000100000000)
  eden space 25088K, 0% used [0x00000000eab00000,0x00000000eab00000,0x00000000ec380000)
  from space 2560K, 83% used [0x00000000ec980000,0x00000000ecb96df8,0x00000000ecc00000)
  to   space 3584K, 0% used [0x00000000ec500000,0x00000000ec500000,0x00000000ec880000)
 ParOldGen       total 68608K, used 11569K [0x00000000c0000000, 0x00000000c4300000, 0x00000000eab00000)
  object space 68608K, 16% used [0x00000000c0000000,0x00000000c0b4c400,0x00000000c4300000)
 Metaspace       used 24287K, committed 24896K, reserved 1073152K
  class space    used 2502K, committed 2816K, reserved 1048576K
}
Event: 4.453 GC heap before
{Heap before GC invocations=8 (full 1):
 PSYoungGen      total 27648K, used 27227K [0x00000000eab00000, 0x00000000ecc00000, 0x0000000100000000)
  eden space 25088K, 100% used [0x00000000eab00000,0x00000000ec380000,0x00000000ec380000)
  from space 2560K, 83% used [0x00000000ec980000,0x00000000ecb96df8,0x00000000ecc00000)
  to   space 3584K, 0% used [0x00000000ec500000,0x00000000ec500000,0x00000000ec880000)
 ParOldGen       total 68608K, used 11569K [0x00000000c0000000, 0x00000000c4300000, 0x00000000eab00000)
  object space 68608K, 16% used [0x00000000c0000000,0x00000000c0b4c400,0x00000000c4300000)
 Metaspace       used 27477K, committed 28096K, reserved 1081344K
  class space    used 2724K, committed 3008K, reserved 1048576K
}
Event: 4.455 GC heap after
{Heap after GC invocations=8 (full 1):
 PSYoungGen      total 27136K, used 2267K [0x00000000eab00000, 0x00000000eca00000, 0x0000000100000000)
  eden space 24576K, 0% used [0x00000000eab00000,0x00000000eab00000,0x00000000ec300000)
  from space 2560K, 88% used [0x00000000ec500000,0x00000000ec736df8,0x00000000ec780000)
  to   space 2560K, 0% used [0x00000000ec780000,0x00000000ec780000,0x00000000eca00000)
 ParOldGen       total 68608K, used 11577K [0x00000000c0000000, 0x00000000c4300000, 0x00000000eab00000)
  object space 68608K, 16% used [0x00000000c0000000,0x00000000c0b4e400,0x00000000c4300000)
 Metaspace       used 27477K, committed 28096K, reserved 1081344K
  class space    used 2724K, committed 3008K, reserved 1048576K
}
Event: 4.667 GC heap before
{Heap before GC invocations=9 (full 1):
 PSYoungGen      total 27136K, used 26843K [0x00000000eab00000, 0x00000000eca00000, 0x0000000100000000)
  eden space 24576K, 100% used [0x00000000eab00000,0x00000000ec300000,0x00000000ec300000)
  from space 2560K, 88% used [0x00000000ec500000,0x00000000ec736df8,0x00000000ec780000)
  to   space 2560K, 0% used [0x00000000ec780000,0x00000000ec780000,0x00000000eca00000)
 ParOldGen       total 68608K, used 11577K [0x00000000c0000000, 0x00000000c4300000, 0x00000000eab00000)
  object space 68608K, 16% used [0x00000000c0000000,0x00000000c0b4e400,0x00000000c4300000)
 Metaspace       used 30036K, committed 30656K, reserved 1081344K
  class space    used 2932K, committed 3200K, reserved 1048576K
}
Event: 4.670 GC heap after
{Heap after GC invocations=9 (full 1):
 PSYoungGen      total 26624K, used 2554K [0x00000000eab00000, 0x00000000eca00000, 0x0000000100000000)
  eden space 24064K, 0% used [0x00000000eab00000,0x00000000eab00000,0x00000000ec280000)
  from space 2560K, 99% used [0x00000000ec780000,0x00000000ec9feb10,0x00000000eca00000)
  to   space 3072K, 0% used [0x00000000ec400000,0x00000000ec400000,0x00000000ec700000)
 ParOldGen       total 68608K, used 11826K [0x00000000c0000000, 0x00000000c4300000, 0x00000000eab00000)
  object space 68608K, 17% used [0x00000000c0000000,0x00000000c0b8c8c8,0x00000000c4300000)
 Metaspace       used 30036K, committed 30656K, reserved 1081344K
  class space    used 2932K, committed 3200K, reserved 1048576K
}

Deoptimization events (20 events):
Event: 4.601 Thread 0x000002444b8fe8d0 DEOPT PACKING pc=0x000002443f1db87c sp=0x000000d8136f8ef0
Event: 4.601 Thread 0x000002444b8fe8d0 DEOPT UNPACKING pc=0x00000244376320a3 sp=0x000000d8136f8e80 mode 2
Event: 4.607 Thread 0x000002444c877550 DEOPT PACKING pc=0x0000024437ea2608 sp=0x000000d813efe870
Event: 4.607 Thread 0x000002444c877550 DEOPT UNPACKING pc=0x0000024437632843 sp=0x000000d813efdd78 mode 0
Event: 4.631 Thread 0x000002444b8fe8d0 Uncommon trap: trap_request=0xffffff45 fr.pc=0x000002443f15e204 relative=0x0000000000000de4
Event: 4.631 Thread 0x000002444b8fe8d0 Uncommon trap: reason=unstable_if action=reinterpret pc=0x000002443f15e204 method=java.util.Properties.loadConvert([CIILjava/lang/StringBuilder;)Ljava/lang/String; @ 463 c2
Event: 4.631 Thread 0x000002444b8fe8d0 DEOPT PACKING pc=0x000002443f15e204 sp=0x000000d8136f7b50
Event: 4.631 Thread 0x000002444b8fe8d0 DEOPT UNPACKING pc=0x00000244376320a3 sp=0x000000d8136f7b30 mode 2
Event: 4.651 Thread 0x000002444b8fe8d0 Uncommon trap: trap_request=0xffffff45 fr.pc=0x000002443f15647c relative=0x000000000000007c
Event: 4.651 Thread 0x000002444b8fe8d0 Uncommon trap: reason=unstable_if action=reinterpret pc=0x000002443f15647c method=com.sun.org.apache.xerces.internal.impl.XMLEntityScanner.checkBeforeLoad(Lcom/sun/xml/internal/stream/Entity$ScannedEntity;II)I @ 18 c2
Event: 4.651 Thread 0x000002444b8fe8d0 DEOPT PACKING pc=0x000002443f15647c sp=0x000000d8136f9220
Event: 4.651 Thread 0x000002444b8fe8d0 DEOPT UNPACKING pc=0x00000244376320a3 sp=0x000000d8136f91b0 mode 2
Event: 4.672 Thread 0x000002444b8fe8d0 DEOPT PACKING pc=0x00000244380cdcce sp=0x000000d8136f8680
Event: 4.672 Thread 0x000002444b8fe8d0 DEOPT UNPACKING pc=0x0000024437632843 sp=0x000000d8136f7b90 mode 0
Event: 4.681 Thread 0x000002444b8fe8d0 Uncommon trap: trap_request=0xffffff45 fr.pc=0x000002443f1948bc relative=0x00000000000007dc
Event: 4.681 Thread 0x000002444b8fe8d0 Uncommon trap: reason=unstable_if action=reinterpret pc=0x000002443f1948bc method=org.eclipse.core.runtime.Path.append(Ljava/lang/String;)Lorg/eclipse/core/runtime/IPath; @ 7 c2
Event: 4.681 Thread 0x000002444b8fe8d0 DEOPT PACKING pc=0x000002443f1948bc sp=0x000000d8136f9600
Event: 4.681 Thread 0x000002444b8fe8d0 DEOPT UNPACKING pc=0x00000244376320a3 sp=0x000000d8136f95d0 mode 2
Event: 4.692 Thread 0x000002444b8fe8d0 DEOPT PACKING pc=0x0000024437ea2608 sp=0x000000d8136f95e0
Event: 4.692 Thread 0x000002444b8fe8d0 DEOPT UNPACKING pc=0x0000024437632843 sp=0x000000d8136f8ae8 mode 0

Classes unloaded (7 events):
Event: 3.536 Thread 0x00000244487ce430 Unloading class 0x0000000100218800 'java/lang/invoke/LambdaForm$MH+0x0000000100218800'
Event: 3.536 Thread 0x00000244487ce430 Unloading class 0x0000000100218400 'java/lang/invoke/LambdaForm$MH+0x0000000100218400'
Event: 3.536 Thread 0x00000244487ce430 Unloading class 0x0000000100218000 'java/lang/invoke/LambdaForm$MH+0x0000000100218000'
Event: 3.536 Thread 0x00000244487ce430 Unloading class 0x0000000100217c00 'java/lang/invoke/LambdaForm$MH+0x0000000100217c00'
Event: 3.536 Thread 0x00000244487ce430 Unloading class 0x0000000100217400 'java/lang/invoke/LambdaForm$BMH+0x0000000100217400'
Event: 3.536 Thread 0x00000244487ce430 Unloading class 0x0000000100217000 'java/lang/invoke/LambdaForm$DMH+0x0000000100217000'
Event: 3.536 Thread 0x00000244487ce430 Unloading class 0x0000000100214400 'java/lang/invoke/LambdaForm$DMH+0x0000000100214400'

Classes redefined (0 events):
No events

Internal exceptions (20 events):
Event: 4.086 Thread 0x000002444b8fe8d0 Exception <a 'java/lang/NoSuchMethodError'{0x00000000ebd76df8}: 'int java.lang.invoke.DirectMethodHandle$Holder.invokeStaticInit(java.lang.Object, long, long)'> (0x00000000ebd76df8) 
thrown [s\src\hotspot\share\interpreter\linkResolver.cpp, line 759]
Event: 4.087 Thread 0x000002444b8fe8d0 Exception <a 'java/lang/NoSuchMethodError'{0x00000000ebd7e990}: 'int java.lang.invoke.DirectMethodHandle$Holder.invokeStaticInit(java.lang.Object, float, float)'> (0x00000000ebd7e990) 
thrown [s\src\hotspot\share\interpreter\linkResolver.cpp, line 759]
Event: 4.087 Thread 0x000002444b8fe8d0 Exception <a 'java/lang/NoSuchMethodError'{0x00000000ebd86530}: 'int java.lang.invoke.DirectMethodHandle$Holder.invokeStaticInit(java.lang.Object, double, double)'> (0x00000000ebd86530) 
thrown [s\src\hotspot\share\interpreter\linkResolver.cpp, line 759]
Event: 4.088 Thread 0x000002444b8fe8d0 Exception <a 'java/lang/NoSuchMethodError'{0x00000000ebd8b880}: 'int java.lang.invoke.DirectMethodHandle$Holder.invokeStatic(java.lang.Object, long)'> (0x00000000ebd8b880) 
thrown [s\src\hotspot\share\interpreter\linkResolver.cpp, line 759]
Event: 4.093 Thread 0x000002444b8fe8d0 Exception <a 'java/lang/NoSuchMethodError'{0x00000000ebdb4318}: 'int java.lang.invoke.Invokers$Holder.linkToTargetMethod(java.lang.Object, java.lang.Object)'> (0x00000000ebdb4318) 
thrown [s\src\hotspot\share\interpreter\linkResolver.cpp, line 759]
Event: 4.101 Thread 0x000002444b8fe8d0 Exception <a 'java/lang/NoSuchMethodError'{0x00000000ebe18688}: 'java.lang.Object java.lang.invoke.DirectMethodHandle$Holder.invokeSpecial(java.lang.Object, java.lang.Object, java.lang.Object, java.lang.Object, java.lang.Object, java.lang.Object, java.lang.Object, java.lang.Object, java.lang.Object, java.lang.Object)'> (0x00000000ebe18688) 
thrown [s\src\hotspot\share\interpreter\linkResolver.cpp, line 759]
Event: 4.101 Thread 0x000002444b8fe8d0 Exception <a 'java/lang/NoSuchMethodError'{0x00000000ebe1d8d8}: 'java.lang.Object java.lang.invoke.Invokers$Holder.invoke_MT(java.lang.Object, java.lang.Object, java.lang.Object, java.lang.Object, java.lang.Object, java.lang.Object, java.lang.Object, java.lang.Object, java.lang.Object, java.lang.Object)'> (0x00000000ebe1d8d8) 
thrown [s\src\hotspot\share\interpreter\linkResolver.cpp, line 759]
Event: 4.111 Thread 0x000002444b8fe8d0 Exception <a 'java/lang/NoSuchMethodError'{0x00000000ebe79d48}: 'java.lang.Object java.lang.invoke.DirectMethodHandle$Holder.invokeSpecial(java.lang.Object, java.lang.Object, java.lang.Object, java.lang.Object, java.lang.Object, java.lang.Object, java.lang.Object, java.lang.Object, java.lang.Object)'> (0x00000000ebe79d48) 
thrown [s\src\hotspot\share\interpreter\linkResolver.cpp, line 759]
Event: 4.111 Thread 0x000002444b8fe8d0 Exception <a 'java/lang/NoSuchMethodError'{0x00000000ebe7f660}: 'java.lang.Object java.lang.invoke.Invokers$Holder.invoke_MT(java.lang.Object, java.lang.Object, java.lang.Object, java.lang.Object, java.lang.Object, java.lang.Object, java.lang.Object, java.lang.Object, java.lang.Object)'> (0x00000000ebe7f660) 
thrown [s\src\hotspot\share\interpreter\linkResolver.cpp, line 759]
Event: 4.124 Thread 0x000002444b8fe8d0 Exception <a 'java/lang/NoSuchMethodError'{0x00000000ebf0a460}: 'java.lang.Object java.lang.invoke.DirectMethodHandle$Holder.newInvokeSpecial(java.lang.Object, java.lang.Object, java.lang.Object, java.lang.Object, java.lang.Object, java.lang.Object, java.lang.Object)'> (0x00000000ebf0a460) 
thrown [s\src\hotspot\share\interpreter\linkResolver.cpp, line 759]
Event: 4.134 Thread 0x000002444b8fe8d0 Exception <a 'java/lang/NoSuchMethodError'{0x00000000ebf5ed40}: 'java.lang.Object java.lang.invoke.DirectMethodHandle$Holder.invokeSpecial(java.lang.Object, java.lang.Object, java.lang.Object, java.lang.Object, java.lang.Object, java.lang.Object, java.lang.Object, java.lang.Object, java.lang.Object, java.lang.Object, java.lang.Object, java.lang.Object, java.lang.Object)'> (0x00000000ebf5ed40) 
thrown [s\src\hotspot\share\interpreter\linkResolver.cpp, line 759]
Event: 4.134 Thread 0x000002444b8fe8d0 Exception <a 'java/lang/NoSuchMethodError'{0x00000000ebf64870}: 'java.lang.Object java.lang.invoke.Invokers$Holder.invoker(java.lang.Object, java.lang.Object, java.lang.Object, java.lang.Object, java.lang.Object, java.lang.Object, java.lang.Object, java.lang.Object, java.lang.Object, java.lang.Object, java.lang.Object, java.lang.Object, java.lang.Object)'> (0x00000000ebf64870) 
thrown [s\src\hotspot\share\interpreter\linkResolver.cpp, line 759]
Event: 4.134 Thread 0x000002444b8fe8d0 Exception <a 'java/lang/NoSuchMethodError'{0x00000000ebf6b570}: 'java.lang.Object java.lang.invoke.DirectMethodHandle$Holder.invokeSpecial(java.lang.Object, java.lang.Object, java.lang.Object, java.lang.Object, java.lang.Object, java.lang.Object, java.lang.Object, java.lang.Object, java.lang.Object, java.lang.Object, java.lang.Object, java.lang.Object, java.lang.Object, java.lang.Object)'> (0x00000000ebf6b570) 
thrown [s\src\hotspot\share\interpreter\linkResolver.cpp, line 759]
Event: 4.140 Thread 0x000002444b8fe8d0 Exception <a 'java/lang/NoSuchMethodError'{0x00000000ebfc34a0}: static Lorg/eclipse/m2e/core/internal/lifecyclemapping/model/PluginExecutionMetadata;.<clinit>()V> (0x00000000ebfc34a0) 
thrown [s\src\hotspot\share\prims\jni.cpp, line 1107]
Event: 4.146 Thread 0x000002444b8fe8d0 Exception <a 'java/lang/NoSuchMethodError'{0x00000000ec015408}: static Lorg/eclipse/m2e/core/internal/lifecyclemapping/model/PluginExecutionFilter;.<clinit>()V> (0x00000000ec015408) 
thrown [s\src\hotspot\share\prims\jni.cpp, line 1107]
Event: 4.336 Thread 0x000002444b8fe8d0 Exception <a 'java/io/FileNotFoundException'{0x00000000eba37fb8}> (0x00000000eba37fb8) 
thrown [s\src\hotspot\share\prims\jni.cpp, line 516]
Event: 4.336 Thread 0x000002444b8fe8d0 Exception <a 'java/io/FileNotFoundException'{0x00000000eba38de0}> (0x00000000eba38de0) 
thrown [s\src\hotspot\share\prims\jni.cpp, line 516]
Event: 4.663 Thread 0x000002444b8fe8d0 Exception <a 'java/lang/ClassNotFoundException'{0x00000000ec2a0798}: com/sun/org/apache/xerces/internal/impl/msg/spi/DOMMessagesProvider> (0x00000000ec2a0798) 
thrown [s\src\hotspot\share\classfile\systemDictionary.cpp, line 256]
Event: 4.666 Thread 0x000002444b8fe8d0 Exception <a 'java/lang/ClassNotFoundException'{0x00000000ec2c8b88}: com/sun/org/apache/xerces/internal/impl/msg/spi/XMLSerializerMessagesProvider> (0x00000000ec2c8b88) 
thrown [s\src\hotspot\share\classfile\systemDictionary.cpp, line 256]
Event: 4.666 Thread 0x000002444b8fe8d0 Exception <a 'java/lang/ClassNotFoundException'{0x00000000ec2d5e60}: com/sun/org/apache/xerces/internal/impl/msg/spi/XMLMessagesProvider> (0x00000000ec2d5e60) 
thrown [s\src\hotspot\share\classfile\systemDictionary.cpp, line 256]

VM Operations (20 events):
Event: 3.592 Executing VM operation: HandshakeAllThreads
Event: 3.592 Executing VM operation: HandshakeAllThreads done
Event: 3.775 Executing VM operation: HandshakeAllThreads
Event: 3.775 Executing VM operation: HandshakeAllThreads done
Event: 3.937 Executing VM operation: HandshakeAllThreads
Event: 3.937 Executing VM operation: HandshakeAllThreads done
Event: 3.937 Executing VM operation: HandshakeAllThreads
Event: 3.937 Executing VM operation: HandshakeAllThreads done
Event: 4.051 Executing VM operation: HandshakeAllThreads
Event: 4.051 Executing VM operation: HandshakeAllThreads done
Event: 4.203 Executing VM operation: ParallelGCFailedAllocation
Event: 4.205 Executing VM operation: ParallelGCFailedAllocation done
Event: 4.453 Executing VM operation: ParallelGCFailedAllocation
Event: 4.455 Executing VM operation: ParallelGCFailedAllocation done
Event: 4.603 Executing VM operation: HandshakeAllThreads
Event: 4.603 Executing VM operation: HandshakeAllThreads done
Event: 4.643 Executing VM operation: HandshakeAllThreads
Event: 4.643 Executing VM operation: HandshakeAllThreads done
Event: 4.667 Executing VM operation: ParallelGCFailedAllocation
Event: 4.670 Executing VM operation: ParallelGCFailedAllocation done

Events (20 events):
Event: 4.666 loading class com/sun/org/apache/xerces/internal/impl/msg/XMLSerializerMessages_en
Event: 4.666 loading class com/sun/org/apache/xerces/internal/impl/msg/XMLSerializerMessages_en done
Event: 4.666 loading class com/sun/org/apache/xerces/internal/impl/msg/XMLSerializerMessages_en
Event: 4.666 loading class com/sun/org/apache/xerces/internal/impl/msg/XMLSerializerMessages_en done
Event: 4.666 loading class com/sun/org/apache/xerces/internal/impl/msg/XMLSerializerMessages_en_US
Event: 4.666 loading class com/sun/org/apache/xerces/internal/impl/msg/XMLSerializerMessages_en_US done
Event: 4.666 loading class com/sun/org/apache/xerces/internal/impl/msg/XMLSerializerMessages_en_US
Event: 4.666 loading class com/sun/org/apache/xerces/internal/impl/msg/XMLSerializerMessages_en_US done
Event: 4.666 loading class com/sun/org/apache/xerces/internal/impl/msg/XMLMessages
Event: 4.666 loading class com/sun/org/apache/xerces/internal/impl/msg/XMLMessages done
Event: 4.666 loading class com/sun/org/apache/xerces/internal/impl/msg/XMLMessages
Event: 4.666 loading class com/sun/org/apache/xerces/internal/impl/msg/XMLMessages done
Event: 4.673 loading class com/sun/org/apache/xerces/internal/impl/msg/XMLMessages_en
Event: 4.673 loading class com/sun/org/apache/xerces/internal/impl/msg/XMLMessages_en done
Event: 4.673 loading class com/sun/org/apache/xerces/internal/impl/msg/XMLMessages_en
Event: 4.673 loading class com/sun/org/apache/xerces/internal/impl/msg/XMLMessages_en done
Event: 4.673 loading class com/sun/org/apache/xerces/internal/impl/msg/XMLMessages_en_US
Event: 4.673 loading class com/sun/org/apache/xerces/internal/impl/msg/XMLMessages_en_US done
Event: 4.673 loading class com/sun/org/apache/xerces/internal/impl/msg/XMLMessages_en_US
Event: 4.673 loading class com/sun/org/apache/xerces/internal/impl/msg/XMLMessages_en_US done


Dynamic libraries:
0x00007ff62a550000 - 0x00007ff62a55e000 	c:\Users\Nargol\.vscode\extensions\redhat.java-1.10.0-win32-x64\jre\17.0.4-win32-x86_64\bin\java.exe
0x00007ffa5d050000 - 0x00007ffa5d248000 	C:\WINDOWS\SYSTEM32\ntdll.dll
0x00007ffa5c540000 - 0x00007ffa5c5fd000 	C:\WINDOWS\System32\KERNEL32.DLL
0x00007ffa5a870000 - 0x00007ffa5ab3e000 	C:\WINDOWS\System32\KERNELBASE.dll
0x00007ffa5ae70000 - 0x00007ffa5af70000 	C:\WINDOWS\System32\ucrtbase.dll
0x00007ffa54f60000 - 0x00007ffa54f78000 	c:\Users\Nargol\.vscode\extensions\redhat.java-1.10.0-win32-x64\jre\17.0.4-win32-x86_64\bin\jli.dll
0x00007ffa5b900000 - 0x00007ffa5baa0000 	C:\WINDOWS\System32\USER32.dll
0x00007ffa5ab90000 - 0x00007ffa5abb2000 	C:\WINDOWS\System32\win32u.dll
0x00007ffa5bac0000 - 0x00007ffa5baea000 	C:\WINDOWS\System32\GDI32.dll
0x00007ffa5afa0000 - 0x00007ffa5b0ab000 	C:\WINDOWS\System32\gdi32full.dll
0x00007ffa5abc0000 - 0x00007ffa5ac5d000 	C:\WINDOWS\System32\msvcp_win.dll
0x00007ffa53fa0000 - 0x00007ffa53fb9000 	c:\Users\Nargol\.vscode\extensions\redhat.java-1.10.0-win32-x64\jre\17.0.4-win32-x86_64\bin\VCRUNTIME140.dll
0x00007ffa4b660000 - 0x00007ffa4b8fa000 	C:\WINDOWS\WinSxS\amd64_microsoft.windows.common-controls_6595b64144ccf1df_6.0.19041.1110_none_60b5254171f9507e\COMCTL32.dll
0x00007ffa5cec0000 - 0x00007ffa5cf5e000 	C:\WINDOWS\System32\msvcrt.dll
0x00007ffa5b0b0000 - 0x00007ffa5b0e0000 	C:\WINDOWS\System32\IMM32.DLL
0x00007ffa53eb0000 - 0x00007ffa53ebc000 	c:\Users\Nargol\.vscode\extensions\redhat.java-1.10.0-win32-x64\jre\17.0.4-win32-x86_64\bin\vcruntime140_1.dll
0x00007ffa33ce0000 - 0x00007ffa33d71000 	c:\Users\Nargol\.vscode\extensions\redhat.java-1.10.0-win32-x64\jre\17.0.4-win32-x86_64\bin\msvcp140.dll
0x00007ffa246f0000 - 0x00007ffa25336000 	c:\Users\Nargol\.vscode\extensions\redhat.java-1.10.0-win32-x64\jre\17.0.4-win32-x86_64\bin\server\jvm.dll
0x00007ffa5c660000 - 0x00007ffa5c70e000 	C:\WINDOWS\System32\ADVAPI32.dll
0x00007ffa5bfb0000 - 0x00007ffa5c04c000 	C:\WINDOWS\System32\sechost.dll
0x00007ffa5c870000 - 0x00007ffa5c995000 	C:\WINDOWS\System32\RPCRT4.dll
0x00007ffa5b140000 - 0x00007ffa5b148000 	C:\WINDOWS\System32\PSAPI.DLL
0x00007ffa52da0000 - 0x00007ffa52da9000 	C:\WINDOWS\SYSTEM32\WSOCK32.dll
0x00007ffa57ee0000 - 0x00007ffa57f07000 	C:\WINDOWS\SYSTEM32\WINMM.dll
0x00007ffa5c4d0000 - 0x00007ffa5c53b000 	C:\WINDOWS\System32\WS2_32.dll
0x00007ffa501d0000 - 0x00007ffa501da000 	C:\WINDOWS\SYSTEM32\VERSION.dll
0x00007ffa58630000 - 0x00007ffa58642000 	C:\WINDOWS\SYSTEM32\kernel.appcore.dll
0x00007ffa53e60000 - 0x00007ffa53e6a000 	c:\Users\Nargol\.vscode\extensions\redhat.java-1.10.0-win32-x64\jre\17.0.4-win32-x86_64\bin\jimage.dll
0x00007ffa443c0000 - 0x00007ffa445a4000 	C:\WINDOWS\SYSTEM32\DBGHELP.DLL
0x00007ffa44390000 - 0x00007ffa443bc000 	C:\WINDOWS\SYSTEM32\dbgcore.DLL
0x00007ffa5a770000 - 0x00007ffa5a7f2000 	C:\WINDOWS\System32\bcryptPrimitives.dll
0x00007ffa534f0000 - 0x00007ffa534fe000 	c:\Users\Nargol\.vscode\extensions\redhat.java-1.10.0-win32-x64\jre\17.0.4-win32-x86_64\bin\instrument.dll
0x00007ffa53510000 - 0x00007ffa53535000 	c:\Users\Nargol\.vscode\extensions\redhat.java-1.10.0-win32-x64\jre\17.0.4-win32-x86_64\bin\java.dll
0x00007ffa53e40000 - 0x00007ffa53e58000 	c:\Users\Nargol\.vscode\extensions\redhat.java-1.10.0-win32-x64\jre\17.0.4-win32-x86_64\bin\zip.dll
0x00007ffa5b1b0000 - 0x00007ffa5b8f4000 	C:\WINDOWS\System32\SHELL32.dll
0x00007ffa58830000 - 0x00007ffa58fc4000 	C:\WINDOWS\SYSTEM32\windows.storage.dll
0x00007ffa5cb60000 - 0x00007ffa5ceb4000 	C:\WINDOWS\System32\combase.dll
0x00007ffa5a020000 - 0x00007ffa5a050000 	C:\WINDOWS\SYSTEM32\Wldp.dll
0x00007ffa5bf00000 - 0x00007ffa5bfad000 	C:\WINDOWS\System32\SHCORE.dll
0x00007ffa5bb80000 - 0x00007ffa5bbd5000 	C:\WINDOWS\System32\shlwapi.dll
0x00007ffa5a6b0000 - 0x00007ffa5a6cf000 	C:\WINDOWS\SYSTEM32\profapi.dll
0x00007ffa52f80000 - 0x00007ffa52f99000 	C:\Users\Nargol\.vscode\extensions\redhat.java-1.10.0-win32-x64\jre\17.0.4-win32-x86_64\bin\net.dll
0x00007ffa51930000 - 0x00007ffa51a3a000 	C:\WINDOWS\SYSTEM32\WINHTTP.dll
0x00007ffa59e00000 - 0x00007ffa59e6a000 	C:\WINDOWS\system32\mswsock.dll
0x00007ffa52f60000 - 0x00007ffa52f75000 	C:\Users\Nargol\.vscode\extensions\redhat.java-1.10.0-win32-x64\jre\17.0.4-win32-x86_64\bin\nio.dll
0x00007ffa52f50000 - 0x00007ffa52f60000 	c:\Users\Nargol\.vscode\extensions\redhat.java-1.10.0-win32-x64\jre\17.0.4-win32-x86_64\bin\verify.dll
0x00007ffa4dc00000 - 0x00007ffa4dc3e000 	C:\Users\Nargol\AppData\Roaming\Code\User\globalStorage\redhat.java\1.10.0\config_win\org.eclipse.equinox.launcher\org.eclipse.equinox.launcher.win32.win32.x86_64_1.2.500.v20220509-0833\eclipse_11700.dll
0x00007ffa5bdd0000 - 0x00007ffa5befa000 	C:\WINDOWS\System32\ole32.dll

dbghelp: loaded successfully - version: 4.0.5 - missing functions: none
symbol engine: initialized successfully - sym options: 0x614 - pdb path: .;c:\Users\Nargol\.vscode\extensions\redhat.java-1.10.0-win32-x64\jre\17.0.4-win32-x86_64\bin;C:\WINDOWS\SYSTEM32;C:\WINDOWS\WinSxS\amd64_microsoft.windows.common-controls_6595b64144ccf1df_6.0.19041.1110_none_60b5254171f9507e;c:\Users\Nargol\.vscode\extensions\redhat.java-1.10.0-win32-x64\jre\17.0.4-win32-x86_64\bin\server;C:\Users\Nargol\AppData\Roaming\Code\User\globalStorage\redhat.java\1.10.0\config_win\org.eclipse.equinox.launcher\org.eclipse.equinox.launcher.win32.win32.x86_64_1.2.500.v20220509-0833

VM Arguments:
jvm_args: --add-modules=ALL-SYSTEM --add-opens=java.base/java.util=ALL-UNNAMED --add-opens=java.base/java.lang=ALL-UNNAMED --add-opens=java.base/sun.nio.fs=ALL-UNNAMED -Declipse.application=org.eclipse.jdt.ls.core.id1 -Dosgi.bundles.defaultStartLevel=4 -Declipse.product=org.eclipse.jdt.ls.core.product -Djava.import.generatesMetadataFilesAtProjectRoot=false -Dfile.encoding=utf8 -DwatchParentProcess=false -Xlog:jni+resolve=off -XX:+UseParallelGC -XX:GCTimeRatio=4 -XX:AdaptiveSizePolicyWeight=90 -Dsun.zip.disableMemoryMapping=true -Xmx1G -Xms100m -javaagent:c:\Users\Nargol\.vscode\extensions\redhat.java-1.10.0-win32-x64\lombok\lombok-1.18.24.jar -XX:+HeapDumpOnOutOfMemoryError -XX:HeapDumpPath=c:\Users\Nargol\AppData\Roaming\Code\User\workspaceStorage\45846c7739866774b57027b74214147e\redhat.java 
java_command: c:\Users\Nargol\.vscode\extensions\redhat.java-1.10.0-win32-x64\server\plugins\org.eclipse.equinox.launcher_1.6.400.v20210924-0641.jar -configuration c:\Users\Nargol\AppData\Roaming\Code\User\globalStorage\redhat.java\1.10.0\config_win -data c:\Users\Nargol\AppData\Roaming\Code\User\workspaceStorage\45846c7739866774b57027b74214147e\redhat.java\jdt_ws
java_class_path (initial): c:\Users\Nargol\.vscode\extensions\redhat.java-1.10.0-win32-x64\server\plugins\org.eclipse.equinox.launcher_1.6.400.v20210924-0641.jar
Launcher Type: SUN_STANDARD

[Global flags]
    uintx AdaptiveSizePolicyWeight                 = 90                                        {product} {command line}
     intx CICompilerCount                          = 4                                         {product} {ergonomic}
    uintx GCTimeRatio                              = 4                                         {product} {command line}
     bool HeapDumpOnOutOfMemoryError               = true                                   {manageable} {command line}
    ccstr HeapDumpPath                             = c:\Users\Nargol\AppData\Roaming\Code\User\workspaceStorage\45846c7739866774b57027b74214147e\redhat.java         {manageable} {command line}
   size_t InitialHeapSize                          = 104857600                                 {product} {command line}
   size_t MaxHeapSize                              = 1073741824                                {product} {command line}
   size_t MaxNewSize                               = 357564416                                 {product} {ergonomic}
   size_t MinHeapDeltaBytes                        = 524288                                    {product} {ergonomic}
   size_t MinHeapSize                              = 104857600                                 {product} {command line}
   size_t NewSize                                  = 34603008                                  {product} {ergonomic}
    uintx NonNMethodCodeHeapSize                   = 5839372                                {pd product} {ergonomic}
    uintx NonProfiledCodeHeapSize                  = 122909434                              {pd product} {ergonomic}
   size_t OldSize                                  = 70254592                                  {product} {ergonomic}
    uintx ProfiledCodeHeapSize                     = 122909434                              {pd product} {ergonomic}
    uintx ReservedCodeCacheSize                    = 251658240                              {pd product} {ergonomic}
     bool SegmentedCodeCache                       = true                                      {product} {ergonomic}
   size_t SoftMaxHeapSize                          = 1073741824                             {manageable} {ergonomic}
     bool UseCompressedClassPointers               = true                           {product lp64_product} {ergonomic}
     bool UseCompressedOops                        = true                           {product lp64_product} {ergonomic}
     bool UseLargePagesIndividualAllocation        = false                                  {pd product} {ergonomic}
     bool UseParallelGC                            = true                                      {product} {command line}

Logging:
Log output configuration:
 #0: stdout all=warning,jni+resolve=off uptime,level,tags
 #1: stderr all=off uptime,level,tags

Environment Variables:
JAVA_HOME=C:\Program Files\Java\jdk-11.0.8
PATH=C:\Program Files\Common Files\Oracle\Java\javapath;C:\apache-maven-3.8.6\bin;C:\WINDOWS\system32;C:\WINDOWS;C:\WINDOWS\System32\Wbem;C:\WINDOWS\System32\WindowsPowerShell\v1.0\;C:\Program Files (x86)\Git\cmd;C:\Program Files\PuTTY\;C:\WINDOWS\System32\OpenSSH\;C:\Program Files\Docker\Docker\resources\bin;C:\ProgramData\DockerDesktop\version-bin;C:\Program Files\nodejs\;C:\Program Files\Java\jdk-11.0.8;C:\Users\Nargol\AppData\Local\Microsoft\WindowsApps;C:\apache-maven-3.8.6\bin;C:\Users\Nargol\AppData\Local\Programs\Microsoft VS Code\bin;C:\Users\Nargol\AppData\Roaming\npm;
USERNAME=Nargol
OS=Windows_NT
PROCESSOR_IDENTIFIER=Intel64 Family 6 Model 42 Stepping 7, GenuineIntel
TMP=C:\Users\Nargol\AppData\Local\Temp
TEMP=C:\Users\Nargol\AppData\Local\Temp



---------------  S Y S T E M  ---------------

OS:
 Windows 10 , 64 bit Build 19041 (10.0.19041.1889)
OS uptime: 9 days 21:50 hours
Hyper-V role detected

CPU: total 8 (initial active 8) (4 cores per cpu, 2 threads per core) family 6 model 42 stepping 7 microcode 0x2f, cx8, cmov, fxsr, ht, mmx, sse, sse2, sse3, ssse3, sse4.1, sse4.2, popcnt, tsc, tscinvbit, avx, aes, clmul, vzeroupper, clflush, hv

Memory: 4k page, system-wide physical 16291M (185M free)
TotalPageFile size 35028M (AvailPageFile size 5M)
current process WorkingSet (physical memory assigned to process): 133M, peak: 134M
current process commit charge ("private bytes"): 236M, peak: 237M

vm_info: OpenJDK 64-Bit Server VM (17.0.4+8) for windows-amd64 JRE (17.0.4+8), built on Jul 19 2022 16:05:16 by "temurin" with MS VC++ 16.7 (VS2019)

END.
