#
# There is insufficient memory for the Java Runtime Environment to continue.
# Native memory allocation (malloc) failed to allocate 1662688 bytes for Chunk::new
# Possible reasons:
#   The system is out of physical RAM or swap space
#   The process is running with CompressedOops enabled, and the Java Heap may be blocking the growth of the native heap
# Possible solutions:
#   Reduce memory load on the system
#   Increase physical memory or swap space
#   Check if swap backing store is full
#   Decrease Java heap size (-Xmx/-Xms)
#   Decrease number of Java threads
#   Decrease Java thread stack sizes (-Xss)
#   Set larger code cache with -XX:ReservedCodeCacheSize=
#   JVM is running with Unscaled Compressed Oops mode in which the Java heap is
#     placed in the first 4GB address space. The Java Heap base address is the
#     maximum limit for the native heap growth. Please use -XX:HeapBaseMinAddress
#     to set the Java Heap base and to place the Java Heap above 4GB virtual address.
# This output file may be truncated or incomplete.
#
#  Out of Memory Error (arena.cpp:189), pid=222656, tid=227720
#
# JRE version: OpenJDK Runtime Environment Temurin-17.0.4+8 (17.0.4+8) (build 17.0.4+8)
# Java VM: OpenJDK 64-Bit Server VM Temurin-17.0.4+8 (17.0.4+8, mixed mode, tiered, compressed oops, compressed class ptrs, parallel gc, windows-amd64)
# No core dump will be written. Minidumps are not enabled by default on client versions of Windows
#

---------------  S U M M A R Y ------------

Command Line: --add-modules=ALL-SYSTEM --add-opens=java.base/java.util=ALL-UNNAMED --add-opens=java.base/java.lang=ALL-UNNAMED --add-opens=java.base/sun.nio.fs=ALL-UNNAMED -Declipse.application=org.eclipse.jdt.ls.core.id1 -Dosgi.bundles.defaultStartLevel=4 -Declipse.product=org.eclipse.jdt.ls.core.product -Djava.import.generatesMetadataFilesAtProjectRoot=false -Dfile.encoding=utf8 -DwatchParentProcess=false -Xlog:jni+resolve=off -XX:+UseParallelGC -XX:GCTimeRatio=4 -XX:AdaptiveSizePolicyWeight=90 -Dsun.zip.disableMemoryMapping=true -Xmx1G -Xms100m -javaagent:c:\Users\Nargol\.vscode\extensions\redhat.java-1.10.0-win32-x64\lombok\lombok-1.18.24.jar -XX:+HeapDumpOnOutOfMemoryError -XX:HeapDumpPath=c:\Users\Nargol\AppData\Roaming\Code\User\workspaceStorage\45846c7739866774b57027b74214147e\redhat.java c:\Users\Nargol\.vscode\extensions\redhat.java-1.10.0-win32-x64\server\plugins\org.eclipse.equinox.launcher_1.6.400.v20210924-0641.jar -configuration c:\Users\Nargol\AppData\Roaming\Code\User\globalStorage\redhat.java\1.10.0\config_win -data c:\Users\Nargol\AppData\Roaming\Code\User\workspaceStorage\45846c7739866774b57027b74214147e\redhat.java\jdt_ws

Host: Intel(R) Core(TM) i7-2630QM CPU @ 2.00GHz, 8 cores, 15G,  Windows 10 , 64 bit Build 19041 (10.0.19041.1889)
Time: Sun Sep 11 21:31:26 2022 W. Europe Daylight Time elapsed time: 6.792841 seconds (0d 0h 0m 6s)

---------------  T H R E A D  ---------------

Current thread (0x00000222f693c050):  JavaThread "C2 CompilerThread0" daemon [_thread_in_native, id=227720, stack(0x0000005fab000000,0x0000005fab100000)]


Current CompileTask:
C2:   6793 3296       4       org.objectweb.asm.ClassReader::readMethod (1066 bytes)

Stack: [0x0000005fab000000,0x0000005fab100000]
Native frames: (J=compiled Java code, j=interpreted, Vv=VM code, C=native code)
V  [jvm.dll+0x67733a]
V  [jvm.dll+0x8323c4]
V  [jvm.dll+0x833b6e]
V  [jvm.dll+0x8341d3]
V  [jvm.dll+0x2455e5]
V  [jvm.dll+0xabd7b]
V  [jvm.dll+0xac30c]
V  [jvm.dll+0x363a77]
V  [jvm.dll+0x32de81]
V  [jvm.dll+0x32d32a]
V  [jvm.dll+0x2184d1]
V  [jvm.dll+0x2178f1]
V  [jvm.dll+0x1a3f8d]
V  [jvm.dll+0x227308]
V  [jvm.dll+0x225455]
V  [jvm.dll+0x7e7eeb]
V  [jvm.dll+0x7e245a]
V  [jvm.dll+0x6761c5]
C  [ucrtbase.dll+0x21bb2]
C  [KERNEL32.DLL+0x17034]
C  [ntdll.dll+0x52651]


---------------  P R O C E S S  ---------------

Threads class SMR info:
_java_thread_list=0x00000222f74d9d20, length=24, elements={
0x00000222de5e4bd0, 0x00000222f43c7b70, 0x00000222f43c9310, 0x00000222f6935260,
0x00000222f6937df0, 0x00000222f6938970, 0x00000222f693b3b0, 0x00000222f693c050,
0x00000222f693ea10, 0x00000222f693f310, 0x00000222f6a44fd0, 0x00000222f6c83190,
0x00000222f728c820, 0x00000222f728b880, 0x00000222f728bd50, 0x00000222f744da40,
0x00000222f73c5b80, 0x00000222f8703f50, 0x00000222f851c1a0, 0x00000222f88a9010,
0x00000222f88a8b40, 0x00000222f88a94e0, 0x00000222f88ab1c0, 0x00000222f88ac030
}

Java Threads: ( => current thread )
  0x00000222de5e4bd0 JavaThread "main" [_thread_blocked, id=225676, stack(0x0000005faa700000,0x0000005faa800000)]
  0x00000222f43c7b70 JavaThread "Reference Handler" daemon [_thread_blocked, id=228212, stack(0x0000005faaa00000,0x0000005faab00000)]
  0x00000222f43c9310 JavaThread "Finalizer" daemon [_thread_blocked, id=226580, stack(0x0000005faab00000,0x0000005faac00000)]
  0x00000222f6935260 JavaThread "Signal Dispatcher" daemon [_thread_blocked, id=225696, stack(0x0000005faac00000,0x0000005faad00000)]
  0x00000222f6937df0 JavaThread "Attach Listener" daemon [_thread_blocked, id=226040, stack(0x0000005faad00000,0x0000005faae00000)]
  0x00000222f6938970 JavaThread "Service Thread" daemon [_thread_blocked, id=227548, stack(0x0000005faae00000,0x0000005faaf00000)]
  0x00000222f693b3b0 JavaThread "Monitor Deflation Thread" daemon [_thread_blocked, id=173820, stack(0x0000005faaf00000,0x0000005fab000000)]
=>0x00000222f693c050 JavaThread "C2 CompilerThread0" daemon [_thread_in_native, id=227720, stack(0x0000005fab000000,0x0000005fab100000)]
  0x00000222f693ea10 JavaThread "C1 CompilerThread0" daemon [_thread_in_native, id=226036, stack(0x0000005fab100000,0x0000005fab200000)]
  0x00000222f693f310 JavaThread "Sweeper thread" daemon [_thread_blocked, id=227800, stack(0x0000005fab200000,0x0000005fab300000)]
  0x00000222f6a44fd0 JavaThread "Common-Cleaner" daemon [_thread_blocked, id=227500, stack(0x0000005fab300000,0x0000005fab400000)]
  0x00000222f6c83190 JavaThread "Notification Thread" daemon [_thread_blocked, id=97032, stack(0x0000005fab400000,0x0000005fab500000)]
  0x00000222f728c820 JavaThread "Active Thread: Equinox Container: 4283f681-a823-4089-a83e-2727d5ddfb49" [_thread_blocked, id=227296, stack(0x0000005fabb00000,0x0000005fabc00000)]
  0x00000222f728b880 JavaThread "Framework Event Dispatcher: Equinox Container: 4283f681-a823-4089-a83e-2727d5ddfb49" daemon [_thread_blocked, id=225736, stack(0x0000005fabc00000,0x0000005fabd00000)]
  0x00000222f728bd50 JavaThread "Start Level: Equinox Container: 4283f681-a823-4089-a83e-2727d5ddfb49" daemon [_thread_in_native, id=225620, stack(0x0000005fabd00000,0x0000005fabe00000)]
  0x00000222f744da40 JavaThread "SCR Component Actor" daemon [_thread_blocked, id=209696, stack(0x0000005fabe00000,0x0000005fabf00000)]
  0x00000222f73c5b80 JavaThread "SCR Component Registry" daemon [_thread_blocked, id=226472, stack(0x0000005fac100000,0x0000005fac200000)]
  0x00000222f8703f50 JavaThread "Bundle File Closer" daemon [_thread_blocked, id=29512, stack(0x0000005fac200000,0x0000005fac300000)]
  0x00000222f851c1a0 JavaThread "Worker-JM" [_thread_blocked, id=1336, stack(0x0000005fac300000,0x0000005fac400000)]
  0x00000222f88a9010 JavaThread "Worker-0: Processing Java changes since last activation" [_thread_blocked, id=224828, stack(0x0000005fac400000,0x0000005fac500000)]
  0x00000222f88a8b40 JavaThread "Worker-1: Refreshing workspace" [_thread_in_native, id=225544, stack(0x0000005fac500000,0x0000005fac600000)]
  0x00000222f88a94e0 JavaThread "Worker-2: Repository registry initialization" [_thread_in_Java, id=224420, stack(0x0000005fac600000,0x0000005fac700000)]
  0x00000222f88ab1c0 JavaThread "Java indexing" daemon [_thread_new, id=227188, stack(0x0000000000000000,0x0000000000000000)]
  0x00000222f88ac030 JavaThread "Worker-3" [_thread_new, id=226988, stack(0x0000000000000000,0x0000000000000000)]

Other Threads:
  0x00000222f43c0ff0 VMThread "VM Thread" [stack: 0x0000005faa900000,0x0000005faaa00000] [id=225648]
  0x00000222f6c5dc70 WatcherThread [stack: 0x0000005fab500000,0x0000005fab600000] [id=84672]
  0x00000222de5fa2d0 GCTaskThread "GC Thread#0" [stack: 0x0000005faa800000,0x0000005faa900000] [id=225680]
  0x00000222f72b7de0 GCTaskThread "GC Thread#1" [stack: 0x0000005fab600000,0x0000005fab700000] [id=225756]
  0x00000222f72b7070 GCTaskThread "GC Thread#2" [stack: 0x0000005fab700000,0x0000005fab800000] [id=226772]
  0x00000222f72b8090 GCTaskThread "GC Thread#3" [stack: 0x0000005fab800000,0x0000005fab900000] [id=37276]
  0x00000222f72b8340 GCTaskThread "GC Thread#4" [stack: 0x0000005fab900000,0x0000005faba00000] [id=225224]
  0x00000222f72b88a0 GCTaskThread "GC Thread#5" [stack: 0x0000005faba00000,0x0000005fabb00000] [id=222332]
  0x00000222f72b7320 GCTaskThread "GC Thread#6" [stack: 0x0000005fabf00000,0x0000005fac000000] [id=210484]
  0x00000222f72b75d0 GCTaskThread "GC Thread#7" [stack: 0x0000005fac000000,0x0000005fac100000] [id=210160]

Threads with active compile tasks:
C2 CompilerThread0     6838 3296       4       org.objectweb.asm.ClassReader::readMethod (1066 bytes)

VM state: not at safepoint (normal execution)

VM Mutex/Monitor currently owned by a thread: None

Heap address: 0x00000000c0000000, size: 1024 MB, Compressed Oops mode: 32-bit

CDS archive(s) not mapped
Compressed class space mapped at: 0x0000000100000000-0x0000000140000000, reserved size: 1073741824
Narrow klass base: 0x0000000000000000, Narrow klass shift: 3, Narrow klass range: 0x140000000

GC Precious Log:
 CPUs: 8 total, 8 available
 Memory: 16291M
 Large Page Support: Disabled
 NUMA Support: Disabled
 Compressed Oops: Enabled (32-bit)
 Alignments: Space 512K, Generation 512K, Heap 2M
 Heap Min Capacity: 100M
 Heap Initial Capacity: 100M
 Heap Max Capacity: 1G
 Pre-touch: Disabled
 Parallel Workers: 8

Heap:
 PSYoungGen      total 26624K, used 9630K [0x00000000eab00000, 0x00000000eca00000, 0x0000000100000000)
  eden space 24064K, 29% used [0x00000000eab00000,0x00000000eb1f5588,0x00000000ec280000)
  from space 2560K, 98% used [0x00000000ec780000,0x00000000ec9f8e38,0x00000000eca00000)
  to   space 3072K, 0% used [0x00000000ec400000,0x00000000ec400000,0x00000000ec700000)
 ParOldGen       total 68608K, used 11814K [0x00000000c0000000, 0x00000000c4300000, 0x00000000eab00000)
  object space 68608K, 17% used [0x00000000c0000000,0x00000000c0b898b0,0x00000000c4300000)
 Metaspace       used 30935K, committed 31552K, reserved 1081344K
  class space    used 3056K, committed 3328K, reserved 1048576K

Card table byte_map: [0x00000222f1c40000,0x00000222f1e50000] _byte_map_base: 0x00000222f1640000

Marking Bits: (ParMarkBitMap*) 0x00007ffa25272cd0
 Begin Bits: [0x00000222f1fb0000, 0x00000222f2fb0000)
 End Bits:   [0x00000222f2fb0000, 0x00000222f3fb0000)

Polling page: 0x00000222de6c0000

Metaspace:

Usage:
  Non-class:     27.23 MB used.
      Class:      2.98 MB used.
       Both:     30.21 MB used.

Virtual space:
  Non-class space:       32.00 MB reserved,      27.56 MB ( 86%) committed,  4 nodes.
      Class space:        1.00 GB reserved,       3.25 MB ( <1%) committed,  1 nodes.
             Both:        1.03 GB reserved,      30.81 MB (  3%) committed. 

Chunk freelists:
   Non-Class:  356.00 KB
       Class:  648.00 KB
        Both:  1004.00 KB

MaxMetaspaceSize: unlimited
CompressedClassSpaceSize: 1.00 GB
Initial GC threshold: 21.00 MB
Current GC threshold: 35.00 MB
CDS: off
MetaspaceReclaimPolicy: balanced
 - commit_granule_bytes: 65536.
 - commit_granule_words: 8192.
 - virtual_space_node_default_size: 1048576.
 - enlarge_chunks_in_place: 1.
 - new_chunks_are_fully_committed: 0.
 - uncommit_free_chunks: 1.
 - use_allocation_guard: 0.
 - handle_deallocations: 1.


Internal statistics:

num_allocs_failed_limit: 3.
num_arena_births: 452.
num_arena_deaths: 14.
num_vsnodes_births: 5.
num_vsnodes_deaths: 0.
num_space_committed: 493.
num_space_uncommitted: 0.
num_chunks_returned_to_freelist: 17.
num_chunks_taken_from_freelist: 1368.
num_chunk_merges: 7.
num_chunk_splits: 894.
num_chunks_enlarged: 569.
num_purges: 2.
num_inconsistent_stats: 0.

CodeHeap 'non-profiled nmethods': size=120000Kb used=1338Kb max_used=1338Kb free=118661Kb
 bounds [0x00000222ea520000, 0x00000222ea790000, 0x00000222f1a50000]
CodeHeap 'profiled nmethods': size=120000Kb used=7042Kb max_used=7042Kb free=112957Kb
 bounds [0x00000222e2ff0000, 0x00000222e36e0000, 0x00000222ea520000]
CodeHeap 'non-nmethods': size=5760Kb used=1233Kb max_used=1244Kb free=4526Kb
 bounds [0x00000222e2a50000, 0x00000222e2cc0000, 0x00000222e2ff0000]
 total_blobs=3956 nmethods=3409 adapters=460
 compilation: enabled
              stopped_count=0, restarted_count=0
 full_count=0

Compilation events (20 events):
Event: 6.762 Thread 0x00000222f693ea10 3406       3       org.eclipse.core.internal.resources.Resource::exists (18 bytes)
Event: 6.763 Thread 0x00000222f693ea10 nmethod 3406 0x00000222e36c1210 code [0x00000222e36c13e0, 0x00000222e36c1938]
Event: 6.763 Thread 0x00000222f693ea10 3407       1       org.eclipse.jdt.internal.core.ClasspathEntry::isExported (5 bytes)
Event: 6.764 Thread 0x00000222f693ea10 nmethod 3407 0x00000222ea66d090 code [0x00000222ea66d220, 0x00000222ea66d2f8]
Event: 6.766 Thread 0x00000222f693ea10 3408       3       org.eclipse.core.runtime.Path::computeLength (98 bytes)
Event: 6.767 Thread 0x00000222f693ea10 nmethod 3408 0x00000222e36c1b10 code [0x00000222e36c1ce0, 0x00000222e36c2238]
Event: 6.768 Thread 0x00000222f693ea10 3409       3       org.eclipse.core.runtime.Path::isPrefixOf (115 bytes)
Event: 6.769 Thread 0x00000222f693ea10 nmethod 3409 0x00000222e36c2490 code [0x00000222e36c2700, 0x00000222e36c3238]
Event: 6.770 Thread 0x00000222f693ea10 3410       3       org.eclipse.core.runtime.Path::toFile (12 bytes)
Event: 6.770 Thread 0x00000222f693ea10 nmethod 3410 0x00000222e36c3610 code [0x00000222e36c37c0, 0x00000222e36c3998]
Event: 6.775 Thread 0x00000222f693ea10 3412       3       java.util.LinkedHashMap::get (29 bytes)
Event: 6.776 Thread 0x00000222f693ea10 nmethod 3412 0x00000222e36c3a90 code [0x00000222e36c3c40, 0x00000222e36c3ef8]
Event: 6.776 Thread 0x00000222f693ea10 3413   !   3       org.eclipse.osgi.internal.container.AtomicLazyInitializer::getInitialized (70 bytes)
Event: 6.776 Thread 0x00000222f693ea10 nmethod 3413 0x00000222e36c4010 code [0x00000222e36c4200, 0x00000222e36c4768]
Event: 6.779 Thread 0x00000222f693ea10 3414       3       org.eclipse.jdt.internal.core.JavaModelManager::getJavaModelManager (4 bytes)
Event: 6.779 Thread 0x00000222f693ea10 nmethod 3414 0x00000222e36c4a10 code [0x00000222e36c4ba0, 0x00000222e36c4c98]
Event: 6.781 Thread 0x00000222f693ea10 3415       3       java.lang.StringLatin1::compareToCI (108 bytes)
Event: 6.782 Thread 0x00000222f693ea10 nmethod 3415 0x00000222e36c4d10 code [0x00000222e36c4f60, 0x00000222e36c5838]
Event: 6.782 Thread 0x00000222f693ea10 3416       1       org.eclipse.jdt.internal.core.ClasspathEntry::getExtraAttributes (5 bytes)
Event: 6.782 Thread 0x00000222f693ea10 nmethod 3416 0x00000222ea66d390 code [0x00000222ea66d520, 0x00000222ea66d5f8]

GC Heap History (18 events):
Event: 1.782 GC heap before
{Heap before GC invocations=1 (full 0):
 PSYoungGen      total 29696K, used 25600K [0x00000000eab00000, 0x00000000ecc00000, 0x0000000100000000)
  eden space 25600K, 100% used [0x00000000eab00000,0x00000000ec400000,0x00000000ec400000)
  from space 4096K, 0% used [0x00000000ec800000,0x00000000ec800000,0x00000000ecc00000)
  to   space 4096K, 0% used [0x00000000ec400000,0x00000000ec400000,0x00000000ec800000)
 ParOldGen       total 68608K, used 0K [0x00000000c0000000, 0x00000000c4300000, 0x00000000eab00000)
  object space 68608K, 0% used [0x00000000c0000000,0x00000000c0000000,0x00000000c4300000)
 Metaspace       used 10756K, committed 10880K, reserved 1064960K
  class space    used 1081K, committed 1152K, reserved 1048576K
}
Event: 1.792 GC heap after
{Heap after GC invocations=1 (full 0):
 PSYoungGen      total 29696K, used 3294K [0x00000000eab00000, 0x00000000ecc00000, 0x0000000100000000)
  eden space 25600K, 0% used [0x00000000eab00000,0x00000000eab00000,0x00000000ec400000)
  from space 4096K, 80% used [0x00000000ec400000,0x00000000ec737aa0,0x00000000ec800000)
  to   space 4096K, 0% used [0x00000000ec800000,0x00000000ec800000,0x00000000ecc00000)
 ParOldGen       total 68608K, used 16K [0x00000000c0000000, 0x00000000c4300000, 0x00000000eab00000)
  object space 68608K, 0% used [0x00000000c0000000,0x00000000c0004000,0x00000000c4300000)
 Metaspace       used 10756K, committed 10880K, reserved 1064960K
  class space    used 1081K, committed 1152K, reserved 1048576K
}
Event: 3.441 GC heap before
{Heap before GC invocations=2 (full 0):
 PSYoungGen      total 29696K, used 28894K [0x00000000eab00000, 0x00000000ecc00000, 0x0000000100000000)
  eden space 25600K, 100% used [0x00000000eab00000,0x00000000ec400000,0x00000000ec400000)
  from space 4096K, 80% used [0x00000000ec400000,0x00000000ec737aa0,0x00000000ec800000)
  to   space 4096K, 0% used [0x00000000ec800000,0x00000000ec800000,0x00000000ecc00000)
 ParOldGen       total 68608K, used 16K [0x00000000c0000000, 0x00000000c4300000, 0x00000000eab00000)
  object space 68608K, 0% used [0x00000000c0000000,0x00000000c0004000,0x00000000c4300000)
 Metaspace       used 14704K, committed 15040K, reserved 1064960K
  class space    used 1495K, committed 1664K, reserved 1048576K
}
Event: 3.450 GC heap after
{Heap after GC invocations=2 (full 0):
 PSYoungGen      total 29696K, used 4071K [0x00000000eab00000, 0x00000000ecc00000, 0x0000000100000000)
  eden space 25600K, 0% used [0x00000000eab00000,0x00000000eab00000,0x00000000ec400000)
  from space 4096K, 99% used [0x00000000ec800000,0x00000000ecbf9e60,0x00000000ecc00000)
  to   space 4096K, 0% used [0x00000000ec400000,0x00000000ec400000,0x00000000ec800000)
 ParOldGen       total 68608K, used 1426K [0x00000000c0000000, 0x00000000c4300000, 0x00000000eab00000)
  object space 68608K, 2% used [0x00000000c0000000,0x00000000c0164b90,0x00000000c4300000)
 Metaspace       used 14704K, committed 15040K, reserved 1064960K
  class space    used 1495K, committed 1664K, reserved 1048576K
}
Event: 4.493 GC heap before
{Heap before GC invocations=3 (full 0):
 PSYoungGen      total 29696K, used 29671K [0x00000000eab00000, 0x00000000ecc00000, 0x0000000100000000)
  eden space 25600K, 100% used [0x00000000eab00000,0x00000000ec400000,0x00000000ec400000)
  from space 4096K, 99% used [0x00000000ec800000,0x00000000ecbf9e60,0x00000000ecc00000)
  to   space 4096K, 0% used [0x00000000ec400000,0x00000000ec400000,0x00000000ec800000)
 ParOldGen       total 68608K, used 1426K [0x00000000c0000000, 0x00000000c4300000, 0x00000000eab00000)
  object space 68608K, 2% used [0x00000000c0000000,0x00000000c0164b90,0x00000000c4300000)
 Metaspace       used 17856K, committed 18240K, reserved 1064960K
  class space    used 1797K, committed 1920K, reserved 1048576K
}
Event: 4.502 GC heap after
{Heap after GC invocations=3 (full 0):
 PSYoungGen      total 29696K, used 4076K [0x00000000eab00000, 0x00000000ecc00000, 0x0000000100000000)
  eden space 25600K, 0% used [0x00000000eab00000,0x00000000eab00000,0x00000000ec400000)
  from space 4096K, 99% used [0x00000000ec400000,0x00000000ec7fb188,0x00000000ec800000)
  to   space 4096K, 0% used [0x00000000ec800000,0x00000000ec800000,0x00000000ecc00000)
 ParOldGen       total 68608K, used 5428K [0x00000000c0000000, 0x00000000c4300000, 0x00000000eab00000)
  object space 68608K, 7% used [0x00000000c0000000,0x00000000c054d2c0,0x00000000c4300000)
 Metaspace       used 17856K, committed 18240K, reserved 1064960K
  class space    used 1797K, committed 1920K, reserved 1048576K
}
Event: 4.985 GC heap before
{Heap before GC invocations=4 (full 0):
 PSYoungGen      total 29696K, used 29676K [0x00000000eab00000, 0x00000000ecc00000, 0x0000000100000000)
  eden space 25600K, 100% used [0x00000000eab00000,0x00000000ec400000,0x00000000ec400000)
  from space 4096K, 99% used [0x00000000ec400000,0x00000000ec7fb188,0x00000000ec800000)
  to   space 4096K, 0% used [0x00000000ec800000,0x00000000ec800000,0x00000000ecc00000)
 ParOldGen       total 68608K, used 5428K [0x00000000c0000000, 0x00000000c4300000, 0x00000000eab00000)
  object space 68608K, 7% used [0x00000000c0000000,0x00000000c054d2c0,0x00000000c4300000)
 Metaspace       used 20470K, committed 20928K, reserved 1073152K
  class space    used 2054K, committed 2304K, reserved 1048576K
}
Event: 4.990 GC heap after
{Heap after GC invocations=4 (full 0):
 PSYoungGen      total 29696K, used 4092K [0x00000000eab00000, 0x00000000ecc00000, 0x0000000100000000)
  eden space 25600K, 0% used [0x00000000eab00000,0x00000000eab00000,0x00000000ec400000)
  from space 4096K, 99% used [0x00000000ec800000,0x00000000ecbff038,0x00000000ecc00000)
  to   space 4096K, 0% used [0x00000000ec400000,0x00000000ec400000,0x00000000ec800000)
 ParOldGen       total 68608K, used 7632K [0x00000000c0000000, 0x00000000c4300000, 0x00000000eab00000)
  object space 68608K, 11% used [0x00000000c0000000,0x00000000c0774370,0x00000000c4300000)
 Metaspace       used 20470K, committed 20928K, reserved 1073152K
  class space    used 2054K, committed 2304K, reserved 1048576K
}
Event: 5.098 GC heap before
{Heap before GC invocations=5 (full 0):
 PSYoungGen      total 29696K, used 10564K [0x00000000eab00000, 0x00000000ecc00000, 0x0000000100000000)
  eden space 25600K, 25% used [0x00000000eab00000,0x00000000eb152060,0x00000000ec400000)
  from space 4096K, 99% used [0x00000000ec800000,0x00000000ecbff038,0x00000000ecc00000)
  to   space 4096K, 0% used [0x00000000ec400000,0x00000000ec400000,0x00000000ec800000)
 ParOldGen       total 68608K, used 7632K [0x00000000c0000000, 0x00000000c4300000, 0x00000000eab00000)
  object space 68608K, 11% used [0x00000000c0000000,0x00000000c0774370,0x00000000c4300000)
 Metaspace       used 21121K, committed 21504K, reserved 1073152K
  class space    used 2120K, committed 2368K, reserved 1048576K
}
Event: 5.101 GC heap after
{Heap after GC invocations=5 (full 0):
 PSYoungGen      total 29696K, used 4076K [0x00000000eab00000, 0x00000000ecf00000, 0x0000000100000000)
  eden space 25600K, 0% used [0x00000000eab00000,0x00000000eab00000,0x00000000ec400000)
  from space 4096K, 99% used [0x00000000ec400000,0x00000000ec7fb110,0x00000000ec800000)
  to   space 5632K, 0% used [0x00000000ec980000,0x00000000ec980000,0x00000000ecf00000)
 ParOldGen       total 68608K, used 7968K [0x00000000c0000000, 0x00000000c4300000, 0x00000000eab00000)
  object space 68608K, 11% used [0x00000000c0000000,0x00000000c07c8370,0x00000000c4300000)
 Metaspace       used 21121K, committed 21504K, reserved 1073152K
  class space    used 2120K, committed 2368K, reserved 1048576K
}
Event: 5.101 GC heap before
{Heap before GC invocations=6 (full 1):
 PSYoungGen      total 29696K, used 4076K [0x00000000eab00000, 0x00000000ecf00000, 0x0000000100000000)
  eden space 25600K, 0% used [0x00000000eab00000,0x00000000eab00000,0x00000000ec400000)
  from space 4096K, 99% used [0x00000000ec400000,0x00000000ec7fb110,0x00000000ec800000)
  to   space 5632K, 0% used [0x00000000ec980000,0x00000000ec980000,0x00000000ecf00000)
 ParOldGen       total 68608K, used 7968K [0x00000000c0000000, 0x00000000c4300000, 0x00000000eab00000)
  object space 68608K, 11% used [0x00000000c0000000,0x00000000c07c8370,0x00000000c4300000)
 Metaspace       used 21121K, committed 21504K, reserved 1073152K
  class space    used 2120K, committed 2368K, reserved 1048576K
}
Event: 5.137 GC heap after
{Heap after GC invocations=6 (full 1):
 PSYoungGen      total 29696K, used 0K [0x00000000eab00000, 0x00000000ecf00000, 0x0000000100000000)
  eden space 25600K, 0% used [0x00000000eab00000,0x00000000eab00000,0x00000000ec400000)
  from space 4096K, 0% used [0x00000000ec400000,0x00000000ec400000,0x00000000ec800000)
  to   space 5632K, 0% used [0x00000000ec980000,0x00000000ec980000,0x00000000ecf00000)
 ParOldGen       total 68608K, used 11550K [0x00000000c0000000, 0x00000000c4300000, 0x00000000eab00000)
  object space 68608K, 16% used [0x00000000c0000000,0x00000000c0b47860,0x00000000c4300000)
 Metaspace       used 21108K, committed 21504K, reserved 1073152K
  class space    used 2116K, committed 2368K, reserved 1048576K
}
Event: 5.670 GC heap before
{Heap before GC invocations=7 (full 1):
 PSYoungGen      total 29696K, used 25600K [0x00000000eab00000, 0x00000000ecf00000, 0x0000000100000000)
  eden space 25600K, 100% used [0x00000000eab00000,0x00000000ec400000,0x00000000ec400000)
  from space 4096K, 0% used [0x00000000ec400000,0x00000000ec400000,0x00000000ec800000)
  to   space 5632K, 0% used [0x00000000ec980000,0x00000000ec980000,0x00000000ecf00000)
 ParOldGen       total 68608K, used 11550K [0x00000000c0000000, 0x00000000c4300000, 0x00000000eab00000)
  object space 68608K, 16% used [0x00000000c0000000,0x00000000c0b47860,0x00000000c4300000)
 Metaspace       used 24248K, committed 24896K, reserved 1073152K
  class space    used 2499K, committed 2816K, reserved 1048576K
}
Event: 5.676 GC heap after
{Heap after GC invocations=7 (full 1):
 PSYoungGen      total 27648K, used 2219K [0x00000000eab00000, 0x00000000ecc00000, 0x0000000100000000)
  eden space 25088K, 0% used [0x00000000eab00000,0x00000000eab00000,0x00000000ec380000)
  from space 2560K, 86% used [0x00000000ec980000,0x00000000ecbaae28,0x00000000ecc00000)
  to   space 3584K, 0% used [0x00000000ec500000,0x00000000ec500000,0x00000000ec880000)
 ParOldGen       total 68608K, used 11558K [0x00000000c0000000, 0x00000000c4300000, 0x00000000eab00000)
  object space 68608K, 16% used [0x00000000c0000000,0x00000000c0b49860,0x00000000c4300000)
 Metaspace       used 24248K, committed 24896K, reserved 1073152K
  class space    used 2499K, committed 2816K, reserved 1048576K
}
Event: 6.137 GC heap before
{Heap before GC invocations=8 (full 1):
 PSYoungGen      total 27648K, used 27307K [0x00000000eab00000, 0x00000000ecc00000, 0x0000000100000000)
  eden space 25088K, 100% used [0x00000000eab00000,0x00000000ec380000,0x00000000ec380000)
  from space 2560K, 86% used [0x00000000ec980000,0x00000000ecbaae28,0x00000000ecc00000)
  to   space 3584K, 0% used [0x00000000ec500000,0x00000000ec500000,0x00000000ec880000)
 ParOldGen       total 68608K, used 11558K [0x00000000c0000000, 0x00000000c4300000, 0x00000000eab00000)
  object space 68608K, 16% used [0x00000000c0000000,0x00000000c0b49860,0x00000000c4300000)
 Metaspace       used 27502K, committed 28160K, reserved 1081344K
  class space    used 2713K, committed 3008K, reserved 1048576K
}
Event: 6.139 GC heap after
{Heap after GC invocations=8 (full 1):
 PSYoungGen      total 27136K, used 2328K [0x00000000eab00000, 0x00000000eca00000, 0x0000000100000000)
  eden space 24576K, 0% used [0x00000000eab00000,0x00000000eab00000,0x00000000ec300000)
  from space 2560K, 90% used [0x00000000ec500000,0x00000000ec746368,0x00000000ec780000)
  to   space 2560K, 0% used [0x00000000ec780000,0x00000000ec780000,0x00000000eca00000)
 ParOldGen       total 68608K, used 11566K [0x00000000c0000000, 0x00000000c4300000, 0x00000000eab00000)
  object space 68608K, 16% used [0x00000000c0000000,0x00000000c0b4b860,0x00000000c4300000)
 Metaspace       used 27502K, committed 28160K, reserved 1081344K
  class space    used 2713K, committed 3008K, reserved 1048576K
}
Event: 6.676 GC heap before
{Heap before GC invocations=9 (full 1):
 PSYoungGen      total 27136K, used 26904K [0x00000000eab00000, 0x00000000eca00000, 0x0000000100000000)
  eden space 24576K, 100% used [0x00000000eab00000,0x00000000ec300000,0x00000000ec300000)
  from space 2560K, 90% used [0x00000000ec500000,0x00000000ec746368,0x00000000ec780000)
  to   space 2560K, 0% used [0x00000000ec780000,0x00000000ec780000,0x00000000eca00000)
 ParOldGen       total 68608K, used 11566K [0x00000000c0000000, 0x00000000c4300000, 0x00000000eab00000)
  object space 68608K, 16% used [0x00000000c0000000,0x00000000c0b4b860,0x00000000c4300000)
 Metaspace       used 30195K, committed 30784K, reserved 1081344K
  class space    used 2942K, committed 3200K, reserved 1048576K
}
Event: 6.679 GC heap after
{Heap after GC invocations=9 (full 1):
 PSYoungGen      total 26624K, used 2531K [0x00000000eab00000, 0x00000000eca00000, 0x0000000100000000)
  eden space 24064K, 0% used [0x00000000eab00000,0x00000000eab00000,0x00000000ec280000)
  from space 2560K, 98% used [0x00000000ec780000,0x00000000ec9f8e38,0x00000000eca00000)
  to   space 3072K, 0% used [0x00000000ec400000,0x00000000ec400000,0x00000000ec700000)
 ParOldGen       total 68608K, used 11814K [0x00000000c0000000, 0x00000000c4300000, 0x00000000eab00000)
  object space 68608K, 17% used [0x00000000c0000000,0x00000000c0b898b0,0x00000000c4300000)
 Metaspace       used 30195K, committed 30784K, reserved 1081344K
  class space    used 2942K, committed 3200K, reserved 1048576K
}

Deoptimization events (20 events):
Event: 6.608 Thread 0x00000222f728bd50 DEOPT PACKING pc=0x00000222ea5e14d4 sp=0x0000005fabdf7c10
Event: 6.608 Thread 0x00000222f728bd50 DEOPT UNPACKING pc=0x00000222e2aa20a3 sp=0x0000005fabdf7bf0 mode 2
Event: 6.659 Thread 0x00000222f728bd50 Uncommon trap: trap_request=0xffffff45 fr.pc=0x00000222ea5da37c relative=0x000000000000007c
Event: 6.659 Thread 0x00000222f728bd50 Uncommon trap: reason=unstable_if action=reinterpret pc=0x00000222ea5da37c method=com.sun.org.apache.xerces.internal.impl.XMLEntityScanner.checkBeforeLoad(Lcom/sun/xml/internal/stream/Entity$ScannedEntity;II)I @ 18 c2
Event: 6.659 Thread 0x00000222f728bd50 DEOPT PACKING pc=0x00000222ea5da37c sp=0x0000005fabdf9300
Event: 6.659 Thread 0x00000222f728bd50 DEOPT UNPACKING pc=0x00000222e2aa20a3 sp=0x0000005fabdf9290 mode 2
Event: 6.706 Thread 0x00000222f88a8b40 DEOPT PACKING pc=0x00000222e3329488 sp=0x0000005fac5febf0
Event: 6.706 Thread 0x00000222f88a8b40 DEOPT UNPACKING pc=0x00000222e2aa2843 sp=0x0000005fac5fe0f8 mode 0
Event: 6.728 Thread 0x00000222f728bd50 Uncommon trap: trap_request=0xffffff45 fr.pc=0x00000222ea61fbe0 relative=0x0000000000000800
Event: 6.728 Thread 0x00000222f728bd50 Uncommon trap: reason=unstable_if action=reinterpret pc=0x00000222ea61fbe0 method=org.eclipse.core.runtime.Path.append(Ljava/lang/String;)Lorg/eclipse/core/runtime/IPath; @ 7 c2
Event: 6.728 Thread 0x00000222f728bd50 DEOPT PACKING pc=0x00000222ea61fbe0 sp=0x0000005fabdf96c0
Event: 6.728 Thread 0x00000222f728bd50 DEOPT UNPACKING pc=0x00000222e2aa20a3 sp=0x0000005fabdf9690 mode 2
Event: 6.747 Thread 0x00000222f728bd50 DEOPT PACKING pc=0x00000222e32aca44 sp=0x0000005fabdf93b0
Event: 6.747 Thread 0x00000222f728bd50 DEOPT UNPACKING pc=0x00000222e2aa2843 sp=0x0000005fabdf8930 mode 0
Event: 6.755 Thread 0x00000222f728bd50 DEOPT PACKING pc=0x00000222e3329488 sp=0x0000005fabdf96a0
Event: 6.755 Thread 0x00000222f728bd50 DEOPT UNPACKING pc=0x00000222e2aa2843 sp=0x0000005fabdf8ba8 mode 0
Event: 6.768 Thread 0x00000222f728bd50 DEOPT PACKING pc=0x00000222e32aca44 sp=0x0000005fabdf93b0
Event: 6.768 Thread 0x00000222f728bd50 DEOPT UNPACKING pc=0x00000222e2aa2843 sp=0x0000005fabdf8930 mode 0
Event: 6.779 Thread 0x00000222f728bd50 DEOPT PACKING pc=0x00000222e3329488 sp=0x0000005fabdf9770
Event: 6.779 Thread 0x00000222f728bd50 DEOPT UNPACKING pc=0x00000222e2aa2843 sp=0x0000005fabdf8c78 mode 0

Classes unloaded (7 events):
Event: 5.106 Thread 0x00000222f43c0ff0 Unloading class 0x0000000100218800 'java/lang/invoke/LambdaForm$MH+0x0000000100218800'
Event: 5.106 Thread 0x00000222f43c0ff0 Unloading class 0x0000000100218400 'java/lang/invoke/LambdaForm$MH+0x0000000100218400'
Event: 5.106 Thread 0x00000222f43c0ff0 Unloading class 0x0000000100218000 'java/lang/invoke/LambdaForm$MH+0x0000000100218000'
Event: 5.106 Thread 0x00000222f43c0ff0 Unloading class 0x0000000100217c00 'java/lang/invoke/LambdaForm$MH+0x0000000100217c00'
Event: 5.106 Thread 0x00000222f43c0ff0 Unloading class 0x0000000100217400 'java/lang/invoke/LambdaForm$BMH+0x0000000100217400'
Event: 5.106 Thread 0x00000222f43c0ff0 Unloading class 0x0000000100217000 'java/lang/invoke/LambdaForm$DMH+0x0000000100217000'
Event: 5.106 Thread 0x00000222f43c0ff0 Unloading class 0x0000000100214400 'java/lang/invoke/LambdaForm$DMH+0x0000000100214400'

Classes redefined (0 events):
No events

Internal exceptions (20 events):
Event: 5.510 Thread 0x00000222f728bd50 Exception <a 'java/lang/NoSuchMethodError'{0x00000000ebd74010}: 'int java.lang.invoke.DirectMethodHandle$Holder.invokeStaticInit(java.lang.Object, long, long)'> (0x00000000ebd74010) 
thrown [s\src\hotspot\share\interpreter\linkResolver.cpp, line 759]
Event: 5.511 Thread 0x00000222f728bd50 Exception <a 'java/lang/NoSuchMethodError'{0x00000000ebd7bba8}: 'int java.lang.invoke.DirectMethodHandle$Holder.invokeStaticInit(java.lang.Object, float, float)'> (0x00000000ebd7bba8) 
thrown [s\src\hotspot\share\interpreter\linkResolver.cpp, line 759]
Event: 5.513 Thread 0x00000222f728bd50 Exception <a 'java/lang/NoSuchMethodError'{0x00000000ebd839b0}: 'int java.lang.invoke.DirectMethodHandle$Holder.invokeStaticInit(java.lang.Object, double, double)'> (0x00000000ebd839b0) 
thrown [s\src\hotspot\share\interpreter\linkResolver.cpp, line 759]
Event: 5.516 Thread 0x00000222f728bd50 Exception <a 'java/lang/NoSuchMethodError'{0x00000000ebd88d00}: 'int java.lang.invoke.DirectMethodHandle$Holder.invokeStatic(java.lang.Object, long)'> (0x00000000ebd88d00) 
thrown [s\src\hotspot\share\interpreter\linkResolver.cpp, line 759]
Event: 5.523 Thread 0x00000222f728bd50 Exception <a 'java/lang/NoSuchMethodError'{0x00000000ebdb1798}: 'int java.lang.invoke.Invokers$Holder.linkToTargetMethod(java.lang.Object, java.lang.Object)'> (0x00000000ebdb1798) 
thrown [s\src\hotspot\share\interpreter\linkResolver.cpp, line 759]
Event: 5.537 Thread 0x00000222f728bd50 Exception <a 'java/lang/NoSuchMethodError'{0x00000000ebe15ac0}: 'java.lang.Object java.lang.invoke.DirectMethodHandle$Holder.invokeSpecial(java.lang.Object, java.lang.Object, java.lang.Object, java.lang.Object, java.lang.Object, java.lang.Object, java.lang.Object, java.lang.Object, java.lang.Object, java.lang.Object)'> (0x00000000ebe15ac0) 
thrown [s\src\hotspot\share\interpreter\linkResolver.cpp, line 759]
Event: 5.538 Thread 0x00000222f728bd50 Exception <a 'java/lang/NoSuchMethodError'{0x00000000ebe1ad10}: 'java.lang.Object java.lang.invoke.Invokers$Holder.invoke_MT(java.lang.Object, java.lang.Object, java.lang.Object, java.lang.Object, java.lang.Object, java.lang.Object, java.lang.Object, java.lang.Object, java.lang.Object, java.lang.Object)'> (0x00000000ebe1ad10) 
thrown [s\src\hotspot\share\interpreter\linkResolver.cpp, line 759]
Event: 5.551 Thread 0x00000222f728bd50 Exception <a 'java/lang/NoSuchMethodError'{0x00000000ebe76e00}: 'java.lang.Object java.lang.invoke.DirectMethodHandle$Holder.invokeSpecial(java.lang.Object, java.lang.Object, java.lang.Object, java.lang.Object, java.lang.Object, java.lang.Object, java.lang.Object, java.lang.Object, java.lang.Object)'> (0x00000000ebe76e00) 
thrown [s\src\hotspot\share\interpreter\linkResolver.cpp, line 759]
Event: 5.552 Thread 0x00000222f728bd50 Exception <a 'java/lang/NoSuchMethodError'{0x00000000ebe7c718}: 'java.lang.Object java.lang.invoke.Invokers$Holder.invoke_MT(java.lang.Object, java.lang.Object, java.lang.Object, java.lang.Object, java.lang.Object, java.lang.Object, java.lang.Object, java.lang.Object, java.lang.Object)'> (0x00000000ebe7c718) 
thrown [s\src\hotspot\share\interpreter\linkResolver.cpp, line 759]
Event: 5.576 Thread 0x00000222f728bd50 Exception <a 'java/lang/NoSuchMethodError'{0x00000000ebf07a58}: 'java.lang.Object java.lang.invoke.DirectMethodHandle$Holder.newInvokeSpecial(java.lang.Object, java.lang.Object, java.lang.Object, java.lang.Object, java.lang.Object, java.lang.Object, java.lang.Object)'> (0x00000000ebf07a58) 
thrown [s\src\hotspot\share\interpreter\linkResolver.cpp, line 759]
Event: 5.588 Thread 0x00000222f728bd50 Exception <a 'java/lang/NoSuchMethodError'{0x00000000ebf5c310}: 'java.lang.Object java.lang.invoke.DirectMethodHandle$Holder.invokeSpecial(java.lang.Object, java.lang.Object, java.lang.Object, java.lang.Object, java.lang.Object, java.lang.Object, java.lang.Object, java.lang.Object, java.lang.Object, java.lang.Object, java.lang.Object, java.lang.Object, java.lang.Object)'> (0x00000000ebf5c310) 
thrown [s\src\hotspot\share\interpreter\linkResolver.cpp, line 759]
Event: 5.588 Thread 0x00000222f728bd50 Exception <a 'java/lang/NoSuchMethodError'{0x00000000ebf61e40}: 'java.lang.Object java.lang.invoke.Invokers$Holder.invoker(java.lang.Object, java.lang.Object, java.lang.Object, java.lang.Object, java.lang.Object, java.lang.Object, java.lang.Object, java.lang.Object, java.lang.Object, java.lang.Object, java.lang.Object, java.lang.Object, java.lang.Object)'> (0x00000000ebf61e40) 
thrown [s\src\hotspot\share\interpreter\linkResolver.cpp, line 759]
Event: 5.589 Thread 0x00000222f728bd50 Exception <a 'java/lang/NoSuchMethodError'{0x00000000ebf68b40}: 'java.lang.Object java.lang.invoke.DirectMethodHandle$Holder.invokeSpecial(java.lang.Object, java.lang.Object, java.lang.Object, java.lang.Object, java.lang.Object, java.lang.Object, java.lang.Object, java.lang.Object, java.lang.Object, java.lang.Object, java.lang.Object, java.lang.Object, java.lang.Object, java.lang.Object)'> (0x00000000ebf68b40) 
thrown [s\src\hotspot\share\interpreter\linkResolver.cpp, line 759]
Event: 5.596 Thread 0x00000222f728bd50 Exception <a 'java/lang/NoSuchMethodError'{0x00000000ebfbcd68}: static Lorg/eclipse/m2e/core/internal/lifecyclemapping/model/PluginExecutionMetadata;.<clinit>()V> (0x00000000ebfbcd68) 
thrown [s\src\hotspot\share\prims\jni.cpp, line 1107]
Event: 5.601 Thread 0x00000222f728bd50 Exception <a 'java/lang/NoSuchMethodError'{0x00000000ec00ec88}: static Lorg/eclipse/m2e/core/internal/lifecyclemapping/model/PluginExecutionFilter;.<clinit>()V> (0x00000000ec00ec88) 
thrown [s\src\hotspot\share\prims\jni.cpp, line 1107]
Event: 5.832 Thread 0x00000222f728bd50 Exception <a 'java/io/FileNotFoundException'{0x00000000ebb071f8}> (0x00000000ebb071f8) 
thrown [s\src\hotspot\share\prims\jni.cpp, line 516]
Event: 5.832 Thread 0x00000222f728bd50 Exception <a 'java/io/FileNotFoundException'{0x00000000ebb08020}> (0x00000000ebb08020) 
thrown [s\src\hotspot\share\prims\jni.cpp, line 516]
Event: 6.690 Thread 0x00000222f728bd50 Exception <a 'java/lang/ClassNotFoundException'{0x00000000eab29f90}: com/sun/org/apache/xerces/internal/impl/msg/spi/DOMMessagesProvider> (0x00000000eab29f90) 
thrown [s\src\hotspot\share\classfile\systemDictionary.cpp, line 256]
Event: 6.699 Thread 0x00000222f728bd50 Exception <a 'java/lang/ClassNotFoundException'{0x00000000eab45bd0}: com/sun/org/apache/xerces/internal/impl/msg/spi/XMLSerializerMessagesProvider> (0x00000000eab45bd0) 
thrown [s\src\hotspot\share\classfile\systemDictionary.cpp, line 256]
Event: 6.705 Thread 0x00000222f728bd50 Exception <a 'java/lang/ClassNotFoundException'{0x00000000eab52ea8}: com/sun/org/apache/xerces/internal/impl/msg/spi/XMLMessagesProvider> (0x00000000eab52ea8) 
thrown [s\src\hotspot\share\classfile\systemDictionary.cpp, line 256]

VM Operations (20 events):
Event: 5.333 Executing VM operation: HandshakeAllThreads
Event: 5.333 Executing VM operation: HandshakeAllThreads done
Event: 5.398 Executing VM operation: HandshakeAllThreads
Event: 5.398 Executing VM operation: HandshakeAllThreads done
Event: 5.398 Executing VM operation: HandshakeAllThreads
Event: 5.398 Executing VM operation: HandshakeAllThreads done
Event: 5.479 Executing VM operation: HandshakeAllThreads
Event: 5.479 Executing VM operation: HandshakeAllThreads done
Event: 5.670 Executing VM operation: ParallelGCFailedAllocation
Event: 5.676 Executing VM operation: ParallelGCFailedAllocation done
Event: 6.137 Executing VM operation: ParallelGCFailedAllocation
Event: 6.140 Executing VM operation: ParallelGCFailedAllocation done
Event: 6.558 Executing VM operation: HandshakeAllThreads
Event: 6.558 Executing VM operation: HandshakeAllThreads done
Event: 6.646 Executing VM operation: HandshakeAllThreads
Event: 6.649 Executing VM operation: HandshakeAllThreads done
Event: 6.670 Executing VM operation: ParallelGCFailedAllocation
Event: 6.681 Executing VM operation: ParallelGCFailedAllocation done
Event: 6.695 Executing VM operation: HandshakeAllThreads
Event: 6.695 Executing VM operation: HandshakeAllThreads done

Events (20 events):
Event: 6.700 loading class com/sun/org/apache/xerces/internal/impl/msg/XMLSerializerMessages_en
Event: 6.700 loading class com/sun/org/apache/xerces/internal/impl/msg/XMLSerializerMessages_en done
Event: 6.700 loading class com/sun/org/apache/xerces/internal/impl/msg/XMLSerializerMessages_en_US
Event: 6.700 loading class com/sun/org/apache/xerces/internal/impl/msg/XMLSerializerMessages_en_US done
Event: 6.700 loading class com/sun/org/apache/xerces/internal/impl/msg/XMLSerializerMessages_en_US
Event: 6.700 loading class com/sun/org/apache/xerces/internal/impl/msg/XMLSerializerMessages_en_US done
Event: 6.706 loading class com/sun/org/apache/xerces/internal/impl/msg/XMLMessages
Event: 6.706 loading class com/sun/org/apache/xerces/internal/impl/msg/XMLMessages done
Event: 6.706 loading class com/sun/org/apache/xerces/internal/impl/msg/XMLMessages
Event: 6.706 loading class com/sun/org/apache/xerces/internal/impl/msg/XMLMessages done
Event: 6.710 loading class com/sun/org/apache/xerces/internal/impl/msg/XMLMessages_en
Event: 6.710 loading class com/sun/org/apache/xerces/internal/impl/msg/XMLMessages_en done
Event: 6.710 loading class com/sun/org/apache/xerces/internal/impl/msg/XMLMessages_en
Event: 6.710 loading class com/sun/org/apache/xerces/internal/impl/msg/XMLMessages_en done
Event: 6.710 loading class com/sun/org/apache/xerces/internal/impl/msg/XMLMessages_en_US
Event: 6.710 loading class com/sun/org/apache/xerces/internal/impl/msg/XMLMessages_en_US done
Event: 6.710 loading class com/sun/org/apache/xerces/internal/impl/msg/XMLMessages_en_US
Event: 6.710 loading class com/sun/org/apache/xerces/internal/impl/msg/XMLMessages_en_US done
Event: 6.775 loading class java/io/FilterReader
Event: 6.775 loading class java/io/FilterReader done


Dynamic libraries:
0x00007ff62a550000 - 0x00007ff62a55e000 	c:\Users\Nargol\.vscode\extensions\redhat.java-1.10.0-win32-x64\jre\17.0.4-win32-x86_64\bin\java.exe
0x00007ffa5d050000 - 0x00007ffa5d248000 	C:\WINDOWS\SYSTEM32\ntdll.dll
0x00007ffa5c540000 - 0x00007ffa5c5fd000 	C:\WINDOWS\System32\KERNEL32.DLL
0x00007ffa5a870000 - 0x00007ffa5ab3e000 	C:\WINDOWS\System32\KERNELBASE.dll
0x00007ffa5ae70000 - 0x00007ffa5af70000 	C:\WINDOWS\System32\ucrtbase.dll
0x00007ffa54f60000 - 0x00007ffa54f78000 	c:\Users\Nargol\.vscode\extensions\redhat.java-1.10.0-win32-x64\jre\17.0.4-win32-x86_64\bin\jli.dll
0x00007ffa53fa0000 - 0x00007ffa53fb9000 	c:\Users\Nargol\.vscode\extensions\redhat.java-1.10.0-win32-x64\jre\17.0.4-win32-x86_64\bin\VCRUNTIME140.dll
0x00007ffa5b900000 - 0x00007ffa5baa0000 	C:\WINDOWS\System32\USER32.dll
0x00007ffa4b660000 - 0x00007ffa4b8fa000 	C:\WINDOWS\WinSxS\amd64_microsoft.windows.common-controls_6595b64144ccf1df_6.0.19041.1110_none_60b5254171f9507e\COMCTL32.dll
0x00007ffa5ab90000 - 0x00007ffa5abb2000 	C:\WINDOWS\System32\win32u.dll
0x00007ffa5bac0000 - 0x00007ffa5baea000 	C:\WINDOWS\System32\GDI32.dll
0x00007ffa5cec0000 - 0x00007ffa5cf5e000 	C:\WINDOWS\System32\msvcrt.dll
0x00007ffa5afa0000 - 0x00007ffa5b0ab000 	C:\WINDOWS\System32\gdi32full.dll
0x00007ffa5abc0000 - 0x00007ffa5ac5d000 	C:\WINDOWS\System32\msvcp_win.dll
0x00007ffa5b0b0000 - 0x00007ffa5b0e0000 	C:\WINDOWS\System32\IMM32.DLL
0x00007ffa53eb0000 - 0x00007ffa53ebc000 	c:\Users\Nargol\.vscode\extensions\redhat.java-1.10.0-win32-x64\jre\17.0.4-win32-x86_64\bin\vcruntime140_1.dll
0x00007ffa33ce0000 - 0x00007ffa33d71000 	c:\Users\Nargol\.vscode\extensions\redhat.java-1.10.0-win32-x64\jre\17.0.4-win32-x86_64\bin\msvcp140.dll
0x00007ffa246f0000 - 0x00007ffa25336000 	c:\Users\Nargol\.vscode\extensions\redhat.java-1.10.0-win32-x64\jre\17.0.4-win32-x86_64\bin\server\jvm.dll
0x00007ffa5c660000 - 0x00007ffa5c70e000 	C:\WINDOWS\System32\ADVAPI32.dll
0x00007ffa5bfb0000 - 0x00007ffa5c04c000 	C:\WINDOWS\System32\sechost.dll
0x00007ffa5c870000 - 0x00007ffa5c995000 	C:\WINDOWS\System32\RPCRT4.dll
0x00007ffa5b140000 - 0x00007ffa5b148000 	C:\WINDOWS\System32\PSAPI.DLL
0x00007ffa501d0000 - 0x00007ffa501da000 	C:\WINDOWS\SYSTEM32\VERSION.dll
0x00007ffa52da0000 - 0x00007ffa52da9000 	C:\WINDOWS\SYSTEM32\WSOCK32.dll
0x00007ffa5c4d0000 - 0x00007ffa5c53b000 	C:\WINDOWS\System32\WS2_32.dll
0x00007ffa57ee0000 - 0x00007ffa57f07000 	C:\WINDOWS\SYSTEM32\WINMM.dll
0x00007ffa58630000 - 0x00007ffa58642000 	C:\WINDOWS\SYSTEM32\kernel.appcore.dll
0x00007ffa53e60000 - 0x00007ffa53e6a000 	c:\Users\Nargol\.vscode\extensions\redhat.java-1.10.0-win32-x64\jre\17.0.4-win32-x86_64\bin\jimage.dll
0x00007ffa443c0000 - 0x00007ffa445a4000 	C:\WINDOWS\SYSTEM32\DBGHELP.DLL
0x00007ffa44390000 - 0x00007ffa443bc000 	C:\WINDOWS\SYSTEM32\dbgcore.DLL
0x00007ffa5a770000 - 0x00007ffa5a7f2000 	C:\WINDOWS\System32\bcryptPrimitives.dll
0x00007ffa534f0000 - 0x00007ffa534fe000 	c:\Users\Nargol\.vscode\extensions\redhat.java-1.10.0-win32-x64\jre\17.0.4-win32-x86_64\bin\instrument.dll
0x00007ffa53510000 - 0x00007ffa53535000 	c:\Users\Nargol\.vscode\extensions\redhat.java-1.10.0-win32-x64\jre\17.0.4-win32-x86_64\bin\java.dll
0x00007ffa53e40000 - 0x00007ffa53e58000 	c:\Users\Nargol\.vscode\extensions\redhat.java-1.10.0-win32-x64\jre\17.0.4-win32-x86_64\bin\zip.dll
0x00007ffa5b1b0000 - 0x00007ffa5b8f4000 	C:\WINDOWS\System32\SHELL32.dll
0x00007ffa58830000 - 0x00007ffa58fc4000 	C:\WINDOWS\SYSTEM32\windows.storage.dll
0x00007ffa5cb60000 - 0x00007ffa5ceb4000 	C:\WINDOWS\System32\combase.dll
0x00007ffa5a020000 - 0x00007ffa5a050000 	C:\WINDOWS\SYSTEM32\Wldp.dll
0x00007ffa5bf00000 - 0x00007ffa5bfad000 	C:\WINDOWS\System32\SHCORE.dll
0x00007ffa5bb80000 - 0x00007ffa5bbd5000 	C:\WINDOWS\System32\shlwapi.dll
0x00007ffa5a6b0000 - 0x00007ffa5a6cf000 	C:\WINDOWS\SYSTEM32\profapi.dll
0x00007ffa52f80000 - 0x00007ffa52f99000 	C:\Users\Nargol\.vscode\extensions\redhat.java-1.10.0-win32-x64\jre\17.0.4-win32-x86_64\bin\net.dll
0x00007ffa51930000 - 0x00007ffa51a3a000 	C:\WINDOWS\SYSTEM32\WINHTTP.dll
0x00007ffa59e00000 - 0x00007ffa59e6a000 	C:\WINDOWS\system32\mswsock.dll
0x00007ffa52f60000 - 0x00007ffa52f75000 	C:\Users\Nargol\.vscode\extensions\redhat.java-1.10.0-win32-x64\jre\17.0.4-win32-x86_64\bin\nio.dll
0x00007ffa52f50000 - 0x00007ffa52f60000 	c:\Users\Nargol\.vscode\extensions\redhat.java-1.10.0-win32-x64\jre\17.0.4-win32-x86_64\bin\verify.dll
0x00007ffa4dc00000 - 0x00007ffa4dc3e000 	C:\Users\Nargol\AppData\Roaming\Code\User\globalStorage\redhat.java\1.10.0\config_win\org.eclipse.equinox.launcher\org.eclipse.equinox.launcher.win32.win32.x86_64_1.2.500.v20220509-0833\eclipse_11700.dll
0x00007ffa5bdd0000 - 0x00007ffa5befa000 	C:\WINDOWS\System32\ole32.dll

dbghelp: loaded successfully - version: 4.0.5 - missing functions: none
symbol engine: initialized successfully - sym options: 0x614 - pdb path: .;c:\Users\Nargol\.vscode\extensions\redhat.java-1.10.0-win32-x64\jre\17.0.4-win32-x86_64\bin;C:\WINDOWS\SYSTEM32;C:\WINDOWS\WinSxS\amd64_microsoft.windows.common-controls_6595b64144ccf1df_6.0.19041.1110_none_60b5254171f9507e;c:\Users\Nargol\.vscode\extensions\redhat.java-1.10.0-win32-x64\jre\17.0.4-win32-x86_64\bin\server;C:\Users\Nargol\AppData\Roaming\Code\User\globalStorage\redhat.java\1.10.0\config_win\org.eclipse.equinox.launcher\org.eclipse.equinox.launcher.win32.win32.x86_64_1.2.500.v20220509-0833

VM Arguments:
jvm_args: --add-modules=ALL-SYSTEM --add-opens=java.base/java.util=ALL-UNNAMED --add-opens=java.base/java.lang=ALL-UNNAMED --add-opens=java.base/sun.nio.fs=ALL-UNNAMED -Declipse.application=org.eclipse.jdt.ls.core.id1 -Dosgi.bundles.defaultStartLevel=4 -Declipse.product=org.eclipse.jdt.ls.core.product -Djava.import.generatesMetadataFilesAtProjectRoot=false -Dfile.encoding=utf8 -DwatchParentProcess=false -Xlog:jni+resolve=off -XX:+UseParallelGC -XX:GCTimeRatio=4 -XX:AdaptiveSizePolicyWeight=90 -Dsun.zip.disableMemoryMapping=true -Xmx1G -Xms100m -javaagent:c:\Users\Nargol\.vscode\extensions\redhat.java-1.10.0-win32-x64\lombok\lombok-1.18.24.jar -XX:+HeapDumpOnOutOfMemoryError -XX:HeapDumpPath=c:\Users\Nargol\AppData\Roaming\Code\User\workspaceStorage\45846c7739866774b57027b74214147e\redhat.java 
java_command: c:\Users\Nargol\.vscode\extensions\redhat.java-1.10.0-win32-x64\server\plugins\org.eclipse.equinox.launcher_1.6.400.v20210924-0641.jar -configuration c:\Users\Nargol\AppData\Roaming\Code\User\globalStorage\redhat.java\1.10.0\config_win -data c:\Users\Nargol\AppData\Roaming\Code\User\workspaceStorage\45846c7739866774b57027b74214147e\redhat.java\jdt_ws
java_class_path (initial): c:\Users\Nargol\.vscode\extensions\redhat.java-1.10.0-win32-x64\server\plugins\org.eclipse.equinox.launcher_1.6.400.v20210924-0641.jar
Launcher Type: SUN_STANDARD

[Global flags]
    uintx AdaptiveSizePolicyWeight                 = 90                                        {product} {command line}
     intx CICompilerCount                          = 4                                         {product} {ergonomic}
    uintx GCTimeRatio                              = 4                                         {product} {command line}
     bool HeapDumpOnOutOfMemoryError               = true                                   {manageable} {command line}
    ccstr HeapDumpPath                             = c:\Users\Nargol\AppData\Roaming\Code\User\workspaceStorage\45846c7739866774b57027b74214147e\redhat.java         {manageable} {command line}
   size_t InitialHeapSize                          = 104857600                                 {product} {command line}
   size_t MaxHeapSize                              = 1073741824                                {product} {command line}
   size_t MaxNewSize                               = 357564416                                 {product} {ergonomic}
   size_t MinHeapDeltaBytes                        = 524288                                    {product} {ergonomic}
   size_t MinHeapSize                              = 104857600                                 {product} {command line}
   size_t NewSize                                  = 34603008                                  {product} {ergonomic}
    uintx NonNMethodCodeHeapSize                   = 5839372                                {pd product} {ergonomic}
    uintx NonProfiledCodeHeapSize                  = 122909434                              {pd product} {ergonomic}
   size_t OldSize                                  = 70254592                                  {product} {ergonomic}
    uintx ProfiledCodeHeapSize                     = 122909434                              {pd product} {ergonomic}
    uintx ReservedCodeCacheSize                    = 251658240                              {pd product} {ergonomic}
     bool SegmentedCodeCache                       = true                                      {product} {ergonomic}
   size_t SoftMaxHeapSize                          = 1073741824                             {manageable} {ergonomic}
     bool UseCompressedClassPointers               = true                           {product lp64_product} {ergonomic}
     bool UseCompressedOops                        = true                           {product lp64_product} {ergonomic}
     bool UseLargePagesIndividualAllocation        = false                                  {pd product} {ergonomic}
     bool UseParallelGC                            = true                                      {product} {command line}

Logging:
Log output configuration:
 #0: stdout all=warning,jni+resolve=off uptime,level,tags
 #1: stderr all=off uptime,level,tags

Environment Variables:
JAVA_HOME=C:\Program Files\Java\jdk-11.0.8
PATH=C:\Program Files\Common Files\Oracle\Java\javapath;C:\apache-maven-3.8.6\bin;C:\WINDOWS\system32;C:\WINDOWS;C:\WINDOWS\System32\Wbem;C:\WINDOWS\System32\WindowsPowerShell\v1.0\;C:\Program Files (x86)\Git\cmd;C:\Program Files\PuTTY\;C:\WINDOWS\System32\OpenSSH\;C:\Program Files\Docker\Docker\resources\bin;C:\ProgramData\DockerDesktop\version-bin;C:\Program Files\nodejs\;C:\Program Files\Java\jdk-11.0.8;C:\Users\Nargol\AppData\Local\Microsoft\WindowsApps;C:\apache-maven-3.8.6\bin;C:\Users\Nargol\AppData\Local\Programs\Microsoft VS Code\bin;C:\Users\Nargol\AppData\Roaming\npm;
USERNAME=Nargol
OS=Windows_NT
PROCESSOR_IDENTIFIER=Intel64 Family 6 Model 42 Stepping 7, GenuineIntel
TMP=C:\Users\Nargol\AppData\Local\Temp
TEMP=C:\Users\Nargol\AppData\Local\Temp



---------------  S Y S T E M  ---------------

OS:
 Windows 10 , 64 bit Build 19041 (10.0.19041.1889)
OS uptime: 9 days 21:50 hours
Hyper-V role detected

CPU: total 8 (initial active 8) (4 cores per cpu, 2 threads per core) family 6 model 42 stepping 7 microcode 0x2f, cx8, cmov, fxsr, ht, mmx, sse, sse2, sse3, ssse3, sse4.1, sse4.2, popcnt, tsc, tscinvbit, avx, aes, clmul, vzeroupper, clflush, hv

Memory: 4k page, system-wide physical 16291M (177M free)
TotalPageFile size 35028M (AvailPageFile size 5M)
current process WorkingSet (physical memory assigned to process): 141M, peak: 141M
current process commit charge ("private bytes"): 245M, peak: 246M

vm_info: OpenJDK 64-Bit Server VM (17.0.4+8) for windows-amd64 JRE (17.0.4+8), built on Jul 19 2022 16:05:16 by "temurin" with MS VC++ 16.7 (VS2019)

END.
