#
# There is insufficient memory for the Java Runtime Environment to continue.
# Native memory allocation (malloc) failed to allocate 1137152 bytes for Chunk::new
# Possible reasons:
#   The system is out of physical RAM or swap space
#   The process is running with CompressedOops enabled, and the Java Heap may be blocking the growth of the native heap
# Possible solutions:
#   Reduce memory load on the system
#   Increase physical memory or swap space
#   Check if swap backing store is full
#   Decrease Java heap size (-Xmx/-Xms)
#   Decrease number of Java threads
#   Decrease Java thread stack sizes (-Xss)
#   Set larger code cache with -XX:ReservedCodeCacheSize=
#   JVM is running with Unscaled Compressed Oops mode in which the Java heap is
#     placed in the first 4GB address space. The Java Heap base address is the
#     maximum limit for the native heap growth. Please use -XX:HeapBaseMinAddress
#     to set the Java Heap base and to place the Java Heap above 4GB virtual address.
# This output file may be truncated or incomplete.
#
#  Out of Memory Error (arena.cpp:189), pid=229952, tid=230108
#
# JRE version: OpenJDK Runtime Environment Temurin-17.0.4+8 (17.0.4+8) (build 17.0.4+8)
# Java VM: OpenJDK 64-Bit Server VM Temurin-17.0.4+8 (17.0.4+8, mixed mode, tiered, compressed oops, compressed class ptrs, parallel gc, windows-amd64)
# No core dump will be written. Minidumps are not enabled by default on client versions of Windows
#

---------------  S U M M A R Y ------------

Command Line: --add-modules=ALL-SYSTEM --add-opens=java.base/java.util=ALL-UNNAMED --add-opens=java.base/java.lang=ALL-UNNAMED --add-opens=java.base/sun.nio.fs=ALL-UNNAMED -Declipse.application=org.eclipse.jdt.ls.core.id1 -Dosgi.bundles.defaultStartLevel=4 -Declipse.product=org.eclipse.jdt.ls.core.product -Djava.import.generatesMetadataFilesAtProjectRoot=false -Dfile.encoding=utf8 -DwatchParentProcess=false -Xlog:jni+resolve=off -XX:+UseParallelGC -XX:GCTimeRatio=4 -XX:AdaptiveSizePolicyWeight=90 -Dsun.zip.disableMemoryMapping=true -Xmx1G -Xms100m -javaagent:c:\Users\Nargol\.vscode\extensions\redhat.java-1.10.0-win32-x64\lombok\lombok-1.18.24.jar -XX:+HeapDumpOnOutOfMemoryError -XX:HeapDumpPath=c:\Users\Nargol\AppData\Roaming\Code\User\workspaceStorage\45846c7739866774b57027b74214147e\redhat.java c:\Users\Nargol\.vscode\extensions\redhat.java-1.10.0-win32-x64\server\plugins\org.eclipse.equinox.launcher_1.6.400.v20210924-0641.jar -configuration c:\Users\Nargol\AppData\Roaming\Code\User\globalStorage\redhat.java\1.10.0\config_win -data c:\Users\Nargol\AppData\Roaming\Code\User\workspaceStorage\45846c7739866774b57027b74214147e\redhat.java\jdt_ws

Host: Intel(R) Core(TM) i7-2630QM CPU @ 2.00GHz, 8 cores, 15G,  Windows 10 , 64 bit Build 19041 (10.0.19041.1889)
Time: Sun Sep 11 23:07:58 2022 W. Europe Daylight Time elapsed time: 61.462270 seconds (0d 0h 1m 1s)

---------------  T H R E A D  ---------------

Current thread (0x0000025b563eee40):  JavaThread "C2 CompilerThread0" daemon [_thread_in_native, id=230108, stack(0x000000e240800000,0x000000e240900000)]


Current CompileTask:
C2:  61462 13990   !   4       org.eclipse.jdt.internal.compiler.parser.AbstractCommentParser::commentParse (1858 bytes)

Stack: [0x000000e240800000,0x000000e240900000]
Native frames: (J=compiled Java code, j=interpreted, Vv=VM code, C=native code)
V  [jvm.dll+0x67733a]
V  [jvm.dll+0x8323c4]
V  [jvm.dll+0x833b6e]
V  [jvm.dll+0x8341d3]
V  [jvm.dll+0x2455e5]
V  [jvm.dll+0xabd7b]
V  [jvm.dll+0xac30c]
V  [jvm.dll+0x363a77]
V  [jvm.dll+0x1bba22]
V  [jvm.dll+0x218629]
V  [jvm.dll+0x2178f1]
V  [jvm.dll+0x1a3f8d]
V  [jvm.dll+0x227308]
V  [jvm.dll+0x225455]
V  [jvm.dll+0x7e7eeb]
V  [jvm.dll+0x7e245a]
V  [jvm.dll+0x6761c5]
C  [ucrtbase.dll+0x21bb2]
C  [KERNEL32.DLL+0x17034]
C  [ntdll.dll+0x52651]


---------------  P R O C E S S  ---------------

Threads class SMR info:
_java_thread_list=0x0000025b58830860, length=39, elements={
0x0000025b40010ef0, 0x0000025b53ea4ce0, 0x0000025b53ea8490, 0x0000025b563e5260,
0x0000025b563e5fe0, 0x0000025b563e9410, 0x0000025b563ed260, 0x0000025b563eee40,
0x0000025b56405860, 0x0000025b56407900, 0x0000025b56519050, 0x0000025b568b8070,
0x0000025b56e3b530, 0x0000025b56d23e30, 0x0000025b56d24300, 0x0000025b57eafb00,
0x0000025b581b2860, 0x0000025b5821d600, 0x0000025b583aa370, 0x0000025b583a9ea0,
0x0000025b583aa840, 0x0000025b583ac050, 0x0000025b583a99d0, 0x0000025b583ab1e0,
0x0000025b583ab6b0, 0x0000025b583ac9f0, 0x0000025b583abb80, 0x0000025b583acec0,
0x0000025b59df5b70, 0x0000025b59df5150, 0x0000025b58445490, 0x0000025b58445e30,
0x0000025b58446300, 0x0000025b58447170, 0x0000025b584432e0, 0x0000025b58443c80,
0x0000025b58447640, 0x0000025b584484b0, 0x0000025b58444620
}

Java Threads: ( => current thread )
  0x0000025b40010ef0 JavaThread "main" [_thread_blocked, id=230008, stack(0x000000e23ff00000,0x000000e240000000)]
  0x0000025b53ea4ce0 JavaThread "Reference Handler" daemon [_thread_blocked, id=230060, stack(0x000000e240200000,0x000000e240300000)]
  0x0000025b53ea8490 JavaThread "Finalizer" daemon [_thread_blocked, id=230064, stack(0x000000e240300000,0x000000e240400000)]
  0x0000025b563e5260 JavaThread "Signal Dispatcher" daemon [_thread_blocked, id=230092, stack(0x000000e240400000,0x000000e240500000)]
  0x0000025b563e5fe0 JavaThread "Attach Listener" daemon [_thread_blocked, id=230096, stack(0x000000e240500000,0x000000e240600000)]
  0x0000025b563e9410 JavaThread "Service Thread" daemon [_thread_blocked, id=230100, stack(0x000000e240600000,0x000000e240700000)]
  0x0000025b563ed260 JavaThread "Monitor Deflation Thread" daemon [_thread_blocked, id=230104, stack(0x000000e240700000,0x000000e240800000)]
=>0x0000025b563eee40 JavaThread "C2 CompilerThread0" daemon [_thread_in_native, id=230108, stack(0x000000e240800000,0x000000e240900000)]
  0x0000025b56405860 JavaThread "C1 CompilerThread0" daemon [_thread_blocked, id=230112, stack(0x000000e240900000,0x000000e240a00000)]
  0x0000025b56407900 JavaThread "Sweeper thread" daemon [_thread_blocked, id=230116, stack(0x000000e240a00000,0x000000e240b00000)]
  0x0000025b56519050 JavaThread "Common-Cleaner" daemon [_thread_blocked, id=230164, stack(0x000000e240b00000,0x000000e240c00000)]
  0x0000025b568b8070 JavaThread "Notification Thread" daemon [_thread_blocked, id=229444, stack(0x000000e240c00000,0x000000e240d00000)]
  0x0000025b56e3b530 JavaThread "Active Thread: Equinox Container: cd153e51-0210-434f-ad4b-7ab940f9f673" [_thread_blocked, id=230340, stack(0x000000e241300000,0x000000e241400000)]
  0x0000025b56d23e30 JavaThread "Framework Event Dispatcher: Equinox Container: cd153e51-0210-434f-ad4b-7ab940f9f673" daemon [_thread_blocked, id=230352, stack(0x000000e241400000,0x000000e241500000)]
  0x0000025b56d24300 JavaThread "Start Level: Equinox Container: cd153e51-0210-434f-ad4b-7ab940f9f673" daemon [_thread_blocked, id=230348, stack(0x000000e241500000,0x000000e241600000)]
  0x0000025b57eafb00 JavaThread "SCR Component Actor" daemon [_thread_blocked, id=230244, stack(0x000000e241600000,0x000000e241700000)]
  0x0000025b581b2860 JavaThread "Bundle File Closer" daemon [_thread_blocked, id=111568, stack(0x000000e241a00000,0x000000e241b00000)]
  0x0000025b5821d600 JavaThread "Worker-JM" [_thread_blocked, id=229608, stack(0x000000e241b00000,0x000000e241c00000)]
  0x0000025b583aa370 JavaThread "Worker-0" [_thread_blocked, id=229616, stack(0x000000e241c00000,0x000000e241d00000)]
  0x0000025b583a9ea0 JavaThread "Worker-1: Building" [_thread_blocked, id=229600, stack(0x000000e241d00000,0x000000e241e00000)]
  0x0000025b583aa840 JavaThread "Worker-2: Initialize workspace" [_thread_blocked, id=229620, stack(0x000000e241e00000,0x000000e241f00000)]
  0x0000025b583ac050 JavaThread "Worker-3" [_thread_blocked, id=229580, stack(0x000000e241f00000,0x000000e242000000)]
  0x0000025b583a99d0 JavaThread "Java indexing" daemon [_thread_in_Java, id=229788, stack(0x000000e242000000,0x000000e242100000)]
  0x0000025b583ab1e0 JavaThread "Worker-4: Java indexing... " [_thread_blocked, id=229776, stack(0x000000e242100000,0x000000e242200000)]
  0x0000025b583ab6b0 JavaThread "pool-1-thread-1" [_thread_in_native, id=209812, stack(0x000000e242400000,0x000000e242500000)]
  0x0000025b583ac9f0 JavaThread "Worker-5" [_thread_blocked, id=230264, stack(0x000000e241900000,0x000000e241a00000)]
  0x0000025b583abb80 JavaThread "ForkJoinPool.commonPool-worker-1" daemon [_thread_blocked, id=229584, stack(0x000000e242500000,0x000000e242600000)]
  0x0000025b583acec0 JavaThread "ForkJoinPool.commonPool-worker-2" daemon [_thread_blocked, id=207424, stack(0x000000e242600000,0x000000e242700000)]
  0x0000025b59df5b70 JavaThread "C2 CompilerThread1" daemon [_thread_in_native, id=228036, stack(0x000000e23fd00000,0x000000e23fe00000)]
  0x0000025b59df5150 JavaThread "C2 CompilerThread2" daemon [_thread_in_native, id=229020, stack(0x000000e242700000,0x000000e242800000)]
  0x0000025b58445490 JavaThread "Compiler Source File Reader" daemon [_thread_in_native, id=229240, stack(0x000000e242800000,0x000000e242900000)]
  0x0000025b58445e30 JavaThread "Compiler Source File Reader" daemon [_thread_in_native, id=229400, stack(0x000000e242900000,0x000000e242a00000)]
  0x0000025b58446300 JavaThread "Compiler Source File Reader" daemon [_thread_in_native, id=230344, stack(0x000000e242a00000,0x000000e242b00000)]
  0x0000025b58447170 JavaThread "Compiler Source File Reader" daemon [_thread_in_native, id=228676, stack(0x000000e242b00000,0x000000e242c00000)]
  0x0000025b584432e0 JavaThread "Compiler Source File Reader" daemon [_thread_in_native, id=20112, stack(0x000000e242c00000,0x000000e242d00000)]
  0x0000025b58443c80 JavaThread "Compiler Source File Reader" daemon [_thread_in_native, id=14712, stack(0x000000e242d00000,0x000000e242e00000)]
  0x0000025b58447640 JavaThread "Compiler Source File Reader" daemon [_thread_in_native, id=93852, stack(0x000000e242e00000,0x000000e242f00000)]
  0x0000025b584484b0 JavaThread "Compiler Source File Reader" daemon [_thread_in_native, id=122088, stack(0x000000e242f00000,0x000000e243000000)]
  0x0000025b58444620 JavaThread "Compiler Source File Reader" daemon [_thread_in_native, id=86040, stack(0x000000e243000000,0x000000e243100000)]

Other Threads:
  0x0000025b53ea0170 VMThread "VM Thread" [stack: 0x000000e240100000,0x000000e240200000] [id=230056]
  0x0000025b568b8540 WatcherThread [stack: 0x000000e240d00000,0x000000e240e00000] [id=229416]
  0x0000025b400281a0 GCTaskThread "GC Thread#0" [stack: 0x000000e240000000,0x000000e240100000] [id=230012]
  0x0000025b56ce4070 GCTaskThread "GC Thread#1" [stack: 0x000000e240e00000,0x000000e240f00000] [id=229964]
  0x0000025b56ce4940 GCTaskThread "GC Thread#2" [stack: 0x000000e240f00000,0x000000e241000000] [id=229928]
  0x0000025b56ce4bf0 GCTaskThread "GC Thread#3" [stack: 0x000000e241000000,0x000000e241100000] [id=229924]
  0x0000025b57004120 GCTaskThread "GC Thread#4" [stack: 0x000000e241100000,0x000000e241200000] [id=229936]
  0x0000025b570043d0 GCTaskThread "GC Thread#5" [stack: 0x000000e241200000,0x000000e241300000] [id=229932]
  0x0000025b57c4d470 GCTaskThread "GC Thread#6" [stack: 0x000000e241700000,0x000000e241800000] [id=230320]
  0x0000025b57f24cf0 GCTaskThread "GC Thread#7" [stack: 0x000000e241800000,0x000000e241900000] [id=230296]

Threads with active compile tasks:
C2 CompilerThread0    61513 13990   !   4       org.eclipse.jdt.internal.compiler.parser.AbstractCommentParser::commentParse (1858 bytes)
C2 CompilerThread1    61513 14021       4       lombok.eclipse.EclipseAST::buildArguments (56 bytes)
C2 CompilerThread2    61513 13999       4       lombok.eclipse.EclipseAST::buildMethod (110 bytes)

VM state: not at safepoint (normal execution)

VM Mutex/Monitor currently owned by a thread: None

Heap address: 0x00000000c0000000, size: 1024 MB, Compressed Oops mode: 32-bit

CDS archive(s) not mapped
Compressed class space mapped at: 0x0000000100000000-0x0000000140000000, reserved size: 1073741824
Narrow klass base: 0x0000000000000000, Narrow klass shift: 3, Narrow klass range: 0x140000000

GC Precious Log:
 CPUs: 8 total, 8 available
 Memory: 16291M
 Large Page Support: Disabled
 NUMA Support: Disabled
 Compressed Oops: Enabled (32-bit)
 Alignments: Space 512K, Generation 512K, Heap 2M
 Heap Min Capacity: 100M
 Heap Initial Capacity: 100M
 Heap Max Capacity: 1G
 Pre-touch: Disabled
 Parallel Workers: 8

Heap:
 PSYoungGen      total 18944K, used 15337K [0x00000000eab00000, 0x00000000ec400000, 0x0000000100000000)
  eden space 16384K, 78% used [0x00000000eab00000,0x00000000eb77ed88,0x00000000ebb00000)
  from space 2560K, 99% used [0x00000000ebb00000,0x00000000ebd7b908,0x00000000ebd80000)
  to   space 4608K, 0% used [0x00000000ebf80000,0x00000000ebf80000,0x00000000ec400000)
 ParOldGen       total 91136K, used 68061K [0x00000000c0000000, 0x00000000c5900000, 0x00000000eab00000)
  object space 91136K, 74% used [0x00000000c0000000,0x00000000c4277650,0x00000000c5900000)
 Metaspace       used 72664K, committed 73856K, reserved 1122304K
  class space    used 7384K, committed 8000K, reserved 1048576K

Card table byte_map: [0x0000025b3f9d0000,0x0000025b3fbe0000] _byte_map_base: 0x0000025b3f3d0000

Marking Bits: (ParMarkBitMap*) 0x00007ffa035b2cd0
 Begin Bits: [0x0000025b51cb0000, 0x0000025b52cb0000)
 End Bits:   [0x0000025b52cb0000, 0x0000025b53cb0000)

Polling page: 0x0000025b3df70000

Metaspace:

Usage:
  Non-class:     63.75 MB used.
      Class:      7.21 MB used.
       Both:     70.96 MB used.

Virtual space:
  Non-class space:       72.00 MB reserved,      64.31 MB ( 89%) committed,  9 nodes.
      Class space:        1.00 GB reserved,       7.81 MB ( <1%) committed,  1 nodes.
             Both:        1.07 GB reserved,      72.12 MB (  7%) committed. 

Chunk freelists:
   Non-Class:  3.62 MB
       Class:  170.00 KB
        Both:  3.79 MB

MaxMetaspaceSize: unlimited
CompressedClassSpaceSize: 1.00 GB
Initial GC threshold: 21.00 MB
Current GC threshold: 114.81 MB
CDS: off
MetaspaceReclaimPolicy: balanced
 - commit_granule_bytes: 65536.
 - commit_granule_words: 8192.
 - virtual_space_node_default_size: 1048576.
 - enlarge_chunks_in_place: 1.
 - new_chunks_are_fully_committed: 0.
 - uncommit_free_chunks: 1.
 - use_allocation_guard: 0.
 - handle_deallocations: 1.


Internal statistics:

num_allocs_failed_limit: 9.
num_arena_births: 786.
num_arena_deaths: 14.
num_vsnodes_births: 10.
num_vsnodes_deaths: 0.
num_space_committed: 1154.
num_space_uncommitted: 0.
num_chunks_returned_to_freelist: 23.
num_chunks_taken_from_freelist: 3659.
num_chunk_merges: 13.
num_chunk_splits: 2295.
num_chunks_enlarged: 1372.
num_purges: 2.
num_inconsistent_stats: 0.

CodeHeap 'non-profiled nmethods': size=120000Kb used=6238Kb max_used=6564Kb free=113761Kb
 bounds [0x0000025b4a780000, 0x0000025b4adf0000, 0x0000025b51cb0000]
CodeHeap 'profiled nmethods': size=120000Kb used=25789Kb max_used=26982Kb free=94210Kb
 bounds [0x0000025b43250000, 0x0000025b44cb0000, 0x0000025b4a780000]
CodeHeap 'non-nmethods': size=5760Kb used=1357Kb max_used=1456Kb free=4402Kb
 bounds [0x0000025b42cb0000, 0x0000025b42f20000, 0x0000025b43250000]
 total_blobs=12246 nmethods=11549 adapters=609
 compilation: enabled
              stopped_count=0, restarted_count=0
 full_count=0

Compilation events (20 events):
Event: 61.262 Thread 0x0000025b56405860 14027       3       org.eclipse.jdt.internal.compiler.ast.Javadoc::<init> (38 bytes)
Event: 61.262 Thread 0x0000025b56405860 nmethod 14027 0x0000025b43bfd090 code [0x0000025b43bfd240, 0x0000025b43bfd458]
Event: 61.331 Thread 0x0000025b56405860 14029       3       org.eclipse.jdt.internal.compiler.parser.Parser::pushOnExpressionStack (106 bytes)
Event: 61.332 Thread 0x0000025b56405860 nmethod 14029 0x0000025b437d8690 code [0x0000025b437d8860, 0x0000025b437d8e58]
Event: 61.332 Thread 0x0000025b56405860 14030       3       org.eclipse.core.internal.content.BasicDescription::<init> (10 bytes)
Event: 61.332 Thread 0x0000025b56405860 nmethod 14030 0x0000025b433c7690 code [0x0000025b433c7820, 0x0000025b433c7998]
Event: 61.372 Thread 0x0000025b56405860 14031       3       org.eclipse.jdt.internal.compiler.ExtraFlags::getExtraFlags (81 bytes)
Event: 61.373 Thread 0x0000025b56405860 nmethod 14031 0x0000025b439a8690 code [0x0000025b439a8840, 0x0000025b439a8bb8]
Event: 61.377 Thread 0x0000025b56405860 14032       3       org.eclipse.jdt.internal.compiler.SourceElementParser::consumeClassHeaderName1 (22 bytes)
Event: 61.378 Thread 0x0000025b56405860 nmethod 14032 0x0000025b443f4a90 code [0x0000025b443f4c40, 0x0000025b443f4e58]
Event: 61.379 Thread 0x0000025b56405860 14033       3       org.eclipse.jdt.internal.compiler.SourceElementNotifier::getInterfaceNames (117 bytes)
Event: 61.380 Thread 0x0000025b56405860 nmethod 14033 0x0000025b446c7290 code [0x0000025b446c74a0, 0x0000025b446c7db8]
Event: 61.380 Thread 0x0000025b56405860 14034       3       org.eclipse.jdt.internal.compiler.ISourceElementRequestor$TypeInfo::<init> (16 bytes)
Event: 61.380 Thread 0x0000025b56405860 nmethod 14034 0x0000025b4346db10 code [0x0000025b4346dcc0, 0x0000025b4346dfd8]
Event: 61.387 Thread 0x0000025b56405860 14035       3       org.eclipse.jdt.internal.compiler.SourceElementNotifier::getSuperclassName (23 bytes)
Event: 61.387 Thread 0x0000025b56405860 nmethod 14035 0x0000025b43674090 code [0x0000025b43674260, 0x0000025b436744d8]
Event: 61.388 Thread 0x0000025b56405860 14036       3       org.eclipse.jdt.internal.compiler.SourceElementNotifier::sourceEnd (44 bytes)
Event: 61.388 Thread 0x0000025b56405860 nmethod 14036 0x0000025b443fb790 code [0x0000025b443fb940, 0x0000025b443fbb58]
Event: 61.391 Thread 0x0000025b56405860 14037       3       org.eclipse.jdt.internal.compiler.ast.TypeDeclaration::isSecondary (15 bytes)
Event: 61.392 Thread 0x0000025b56405860 nmethod 14037 0x0000025b4333b510 code [0x0000025b4333b6a0, 0x0000025b4333b818]

GC Heap History (20 events):
Event: 51.612 GC heap before
{Heap before GC invocations=61 (full 4):
 PSYoungGen      total 20992K, used 20990K [0x00000000eab00000, 0x00000000ec800000, 0x0000000100000000)
  eden space 16384K, 100% used [0x00000000eab00000,0x00000000ebb00000,0x00000000ebb00000)
  from space 4608K, 99% used [0x00000000ebb80000,0x00000000ebfff928,0x00000000ec000000)
  to   space 6656K, 0% used [0x00000000ec180000,0x00000000ec180000,0x00000000ec800000)
 ParOldGen       total 83456K, used 80612K [0x00000000c0000000, 0x00000000c5180000, 0x00000000eab00000)
  object space 83456K, 96% used [0x00000000c0000000,0x00000000c4eb90c8,0x00000000c5180000)
 Metaspace       used 69413K, committed 70528K, reserved 1114112K
  class space    used 7015K, committed 7552K, reserved 1048576K
}
Event: 51.617 GC heap after
{Heap after GC invocations=61 (full 4):
 PSYoungGen      total 19456K, used 3001K [0x00000000eab00000, 0x00000000ec480000, 0x0000000100000000)
  eden space 16384K, 0% used [0x00000000eab00000,0x00000000eab00000,0x00000000ebb00000)
  from space 3072K, 97% used [0x00000000ec180000,0x00000000ec46e660,0x00000000ec480000)
  to   space 4608K, 0% used [0x00000000ebb80000,0x00000000ebb80000,0x00000000ec000000)
 ParOldGen       total 83456K, used 82368K [0x00000000c0000000, 0x00000000c5180000, 0x00000000eab00000)
  object space 83456K, 98% used [0x00000000c0000000,0x00000000c5070340,0x00000000c5180000)
 Metaspace       used 69413K, committed 70528K, reserved 1114112K
  class space    used 7015K, committed 7552K, reserved 1048576K
}
Event: 51.617 GC heap before
{Heap before GC invocations=62 (full 5):
 PSYoungGen      total 19456K, used 3001K [0x00000000eab00000, 0x00000000ec480000, 0x0000000100000000)
  eden space 16384K, 0% used [0x00000000eab00000,0x00000000eab00000,0x00000000ebb00000)
  from space 3072K, 97% used [0x00000000ec180000,0x00000000ec46e660,0x00000000ec480000)
  to   space 4608K, 0% used [0x00000000ebb80000,0x00000000ebb80000,0x00000000ec000000)
 ParOldGen       total 83456K, used 82368K [0x00000000c0000000, 0x00000000c5180000, 0x00000000eab00000)
  object space 83456K, 98% used [0x00000000c0000000,0x00000000c5070340,0x00000000c5180000)
 Metaspace       used 69413K, committed 70528K, reserved 1114112K
  class space    used 7015K, committed 7552K, reserved 1048576K
}
Event: 51.731 GC heap after
{Heap after GC invocations=62 (full 5):
 PSYoungGen      total 16896K, used 0K [0x00000000eab00000, 0x00000000ec400000, 0x0000000100000000)
  eden space 16384K, 0% used [0x00000000eab00000,0x00000000eab00000,0x00000000ebb00000)
  from space 512K, 0% used [0x00000000ebb80000,0x00000000ebb80000,0x00000000ebc00000)
  to   space 4608K, 0% used [0x00000000ebf80000,0x00000000ebf80000,0x00000000ec400000)
 ParOldGen       total 91136K, used 64609K [0x00000000c0000000, 0x00000000c5900000, 0x00000000eab00000)
  object space 91136K, 70% used [0x00000000c0000000,0x00000000c3f18670,0x00000000c5900000)
 Metaspace       used 69413K, committed 70528K, reserved 1114112K
  class space    used 7015K, committed 7552K, reserved 1048576K
}
Event: 51.881 GC heap before
{Heap before GC invocations=63 (full 5):
 PSYoungGen      total 16896K, used 16384K [0x00000000eab00000, 0x00000000ec400000, 0x0000000100000000)
  eden space 16384K, 100% used [0x00000000eab00000,0x00000000ebb00000,0x00000000ebb00000)
  from space 512K, 0% used [0x00000000ebb80000,0x00000000ebb80000,0x00000000ebc00000)
  to   space 4608K, 0% used [0x00000000ebf80000,0x00000000ebf80000,0x00000000ec400000)
 ParOldGen       total 91136K, used 64609K [0x00000000c0000000, 0x00000000c5900000, 0x00000000eab00000)
  object space 91136K, 70% used [0x00000000c0000000,0x00000000c3f18670,0x00000000c5900000)
 Metaspace       used 69422K, committed 70528K, reserved 1114112K
  class space    used 7015K, committed 7552K, reserved 1048576K
}
Event: 51.883 GC heap after
{Heap after GC invocations=63 (full 5):
 PSYoungGen      total 16896K, used 256K [0x00000000eab00000, 0x00000000ec000000, 0x0000000100000000)
  eden space 16384K, 0% used [0x00000000eab00000,0x00000000eab00000,0x00000000ebb00000)
  from space 512K, 50% used [0x00000000ebf80000,0x00000000ebfc0000,0x00000000ec000000)
  to   space 1536K, 0% used [0x00000000ebd00000,0x00000000ebd00000,0x00000000ebe80000)
 ParOldGen       total 91136K, used 64617K [0x00000000c0000000, 0x00000000c5900000, 0x00000000eab00000)
  object space 91136K, 70% used [0x00000000c0000000,0x00000000c3f1a670,0x00000000c5900000)
 Metaspace       used 69422K, committed 70528K, reserved 1114112K
  class space    used 7015K, committed 7552K, reserved 1048576K
}
Event: 52.013 GC heap before
{Heap before GC invocations=64 (full 5):
 PSYoungGen      total 16896K, used 16640K [0x00000000eab00000, 0x00000000ec000000, 0x0000000100000000)
  eden space 16384K, 100% used [0x00000000eab00000,0x00000000ebb00000,0x00000000ebb00000)
  from space 512K, 50% used [0x00000000ebf80000,0x00000000ebfc0000,0x00000000ec000000)
  to   space 1536K, 0% used [0x00000000ebd00000,0x00000000ebd00000,0x00000000ebe80000)
 ParOldGen       total 91136K, used 64617K [0x00000000c0000000, 0x00000000c5900000, 0x00000000eab00000)
  object space 91136K, 70% used [0x00000000c0000000,0x00000000c3f1a670,0x00000000c5900000)
 Metaspace       used 69434K, committed 70528K, reserved 1114112K
  class space    used 7015K, committed 7552K, reserved 1048576K
}
Event: 52.014 GC heap after
{Heap after GC invocations=64 (full 5):
 PSYoungGen      total 17920K, used 256K [0x00000000eab00000, 0x00000000ec000000, 0x0000000100000000)
  eden space 16384K, 0% used [0x00000000eab00000,0x00000000eab00000,0x00000000ebb00000)
  from space 1536K, 16% used [0x00000000ebd00000,0x00000000ebd40000,0x00000000ebe80000)
  to   space 512K, 0% used [0x00000000ebf80000,0x00000000ebf80000,0x00000000ec000000)
 ParOldGen       total 91136K, used 64617K [0x00000000c0000000, 0x00000000c5900000, 0x00000000eab00000)
  object space 91136K, 70% used [0x00000000c0000000,0x00000000c3f1a670,0x00000000c5900000)
 Metaspace       used 69434K, committed 70528K, reserved 1114112K
  class space    used 7015K, committed 7552K, reserved 1048576K
}
Event: 52.042 GC heap before
{Heap before GC invocations=65 (full 5):
 PSYoungGen      total 17920K, used 16640K [0x00000000eab00000, 0x00000000ec000000, 0x0000000100000000)
  eden space 16384K, 100% used [0x00000000eab00000,0x00000000ebb00000,0x00000000ebb00000)
  from space 1536K, 16% used [0x00000000ebd00000,0x00000000ebd40000,0x00000000ebe80000)
  to   space 512K, 0% used [0x00000000ebf80000,0x00000000ebf80000,0x00000000ec000000)
 ParOldGen       total 91136K, used 64617K [0x00000000c0000000, 0x00000000c5900000, 0x00000000eab00000)
  object space 91136K, 70% used [0x00000000c0000000,0x00000000c3f1a670,0x00000000c5900000)
 Metaspace       used 69435K, committed 70528K, reserved 1114112K
  class space    used 7015K, committed 7552K, reserved 1048576K
}
Event: 52.043 GC heap after
{Heap after GC invocations=65 (full 5):
 PSYoungGen      total 16896K, used 256K [0x00000000eab00000, 0x00000000ec000000, 0x0000000100000000)
  eden space 16384K, 0% used [0x00000000eab00000,0x00000000eab00000,0x00000000ebb00000)
  from space 512K, 50% used [0x00000000ebf80000,0x00000000ebfc0000,0x00000000ec000000)
  to   space 512K, 0% used [0x00000000ebf00000,0x00000000ebf00000,0x00000000ebf80000)
 ParOldGen       total 91136K, used 64625K [0x00000000c0000000, 0x00000000c5900000, 0x00000000eab00000)
  object space 91136K, 70% used [0x00000000c0000000,0x00000000c3f1c670,0x00000000c5900000)
 Metaspace       used 69435K, committed 70528K, reserved 1114112K
  class space    used 7015K, committed 7552K, reserved 1048576K
}
Event: 52.241 GC heap before
{Heap before GC invocations=66 (full 5):
 PSYoungGen      total 16896K, used 16632K [0x00000000eab00000, 0x00000000ec000000, 0x0000000100000000)
  eden space 16384K, 99% used [0x00000000eab00000,0x00000000ebafe210,0x00000000ebb00000)
  from space 512K, 50% used [0x00000000ebf80000,0x00000000ebfc0000,0x00000000ec000000)
  to   space 512K, 0% used [0x00000000ebf00000,0x00000000ebf00000,0x00000000ebf80000)
 ParOldGen       total 91136K, used 64625K [0x00000000c0000000, 0x00000000c5900000, 0x00000000eab00000)
  object space 91136K, 70% used [0x00000000c0000000,0x00000000c3f1c670,0x00000000c5900000)
 Metaspace       used 69901K, committed 71040K, reserved 1114112K
  class space    used 7051K, committed 7616K, reserved 1048576K
}
Event: 52.242 GC heap after
{Heap after GC invocations=66 (full 5):
 PSYoungGen      total 16896K, used 416K [0x00000000eab00000, 0x00000000ec000000, 0x0000000100000000)
  eden space 16384K, 0% used [0x00000000eab00000,0x00000000eab00000,0x00000000ebb00000)
  from space 512K, 81% used [0x00000000ebf00000,0x00000000ebf68000,0x00000000ebf80000)
  to   space 512K, 0% used [0x00000000ebf80000,0x00000000ebf80000,0x00000000ec000000)
 ParOldGen       total 91136K, used 64889K [0x00000000c0000000, 0x00000000c5900000, 0x00000000eab00000)
  object space 91136K, 71% used [0x00000000c0000000,0x00000000c3f5e688,0x00000000c5900000)
 Metaspace       used 69901K, committed 71040K, reserved 1114112K
  class space    used 7051K, committed 7616K, reserved 1048576K
}
Event: 52.317 GC heap before
{Heap before GC invocations=67 (full 5):
 PSYoungGen      total 16896K, used 16800K [0x00000000eab00000, 0x00000000ec000000, 0x0000000100000000)
  eden space 16384K, 100% used [0x00000000eab00000,0x00000000ebb00000,0x00000000ebb00000)
  from space 512K, 81% used [0x00000000ebf00000,0x00000000ebf68000,0x00000000ebf80000)
  to   space 512K, 0% used [0x00000000ebf80000,0x00000000ebf80000,0x00000000ec000000)
 ParOldGen       total 91136K, used 64889K [0x00000000c0000000, 0x00000000c5900000, 0x00000000eab00000)
  object space 91136K, 71% used [0x00000000c0000000,0x00000000c3f5e688,0x00000000c5900000)
 Metaspace       used 70611K, committed 71680K, reserved 1114112K
  class space    used 7156K, committed 7680K, reserved 1048576K
}
Event: 52.318 GC heap after
{Heap after GC invocations=67 (full 5):
 PSYoungGen      total 16896K, used 496K [0x00000000eab00000, 0x00000000ec000000, 0x0000000100000000)
  eden space 16384K, 0% used [0x00000000eab00000,0x00000000eab00000,0x00000000ebb00000)
  from space 512K, 96% used [0x00000000ebf80000,0x00000000ebffc020,0x00000000ec000000)
  to   space 1024K, 0% used [0x00000000ebe00000,0x00000000ebe00000,0x00000000ebf00000)
 ParOldGen       total 91136K, used 64945K [0x00000000c0000000, 0x00000000c5900000, 0x00000000eab00000)
  object space 91136K, 71% used [0x00000000c0000000,0x00000000c3f6c688,0x00000000c5900000)
 Metaspace       used 70611K, committed 71680K, reserved 1114112K
  class space    used 7156K, committed 7680K, reserved 1048576K
}
Event: 54.943 GC heap before
{Heap before GC invocations=68 (full 5):
 PSYoungGen      total 16896K, used 16880K [0x00000000eab00000, 0x00000000ec000000, 0x0000000100000000)
  eden space 16384K, 100% used [0x00000000eab00000,0x00000000ebb00000,0x00000000ebb00000)
  from space 512K, 96% used [0x00000000ebf80000,0x00000000ebffc020,0x00000000ec000000)
  to   space 1024K, 0% used [0x00000000ebe00000,0x00000000ebe00000,0x00000000ebf00000)
 ParOldGen       total 91136K, used 64945K [0x00000000c0000000, 0x00000000c5900000, 0x00000000eab00000)
  object space 91136K, 71% used [0x00000000c0000000,0x00000000c3f6c688,0x00000000c5900000)
 Metaspace       used 71824K, committed 73024K, reserved 1114112K
  class space    used 7322K, committed 7936K, reserved 1048576K
}
Event: 54.945 GC heap after
{Heap after GC invocations=68 (full 5):
 PSYoungGen      total 17408K, used 992K [0x00000000eab00000, 0x00000000ec000000, 0x0000000100000000)
  eden space 16384K, 0% used [0x00000000eab00000,0x00000000eab00000,0x00000000ebb00000)
  from space 1024K, 96% used [0x00000000ebe00000,0x00000000ebef8010,0x00000000ebf00000)
  to   space 1024K, 0% used [0x00000000ebf00000,0x00000000ebf00000,0x00000000ec000000)
 ParOldGen       total 91136K, used 65361K [0x00000000c0000000, 0x00000000c5900000, 0x00000000eab00000)
  object space 91136K, 71% used [0x00000000c0000000,0x00000000c3fd4688,0x00000000c5900000)
 Metaspace       used 71824K, committed 73024K, reserved 1114112K
  class space    used 7322K, committed 7936K, reserved 1048576K
}
Event: 59.031 GC heap before
{Heap before GC invocations=69 (full 5):
 PSYoungGen      total 17408K, used 17376K [0x00000000eab00000, 0x00000000ec000000, 0x0000000100000000)
  eden space 16384K, 100% used [0x00000000eab00000,0x00000000ebb00000,0x00000000ebb00000)
  from space 1024K, 96% used [0x00000000ebe00000,0x00000000ebef8010,0x00000000ebf00000)
  to   space 1024K, 0% used [0x00000000ebf00000,0x00000000ebf00000,0x00000000ec000000)
 ParOldGen       total 91136K, used 65361K [0x00000000c0000000, 0x00000000c5900000, 0x00000000eab00000)
  object space 91136K, 71% used [0x00000000c0000000,0x00000000c3fd4688,0x00000000c5900000)
 Metaspace       used 72337K, committed 73472K, reserved 1122304K
  class space    used 7362K, committed 7936K, reserved 1048576K
}
Event: 59.034 GC heap after
{Heap after GC invocations=69 (full 5):
 PSYoungGen      total 17408K, used 993K [0x00000000eab00000, 0x00000000ec000000, 0x0000000100000000)
  eden space 16384K, 0% used [0x00000000eab00000,0x00000000eab00000,0x00000000ebb00000)
  from space 1024K, 96% used [0x00000000ebf00000,0x00000000ebff8518,0x00000000ec000000)
  to   space 2560K, 0% used [0x00000000ebb00000,0x00000000ebb00000,0x00000000ebd80000)
 ParOldGen       total 91136K, used 66460K [0x00000000c0000000, 0x00000000c5900000, 0x00000000eab00000)
  object space 91136K, 72% used [0x00000000c0000000,0x00000000c40e7028,0x00000000c5900000)
 Metaspace       used 72337K, committed 73472K, reserved 1122304K
  class space    used 7362K, committed 7936K, reserved 1048576K
}
Event: 60.746 GC heap before
{Heap before GC invocations=70 (full 5):
 PSYoungGen      total 17408K, used 17377K [0x00000000eab00000, 0x00000000ec000000, 0x0000000100000000)
  eden space 16384K, 100% used [0x00000000eab00000,0x00000000ebb00000,0x00000000ebb00000)
  from space 1024K, 96% used [0x00000000ebf00000,0x00000000ebff8518,0x00000000ec000000)
  to   space 2560K, 0% used [0x00000000ebb00000,0x00000000ebb00000,0x00000000ebd80000)
 ParOldGen       total 91136K, used 66460K [0x00000000c0000000, 0x00000000c5900000, 0x00000000eab00000)
  object space 91136K, 72% used [0x00000000c0000000,0x00000000c40e7028,0x00000000c5900000)
 Metaspace       used 72612K, committed 73856K, reserved 1122304K
  class space    used 7383K, committed 8000K, reserved 1048576K
}
Event: 60.750 GC heap after
{Heap after GC invocations=70 (full 5):
 PSYoungGen      total 18944K, used 2542K [0x00000000eab00000, 0x00000000ec400000, 0x0000000100000000)
  eden space 16384K, 0% used [0x00000000eab00000,0x00000000eab00000,0x00000000ebb00000)
  from space 2560K, 99% used [0x00000000ebb00000,0x00000000ebd7b908,0x00000000ebd80000)
  to   space 4608K, 0% used [0x00000000ebf80000,0x00000000ebf80000,0x00000000ec400000)
 ParOldGen       total 91136K, used 68061K [0x00000000c0000000, 0x00000000c5900000, 0x00000000eab00000)
  object space 91136K, 74% used [0x00000000c0000000,0x00000000c4277650,0x00000000c5900000)
 Metaspace       used 72612K, committed 73856K, reserved 1122304K
  class space    used 7383K, committed 8000K, reserved 1048576K
}

Deoptimization events (20 events):
Event: 60.766 Thread 0x0000025b583a99d0 Uncommon trap: trap_request=0xffffffde fr.pc=0x0000025b4ab3b2bc relative=0x00000000000005bc
Event: 60.766 Thread 0x0000025b583a99d0 Uncommon trap: reason=class_check action=maybe_recompile pc=0x0000025b4ab3b2bc method=org.eclipse.jdt.internal.compiler.parser.Parser.consumeRule(I)V @ 7719 c2
Event: 60.766 Thread 0x0000025b583a99d0 DEOPT PACKING pc=0x0000025b4ab3b2bc sp=0x000000e2420ff060
Event: 60.766 Thread 0x0000025b583a99d0 DEOPT UNPACKING pc=0x0000025b42d020a3 sp=0x000000e2420ff008 mode 2
Event: 60.767 Thread 0x0000025b583a99d0 Uncommon trap: trap_request=0xffffffde fr.pc=0x0000025b4ab3b2bc relative=0x00000000000005bc
Event: 60.767 Thread 0x0000025b583a99d0 Uncommon trap: reason=class_check action=maybe_recompile pc=0x0000025b4ab3b2bc method=org.eclipse.jdt.internal.compiler.parser.Parser.consumeRule(I)V @ 7719 c2
Event: 60.767 Thread 0x0000025b583a99d0 DEOPT PACKING pc=0x0000025b4ab3b2bc sp=0x000000e2420ff060
Event: 60.767 Thread 0x0000025b583a99d0 DEOPT UNPACKING pc=0x0000025b42d020a3 sp=0x000000e2420ff008 mode 2
Event: 60.769 Thread 0x0000025b583a99d0 Uncommon trap: trap_request=0xffffff45 fr.pc=0x0000025b4aaad984 relative=0x00000000000003e4
Event: 60.769 Thread 0x0000025b583a99d0 Uncommon trap: reason=unstable_if action=reinterpret pc=0x0000025b4aaad984 method=org.eclipse.jdt.core.compiler.CharOperation.concatWith([[CC)[C @ 1 c2
Event: 60.769 Thread 0x0000025b583a99d0 DEOPT PACKING pc=0x0000025b4aaad984 sp=0x000000e2420feda0
Event: 60.769 Thread 0x0000025b583a99d0 DEOPT UNPACKING pc=0x0000025b42d020a3 sp=0x000000e2420fed60 mode 2
Event: 60.887 Thread 0x0000025b583a99d0 DEOPT PACKING pc=0x0000025b43fd5f18 sp=0x000000e2420fee10
Event: 60.887 Thread 0x0000025b583a99d0 DEOPT UNPACKING pc=0x0000025b42d02843 sp=0x000000e2420fe250 mode 0
Event: 60.908 Thread 0x0000025b583a9ea0 DEOPT PACKING pc=0x0000025b4405f77f sp=0x000000e241dfe230
Event: 60.908 Thread 0x0000025b583a9ea0 DEOPT UNPACKING pc=0x0000025b42d02843 sp=0x000000e241dfd728 mode 0
Event: 60.953 Thread 0x0000025b583a9ea0 DEOPT PACKING pc=0x0000025b442108ef sp=0x000000e241dfe180
Event: 60.953 Thread 0x0000025b583a9ea0 DEOPT UNPACKING pc=0x0000025b42d02843 sp=0x000000e241dfd680 mode 0
Event: 61.195 Thread 0x0000025b583a9ea0 DEOPT PACKING pc=0x0000025b443904f2 sp=0x000000e241dfe3b0
Event: 61.195 Thread 0x0000025b583a9ea0 DEOPT UNPACKING pc=0x0000025b42d02843 sp=0x000000e241dfd838 mode 0

Classes unloaded (7 events):
Event: 6.153 Thread 0x0000025b53ea0170 Unloading class 0x0000000100218800 'java/lang/invoke/LambdaForm$MH+0x0000000100218800'
Event: 6.153 Thread 0x0000025b53ea0170 Unloading class 0x0000000100218400 'java/lang/invoke/LambdaForm$MH+0x0000000100218400'
Event: 6.153 Thread 0x0000025b53ea0170 Unloading class 0x0000000100218000 'java/lang/invoke/LambdaForm$MH+0x0000000100218000'
Event: 6.153 Thread 0x0000025b53ea0170 Unloading class 0x0000000100217c00 'java/lang/invoke/LambdaForm$MH+0x0000000100217c00'
Event: 6.153 Thread 0x0000025b53ea0170 Unloading class 0x0000000100217400 'java/lang/invoke/LambdaForm$BMH+0x0000000100217400'
Event: 6.153 Thread 0x0000025b53ea0170 Unloading class 0x0000000100217000 'java/lang/invoke/LambdaForm$DMH+0x0000000100217000'
Event: 6.153 Thread 0x0000025b53ea0170 Unloading class 0x0000000100214400 'java/lang/invoke/LambdaForm$DMH+0x0000000100214400'

Classes redefined (0 events):
No events

Internal exceptions (20 events):
Event: 36.726 Thread 0x0000025b583aa370 Implicit null exception at 0x0000025b4a9d8c6c to 0x0000025b4a9d8d14
Event: 41.607 Thread 0x0000025b583aa370 Exception <a 'java/lang/NoSuchMethodError'{0x00000000eb9b8c40}: 'void java.lang.invoke.DirectMethodHandle$Holder.invokeStatic(java.lang.Object, int)'> (0x00000000eb9b8c40) 
thrown [s\src\hotspot\share\interpreter\linkResolver.cpp, line 759]
Event: 42.032 Thread 0x0000025b583aa370 Exception <a 'java/lang/NoSuchMethodError'{0x00000000eac75c68}: 'int java.lang.invoke.DirectMethodHandle$Holder.invokeSpecial(java.lang.Object, java.lang.Object, java.lang.Object, java.lang.Object)'> (0x00000000eac75c68) 
thrown [s\src\hotspot\share\interpreter\linkResolver.cpp, line 759]
Event: 42.036 Thread 0x0000025b583aa370 Exception <a 'java/lang/NoSuchMethodError'{0x00000000eac8e420}: 'java.lang.Object java.lang.invoke.DirectMethodHandle$Holder.invokeStatic(java.lang.Object, int, java.lang.Object, java.lang.Object)'> (0x00000000eac8e420) 
thrown [s\src\hotspot\share\interpreter\linkResolver.cpp, line 759]
Event: 42.037 Thread 0x0000025b583aa370 Exception <a 'java/lang/NoSuchMethodError'{0x00000000eac926d8}: 'java.lang.Object java.lang.invoke.DirectMethodHandle$Holder.invokeSpecial(java.lang.Object, java.lang.Object, int, java.lang.Object, java.lang.Object)'> (0x00000000eac926d8) 
thrown [s\src\hotspot\share\interpreter\linkResolver.cpp, line 759]
Event: 42.037 Thread 0x0000025b583aa370 Exception <a 'java/lang/NoSuchMethodError'{0x00000000eac960d8}: 'java.lang.Object java.lang.invoke.DelegatingMethodHandle$Holder.delegate(java.lang.Object, int, java.lang.Object, java.lang.Object)'> (0x00000000eac960d8) 
thrown [s\src\hotspot\share\interpreter\linkResolver.cpp, line 759]
Event: 42.041 Thread 0x0000025b583aa370 Exception <a 'java/lang/NoSuchMethodError'{0x00000000eacabae0}: 'int java.lang.invoke.Invokers$Holder.linkToTargetMethod(java.lang.Object, java.lang.Object, java.lang.Object)'> (0x00000000eacabae0) 
thrown [s\src\hotspot\share\interpreter\linkResolver.cpp, line 759]
Event: 42.347 Thread 0x0000025b583aa370 Exception <a 'java/io/FileNotFoundException'{0x00000000eb03cfd8}> (0x00000000eb03cfd8) 
thrown [s\src\hotspot\share\prims\jni.cpp, line 516]
Event: 42.348 Thread 0x0000025b583aa370 Exception <a 'java/io/FileNotFoundException'{0x00000000eb03e5c0}> (0x00000000eb03e5c0) 
thrown [s\src\hotspot\share\prims\jni.cpp, line 516]
Event: 42.461 Thread 0x0000025b583aa370 Implicit null exception at 0x0000025b4a9afe26 to 0x0000025b4a9b1584
Event: 47.832 Thread 0x0000025b583aa370 Exception <a 'java/io/FileNotFoundException'{0x00000000eacbfe58}> (0x00000000eacbfe58) 
thrown [s\src\hotspot\share\prims\jni.cpp, line 516]
Event: 52.382 Thread 0x0000025b583aa370 Exception <a 'java/lang/NoSuchMethodError'{0x00000000eac8fdd8}: 'java.lang.Object java.lang.invoke.DirectMethodHandle$Holder.invokeSpecial(java.lang.Object, java.lang.Object, java.lang.Object, int, int)'> (0x00000000eac8fdd8) 
thrown [s\src\hotspot\share\interpreter\linkResolver.cpp, line 759]
Event: 52.436 Thread 0x0000025b583aa370 Implicit null exception at 0x0000025b4acb9ece to 0x0000025b4acbf4b4
Event: 52.437 Thread 0x0000025b583aa370 Implicit null exception at 0x0000025b4ab24ae8 to 0x0000025b4ab25f40
Event: 52.512 Thread 0x0000025b583aa370 Exception <a 'java/lang/ClassNotFoundException'{0x00000000eae8f0c8}: com/sun/org/apache/xalan/internal/xsltc/runtime/spi/ErrorMessagesProvider> (0x00000000eae8f0c8) 
thrown [s\src\hotspot\share\classfile\systemDictionary.cpp, line 256]
Event: 59.581 Thread 0x0000025b583a9ea0 Exception <a 'java/lang/NoSuchMethodError'{0x00000000eae883a0}: 'java.lang.Object java.lang.invoke.DirectMethodHandle$Holder.invokeStatic(java.lang.Object, java.lang.Object, java.lang.Object, long)'> (0x00000000eae883a0) 
thrown [s\src\hotspot\share\interpreter\linkResolver.cpp, line 759]
Event: 59.582 Thread 0x0000025b583a9ea0 Exception <a 'java/lang/NoSuchMethodError'{0x00000000eae8fa98}: 'java.lang.Object java.lang.invoke.DirectMethodHandle$Holder.newInvokeSpecial(java.lang.Object, java.lang.Object, java.lang.Object, long)'> (0x00000000eae8fa98) 
thrown [s\src\hotspot\share\interpreter\linkResolver.cpp, line 759]
Event: 59.583 Thread 0x0000025b583a9ea0 Exception <a 'java/lang/NoSuchMethodError'{0x00000000eb16fe78}: 'java.lang.Object java.lang.invoke.DirectMethodHandle$Holder.invokeSpecial(java.lang.Object, java.lang.Object, java.lang.Object, java.lang.Object, long)'> (0x00000000eb16fe78) 
thrown [s\src\hotspot\share\interpreter\linkResolver.cpp, line 759]
Event: 59.584 Thread 0x0000025b583a9ea0 Exception <a 'java/lang/NoSuchMethodError'{0x00000000eb173a48}: 'java.lang.Object java.lang.invoke.Invokers$Holder.linkToTargetMethod(java.lang.Object, java.lang.Object, long, java.lang.Object)'> (0x00000000eb173a48) 
thrown [s\src\hotspot\share\interpreter\linkResolver.cpp, line 759]
Event: 60.769 Thread 0x0000025b583a99d0 Implicit null exception at 0x0000025b4aaad5b4 to 0x0000025b4aaad970

VM Operations (20 events):
Event: 54.583 Executing VM operation: Cleanup
Event: 54.583 Executing VM operation: Cleanup done
Event: 54.943 Executing VM operation: ParallelGCFailedAllocation
Event: 54.946 Executing VM operation: ParallelGCFailedAllocation done
Event: 55.955 Executing VM operation: Cleanup
Event: 55.955 Executing VM operation: Cleanup done
Event: 58.981 Executing VM operation: Cleanup
Event: 58.982 Executing VM operation: Cleanup done
Event: 59.030 Executing VM operation: ParallelGCFailedAllocation
Event: 59.034 Executing VM operation: ParallelGCFailedAllocation done
Event: 59.387 Executing VM operation: HandshakeAllThreads
Event: 59.387 Executing VM operation: HandshakeAllThreads done
Event: 60.403 Executing VM operation: Cleanup
Event: 60.403 Executing VM operation: Cleanup done
Event: 60.742 Executing VM operation: ParallelGCFailedAllocation
Event: 60.756 Executing VM operation: ParallelGCFailedAllocation done
Event: 60.850 Executing VM operation: HandshakeAllThreads
Event: 60.851 Executing VM operation: HandshakeAllThreads done
Event: 60.910 Executing VM operation: HandshakeAllThreads
Event: 60.910 Executing VM operation: HandshakeAllThreads done

Events (20 events):
Event: 60.943 Thread 0x0000025b56407900 flushing nmethod 0x0000025b44876810
Event: 60.943 Thread 0x0000025b56407900 flushing nmethod 0x0000025b4487a910
Event: 60.943 Thread 0x0000025b56407900 flushing nmethod 0x0000025b4487b090
Event: 60.943 Thread 0x0000025b56407900 flushing nmethod 0x0000025b4491ff10
Event: 60.943 Thread 0x0000025b56407900 flushing nmethod 0x0000025b44921110
Event: 60.943 Thread 0x0000025b56407900 flushing nmethod 0x0000025b44923390
Event: 60.943 Thread 0x0000025b56407900 flushing nmethod 0x0000025b44923790
Event: 60.943 Thread 0x0000025b56407900 flushing nmethod 0x0000025b44924210
Event: 60.944 Thread 0x0000025b56407900 flushing nmethod 0x0000025b44926990
Event: 60.944 Thread 0x0000025b56407900 flushing nmethod 0x0000025b4492d910
Event: 60.944 Thread 0x0000025b56407900 flushing nmethod 0x0000025b44940190
Event: 60.944 Thread 0x0000025b56407900 flushing nmethod 0x0000025b44940990
Event: 60.944 Thread 0x0000025b56407900 flushing nmethod 0x0000025b44942190
Event: 60.944 Thread 0x0000025b56407900 flushing nmethod 0x0000025b44944110
Event: 60.944 Thread 0x0000025b56407900 flushing nmethod 0x0000025b44945090
Event: 60.944 Thread 0x0000025b56407900 flushing nmethod 0x0000025b44948e10
Event: 60.944 Thread 0x0000025b56407900 flushing nmethod 0x0000025b44949b10
Event: 60.944 Thread 0x0000025b56407900 flushing nmethod 0x0000025b44950810
Event: 60.944 Thread 0x0000025b56407900 flushing nmethod 0x0000025b44950b90
Event: 60.944 Thread 0x0000025b56407900 flushing nmethod 0x0000025b44966190


Dynamic libraries:
0x00007ff794fd0000 - 0x00007ff794fde000 	c:\Users\Nargol\.vscode\extensions\redhat.java-1.10.0-win32-x64\jre\17.0.4-win32-x86_64\bin\java.exe
0x00007ffa5d050000 - 0x00007ffa5d248000 	C:\WINDOWS\SYSTEM32\ntdll.dll
0x00007ffa5c540000 - 0x00007ffa5c5fd000 	C:\WINDOWS\System32\KERNEL32.DLL
0x00007ffa5a870000 - 0x00007ffa5ab3e000 	C:\WINDOWS\System32\KERNELBASE.dll
0x00007ffa5ae70000 - 0x00007ffa5af70000 	C:\WINDOWS\System32\ucrtbase.dll
0x00007ffa4da20000 - 0x00007ffa4da38000 	c:\Users\Nargol\.vscode\extensions\redhat.java-1.10.0-win32-x64\jre\17.0.4-win32-x86_64\bin\jli.dll
0x00007ffa4c340000 - 0x00007ffa4c359000 	c:\Users\Nargol\.vscode\extensions\redhat.java-1.10.0-win32-x64\jre\17.0.4-win32-x86_64\bin\VCRUNTIME140.dll
0x00007ffa5b900000 - 0x00007ffa5baa0000 	C:\WINDOWS\System32\USER32.dll
0x00007ffa5ab90000 - 0x00007ffa5abb2000 	C:\WINDOWS\System32\win32u.dll
0x00007ffa4b660000 - 0x00007ffa4b8fa000 	C:\WINDOWS\WinSxS\amd64_microsoft.windows.common-controls_6595b64144ccf1df_6.0.19041.1110_none_60b5254171f9507e\COMCTL32.dll
0x00007ffa5bac0000 - 0x00007ffa5baea000 	C:\WINDOWS\System32\GDI32.dll
0x00007ffa5cec0000 - 0x00007ffa5cf5e000 	C:\WINDOWS\System32\msvcrt.dll
0x00007ffa5afa0000 - 0x00007ffa5b0ab000 	C:\WINDOWS\System32\gdi32full.dll
0x00007ffa5abc0000 - 0x00007ffa5ac5d000 	C:\WINDOWS\System32\msvcp_win.dll
0x00007ffa5b0b0000 - 0x00007ffa5b0e0000 	C:\WINDOWS\System32\IMM32.DLL
0x00007ffa534f0000 - 0x00007ffa534fc000 	c:\Users\Nargol\.vscode\extensions\redhat.java-1.10.0-win32-x64\jre\17.0.4-win32-x86_64\bin\vcruntime140_1.dll
0x00007ffa30740000 - 0x00007ffa307d1000 	c:\Users\Nargol\.vscode\extensions\redhat.java-1.10.0-win32-x64\jre\17.0.4-win32-x86_64\bin\msvcp140.dll
0x00007ffa02a30000 - 0x00007ffa03676000 	c:\Users\Nargol\.vscode\extensions\redhat.java-1.10.0-win32-x64\jre\17.0.4-win32-x86_64\bin\server\jvm.dll
0x00007ffa5c660000 - 0x00007ffa5c70e000 	C:\WINDOWS\System32\ADVAPI32.dll
0x00007ffa5bfb0000 - 0x00007ffa5c04c000 	C:\WINDOWS\System32\sechost.dll
0x00007ffa5c870000 - 0x00007ffa5c995000 	C:\WINDOWS\System32\RPCRT4.dll
0x00007ffa5b140000 - 0x00007ffa5b148000 	C:\WINDOWS\System32\PSAPI.DLL
0x00007ffa57ee0000 - 0x00007ffa57f07000 	C:\WINDOWS\SYSTEM32\WINMM.dll
0x00007ffa52da0000 - 0x00007ffa52da9000 	C:\WINDOWS\SYSTEM32\WSOCK32.dll
0x00007ffa5c4d0000 - 0x00007ffa5c53b000 	C:\WINDOWS\System32\WS2_32.dll
0x00007ffa501d0000 - 0x00007ffa501da000 	C:\WINDOWS\SYSTEM32\VERSION.dll
0x00007ffa58630000 - 0x00007ffa58642000 	C:\WINDOWS\SYSTEM32\kernel.appcore.dll
0x00007ffa52fa0000 - 0x00007ffa52faa000 	c:\Users\Nargol\.vscode\extensions\redhat.java-1.10.0-win32-x64\jre\17.0.4-win32-x86_64\bin\jimage.dll
0x00007ffa443c0000 - 0x00007ffa445a4000 	C:\WINDOWS\SYSTEM32\DBGHELP.DLL
0x00007ffa44390000 - 0x00007ffa443bc000 	C:\WINDOWS\SYSTEM32\dbgcore.DLL
0x00007ffa5a770000 - 0x00007ffa5a7f2000 	C:\WINDOWS\System32\bcryptPrimitives.dll
0x00007ffa4e4b0000 - 0x00007ffa4e4be000 	c:\Users\Nargol\.vscode\extensions\redhat.java-1.10.0-win32-x64\jre\17.0.4-win32-x86_64\bin\instrument.dll
0x00007ffa46b00000 - 0x00007ffa46b25000 	c:\Users\Nargol\.vscode\extensions\redhat.java-1.10.0-win32-x64\jre\17.0.4-win32-x86_64\bin\java.dll
0x00007ffa4bba0000 - 0x00007ffa4bbb8000 	c:\Users\Nargol\.vscode\extensions\redhat.java-1.10.0-win32-x64\jre\17.0.4-win32-x86_64\bin\zip.dll
0x00007ffa5b1b0000 - 0x00007ffa5b8f4000 	C:\WINDOWS\System32\SHELL32.dll
0x00007ffa58830000 - 0x00007ffa58fc4000 	C:\WINDOWS\SYSTEM32\windows.storage.dll
0x00007ffa5cb60000 - 0x00007ffa5ceb4000 	C:\WINDOWS\System32\combase.dll
0x00007ffa5a020000 - 0x00007ffa5a050000 	C:\WINDOWS\SYSTEM32\Wldp.dll
0x00007ffa5bf00000 - 0x00007ffa5bfad000 	C:\WINDOWS\System32\SHCORE.dll
0x00007ffa5bb80000 - 0x00007ffa5bbd5000 	C:\WINDOWS\System32\shlwapi.dll
0x00007ffa5a6b0000 - 0x00007ffa5a6cf000 	C:\WINDOWS\SYSTEM32\profapi.dll
0x00007ffa4aeb0000 - 0x00007ffa4aec9000 	C:\Users\Nargol\.vscode\extensions\redhat.java-1.10.0-win32-x64\jre\17.0.4-win32-x86_64\bin\net.dll
0x00007ffa51930000 - 0x00007ffa51a3a000 	C:\WINDOWS\SYSTEM32\WINHTTP.dll
0x00007ffa59e00000 - 0x00007ffa59e6a000 	C:\WINDOWS\system32\mswsock.dll
0x00007ffa49920000 - 0x00007ffa49935000 	C:\Users\Nargol\.vscode\extensions\redhat.java-1.10.0-win32-x64\jre\17.0.4-win32-x86_64\bin\nio.dll
0x00007ffa4dbd0000 - 0x00007ffa4dbe0000 	c:\Users\Nargol\.vscode\extensions\redhat.java-1.10.0-win32-x64\jre\17.0.4-win32-x86_64\bin\verify.dll
0x00007ffa3ca70000 - 0x00007ffa3caae000 	C:\Users\Nargol\AppData\Roaming\Code\User\globalStorage\redhat.java\1.10.0\config_win\org.eclipse.equinox.launcher\org.eclipse.equinox.launcher.win32.win32.x86_64_1.2.500.v20220509-0833\eclipse_11700.dll
0x00007ffa5bdd0000 - 0x00007ffa5befa000 	C:\WINDOWS\System32\ole32.dll
0x00007ffa5a390000 - 0x00007ffa5a3a8000 	C:\WINDOWS\SYSTEM32\CRYPTSP.dll
0x00007ffa597a0000 - 0x00007ffa597d4000 	C:\WINDOWS\system32\rsaenh.dll
0x00007ffa5af70000 - 0x00007ffa5af97000 	C:\WINDOWS\System32\bcrypt.dll
0x00007ffa5a630000 - 0x00007ffa5a65e000 	C:\WINDOWS\SYSTEM32\USERENV.dll
0x00007ffa59f90000 - 0x00007ffa59f9c000 	C:\WINDOWS\SYSTEM32\CRYPTBASE.dll
0x00007ffa59b10000 - 0x00007ffa59b4b000 	C:\WINDOWS\SYSTEM32\IPHLPAPI.DLL
0x00007ffa5c050000 - 0x00007ffa5c058000 	C:\WINDOWS\System32\NSI.dll
0x00007ffa51ff0000 - 0x00007ffa52007000 	C:\WINDOWS\SYSTEM32\dhcpcsvc6.DLL
0x00007ffa53160000 - 0x00007ffa5317d000 	C:\WINDOWS\SYSTEM32\dhcpcsvc.DLL
0x00007ffa59b50000 - 0x00007ffa59c1a000 	C:\WINDOWS\SYSTEM32\DNSAPI.dll
0x00007ffa38510000 - 0x00007ffa38554000 	C:\Users\Nargol\AppData\Local\Temp\jna--1968813275\jna2901074722057449685.dll

dbghelp: loaded successfully - version: 4.0.5 - missing functions: none
symbol engine: initialized successfully - sym options: 0x614 - pdb path: .;c:\Users\Nargol\.vscode\extensions\redhat.java-1.10.0-win32-x64\jre\17.0.4-win32-x86_64\bin;C:\WINDOWS\SYSTEM32;C:\WINDOWS\WinSxS\amd64_microsoft.windows.common-controls_6595b64144ccf1df_6.0.19041.1110_none_60b5254171f9507e;c:\Users\Nargol\.vscode\extensions\redhat.java-1.10.0-win32-x64\jre\17.0.4-win32-x86_64\bin\server;C:\Users\Nargol\AppData\Roaming\Code\User\globalStorage\redhat.java\1.10.0\config_win\org.eclipse.equinox.launcher\org.eclipse.equinox.launcher.win32.win32.x86_64_1.2.500.v20220509-0833;C:\Users\Nargol\AppData\Local\Temp\jna--1968813275

VM Arguments:
jvm_args: --add-modules=ALL-SYSTEM --add-opens=java.base/java.util=ALL-UNNAMED --add-opens=java.base/java.lang=ALL-UNNAMED --add-opens=java.base/sun.nio.fs=ALL-UNNAMED -Declipse.application=org.eclipse.jdt.ls.core.id1 -Dosgi.bundles.defaultStartLevel=4 -Declipse.product=org.eclipse.jdt.ls.core.product -Djava.import.generatesMetadataFilesAtProjectRoot=false -Dfile.encoding=utf8 -DwatchParentProcess=false -Xlog:jni+resolve=off -XX:+UseParallelGC -XX:GCTimeRatio=4 -XX:AdaptiveSizePolicyWeight=90 -Dsun.zip.disableMemoryMapping=true -Xmx1G -Xms100m -javaagent:c:\Users\Nargol\.vscode\extensions\redhat.java-1.10.0-win32-x64\lombok\lombok-1.18.24.jar -XX:+HeapDumpOnOutOfMemoryError -XX:HeapDumpPath=c:\Users\Nargol\AppData\Roaming\Code\User\workspaceStorage\45846c7739866774b57027b74214147e\redhat.java 
java_command: c:\Users\Nargol\.vscode\extensions\redhat.java-1.10.0-win32-x64\server\plugins\org.eclipse.equinox.launcher_1.6.400.v20210924-0641.jar -configuration c:\Users\Nargol\AppData\Roaming\Code\User\globalStorage\redhat.java\1.10.0\config_win -data c:\Users\Nargol\AppData\Roaming\Code\User\workspaceStorage\45846c7739866774b57027b74214147e\redhat.java\jdt_ws
java_class_path (initial): c:\Users\Nargol\.vscode\extensions\redhat.java-1.10.0-win32-x64\server\plugins\org.eclipse.equinox.launcher_1.6.400.v20210924-0641.jar
Launcher Type: SUN_STANDARD

[Global flags]
    uintx AdaptiveSizePolicyWeight                 = 90                                        {product} {command line}
     intx CICompilerCount                          = 4                                         {product} {ergonomic}
    uintx GCTimeRatio                              = 4                                         {product} {command line}
     bool HeapDumpOnOutOfMemoryError               = true                                   {manageable} {command line}
    ccstr HeapDumpPath                             = c:\Users\Nargol\AppData\Roaming\Code\User\workspaceStorage\45846c7739866774b57027b74214147e\redhat.java         {manageable} {command line}
   size_t InitialHeapSize                          = 104857600                                 {product} {command line}
   size_t MaxHeapSize                              = 1073741824                                {product} {command line}
   size_t MaxNewSize                               = 357564416                                 {product} {ergonomic}
   size_t MinHeapDeltaBytes                        = 524288                                    {product} {ergonomic}
   size_t MinHeapSize                              = 104857600                                 {product} {command line}
   size_t NewSize                                  = 34603008                                  {product} {ergonomic}
    uintx NonNMethodCodeHeapSize                   = 5839372                                {pd product} {ergonomic}
    uintx NonProfiledCodeHeapSize                  = 122909434                              {pd product} {ergonomic}
   size_t OldSize                                  = 70254592                                  {product} {ergonomic}
    uintx ProfiledCodeHeapSize                     = 122909434                              {pd product} {ergonomic}
    uintx ReservedCodeCacheSize                    = 251658240                              {pd product} {ergonomic}
     bool SegmentedCodeCache                       = true                                      {product} {ergonomic}
   size_t SoftMaxHeapSize                          = 1073741824                             {manageable} {ergonomic}
     bool UseCompressedClassPointers               = true                           {product lp64_product} {ergonomic}
     bool UseCompressedOops                        = true                           {product lp64_product} {ergonomic}
     bool UseLargePagesIndividualAllocation        = false                                  {pd product} {ergonomic}
     bool UseParallelGC                            = true                                      {product} {command line}

Logging:
Log output configuration:
 #0: stdout all=warning,jni+resolve=off uptime,level,tags
 #1: stderr all=off uptime,level,tags

Environment Variables:
JAVA_HOME=C:\Program Files\Java\jdk-11.0.8
PATH=C:\Program Files\Common Files\Oracle\Java\javapath;C:\apache-maven-3.8.6\bin;C:\WINDOWS\system32;C:\WINDOWS;C:\WINDOWS\System32\Wbem;C:\WINDOWS\System32\WindowsPowerShell\v1.0\;C:\Program Files (x86)\Git\cmd;C:\Program Files\PuTTY\;C:\WINDOWS\System32\OpenSSH\;C:\Program Files\Docker\Docker\resources\bin;C:\ProgramData\DockerDesktop\version-bin;C:\Program Files\nodejs\;C:\Program Files\Java\jdk-11.0.8;C:\Users\Nargol\AppData\Local\Microsoft\WindowsApps;C:\apache-maven-3.8.6\bin;C:\Users\Nargol\AppData\Local\Programs\Microsoft VS Code\bin;C:\Users\Nargol\AppData\Roaming\npm;
USERNAME=Nargol
OS=Windows_NT
PROCESSOR_IDENTIFIER=Intel64 Family 6 Model 42 Stepping 7, GenuineIntel
TMP=C:\Users\Nargol\AppData\Local\Temp
TEMP=C:\Users\Nargol\AppData\Local\Temp



---------------  S Y S T E M  ---------------

OS:
 Windows 10 , 64 bit Build 19041 (10.0.19041.1889)
OS uptime: 9 days 23:26 hours
Hyper-V role detected

CPU: total 8 (initial active 8) (4 cores per cpu, 2 threads per core) family 6 model 42 stepping 7 microcode 0x2f, cx8, cmov, fxsr, ht, mmx, sse, sse2, sse3, ssse3, sse4.1, sse4.2, popcnt, tsc, tscinvbit, avx, aes, clmul, vzeroupper, clflush, hv

Memory: 4k page, system-wide physical 16291M (668M free)
TotalPageFile size 35028M (AvailPageFile size 6M)
current process WorkingSet (physical memory assigned to process): 325M, peak: 330M
current process commit charge ("private bytes"): 378M, peak: 384M

vm_info: OpenJDK 64-Bit Server VM (17.0.4+8) for windows-amd64 JRE (17.0.4+8), built on Jul 19 2022 16:05:16 by "temurin" with MS VC++ 16.7 (VS2019)

END.
