#
# There is insufficient memory for the Java Runtime Environment to continue.
# Native memory allocation (malloc) failed to allocate 992304 bytes for Chunk::new
# Possible reasons:
#   The system is out of physical RAM or swap space
#   The process is running with CompressedOops enabled, and the Java Heap may be blocking the growth of the native heap
# Possible solutions:
#   Reduce memory load on the system
#   Increase physical memory or swap space
#   Check if swap backing store is full
#   Decrease Java heap size (-Xmx/-Xms)
#   Decrease number of Java threads
#   Decrease Java thread stack sizes (-Xss)
#   Set larger code cache with -XX:ReservedCodeCacheSize=
#   JVM is running with Unscaled Compressed Oops mode in which the Java heap is
#     placed in the first 4GB address space. The Java Heap base address is the
#     maximum limit for the native heap growth. Please use -XX:HeapBaseMinAddress
#     to set the Java Heap base and to place the Java Heap above 4GB virtual address.
# This output file may be truncated or incomplete.
#
#  Out of Memory Error (arena.cpp:189), pid=92720, tid=210160
#
# JRE version: OpenJDK Runtime Environment Temurin-17.0.4+8 (17.0.4+8) (build 17.0.4+8)
# Java VM: OpenJDK 64-Bit Server VM Temurin-17.0.4+8 (17.0.4+8, mixed mode, tiered, compressed oops, compressed class ptrs, parallel gc, windows-amd64)
# No core dump will be written. Minidumps are not enabled by default on client versions of Windows
#

---------------  S U M M A R Y ------------

Command Line: --add-modules=ALL-SYSTEM --add-opens=java.base/java.util=ALL-UNNAMED --add-opens=java.base/java.lang=ALL-UNNAMED --add-opens=java.base/sun.nio.fs=ALL-UNNAMED -Declipse.application=org.eclipse.jdt.ls.core.id1 -Dosgi.bundles.defaultStartLevel=4 -Declipse.product=org.eclipse.jdt.ls.core.product -Djava.import.generatesMetadataFilesAtProjectRoot=false -Dfile.encoding=utf8 -DwatchParentProcess=false -Xlog:jni+resolve=off -XX:+UseParallelGC -XX:GCTimeRatio=4 -XX:AdaptiveSizePolicyWeight=90 -Dsun.zip.disableMemoryMapping=true -Xmx1G -Xms100m -javaagent:c:\Users\Nargol\.vscode\extensions\redhat.java-1.10.0-win32-x64\lombok\lombok-1.18.24.jar -XX:+HeapDumpOnOutOfMemoryError -XX:HeapDumpPath=c:\Users\Nargol\AppData\Roaming\Code\User\workspaceStorage\45846c7739866774b57027b74214147e\redhat.java c:\Users\Nargol\.vscode\extensions\redhat.java-1.10.0-win32-x64\server\plugins\org.eclipse.equinox.launcher_1.6.400.v20210924-0641.jar -configuration c:\Users\Nargol\AppData\Roaming\Code\User\globalStorage\redhat.java\1.10.0\config_win -data c:\Users\Nargol\AppData\Roaming\Code\User\workspaceStorage\45846c7739866774b57027b74214147e\redhat.java\jdt_ws

Host: Intel(R) Core(TM) i7-2630QM CPU @ 2.00GHz, 8 cores, 15G,  Windows 10 , 64 bit Build 19041 (10.0.19041.1889)
Time: Sun Sep 11 21:31:19 2022 W. Europe Daylight Time elapsed time: 34.071822 seconds (0d 0h 0m 34s)

---------------  T H R E A D  ---------------

Current thread (0x0000023e426cc610):  JavaThread "C2 CompilerThread0" daemon [_thread_in_native, id=210160, stack(0x0000009e53900000,0x0000009e53a00000)]


Current CompileTask:
C2:  34072 7690 % !   4       org.eclipse.jdt.internal.compiler.parser.Scanner::getNextToken0 @ 1958 (2562 bytes)

Stack: [0x0000009e53900000,0x0000009e53a00000]
Native frames: (J=compiled Java code, j=interpreted, Vv=VM code, C=native code)
V  [jvm.dll+0x67733a]
V  [jvm.dll+0x8323c4]
V  [jvm.dll+0x833b6e]
V  [jvm.dll+0x8341d3]
V  [jvm.dll+0x2455e5]
V  [jvm.dll+0xabd7b]
V  [jvm.dll+0xac30c]
V  [jvm.dll+0x363a77]
V  [jvm.dll+0x32de81]
V  [jvm.dll+0x32d32a]
V  [jvm.dll+0x2184d1]
V  [jvm.dll+0x2178f1]
V  [jvm.dll+0x1a3f8d]
V  [jvm.dll+0x227308]
V  [jvm.dll+0x225455]
V  [jvm.dll+0x7e7eeb]
V  [jvm.dll+0x7e245a]
V  [jvm.dll+0x6761c5]
C  [ucrtbase.dll+0x21bb2]
C  [KERNEL32.DLL+0x17034]
C  [ntdll.dll+0x52651]


---------------  P R O C E S S  ---------------

Threads class SMR info:
_java_thread_list=0x0000023e43cce310, length=33, elements={
0x0000023e2c3412e0, 0x0000023e401d4a70, 0x0000023e401d58e0, 0x0000023e426c5260,
0x0000023e426c60d0, 0x0000023e426c8d50, 0x0000023e426cb880, 0x0000023e426cc610,
0x0000023e426cf0c0, 0x0000023e426cfab0, 0x0000023e2c3fe690, 0x0000023e429932f0,
0x0000023e431b9330, 0x0000023e43cd1520, 0x0000023e43cd1c90, 0x0000023e429dc0a0,
0x0000023e42e99870, 0x0000023e42e0a810, 0x0000023e4312b100, 0x0000023e4312b5d0,
0x0000023e4312baa0, 0x0000023e4312cde0, 0x0000023e4312c440, 0x0000023e4312d2b0,
0x0000023e4312d780, 0x0000023e4312c910, 0x0000023e4312a760, 0x0000023e4312ac30,
0x0000023e475d6480, 0x0000023e475dacb0, 0x0000023e475d9e40, 0x0000023e475d4c70,
0x0000023e475d8160
}

Java Threads: ( => current thread )
  0x0000023e2c3412e0 JavaThread "main" [_thread_blocked, id=211716, stack(0x0000009e53000000,0x0000009e53100000)]
  0x0000023e401d4a70 JavaThread "Reference Handler" daemon [_thread_blocked, id=225576, stack(0x0000009e53300000,0x0000009e53400000)]
  0x0000023e401d58e0 JavaThread "Finalizer" daemon [_thread_blocked, id=228012, stack(0x0000009e53400000,0x0000009e53500000)]
  0x0000023e426c5260 JavaThread "Signal Dispatcher" daemon [_thread_blocked, id=228312, stack(0x0000009e53500000,0x0000009e53600000)]
  0x0000023e426c60d0 JavaThread "Attach Listener" daemon [_thread_blocked, id=228332, stack(0x0000009e53600000,0x0000009e53700000)]
  0x0000023e426c8d50 JavaThread "Service Thread" daemon [_thread_blocked, id=173748, stack(0x0000009e53700000,0x0000009e53800000)]
  0x0000023e426cb880 JavaThread "Monitor Deflation Thread" daemon [_thread_blocked, id=228004, stack(0x0000009e53800000,0x0000009e53900000)]
=>0x0000023e426cc610 JavaThread "C2 CompilerThread0" daemon [_thread_in_native, id=210160, stack(0x0000009e53900000,0x0000009e53a00000)]
  0x0000023e426cf0c0 JavaThread "C1 CompilerThread0" daemon [_thread_in_native, id=228000, stack(0x0000009e53a00000,0x0000009e53b00000)]
  0x0000023e426cfab0 JavaThread "Sweeper thread" daemon [_thread_blocked, id=211960, stack(0x0000009e53b00000,0x0000009e53c00000)]
  0x0000023e2c3fe690 JavaThread "Common-Cleaner" daemon [_thread_blocked, id=203496, stack(0x0000009e53c00000,0x0000009e53d00000)]
  0x0000023e429932f0 JavaThread "Notification Thread" daemon [_thread_blocked, id=228064, stack(0x0000009e53d00000,0x0000009e53e00000)]
  0x0000023e431b9330 JavaThread "Active Thread: Equinox Container: 30519d94-f829-40c0-aa53-0c650b98a278" [_thread_blocked, id=209484, stack(0x0000009e54500000,0x0000009e54600000)]
  0x0000023e43cd1520 JavaThread "Framework Event Dispatcher: Equinox Container: 30519d94-f829-40c0-aa53-0c650b98a278" daemon [_thread_blocked, id=224276, stack(0x0000009e54400000,0x0000009e54500000)]
  0x0000023e43cd1c90 JavaThread "Start Level: Equinox Container: 30519d94-f829-40c0-aa53-0c650b98a278" daemon [_thread_blocked, id=223388, stack(0x0000009e54600000,0x0000009e54700000)]
  0x0000023e429dc0a0 JavaThread "SCR Component Actor" daemon [_thread_blocked, id=228160, stack(0x0000009e54700000,0x0000009e54800000)]
  0x0000023e42e99870 JavaThread "Bundle File Closer" daemon [_thread_blocked, id=228216, stack(0x0000009e54b00000,0x0000009e54c00000)]
  0x0000023e42e0a810 JavaThread "Worker-JM" [_thread_blocked, id=227728, stack(0x0000009e54c00000,0x0000009e54d00000)]
  0x0000023e4312b100 JavaThread "Worker-0" [_thread_blocked, id=98032, stack(0x0000009e54d00000,0x0000009e54e00000)]
  0x0000023e4312b5d0 JavaThread "Worker-1" [_thread_blocked, id=227724, stack(0x0000009e54e00000,0x0000009e54f00000)]
  0x0000023e4312baa0 JavaThread "Worker-2" [_thread_blocked, id=228016, stack(0x0000009e54f00000,0x0000009e55000000)]
  0x0000023e4312cde0 JavaThread "Worker-3: Refreshing workspace" [_thread_in_native, id=225504, stack(0x0000009e55000000,0x0000009e55100000)]
  0x0000023e4312c440 JavaThread "Java indexing" daemon [_thread_blocked, id=13076, stack(0x0000009e55100000,0x0000009e55200000)]
  0x0000023e4312d2b0 JavaThread "Worker-4: Initialize workspace" [_thread_blocked, id=219468, stack(0x0000009e55200000,0x0000009e55300000)]
  0x0000023e4312d780 JavaThread "pool-1-thread-1" [_thread_in_native, id=209812, stack(0x0000009e55500000,0x0000009e55600000)]
  0x0000023e4312c910 JavaThread "Worker-5" [_thread_blocked, id=43292, stack(0x0000009e54a00000,0x0000009e54b00000)]
  0x0000023e4312a760 JavaThread "ForkJoinPool.commonPool-worker-1" daemon [_thread_blocked, id=206964, stack(0x0000009e55600000,0x0000009e55700000)]
  0x0000023e4312ac30 JavaThread "ForkJoinPool.commonPool-worker-2" daemon [_thread_in_vm, id=225624, stack(0x0000009e55700000,0x0000009e55800000)]
  0x0000023e475d6480 JavaThread "ForkJoinPool.commonPool-worker-3" daemon [_thread_blocked, id=226764, stack(0x0000009e55800000,0x0000009e55900000)]
  0x0000023e475dacb0 JavaThread "ForkJoinPool.commonPool-worker-4" daemon [_thread_in_Java, id=205384, stack(0x0000009e55900000,0x0000009e55a00000)]
  0x0000023e475d9e40 JavaThread "ForkJoinPool.commonPool-worker-7" daemon [_thread_blocked, id=225620, stack(0x0000009e52e00000,0x0000009e52f00000)]
  0x0000023e475d4c70 JavaThread "ForkJoinPool.commonPool-worker-5" daemon [_thread_blocked, id=225736, stack(0x0000009e55a00000,0x0000009e55b00000)]
  0x0000023e475d8160 JavaThread "ForkJoinPool.commonPool-worker-6" daemon [_thread_blocked, id=225752, stack(0x0000009e55b00000,0x0000009e55c00000)]

Other Threads:
  0x0000023e401cd6c0 VMThread "VM Thread" [stack: 0x0000009e53200000,0x0000009e53300000] [id=227536]
  0x0000023e428fe450 WatcherThread [stack: 0x0000009e53e00000,0x0000009e53f00000] [id=227972]
  0x0000023e2c357200 GCTaskThread "GC Thread#0" [stack: 0x0000009e53100000,0x0000009e53200000] [id=227096]
  0x0000023e42c25310 GCTaskThread "GC Thread#1" [stack: 0x0000009e53f00000,0x0000009e54000000] [id=227400]
  0x0000023e4305f470 GCTaskThread "GC Thread#2" [stack: 0x0000009e54000000,0x0000009e54100000] [id=142632]
  0x0000023e43d1b830 GCTaskThread "GC Thread#3" [stack: 0x0000009e54100000,0x0000009e54200000] [id=225904]
  0x0000023e43d1bae0 GCTaskThread "GC Thread#4" [stack: 0x0000009e54200000,0x0000009e54300000] [id=228292]
  0x0000023e43d1c7b0 GCTaskThread "GC Thread#5" [stack: 0x0000009e54300000,0x0000009e54400000] [id=228308]
  0x0000023e43cd2160 GCTaskThread "GC Thread#6" [stack: 0x0000009e54800000,0x0000009e54900000] [id=223944]
  0x0000023e2a1fabb0 GCTaskThread "GC Thread#7" [stack: 0x0000009e54900000,0x0000009e54a00000] [id=171968]

Threads with active compile tasks:
C2 CompilerThread0    34135 7690 % !   4       org.eclipse.jdt.internal.compiler.parser.Scanner::getNextToken0 @ 1958 (2562 bytes)
C1 CompilerThread0    34135 7843       2       org.eclipse.jdt.internal.compiler.lookup.TypeBinding::isLocalType (17 bytes)

VM state: not at safepoint (normal execution)

VM Mutex/Monitor currently owned by a thread: None

Heap address: 0x00000000c0000000, size: 1024 MB, Compressed Oops mode: 32-bit

CDS archive(s) not mapped
Compressed class space mapped at: 0x0000000100000000-0x0000000140000000, reserved size: 1073741824
Narrow klass base: 0x0000000000000000, Narrow klass shift: 3, Narrow klass range: 0x140000000

GC Precious Log:
 CPUs: 8 total, 8 available
 Memory: 16291M
 Large Page Support: Disabled
 NUMA Support: Disabled
 Compressed Oops: Enabled (32-bit)
 Alignments: Space 512K, Generation 512K, Heap 2M
 Heap Min Capacity: 100M
 Heap Initial Capacity: 100M
 Heap Max Capacity: 1G
 Pre-touch: Disabled
 Parallel Workers: 8

Heap:
 PSYoungGen      total 19968K, used 12619K [0x00000000eab00000, 0x00000000ec100000, 0x0000000100000000)
  eden space 17408K, 59% used [0x00000000eab00000,0x00000000eb50a370,0x00000000ebc00000)
  from space 2560K, 91% used [0x00000000ebc80000,0x00000000ebec88f8,0x00000000ebf00000)
  to   space 2048K, 0% used [0x00000000ebf00000,0x00000000ebf00000,0x00000000ec100000)
 ParOldGen       total 68608K, used 51468K [0x00000000c0000000, 0x00000000c4300000, 0x00000000eab00000)
  object space 68608K, 75% used [0x00000000c0000000,0x00000000c32433d0,0x00000000c4300000)
 Metaspace       used 58449K, committed 59456K, reserved 1105920K
  class space    used 6118K, committed 6528K, reserved 1048576K

Card table byte_map: [0x0000023e2bd30000,0x0000023e2bf40000] _byte_map_base: 0x0000023e2b730000

Marking Bits: (ParMarkBitMap*) 0x00007ffa25272cd0
 Begin Bits: [0x0000023e3dfe0000, 0x0000023e3efe0000)
 End Bits:   [0x0000023e3efe0000, 0x0000023e3ffe0000)

Polling page: 0x0000023e2bb20000

Metaspace:

Usage:
  Non-class:     51.10 MB used.
      Class:      5.98 MB used.
       Both:     57.08 MB used.

Virtual space:
  Non-class space:       56.00 MB reserved,      51.69 MB ( 92%) committed,  7 nodes.
      Class space:        1.00 GB reserved,       6.38 MB ( <1%) committed,  1 nodes.
             Both:        1.05 GB reserved,      58.06 MB (  5%) committed. 

Chunk freelists:
   Non-Class:  3.92 MB
       Class:  1.52 MB
        Both:  5.44 MB

MaxMetaspaceSize: unlimited
CompressedClassSpaceSize: 1.00 GB
Initial GC threshold: 21.00 MB
Current GC threshold: 58.38 MB
CDS: off
MetaspaceReclaimPolicy: balanced
 - commit_granule_bytes: 65536.
 - commit_granule_words: 8192.
 - virtual_space_node_default_size: 1048576.
 - enlarge_chunks_in_place: 1.
 - new_chunks_are_fully_committed: 0.
 - uncommit_free_chunks: 1.
 - use_allocation_guard: 0.
 - handle_deallocations: 1.


Internal statistics:

num_allocs_failed_limit: 8.
num_arena_births: 606.
num_arena_deaths: 14.
num_vsnodes_births: 8.
num_vsnodes_deaths: 0.
num_space_committed: 929.
num_space_uncommitted: 0.
num_chunks_returned_to_freelist: 22.
num_chunks_taken_from_freelist: 2817.
num_chunk_merges: 12.
num_chunk_splits: 1807.
num_chunks_enlarged: 1082.
num_purges: 2.
num_inconsistent_stats: 0.

CodeHeap 'non-profiled nmethods': size=120000Kb used=3128Kb max_used=3128Kb free=116871Kb
 bounds [0x0000023e36ab0000, 0x0000023e36dc0000, 0x0000023e3dfe0000]
CodeHeap 'profiled nmethods': size=120000Kb used=14646Kb max_used=14646Kb free=105354Kb
 bounds [0x0000023e2f580000, 0x0000023e303d0000, 0x0000023e36ab0000]
CodeHeap 'non-nmethods': size=5760Kb used=1324Kb max_used=1369Kb free=4435Kb
 bounds [0x0000023e2efe0000, 0x0000023e2f250000, 0x0000023e2f580000]
 total_blobs=7493 nmethods=6829 adapters=578
 compilation: enabled
              stopped_count=0, restarted_count=0
 full_count=0

Compilation events (20 events):
Event: 34.027 Thread 0x0000023e426cf0c0 nmethod 7781 0x0000023e30391310 code [0x0000023e303915e0, 0x0000023e30392668]
Event: 34.027 Thread 0x0000023e426cf0c0 7790       2       org.eclipse.jdt.internal.compiler.ast.ImportReference::<init> (62 bytes)
Event: 34.027 Thread 0x0000023e426cf0c0 nmethod 7790 0x0000023e30393490 code [0x0000023e30393620, 0x0000023e303937d8]
Event: 34.027 Thread 0x0000023e426cf0c0 7783       2       org.eclipse.jdt.internal.compiler.lookup.FieldBinding::<init> (19 bytes)
Event: 34.027 Thread 0x0000023e426cf0c0 nmethod 7783 0x0000023e30393910 code [0x0000023e30393aa0, 0x0000023e30393c08]
Event: 34.027 Thread 0x0000023e426cf0c0 7791       2       org.eclipse.jdt.internal.compiler.lookup.AnnotatableTypeSystem::getParameterizedType (123 bytes)
Event: 34.029 Thread 0x0000023e426cf0c0 nmethod 7791 0x0000023e30393d10 code [0x0000023e30393f40, 0x0000023e30394448]
Event: 34.029 Thread 0x0000023e426cf0c0 7792       2       org.eclipse.jdt.internal.core.CompilationUnit::getPerWorkingCopyInfo (11 bytes)
Event: 34.029 Thread 0x0000023e426cf0c0 nmethod 7792 0x0000023e30394710 code [0x0000023e303948c0, 0x0000023e30394a28]
Event: 34.034 Thread 0x0000023e426cf0c0 7793       2       java.net.URI::hashCode (123 bytes)
Event: 34.035 Thread 0x0000023e426cf0c0 nmethod 7793 0x0000023e30394b10 code [0x0000023e30394da0, 0x0000023e30395438]
Event: 34.036 Thread 0x0000023e426cf0c0 7794       2       lombok.eclipse.EclipseAST::buildMethods (53 bytes)
Event: 34.036 Thread 0x0000023e426cf0c0 nmethod 7794 0x0000023e30395810 code [0x0000023e303959e0, 0x0000023e30395d98]
Event: 34.036 Thread 0x0000023e426cf0c0 7796       2       org.eclipse.jdt.internal.compiler.lookup.SourceTypeBinding::kind (31 bytes)
Event: 34.037 Thread 0x0000023e426cf0c0 nmethod 7796 0x0000023e30396090 code [0x0000023e30396240, 0x0000023e30396468]
Event: 34.037 Thread 0x0000023e426cf0c0 7795       2       org.eclipse.jdt.internal.compiler.lookup.BinaryTypeBinding::resolveType (207 bytes)
Event: 34.038 Thread 0x0000023e426cf0c0 nmethod 7795 0x0000023e30396590 code [0x0000023e303967e0, 0x0000023e30396e68]
Event: 34.038 Thread 0x0000023e426cf0c0 7797       2       org.eclipse.jdt.core.JavaConventions::validateCompilationUnitName (157 bytes)
Event: 34.040 Thread 0x0000023e426cf0c0 nmethod 7797 0x0000023e30397210 code [0x0000023e303974e0, 0x0000023e30397c98]
Event: 34.043 Thread 0x0000023e426cf0c0 7798       2       org.eclipse.jdt.internal.compiler.parser.Parser::consumeRule (7765 bytes)

GC Heap History (20 events):
Event: 31.584 GC heap before
{Heap before GC invocations=40 (full 2):
 PSYoungGen      total 17920K, used 17871K [0x00000000eab00000, 0x00000000ebe80000, 0x0000000100000000)
  eden space 17408K, 100% used [0x00000000eab00000,0x00000000ebc00000,0x00000000ebc00000)
  from space 512K, 90% used [0x00000000ebd80000,0x00000000ebdf3ee0,0x00000000ebe00000)
  to   space 512K, 0% used [0x00000000ebe00000,0x00000000ebe00000,0x00000000ebe80000)
 ParOldGen       total 68608K, used 43207K [0x00000000c0000000, 0x00000000c4300000, 0x00000000eab00000)
  object space 68608K, 62% used [0x00000000c0000000,0x00000000c2a31d08,0x00000000c4300000)
 Metaspace       used 55774K, committed 56704K, reserved 1105920K
  class space    used 5869K, committed 6272K, reserved 1048576K
}
Event: 31.584 GC heap after
{Heap after GC invocations=40 (full 2):
 PSYoungGen      total 17920K, used 256K [0x00000000eab00000, 0x00000000ebe80000, 0x0000000100000000)
  eden space 17408K, 0% used [0x00000000eab00000,0x00000000eab00000,0x00000000ebc00000)
  from space 512K, 50% used [0x00000000ebe00000,0x00000000ebe40000,0x00000000ebe80000)
  to   space 512K, 0% used [0x00000000ebd80000,0x00000000ebd80000,0x00000000ebe00000)
 ParOldGen       total 68608K, used 43319K [0x00000000c0000000, 0x00000000c4300000, 0x00000000eab00000)
  object space 68608K, 63% used [0x00000000c0000000,0x00000000c2a4dd08,0x00000000c4300000)
 Metaspace       used 55774K, committed 56704K, reserved 1105920K
  class space    used 5869K, committed 6272K, reserved 1048576K
}
Event: 32.328 GC heap before
{Heap before GC invocations=41 (full 2):
 PSYoungGen      total 17920K, used 17664K [0x00000000eab00000, 0x00000000ebe80000, 0x0000000100000000)
  eden space 17408K, 100% used [0x00000000eab00000,0x00000000ebc00000,0x00000000ebc00000)
  from space 512K, 50% used [0x00000000ebe00000,0x00000000ebe40000,0x00000000ebe80000)
  to   space 512K, 0% used [0x00000000ebd80000,0x00000000ebd80000,0x00000000ebe00000)
 ParOldGen       total 68608K, used 43319K [0x00000000c0000000, 0x00000000c4300000, 0x00000000eab00000)
  object space 68608K, 63% used [0x00000000c0000000,0x00000000c2a4dd08,0x00000000c4300000)
 Metaspace       used 55774K, committed 56704K, reserved 1105920K
  class space    used 5869K, committed 6272K, reserved 1048576K
}
Event: 32.328 GC heap after
{Heap after GC invocations=41 (full 2):
 PSYoungGen      total 17920K, used 303K [0x00000000eab00000, 0x00000000ebe80000, 0x0000000100000000)
  eden space 17408K, 0% used [0x00000000eab00000,0x00000000eab00000,0x00000000ebc00000)
  from space 512K, 59% used [0x00000000ebd80000,0x00000000ebdcbcd0,0x00000000ebe00000)
  to   space 512K, 0% used [0x00000000ebe00000,0x00000000ebe00000,0x00000000ebe80000)
 ParOldGen       total 68608K, used 43455K [0x00000000c0000000, 0x00000000c4300000, 0x00000000eab00000)
  object space 68608K, 63% used [0x00000000c0000000,0x00000000c2a6fd08,0x00000000c4300000)
 Metaspace       used 55774K, committed 56704K, reserved 1105920K
  class space    used 5869K, committed 6272K, reserved 1048576K
}
Event: 32.991 GC heap before
{Heap before GC invocations=42 (full 2):
 PSYoungGen      total 17920K, used 17711K [0x00000000eab00000, 0x00000000ebe80000, 0x0000000100000000)
  eden space 17408K, 100% used [0x00000000eab00000,0x00000000ebc00000,0x00000000ebc00000)
  from space 512K, 59% used [0x00000000ebd80000,0x00000000ebdcbcd0,0x00000000ebe00000)
  to   space 512K, 0% used [0x00000000ebe00000,0x00000000ebe00000,0x00000000ebe80000)
 ParOldGen       total 68608K, used 43455K [0x00000000c0000000, 0x00000000c4300000, 0x00000000eab00000)
  object space 68608K, 63% used [0x00000000c0000000,0x00000000c2a6fd08,0x00000000c4300000)
 Metaspace       used 55777K, committed 56704K, reserved 1105920K
  class space    used 5869K, committed 6272K, reserved 1048576K
}
Event: 32.992 GC heap after
{Heap after GC invocations=42 (full 2):
 PSYoungGen      total 17920K, used 501K [0x00000000eab00000, 0x00000000ebe80000, 0x0000000100000000)
  eden space 17408K, 0% used [0x00000000eab00000,0x00000000eab00000,0x00000000ebc00000)
  from space 512K, 97% used [0x00000000ebe00000,0x00000000ebe7d480,0x00000000ebe80000)
  to   space 1024K, 0% used [0x00000000ebc80000,0x00000000ebc80000,0x00000000ebd80000)
 ParOldGen       total 68608K, used 43543K [0x00000000c0000000, 0x00000000c4300000, 0x00000000eab00000)
  object space 68608K, 63% used [0x00000000c0000000,0x00000000c2a85d08,0x00000000c4300000)
 Metaspace       used 55777K, committed 56704K, reserved 1105920K
  class space    used 5869K, committed 6272K, reserved 1048576K
}
Event: 33.188 GC heap before
{Heap before GC invocations=43 (full 2):
 PSYoungGen      total 17920K, used 17909K [0x00000000eab00000, 0x00000000ebe80000, 0x0000000100000000)
  eden space 17408K, 100% used [0x00000000eab00000,0x00000000ebc00000,0x00000000ebc00000)
  from space 512K, 97% used [0x00000000ebe00000,0x00000000ebe7d480,0x00000000ebe80000)
  to   space 1024K, 0% used [0x00000000ebc80000,0x00000000ebc80000,0x00000000ebd80000)
 ParOldGen       total 68608K, used 43543K [0x00000000c0000000, 0x00000000c4300000, 0x00000000eab00000)
  object space 68608K, 63% used [0x00000000c0000000,0x00000000c2a85d08,0x00000000c4300000)
 Metaspace       used 56206K, committed 57216K, reserved 1105920K
  class space    used 5921K, committed 6336K, reserved 1048576K
}
Event: 33.190 GC heap after
{Heap after GC invocations=43 (full 2):
 PSYoungGen      total 18432K, used 1010K [0x00000000eab00000, 0x00000000ebf00000, 0x0000000100000000)
  eden space 17408K, 0% used [0x00000000eab00000,0x00000000eab00000,0x00000000ebc00000)
  from space 1024K, 98% used [0x00000000ebc80000,0x00000000ebd7c800,0x00000000ebd80000)
  to   space 1536K, 0% used [0x00000000ebd80000,0x00000000ebd80000,0x00000000ebf00000)
 ParOldGen       total 68608K, used 43895K [0x00000000c0000000, 0x00000000c4300000, 0x00000000eab00000)
  object space 68608K, 63% used [0x00000000c0000000,0x00000000c2addd68,0x00000000c4300000)
 Metaspace       used 56206K, committed 57216K, reserved 1105920K
  class space    used 5921K, committed 6336K, reserved 1048576K
}
Event: 33.206 GC heap before
{Heap before GC invocations=44 (full 2):
 PSYoungGen      total 18432K, used 18418K [0x00000000eab00000, 0x00000000ebf00000, 0x0000000100000000)
  eden space 17408K, 100% used [0x00000000eab00000,0x00000000ebc00000,0x00000000ebc00000)
  from space 1024K, 98% used [0x00000000ebc80000,0x00000000ebd7c800,0x00000000ebd80000)
  to   space 1536K, 0% used [0x00000000ebd80000,0x00000000ebd80000,0x00000000ebf00000)
 ParOldGen       total 68608K, used 43895K [0x00000000c0000000, 0x00000000c4300000, 0x00000000eab00000)
  object space 68608K, 63% used [0x00000000c0000000,0x00000000c2addd68,0x00000000c4300000)
 Metaspace       used 56228K, committed 57216K, reserved 1105920K
  class space    used 5922K, committed 6336K, reserved 1048576K
}
Event: 33.207 GC heap after
{Heap after GC invocations=44 (full 2):
 PSYoungGen      total 18432K, used 832K [0x00000000eab00000, 0x00000000ebe80000, 0x0000000100000000)
  eden space 17408K, 0% used [0x00000000eab00000,0x00000000eab00000,0x00000000ebc00000)
  from space 1024K, 81% used [0x00000000ebd80000,0x00000000ebe50000,0x00000000ebe80000)
  to   space 1024K, 0% used [0x00000000ebc80000,0x00000000ebc80000,0x00000000ebd80000)
 ParOldGen       total 68608K, used 44645K [0x00000000c0000000, 0x00000000c4300000, 0x00000000eab00000)
  object space 68608K, 65% used [0x00000000c0000000,0x00000000c2b99788,0x00000000c4300000)
 Metaspace       used 56228K, committed 57216K, reserved 1105920K
  class space    used 5922K, committed 6336K, reserved 1048576K
}
Event: 33.228 GC heap before
{Heap before GC invocations=45 (full 2):
 PSYoungGen      total 18432K, used 18240K [0x00000000eab00000, 0x00000000ebe80000, 0x0000000100000000)
  eden space 17408K, 100% used [0x00000000eab00000,0x00000000ebc00000,0x00000000ebc00000)
  from space 1024K, 81% used [0x00000000ebd80000,0x00000000ebe50000,0x00000000ebe80000)
  to   space 1024K, 0% used [0x00000000ebc80000,0x00000000ebc80000,0x00000000ebd80000)
 ParOldGen       total 68608K, used 44645K [0x00000000c0000000, 0x00000000c4300000, 0x00000000eab00000)
  object space 68608K, 65% used [0x00000000c0000000,0x00000000c2b99788,0x00000000c4300000)
 Metaspace       used 56304K, committed 57344K, reserved 1105920K
  class space    used 5931K, committed 6400K, reserved 1048576K
}
Event: 33.230 GC heap after
{Heap after GC invocations=45 (full 2):
 PSYoungGen      total 18432K, used 1024K [0x00000000eab00000, 0x00000000ec000000, 0x0000000100000000)
  eden space 17408K, 0% used [0x00000000eab00000,0x00000000eab00000,0x00000000ebc00000)
  from space 1024K, 100% used [0x00000000ebc80000,0x00000000ebd80000,0x00000000ebd80000)
  to   space 2048K, 0% used [0x00000000ebe00000,0x00000000ebe00000,0x00000000ec000000)
 ParOldGen       total 68608K, used 45356K [0x00000000c0000000, 0x00000000c4300000, 0x00000000eab00000)
  object space 68608K, 66% used [0x00000000c0000000,0x00000000c2c4b230,0x00000000c4300000)
 Metaspace       used 56304K, committed 57344K, reserved 1105920K
  class space    used 5931K, committed 6400K, reserved 1048576K
}
Event: 33.326 GC heap before
{Heap before GC invocations=46 (full 2):
 PSYoungGen      total 18432K, used 18432K [0x00000000eab00000, 0x00000000ec000000, 0x0000000100000000)
  eden space 17408K, 100% used [0x00000000eab00000,0x00000000ebc00000,0x00000000ebc00000)
  from space 1024K, 100% used [0x00000000ebc80000,0x00000000ebd80000,0x00000000ebd80000)
  to   space 2048K, 0% used [0x00000000ebe00000,0x00000000ebe00000,0x00000000ec000000)
 ParOldGen       total 68608K, used 45356K [0x00000000c0000000, 0x00000000c4300000, 0x00000000eab00000)
  object space 68608K, 66% used [0x00000000c0000000,0x00000000c2c4b230,0x00000000c4300000)
 Metaspace       used 56847K, committed 57856K, reserved 1105920K
  class space    used 5991K, committed 6400K, reserved 1048576K
}
Event: 33.331 GC heap after
{Heap after GC invocations=46 (full 2):
 PSYoungGen      total 19456K, used 1616K [0x00000000eab00000, 0x00000000ec000000, 0x0000000100000000)
  eden space 17408K, 0% used [0x00000000eab00000,0x00000000eab00000,0x00000000ebc00000)
  from space 2048K, 78% used [0x00000000ebe00000,0x00000000ebf94040,0x00000000ec000000)
  to   space 2048K, 0% used [0x00000000ebc00000,0x00000000ebc00000,0x00000000ebe00000)
 ParOldGen       total 68608K, used 46364K [0x00000000c0000000, 0x00000000c4300000, 0x00000000eab00000)
  object space 68608K, 67% used [0x00000000c0000000,0x00000000c2d47230,0x00000000c4300000)
 Metaspace       used 56847K, committed 57856K, reserved 1105920K
  class space    used 5991K, committed 6400K, reserved 1048576K
}
Event: 33.492 GC heap before
{Heap before GC invocations=47 (full 2):
 PSYoungGen      total 19456K, used 19024K [0x00000000eab00000, 0x00000000ec000000, 0x0000000100000000)
  eden space 17408K, 100% used [0x00000000eab00000,0x00000000ebc00000,0x00000000ebc00000)
  from space 2048K, 78% used [0x00000000ebe00000,0x00000000ebf94040,0x00000000ec000000)
  to   space 2048K, 0% used [0x00000000ebc00000,0x00000000ebc00000,0x00000000ebe00000)
 ParOldGen       total 68608K, used 46364K [0x00000000c0000000, 0x00000000c4300000, 0x00000000eab00000)
  object space 68608K, 67% used [0x00000000c0000000,0x00000000c2d47230,0x00000000c4300000)
 Metaspace       used 57117K, committed 58112K, reserved 1105920K
  class space    used 6013K, committed 6464K, reserved 1048576K
}
Event: 33.498 GC heap after
{Heap after GC invocations=47 (full 2):
 PSYoungGen      total 19456K, used 2040K [0x00000000eab00000, 0x00000000ec400000, 0x0000000100000000)
  eden space 17408K, 0% used [0x00000000eab00000,0x00000000eab00000,0x00000000ebc00000)
  from space 2048K, 99% used [0x00000000ebc00000,0x00000000ebdfe290,0x00000000ebe00000)
  to   space 4096K, 0% used [0x00000000ec000000,0x00000000ec000000,0x00000000ec400000)
 ParOldGen       total 68608K, used 47922K [0x00000000c0000000, 0x00000000c4300000, 0x00000000eab00000)
  object space 68608K, 69% used [0x00000000c0000000,0x00000000c2ecca08,0x00000000c4300000)
 Metaspace       used 57117K, committed 58112K, reserved 1105920K
  class space    used 6013K, committed 6464K, reserved 1048576K
}
Event: 33.600 GC heap before
{Heap before GC invocations=48 (full 2):
 PSYoungGen      total 19456K, used 19448K [0x00000000eab00000, 0x00000000ec400000, 0x0000000100000000)
  eden space 17408K, 100% used [0x00000000eab00000,0x00000000ebc00000,0x00000000ebc00000)
  from space 2048K, 99% used [0x00000000ebc00000,0x00000000ebdfe290,0x00000000ebe00000)
  to   space 4096K, 0% used [0x00000000ec000000,0x00000000ec000000,0x00000000ec400000)
 ParOldGen       total 68608K, used 47922K [0x00000000c0000000, 0x00000000c4300000, 0x00000000eab00000)
  object space 68608K, 69% used [0x00000000c0000000,0x00000000c2ecca08,0x00000000c4300000)
 Metaspace       used 57188K, committed 58176K, reserved 1105920K
  class space    used 6015K, committed 6464K, reserved 1048576K
}
Event: 33.605 GC heap after
{Heap after GC invocations=48 (full 2):
 PSYoungGen      total 19968K, used 2462K [0x00000000eab00000, 0x00000000ec280000, 0x0000000100000000)
  eden space 17408K, 0% used [0x00000000eab00000,0x00000000eab00000,0x00000000ebc00000)
  from space 2560K, 96% used [0x00000000ec000000,0x00000000ec267a40,0x00000000ec280000)
  to   space 3072K, 0% used [0x00000000ebc80000,0x00000000ebc80000,0x00000000ebf80000)
 ParOldGen       total 68608K, used 49844K [0x00000000c0000000, 0x00000000c4300000, 0x00000000eab00000)
  object space 68608K, 72% used [0x00000000c0000000,0x00000000c30ad1b0,0x00000000c4300000)
 Metaspace       used 57188K, committed 58176K, reserved 1105920K
  class space    used 6015K, committed 6464K, reserved 1048576K
}
Event: 33.905 GC heap before
{Heap before GC invocations=49 (full 2):
 PSYoungGen      total 19968K, used 19870K [0x00000000eab00000, 0x00000000ec280000, 0x0000000100000000)
  eden space 17408K, 100% used [0x00000000eab00000,0x00000000ebc00000,0x00000000ebc00000)
  from space 2560K, 96% used [0x00000000ec000000,0x00000000ec267a40,0x00000000ec280000)
  to   space 3072K, 0% used [0x00000000ebc80000,0x00000000ebc80000,0x00000000ebf80000)
 ParOldGen       total 68608K, used 49844K [0x00000000c0000000, 0x00000000c4300000, 0x00000000eab00000)
  object space 68608K, 72% used [0x00000000c0000000,0x00000000c30ad1b0,0x00000000c4300000)
 Metaspace       used 58198K, committed 59264K, reserved 1105920K
  class space    used 6101K, committed 6528K, reserved 1048576K
}
Event: 33.909 GC heap after
{Heap after GC invocations=49 (full 2):
 PSYoungGen      total 19968K, used 2338K [0x00000000eab00000, 0x00000000ec100000, 0x0000000100000000)
  eden space 17408K, 0% used [0x00000000eab00000,0x00000000eab00000,0x00000000ebc00000)
  from space 2560K, 91% used [0x00000000ebc80000,0x00000000ebec88f8,0x00000000ebf00000)
  to   space 2048K, 0% used [0x00000000ebf00000,0x00000000ebf00000,0x00000000ec100000)
 ParOldGen       total 68608K, used 51468K [0x00000000c0000000, 0x00000000c4300000, 0x00000000eab00000)
  object space 68608K, 75% used [0x00000000c0000000,0x00000000c32433d0,0x00000000c4300000)
 Metaspace       used 58198K, committed 59264K, reserved 1105920K
  class space    used 6101K, committed 6528K, reserved 1048576K
}

Deoptimization events (20 events):
Event: 33.964 Thread 0x0000023e475dacb0 DEOPT PACKING pc=0x0000023e30312064 sp=0x0000009e559fd3a0
Event: 33.964 Thread 0x0000023e475dacb0 DEOPT UNPACKING pc=0x0000023e2f032843 sp=0x0000009e559fc8b0 mode 0
Event: 33.968 Thread 0x0000023e4312c910 DEOPT PACKING pc=0x0000023e30312064 sp=0x0000009e54afd9a0
Event: 33.968 Thread 0x0000023e4312c910 DEOPT UNPACKING pc=0x0000023e2f032843 sp=0x0000009e54afceb0 mode 0
Event: 33.978 Thread 0x0000023e4312ac30 DEOPT PACKING pc=0x0000023e302ce0bf sp=0x0000009e557fda00
Event: 33.978 Thread 0x0000023e4312ac30 DEOPT UNPACKING pc=0x0000023e2f032843 sp=0x0000009e557fce70 mode 0
Event: 33.979 Thread 0x0000023e4312ac30 DEOPT PACKING pc=0x0000023e302ce0bf sp=0x0000009e557fd9f0
Event: 33.979 Thread 0x0000023e4312ac30 DEOPT UNPACKING pc=0x0000023e2f032843 sp=0x0000009e557fce60 mode 0
Event: 33.982 Thread 0x0000023e4312c910 DEOPT PACKING pc=0x0000023e30312064 sp=0x0000009e54afd9a0
Event: 33.982 Thread 0x0000023e4312c910 DEOPT UNPACKING pc=0x0000023e2f032843 sp=0x0000009e54afceb0 mode 0
Event: 34.004 Thread 0x0000023e4312c910 DEOPT PACKING pc=0x0000023e3033542f sp=0x0000009e54afd1a0
Event: 34.004 Thread 0x0000023e4312c910 DEOPT UNPACKING pc=0x0000023e2f032843 sp=0x0000009e54afc658 mode 0
Event: 34.011 Thread 0x0000023e475dacb0 DEOPT PACKING pc=0x0000023e30312064 sp=0x0000009e559fda80
Event: 34.012 Thread 0x0000023e475dacb0 DEOPT UNPACKING pc=0x0000023e2f032843 sp=0x0000009e559fcf90 mode 0
Event: 34.042 Thread 0x0000023e475dacb0 Uncommon trap: trap_request=0xffffff45 fr.pc=0x0000023e36db5efc relative=0x000000000000341c
Event: 34.042 Thread 0x0000023e475dacb0 Uncommon trap: reason=unstable_if action=reinterpret pc=0x0000023e36db5efc method=org.eclipse.jdt.internal.compiler.parser.Parser.consumeRule(I)V @ 1 c2
Event: 34.042 Thread 0x0000023e475dacb0 DEOPT PACKING pc=0x0000023e36db5efc sp=0x0000009e559fd4e0
Event: 34.042 Thread 0x0000023e475dacb0 DEOPT UNPACKING pc=0x0000023e2f0320a3 sp=0x0000009e559fd4a0 mode 2
Event: 34.050 Thread 0x0000023e475dacb0 DEOPT PACKING pc=0x0000023e30312064 sp=0x0000009e559fda80
Event: 34.050 Thread 0x0000023e475dacb0 DEOPT UNPACKING pc=0x0000023e2f032843 sp=0x0000009e559fcf90 mode 0

Classes unloaded (7 events):
Event: 15.027 Thread 0x0000023e401cd6c0 Unloading class 0x0000000100218800 'java/lang/invoke/LambdaForm$MH+0x0000000100218800'
Event: 15.027 Thread 0x0000023e401cd6c0 Unloading class 0x0000000100218400 'java/lang/invoke/LambdaForm$MH+0x0000000100218400'
Event: 15.027 Thread 0x0000023e401cd6c0 Unloading class 0x0000000100218000 'java/lang/invoke/LambdaForm$MH+0x0000000100218000'
Event: 15.027 Thread 0x0000023e401cd6c0 Unloading class 0x0000000100217c00 'java/lang/invoke/LambdaForm$MH+0x0000000100217c00'
Event: 15.027 Thread 0x0000023e401cd6c0 Unloading class 0x0000000100217400 'java/lang/invoke/LambdaForm$BMH+0x0000000100217400'
Event: 15.027 Thread 0x0000023e401cd6c0 Unloading class 0x0000000100217000 'java/lang/invoke/LambdaForm$DMH+0x0000000100217000'
Event: 15.027 Thread 0x0000023e401cd6c0 Unloading class 0x0000000100214400 'java/lang/invoke/LambdaForm$DMH+0x0000000100214400'

Classes redefined (0 events):
No events

Internal exceptions (20 events):
Event: 25.349 Thread 0x0000023e4312b100 Exception <a 'sun/nio/fs/WindowsException'{0x00000000eba3dac0}> (0x00000000eba3dac0) 
thrown [s\src\hotspot\share\prims\jni.cpp, line 516]
Event: 25.430 Thread 0x0000023e4312d780 Exception <a 'sun/nio/fs/WindowsException'{0x00000000ebb7a600}> (0x00000000ebb7a600) 
thrown [s\src\hotspot\share\prims\jni.cpp, line 516]
Event: 25.480 Thread 0x0000023e4312d780 Exception <a 'java/lang/NoSuchMethodError'{0x00000000ebc61ca8}: 'java.lang.Object java.lang.invoke.DirectMethodHandle$Holder.invokeInterface(java.lang.Object, java.lang.Object, java.lang.Object)'> (0x00000000ebc61ca8) 
thrown [s\src\hotspot\share\interpreter\linkResolver.cpp, line 759]
Event: 25.645 Thread 0x0000023e4312d780 Exception <a 'java/io/FileNotFoundException'{0x00000000eac329e8}> (0x00000000eac329e8) 
thrown [s\src\hotspot\share\prims\jni.cpp, line 516]
Event: 26.476 Thread 0x0000023e4312baa0 Exception <a 'java/io/FileNotFoundException'{0x00000000eb3c0500}> (0x00000000eb3c0500) 
thrown [s\src\hotspot\share\prims\jni.cpp, line 516]
Event: 26.477 Thread 0x0000023e4312baa0 Exception <a 'java/io/FileNotFoundException'{0x00000000eb3c17c8}> (0x00000000eb3c17c8) 
thrown [s\src\hotspot\share\prims\jni.cpp, line 516]
Event: 27.733 Thread 0x0000023e4312d780 Exception <a 'java/lang/reflect/InvocationTargetException'{0x00000000eb2f5c00}> (0x00000000eb2f5c00) 
thrown [s\src\hotspot\share\runtime\reflection.cpp, line 1121]
Event: 27.761 Thread 0x0000023e4312d780 Exception <a 'java/lang/NoSuchMethodError'{0x00000000eb6f8c78}: 'java.lang.Object java.lang.invoke.DirectMethodHandle$Holder.invokeStatic(java.lang.Object, int, java.lang.Object)'> (0x00000000eb6f8c78) 
thrown [s\src\hotspot\share\interpreter\linkResolver.cpp, line 759]
Event: 27.772 Thread 0x0000023e4312d780 Exception <a 'java/lang/ClassNotFoundException'{0x00000000eb8804a8}: sun/util/logging/resources/spi/loggingProvider> (0x00000000eb8804a8) 
thrown [s\src\hotspot\share\classfile\systemDictionary.cpp, line 256]
Event: 28.239 Thread 0x0000023e4312d780 Exception <a 'java/lang/reflect/InvocationTargetException'{0x00000000eafdb478}> (0x00000000eafdb478) 
thrown [s\src\hotspot\share\runtime\reflection.cpp, line 1121]
Event: 33.224 Thread 0x0000023e4312c910 Exception <a 'java/lang/NoSuchMethodError'{0x00000000eba0c028}: 'int java.lang.invoke.DirectMethodHandle$Holder.invokeStatic(java.lang.Object, java.lang.Object, java.lang.Object, int)'> (0x00000000eba0c028) 
thrown [s\src\hotspot\share\interpreter\linkResolver.cpp, line 759]
Event: 33.224 Thread 0x0000023e475d6480 Exception <a 'java/lang/NoSuchMethodError'{0x00000000eb8cd0c0}: 'int java.lang.invoke.DirectMethodHandle$Holder.invokeStatic(java.lang.Object, java.lang.Object, java.lang.Object, int)'> (0x00000000eb8cd0c0) 
thrown [s\src\hotspot\share\interpreter\linkResolver.cpp, line 759]
Event: 33.322 Thread 0x0000023e4312ac30 Implicit null exception at 0x0000023e36d55ead to 0x0000023e36d568ec
Event: 33.365 Thread 0x0000023e4312ac30 Exception <a 'java/io/FileNotFoundException'{0x00000000eab5af20}> (0x00000000eab5af20) 
thrown [s\src\hotspot\share\prims\jni.cpp, line 516]
Event: 33.377 Thread 0x0000023e4312ac30 Exception <a 'java/io/FileNotFoundException'{0x00000000eab63088}> (0x00000000eab63088) 
thrown [s\src\hotspot\share\prims\jni.cpp, line 516]
Event: 33.377 Thread 0x0000023e475dacb0 Exception <a 'java/io/FileNotFoundException'{0x00000000eaba1f80}> (0x00000000eaba1f80) 
thrown [s\src\hotspot\share\prims\jni.cpp, line 516]
Event: 33.377 Thread 0x0000023e4312c910 Exception <a 'java/io/FileNotFoundException'{0x00000000eab70e38}> (0x00000000eab70e38) 
thrown [s\src\hotspot\share\prims\jni.cpp, line 516]
Event: 33.377 Thread 0x0000023e475d6480 Exception <a 'java/io/FileNotFoundException'{0x00000000eabd9298}> (0x00000000eabd9298) 
thrown [s\src\hotspot\share\prims\jni.cpp, line 516]
Event: 33.691 Thread 0x0000023e475d6480 Exception <a 'java/lang/NoSuchMethodError'{0x00000000eb1d5ea0}: 'int java.lang.invoke.DirectMethodHandle$Holder.invokeStatic(java.lang.Object, int, java.lang.Object)'> (0x00000000eb1d5ea0) 
thrown [s\src\hotspot\share\interpreter\linkResolver.cpp, line 759]
Event: 33.882 Thread 0x0000023e4312ac30 Exception <a 'java/lang/LinkageError'{0x00000000eba0ef88}: loader lombok.launch.ShadowClassLoader @3eb3a8d4 attempted duplicate class definition for lombok.launch.PatchFixesHider$Val. (lombok.launch.PatchFixesHider$Val is in unnamed module of loader lombok.launch.ShadowClassLoader @3eb3a8d4, parent loader org.eclipse.osgi.internal.loader.EquinoxClassLoader @44b3c7a1)> (0x00000000eba0ef88) 
thrown [s\src\hotspot\share\classfile\systemDictionary.cpp, line 1722]

VM Operations (20 events):
Event: 33.268 Executing VM operation: HandshakeAllThreads
Event: 33.269 Executing VM operation: HandshakeAllThreads done
Event: 33.326 Executing VM operation: ParallelGCFailedAllocation
Event: 33.331 Executing VM operation: ParallelGCFailedAllocation done
Event: 33.492 Executing VM operation: ParallelGCFailedAllocation
Event: 33.501 Executing VM operation: ParallelGCFailedAllocation done
Event: 33.567 Executing VM operation: HandshakeAllThreads
Event: 33.584 Executing VM operation: HandshakeAllThreads done
Event: 33.584 Executing VM operation: ParallelGCFailedAllocation
Event: 33.605 Executing VM operation: ParallelGCFailedAllocation done
Event: 33.605 Executing VM operation: HandshakeAllThreads
Event: 33.605 Executing VM operation: HandshakeAllThreads done
Event: 33.711 Executing VM operation: HandshakeAllThreads
Event: 33.711 Executing VM operation: HandshakeAllThreads done
Event: 33.711 Executing VM operation: HandshakeAllThreads
Event: 33.712 Executing VM operation: HandshakeAllThreads done
Event: 33.778 Executing VM operation: ICBufferFull
Event: 33.780 Executing VM operation: ICBufferFull done
Event: 33.905 Executing VM operation: ParallelGCFailedAllocation
Event: 33.909 Executing VM operation: ParallelGCFailedAllocation done

Events (20 events):
Event: 33.380 loading class java/util/concurrent/CountedCompleter
Event: 33.380 Thread 0x0000023e475d9e40 Thread added: 0x0000023e475d9e40
Event: 33.380 loading class java/util/concurrent/CountedCompleter done
Event: 33.380 Thread 0x0000023e475d4c70 Thread added: 0x0000023e475d4c70
Event: 33.381 Thread 0x0000023e475d8160 Thread added: 0x0000023e475d8160
Event: 33.727 Thread 0x0000023e426cfab0 flushing nmethod 0x0000023e2fe4f410
Event: 33.761 loading class java/util/function/ToIntFunction
Event: 33.762 loading class java/util/function/ToIntFunction done
Event: 33.763 loading class java/util/stream/ReferencePipeline$4
Event: 33.764 loading class java/util/stream/ReferencePipeline$4 done
Event: 33.765 loading class java/util/stream/Nodes$IntFixedNodeBuilder
Event: 33.765 loading class java/util/stream/Node$Builder$OfInt
Event: 33.765 loading class java/util/stream/Node$Builder$OfInt done
Event: 33.765 loading class java/util/stream/Nodes$IntArrayNode
Event: 33.765 loading class java/util/stream/Nodes$IntArrayNode done
Event: 33.766 loading class java/util/stream/Nodes$IntFixedNodeBuilder done
Event: 33.766 loading class java/util/stream/ReferencePipeline$4$1
Event: 33.767 loading class java/util/stream/ReferencePipeline$4$1 done
Event: 33.768 loading class java/util/AbstractList$ListItr
Event: 33.768 loading class java/util/AbstractList$ListItr done


Dynamic libraries:
0x00007ff62a550000 - 0x00007ff62a55e000 	c:\Users\Nargol\.vscode\extensions\redhat.java-1.10.0-win32-x64\jre\17.0.4-win32-x86_64\bin\java.exe
0x00007ffa5d050000 - 0x00007ffa5d248000 	C:\WINDOWS\SYSTEM32\ntdll.dll
0x00007ffa5c540000 - 0x00007ffa5c5fd000 	C:\WINDOWS\System32\KERNEL32.DLL
0x00007ffa5a870000 - 0x00007ffa5ab3e000 	C:\WINDOWS\System32\KERNELBASE.dll
0x00007ffa5ae70000 - 0x00007ffa5af70000 	C:\WINDOWS\System32\ucrtbase.dll
0x00007ffa53fa0000 - 0x00007ffa53fb9000 	c:\Users\Nargol\.vscode\extensions\redhat.java-1.10.0-win32-x64\jre\17.0.4-win32-x86_64\bin\VCRUNTIME140.dll
0x00007ffa54f60000 - 0x00007ffa54f78000 	c:\Users\Nargol\.vscode\extensions\redhat.java-1.10.0-win32-x64\jre\17.0.4-win32-x86_64\bin\jli.dll
0x00007ffa5b900000 - 0x00007ffa5baa0000 	C:\WINDOWS\System32\USER32.dll
0x00007ffa4b660000 - 0x00007ffa4b8fa000 	C:\WINDOWS\WinSxS\amd64_microsoft.windows.common-controls_6595b64144ccf1df_6.0.19041.1110_none_60b5254171f9507e\COMCTL32.dll
0x00007ffa5ab90000 - 0x00007ffa5abb2000 	C:\WINDOWS\System32\win32u.dll
0x00007ffa5bac0000 - 0x00007ffa5baea000 	C:\WINDOWS\System32\GDI32.dll
0x00007ffa5cec0000 - 0x00007ffa5cf5e000 	C:\WINDOWS\System32\msvcrt.dll
0x00007ffa5afa0000 - 0x00007ffa5b0ab000 	C:\WINDOWS\System32\gdi32full.dll
0x00007ffa5abc0000 - 0x00007ffa5ac5d000 	C:\WINDOWS\System32\msvcp_win.dll
0x00007ffa5b0b0000 - 0x00007ffa5b0e0000 	C:\WINDOWS\System32\IMM32.DLL
0x00007ffa53eb0000 - 0x00007ffa53ebc000 	c:\Users\Nargol\.vscode\extensions\redhat.java-1.10.0-win32-x64\jre\17.0.4-win32-x86_64\bin\vcruntime140_1.dll
0x00007ffa33ce0000 - 0x00007ffa33d71000 	c:\Users\Nargol\.vscode\extensions\redhat.java-1.10.0-win32-x64\jre\17.0.4-win32-x86_64\bin\msvcp140.dll
0x00007ffa246f0000 - 0x00007ffa25336000 	c:\Users\Nargol\.vscode\extensions\redhat.java-1.10.0-win32-x64\jre\17.0.4-win32-x86_64\bin\server\jvm.dll
0x00007ffa5c660000 - 0x00007ffa5c70e000 	C:\WINDOWS\System32\ADVAPI32.dll
0x00007ffa5bfb0000 - 0x00007ffa5c04c000 	C:\WINDOWS\System32\sechost.dll
0x00007ffa5c870000 - 0x00007ffa5c995000 	C:\WINDOWS\System32\RPCRT4.dll
0x00007ffa5b140000 - 0x00007ffa5b148000 	C:\WINDOWS\System32\PSAPI.DLL
0x00007ffa52da0000 - 0x00007ffa52da9000 	C:\WINDOWS\SYSTEM32\WSOCK32.dll
0x00007ffa5c4d0000 - 0x00007ffa5c53b000 	C:\WINDOWS\System32\WS2_32.dll
0x00007ffa57ee0000 - 0x00007ffa57f07000 	C:\WINDOWS\SYSTEM32\WINMM.dll
0x00007ffa501d0000 - 0x00007ffa501da000 	C:\WINDOWS\SYSTEM32\VERSION.dll
0x00007ffa58630000 - 0x00007ffa58642000 	C:\WINDOWS\SYSTEM32\kernel.appcore.dll
0x00007ffa53e60000 - 0x00007ffa53e6a000 	c:\Users\Nargol\.vscode\extensions\redhat.java-1.10.0-win32-x64\jre\17.0.4-win32-x86_64\bin\jimage.dll
0x00007ffa443c0000 - 0x00007ffa445a4000 	C:\WINDOWS\SYSTEM32\DBGHELP.DLL
0x00007ffa44390000 - 0x00007ffa443bc000 	C:\WINDOWS\SYSTEM32\dbgcore.DLL
0x00007ffa5a770000 - 0x00007ffa5a7f2000 	C:\WINDOWS\System32\bcryptPrimitives.dll
0x00007ffa534f0000 - 0x00007ffa534fe000 	c:\Users\Nargol\.vscode\extensions\redhat.java-1.10.0-win32-x64\jre\17.0.4-win32-x86_64\bin\instrument.dll
0x00007ffa53510000 - 0x00007ffa53535000 	c:\Users\Nargol\.vscode\extensions\redhat.java-1.10.0-win32-x64\jre\17.0.4-win32-x86_64\bin\java.dll
0x00007ffa53e40000 - 0x00007ffa53e58000 	c:\Users\Nargol\.vscode\extensions\redhat.java-1.10.0-win32-x64\jre\17.0.4-win32-x86_64\bin\zip.dll
0x00007ffa5b1b0000 - 0x00007ffa5b8f4000 	C:\WINDOWS\System32\SHELL32.dll
0x00007ffa58830000 - 0x00007ffa58fc4000 	C:\WINDOWS\SYSTEM32\windows.storage.dll
0x00007ffa5cb60000 - 0x00007ffa5ceb4000 	C:\WINDOWS\System32\combase.dll
0x00007ffa5a020000 - 0x00007ffa5a050000 	C:\WINDOWS\SYSTEM32\Wldp.dll
0x00007ffa5bf00000 - 0x00007ffa5bfad000 	C:\WINDOWS\System32\SHCORE.dll
0x00007ffa5bb80000 - 0x00007ffa5bbd5000 	C:\WINDOWS\System32\shlwapi.dll
0x00007ffa5a6b0000 - 0x00007ffa5a6cf000 	C:\WINDOWS\SYSTEM32\profapi.dll
0x00007ffa52f80000 - 0x00007ffa52f99000 	C:\Users\Nargol\.vscode\extensions\redhat.java-1.10.0-win32-x64\jre\17.0.4-win32-x86_64\bin\net.dll
0x00007ffa51930000 - 0x00007ffa51a3a000 	C:\WINDOWS\SYSTEM32\WINHTTP.dll
0x00007ffa59e00000 - 0x00007ffa59e6a000 	C:\WINDOWS\system32\mswsock.dll
0x00007ffa52f60000 - 0x00007ffa52f75000 	C:\Users\Nargol\.vscode\extensions\redhat.java-1.10.0-win32-x64\jre\17.0.4-win32-x86_64\bin\nio.dll
0x00007ffa52f50000 - 0x00007ffa52f60000 	c:\Users\Nargol\.vscode\extensions\redhat.java-1.10.0-win32-x64\jre\17.0.4-win32-x86_64\bin\verify.dll
0x00007ffa4dc00000 - 0x00007ffa4dc3e000 	C:\Users\Nargol\AppData\Roaming\Code\User\globalStorage\redhat.java\1.10.0\config_win\org.eclipse.equinox.launcher\org.eclipse.equinox.launcher.win32.win32.x86_64_1.2.500.v20220509-0833\eclipse_11700.dll
0x00007ffa5bdd0000 - 0x00007ffa5befa000 	C:\WINDOWS\System32\ole32.dll
0x00007ffa5a390000 - 0x00007ffa5a3a8000 	C:\WINDOWS\SYSTEM32\CRYPTSP.dll
0x00007ffa597a0000 - 0x00007ffa597d4000 	C:\WINDOWS\system32\rsaenh.dll
0x00007ffa5af70000 - 0x00007ffa5af97000 	C:\WINDOWS\System32\bcrypt.dll
0x00007ffa5a630000 - 0x00007ffa5a65e000 	C:\WINDOWS\SYSTEM32\USERENV.dll
0x00007ffa59f90000 - 0x00007ffa59f9c000 	C:\WINDOWS\SYSTEM32\CRYPTBASE.dll
0x00007ffa59b10000 - 0x00007ffa59b4b000 	C:\WINDOWS\SYSTEM32\IPHLPAPI.DLL
0x00007ffa5c050000 - 0x00007ffa5c058000 	C:\WINDOWS\System32\NSI.dll
0x00007ffa51ff0000 - 0x00007ffa52007000 	C:\WINDOWS\SYSTEM32\dhcpcsvc6.DLL
0x00007ffa53160000 - 0x00007ffa5317d000 	C:\WINDOWS\SYSTEM32\dhcpcsvc.DLL
0x00007ffa59b50000 - 0x00007ffa59c1a000 	C:\WINDOWS\SYSTEM32\DNSAPI.dll
0x00007ffa2bfb0000 - 0x00007ffa2bff4000 	C:\Users\Nargol\AppData\Local\Temp\jna--1968813275\jna11174898886711112358.dll

dbghelp: loaded successfully - version: 4.0.5 - missing functions: none
symbol engine: initialized successfully - sym options: 0x614 - pdb path: .;c:\Users\Nargol\.vscode\extensions\redhat.java-1.10.0-win32-x64\jre\17.0.4-win32-x86_64\bin;C:\WINDOWS\SYSTEM32;C:\WINDOWS\WinSxS\amd64_microsoft.windows.common-controls_6595b64144ccf1df_6.0.19041.1110_none_60b5254171f9507e;c:\Users\Nargol\.vscode\extensions\redhat.java-1.10.0-win32-x64\jre\17.0.4-win32-x86_64\bin\server;C:\Users\Nargol\AppData\Roaming\Code\User\globalStorage\redhat.java\1.10.0\config_win\org.eclipse.equinox.launcher\org.eclipse.equinox.launcher.win32.win32.x86_64_1.2.500.v20220509-0833;C:\Users\Nargol\AppData\Local\Temp\jna--1968813275

VM Arguments:
jvm_args: --add-modules=ALL-SYSTEM --add-opens=java.base/java.util=ALL-UNNAMED --add-opens=java.base/java.lang=ALL-UNNAMED --add-opens=java.base/sun.nio.fs=ALL-UNNAMED -Declipse.application=org.eclipse.jdt.ls.core.id1 -Dosgi.bundles.defaultStartLevel=4 -Declipse.product=org.eclipse.jdt.ls.core.product -Djava.import.generatesMetadataFilesAtProjectRoot=false -Dfile.encoding=utf8 -DwatchParentProcess=false -Xlog:jni+resolve=off -XX:+UseParallelGC -XX:GCTimeRatio=4 -XX:AdaptiveSizePolicyWeight=90 -Dsun.zip.disableMemoryMapping=true -Xmx1G -Xms100m -javaagent:c:\Users\Nargol\.vscode\extensions\redhat.java-1.10.0-win32-x64\lombok\lombok-1.18.24.jar -XX:+HeapDumpOnOutOfMemoryError -XX:HeapDumpPath=c:\Users\Nargol\AppData\Roaming\Code\User\workspaceStorage\45846c7739866774b57027b74214147e\redhat.java 
java_command: c:\Users\Nargol\.vscode\extensions\redhat.java-1.10.0-win32-x64\server\plugins\org.eclipse.equinox.launcher_1.6.400.v20210924-0641.jar -configuration c:\Users\Nargol\AppData\Roaming\Code\User\globalStorage\redhat.java\1.10.0\config_win -data c:\Users\Nargol\AppData\Roaming\Code\User\workspaceStorage\45846c7739866774b57027b74214147e\redhat.java\jdt_ws
java_class_path (initial): c:\Users\Nargol\.vscode\extensions\redhat.java-1.10.0-win32-x64\server\plugins\org.eclipse.equinox.launcher_1.6.400.v20210924-0641.jar
Launcher Type: SUN_STANDARD

[Global flags]
    uintx AdaptiveSizePolicyWeight                 = 90                                        {product} {command line}
     intx CICompilerCount                          = 4                                         {product} {ergonomic}
    uintx GCTimeRatio                              = 4                                         {product} {command line}
     bool HeapDumpOnOutOfMemoryError               = true                                   {manageable} {command line}
    ccstr HeapDumpPath                             = c:\Users\Nargol\AppData\Roaming\Code\User\workspaceStorage\45846c7739866774b57027b74214147e\redhat.java         {manageable} {command line}
   size_t InitialHeapSize                          = 104857600                                 {product} {command line}
   size_t MaxHeapSize                              = 1073741824                                {product} {command line}
   size_t MaxNewSize                               = 357564416                                 {product} {ergonomic}
   size_t MinHeapDeltaBytes                        = 524288                                    {product} {ergonomic}
   size_t MinHeapSize                              = 104857600                                 {product} {command line}
   size_t NewSize                                  = 34603008                                  {product} {ergonomic}
    uintx NonNMethodCodeHeapSize                   = 5839372                                {pd product} {ergonomic}
    uintx NonProfiledCodeHeapSize                  = 122909434                              {pd product} {ergonomic}
   size_t OldSize                                  = 70254592                                  {product} {ergonomic}
    uintx ProfiledCodeHeapSize                     = 122909434                              {pd product} {ergonomic}
    uintx ReservedCodeCacheSize                    = 251658240                              {pd product} {ergonomic}
     bool SegmentedCodeCache                       = true                                      {product} {ergonomic}
   size_t SoftMaxHeapSize                          = 1073741824                             {manageable} {ergonomic}
     bool UseCompressedClassPointers               = true                           {product lp64_product} {ergonomic}
     bool UseCompressedOops                        = true                           {product lp64_product} {ergonomic}
     bool UseLargePagesIndividualAllocation        = false                                  {pd product} {ergonomic}
     bool UseParallelGC                            = true                                      {product} {command line}

Logging:
Log output configuration:
 #0: stdout all=warning,jni+resolve=off uptime,level,tags
 #1: stderr all=off uptime,level,tags

Environment Variables:
JAVA_HOME=C:\Program Files\Java\jdk-11.0.8
PATH=C:\Program Files\Common Files\Oracle\Java\javapath;C:\apache-maven-3.8.6\bin;C:\WINDOWS\system32;C:\WINDOWS;C:\WINDOWS\System32\Wbem;C:\WINDOWS\System32\WindowsPowerShell\v1.0\;C:\Program Files (x86)\Git\cmd;C:\Program Files\PuTTY\;C:\WINDOWS\System32\OpenSSH\;C:\Program Files\Docker\Docker\resources\bin;C:\ProgramData\DockerDesktop\version-bin;C:\Program Files\nodejs\;C:\Program Files\Java\jdk-11.0.8;C:\Users\Nargol\AppData\Local\Microsoft\WindowsApps;C:\apache-maven-3.8.6\bin;C:\Users\Nargol\AppData\Local\Programs\Microsoft VS Code\bin;C:\Users\Nargol\AppData\Roaming\npm;
USERNAME=Nargol
OS=Windows_NT
PROCESSOR_IDENTIFIER=Intel64 Family 6 Model 42 Stepping 7, GenuineIntel
TMP=C:\Users\Nargol\AppData\Local\Temp
TEMP=C:\Users\Nargol\AppData\Local\Temp



---------------  S Y S T E M  ---------------

OS:
 Windows 10 , 64 bit Build 19041 (10.0.19041.1889)
OS uptime: 9 days 21:50 hours
Hyper-V role detected

CPU: total 8 (initial active 8) (4 cores per cpu, 2 threads per core) family 6 model 42 stepping 7 microcode 0x2f, cx8, cmov, fxsr, ht, mmx, sse, sse2, sse3, ssse3, sse4.1, sse4.2, popcnt, tsc, tscinvbit, avx, aes, clmul, vzeroupper, clflush, hv

Memory: 4k page, system-wide physical 16291M (100M free)
TotalPageFile size 35028M (AvailPageFile size 2M)
current process WorkingSet (physical memory assigned to process): 235M, peak: 237M
current process commit charge ("private bytes"): 296M, peak: 305M

vm_info: OpenJDK 64-Bit Server VM (17.0.4+8) for windows-amd64 JRE (17.0.4+8), built on Jul 19 2022 16:05:16 by "temurin" with MS VC++ 16.7 (VS2019)

END.
