#
# There is insufficient memory for the Java Runtime Environment to continue.
# Native memory allocation (malloc) failed to allocate 1055696 bytes for Chunk::new
# Possible reasons:
#   The system is out of physical RAM or swap space
#   The process is running with CompressedOops enabled, and the Java Heap may be blocking the growth of the native heap
# Possible solutions:
#   Reduce memory load on the system
#   Increase physical memory or swap space
#   Check if swap backing store is full
#   Decrease Java heap size (-Xmx/-Xms)
#   Decrease number of Java threads
#   Decrease Java thread stack sizes (-Xss)
#   Set larger code cache with -XX:ReservedCodeCacheSize=
#   JVM is running with Unscaled Compressed Oops mode in which the Java heap is
#     placed in the first 4GB address space. The Java Heap base address is the
#     maximum limit for the native heap growth. Please use -XX:HeapBaseMinAddress
#     to set the Java Heap base and to place the Java Heap above 4GB virtual address.
# This output file may be truncated or incomplete.
#
#  Out of Memory Error (arena.cpp:189), pid=209812, tid=183808
#
# JRE version: OpenJDK Runtime Environment Temurin-17.0.4+8 (17.0.4+8) (build 17.0.4+8)
# Java VM: OpenJDK 64-Bit Server VM Temurin-17.0.4+8 (17.0.4+8, mixed mode, tiered, compressed oops, compressed class ptrs, parallel gc, windows-amd64)
# No core dump will be written. Minidumps are not enabled by default on client versions of Windows
#

---------------  S U M M A R Y ------------

Command Line: --add-modules=ALL-SYSTEM --add-opens=java.base/java.util=ALL-UNNAMED --add-opens=java.base/java.lang=ALL-UNNAMED --add-opens=java.base/sun.nio.fs=ALL-UNNAMED -Declipse.application=org.eclipse.jdt.ls.core.id1 -Dosgi.bundles.defaultStartLevel=4 -Declipse.product=org.eclipse.jdt.ls.core.product -Djava.import.generatesMetadataFilesAtProjectRoot=false -Dfile.encoding=utf8 -DwatchParentProcess=false -Xlog:jni+resolve=off -XX:+UseParallelGC -XX:GCTimeRatio=4 -XX:AdaptiveSizePolicyWeight=90 -Dsun.zip.disableMemoryMapping=true -Xmx1G -Xms100m -javaagent:c:\Users\Nargol\.vscode\extensions\redhat.java-1.10.0-win32-x64\lombok\lombok-1.18.24.jar -XX:+HeapDumpOnOutOfMemoryError -XX:HeapDumpPath=c:\Users\Nargol\AppData\Roaming\Code\User\workspaceStorage\45846c7739866774b57027b74214147e\redhat.java c:\Users\Nargol\.vscode\extensions\redhat.java-1.10.0-win32-x64\server\plugins\org.eclipse.equinox.launcher_1.6.400.v20210924-0641.jar -configuration c:\Users\Nargol\AppData\Roaming\Code\User\globalStorage\redhat.java\1.10.0\config_win -data c:\Users\Nargol\AppData\Roaming\Code\User\workspaceStorage\45846c7739866774b57027b74214147e\redhat.java\jdt_ws

Host: Intel(R) Core(TM) i7-2630QM CPU @ 2.00GHz, 8 cores, 15G,  Windows 10 , 64 bit Build 19041 (10.0.19041.1889)
Time: Sun Sep 11 21:30:43 2022 W. Europe Daylight Time elapsed time: 22844.936982 seconds (0d 6h 20m 44s)

---------------  T H R E A D  ---------------

Current thread (0x0000014d769caf00):  JavaThread "C2 CompilerThread0" daemon [_thread_in_native, id=183808, stack(0x0000004762a00000,0x0000004762b00000)]


Current CompileTask:
C2:22844937 31491       4       org.eclipse.jdt.ls.core.internal.hover.JavaElementLabelComposer::appendTypeSignatureLabel (284 bytes)

Stack: [0x0000004762a00000,0x0000004762b00000]
Native frames: (J=compiled Java code, j=interpreted, Vv=VM code, C=native code)
V  [jvm.dll+0x67733a]
V  [jvm.dll+0x8323c4]
V  [jvm.dll+0x833b6e]
V  [jvm.dll+0x8341d3]
V  [jvm.dll+0x2455e5]
V  [jvm.dll+0xabd7b]
V  [jvm.dll+0xac30c]
V  [jvm.dll+0x2ac67f]
V  [jvm.dll+0x57dd57]
V  [jvm.dll+0x220702]
V  [jvm.dll+0x220adf]
V  [jvm.dll+0x21a325]
V  [jvm.dll+0x2177eb]
V  [jvm.dll+0x1a3f8d]
V  [jvm.dll+0x227308]
V  [jvm.dll+0x225455]
V  [jvm.dll+0x7e7eeb]
V  [jvm.dll+0x7e245a]
V  [jvm.dll+0x6761c5]
C  [ucrtbase.dll+0x21bb2]
C  [KERNEL32.DLL+0x17034]
C  [ntdll.dll+0x52651]


---------------  P R O C E S S  ---------------

Threads class SMR info:
_java_thread_list=0x0000014d7c253e50, length=30, elements={
0x0000014d5e38cbc0, 0x0000014d744b3140, 0x0000014d744b3cf0, 0x0000014d744b70b0,
0x0000014d744b7c60, 0x0000014d744b8610, 0x0000014d769ca170, 0x0000014d769caf00,
0x0000014d769cb9a0, 0x0000014d769cc390, 0x0000014d606de2c0, 0x0000014d76d00320,
0x0000014d7814d040, 0x0000014d77643100, 0x0000014d78198760, 0x0000014d770c93e0,
0x0000014d773e99e0, 0x0000014d76ea77c0, 0x0000014d78730840, 0x0000014d7872f030,
0x0000014d0b74fa70, 0x0000014d0b74ff40, 0x0000014d0b750410, 0x0000014d78d1da20,
0x0000014d7aa521a0, 0x0000014d78d1b3a0, 0x0000014d78d1def0, 0x0000014d78d17040,
0x0000014d78d1c6e0, 0x0000014d78d1b870
}

Java Threads: ( => current thread )
  0x0000014d5e38cbc0 JavaThread "main" [_thread_blocked, id=204688, stack(0x0000004762100000,0x0000004762200000)]
  0x0000014d744b3140 JavaThread "Reference Handler" daemon [_thread_blocked, id=88380, stack(0x0000004762400000,0x0000004762500000)]
  0x0000014d744b3cf0 JavaThread "Finalizer" daemon [_thread_blocked, id=165492, stack(0x0000004762500000,0x0000004762600000)]
  0x0000014d744b70b0 JavaThread "Signal Dispatcher" daemon [_thread_blocked, id=206372, stack(0x0000004762600000,0x0000004762700000)]
  0x0000014d744b7c60 JavaThread "Attach Listener" daemon [_thread_blocked, id=203828, stack(0x0000004762700000,0x0000004762800000)]
  0x0000014d744b8610 JavaThread "Service Thread" daemon [_thread_blocked, id=203188, stack(0x0000004762800000,0x0000004762900000)]
  0x0000014d769ca170 JavaThread "Monitor Deflation Thread" daemon [_thread_blocked, id=67728, stack(0x0000004762900000,0x0000004762a00000)]
=>0x0000014d769caf00 JavaThread "C2 CompilerThread0" daemon [_thread_in_native, id=183808, stack(0x0000004762a00000,0x0000004762b00000)]
  0x0000014d769cb9a0 JavaThread "C1 CompilerThread0" daemon [_thread_blocked, id=171968, stack(0x0000004762b00000,0x0000004762c00000)]
  0x0000014d769cc390 JavaThread "Sweeper thread" daemon [_thread_blocked, id=207724, stack(0x0000004762c00000,0x0000004762d00000)]
  0x0000014d606de2c0 JavaThread "Common-Cleaner" daemon [_thread_blocked, id=202956, stack(0x0000004762d00000,0x0000004762e00000)]
  0x0000014d76d00320 JavaThread "Notification Thread" daemon [_thread_blocked, id=211848, stack(0x0000004762e00000,0x0000004762f00000)]
  0x0000014d7814d040 JavaThread "Active Thread: Equinox Container: 88f0e112-68e9-4631-a234-d17fbe53a3f8" [_thread_blocked, id=202760, stack(0x0000004763500000,0x0000004763600000)]
  0x0000014d77643100 JavaThread "Framework Event Dispatcher: Equinox Container: 88f0e112-68e9-4631-a234-d17fbe53a3f8" daemon [_thread_blocked, id=69356, stack(0x0000004763600000,0x0000004763700000)]
  0x0000014d78198760 JavaThread "Start Level: Equinox Container: 88f0e112-68e9-4631-a234-d17fbe53a3f8" daemon [_thread_blocked, id=203956, stack(0x0000004763700000,0x0000004763800000)]
  0x0000014d770c93e0 JavaThread "SCR Component Actor" daemon [_thread_blocked, id=210544, stack(0x0000004763800000,0x0000004763900000)]
  0x0000014d773e99e0 JavaThread "Bundle File Closer" daemon [_thread_blocked, id=203456, stack(0x0000004763c00000,0x0000004763d00000)]
  0x0000014d76ea77c0 JavaThread "Worker-JM" [_thread_blocked, id=31820, stack(0x0000004763d00000,0x0000004763e00000)]
  0x0000014d78730840 JavaThread "Java indexing" daemon [_thread_blocked, id=211756, stack(0x0000004764400000,0x0000004764500000)]
  0x0000014d7872f030 JavaThread "pool-1-thread-1" [_thread_in_native, id=207904, stack(0x0000004764700000,0x0000004764800000)]
  0x0000014d0b74fa70 JavaThread "Java Debug Server" daemon [_thread_in_native, id=216156, stack(0x0000004763e00000,0x0000004763f00000)]
  0x0000014d0b74ff40 JavaThread "RxSchedulerPurge-1" daemon [_thread_blocked, id=208360, stack(0x0000004764000000,0x0000004764100000)]
  0x0000014d0b750410 JavaThread "RxCachedWorkerPoolEvictor-1" daemon [_thread_blocked, id=203972, stack(0x0000004764100000,0x0000004764200000)]
  0x0000014d78d1da20 JavaThread "Worker-38" [_thread_blocked, id=213512, stack(0x0000004763b00000,0x0000004763c00000)]
  0x0000014d7aa521a0 JavaThread "Worker-40" [_thread_blocked, id=219480, stack(0x0000004764800000,0x0000004764900000)]
  0x0000014d78d1b3a0 JavaThread "ForkJoinPool.commonPool-worker-76" daemon [_thread_in_native, id=228176, stack(0x0000004761e00000,0x0000004761f00000)]
  0x0000014d78d1def0 JavaThread "ForkJoinPool.commonPool-worker-77" daemon [_thread_blocked, id=228192, stack(0x0000004761f00000,0x0000004762000000)]
  0x0000014d78d17040 JavaThread "ForkJoinPool.commonPool-worker-78" daemon [_thread_in_native, id=228256, stack(0x0000004762000000,0x0000004762100000)]
  0x0000014d78d1c6e0 JavaThread "ForkJoinPool.commonPool-worker-79" daemon [_thread_blocked, id=228268, stack(0x0000004763f00000,0x0000004764000000)]
  0x0000014d78d1b870 JavaThread "ForkJoinPool.commonPool-worker-80" daemon [_thread_blocked, id=228284, stack(0x0000004764200000,0x0000004764300000)]

Other Threads:
  0x0000014d744ae240 VMThread "VM Thread" [stack: 0x0000004762300000,0x0000004762400000] [id=32908]
  0x0000014d76cddf90 WatcherThread [stack: 0x0000004762f00000,0x0000004763000000] [id=211844]
  0x0000014d60637020 GCTaskThread "GC Thread#0" [stack: 0x0000004762200000,0x0000004762300000] [id=13076]
  0x0000014d76eedcf0 GCTaskThread "GC Thread#1" [stack: 0x0000004763000000,0x0000004763100000] [id=211180]
  0x0000014d774e4bb0 GCTaskThread "GC Thread#2" [stack: 0x0000004763100000,0x0000004763200000] [id=210644]
  0x0000014d774e4e60 GCTaskThread "GC Thread#3" [stack: 0x0000004763200000,0x0000004763300000] [id=210288]
  0x0000014d774e31e0 GCTaskThread "GC Thread#4" [stack: 0x0000004763300000,0x0000004763400000] [id=204436]
  0x0000014d774e3490 GCTaskThread "GC Thread#5" [stack: 0x0000004763400000,0x0000004763500000] [id=211816]
  0x0000014d772e5630 GCTaskThread "GC Thread#6" [stack: 0x0000004763900000,0x0000004763a00000] [id=92720]
  0x0000014d7726c770 GCTaskThread "GC Thread#7" [stack: 0x0000004763a00000,0x0000004763b00000] [id=110456]

Threads with active compile tasks:
C2 CompilerThread0  22845011 31491       4       org.eclipse.jdt.ls.core.internal.hover.JavaElementLabelComposer::appendTypeSignatureLabel (284 bytes)

VM state: not at safepoint (normal execution)

VM Mutex/Monitor currently owned by a thread: None

Heap address: 0x00000000c0000000, size: 1024 MB, Compressed Oops mode: 32-bit

CDS archive(s) not mapped
Compressed class space mapped at: 0x0000000100000000-0x0000000140000000, reserved size: 1073741824
Narrow klass base: 0x0000000000000000, Narrow klass shift: 3, Narrow klass range: 0x140000000

GC Precious Log:
 CPUs: 8 total, 8 available
 Memory: 16291M
 Large Page Support: Disabled
 NUMA Support: Disabled
 Compressed Oops: Enabled (32-bit)
 Alignments: Space 512K, Generation 512K, Heap 2M
 Heap Min Capacity: 100M
 Heap Initial Capacity: 100M
 Heap Max Capacity: 1G
 Pre-touch: Disabled
 Parallel Workers: 8

Heap:
 PSYoungGen      total 3072K, used 2584K [0x00000000eab00000, 0x00000000eb100000, 0x0000000100000000)
  eden space 2560K, 82% used [0x00000000eab00000,0x00000000ead0e3d0,0x00000000ead80000)
  from space 512K, 93% used [0x00000000eb000000,0x00000000eb078010,0x00000000eb080000)
  to   space 512K, 0% used [0x00000000eb080000,0x00000000eb080000,0x00000000eb100000)
 ParOldGen       total 318976K, used 293719K [0x00000000c0000000, 0x00000000d3780000, 0x00000000eab00000)
  object space 318976K, 92% used [0x00000000c0000000,0x00000000d1ed5f18,0x00000000d3780000)
 Metaspace       used 106675K, committed 107968K, reserved 1146880K
  class space    used 10895K, committed 11520K, reserved 1048576K

Card table byte_map: [0x0000014d5ffe0000,0x0000014d601f0000] _byte_map_base: 0x0000014d5f9e0000

Marking Bits: (ParMarkBitMap*) 0x00007ffa25182cd0
 Begin Bits: [0x0000014d722c0000, 0x0000014d732c0000)
 End Bits:   [0x0000014d732c0000, 0x0000014d742c0000)

Polling page: 0x0000014d5e5c0000

Metaspace:

Usage:
  Non-class:     93.54 MB used.
      Class:     10.64 MB used.
       Both:    104.18 MB used.

Virtual space:
  Non-class space:       96.00 MB reserved,      94.19 MB ( 98%) committed,  12 nodes.
      Class space:        1.00 GB reserved,      11.25 MB (  1%) committed,  1 nodes.
             Both:        1.09 GB reserved,     105.44 MB (  9%) committed. 

Chunk freelists:
   Non-Class:  1.00 MB
       Class:  755.00 KB
        Both:  1.74 MB

MaxMetaspaceSize: unlimited
CompressedClassSpaceSize: 1.00 GB
Initial GC threshold: 21.00 MB
Current GC threshold: 175.75 MB
CDS: off
MetaspaceReclaimPolicy: balanced
 - commit_granule_bytes: 65536.
 - commit_granule_words: 8192.
 - virtual_space_node_default_size: 1048576.
 - enlarge_chunks_in_place: 1.
 - new_chunks_are_fully_committed: 0.
 - uncommit_free_chunks: 1.
 - use_allocation_guard: 0.
 - handle_deallocations: 1.


Internal statistics:

num_allocs_failed_limit: 13.
num_arena_births: 1568.
num_arena_deaths: 712.
num_vsnodes_births: 13.
num_vsnodes_deaths: 0.
num_space_committed: 1689.
num_space_uncommitted: 2.
num_chunks_returned_to_freelist: 958.
num_chunks_taken_from_freelist: 6377.
num_chunk_merges: 367.
num_chunk_splits: 3726.
num_chunks_enlarged: 2054.
num_purges: 50.
num_inconsistent_stats: 0.

CodeHeap 'non-profiled nmethods': size=120000Kb used=29607Kb max_used=29607Kb free=90392Kb
 bounds [0x0000014d6ad90000, 0x0000014d6ca80000, 0x0000014d722c0000]
CodeHeap 'profiled nmethods': size=120000Kb used=43912Kb max_used=44199Kb free=76088Kb
 bounds [0x0000014d63860000, 0x0000014d663d0000, 0x0000014d6ad90000]
CodeHeap 'non-nmethods': size=5760Kb used=1484Kb max_used=1550Kb free=4275Kb
 bounds [0x0000014d632c0000, 0x0000014d63530000, 0x0000014d63860000]
 total_blobs=22307 nmethods=21463 adapters=752
 compilation: enabled
              stopped_count=0, restarted_count=0
 full_count=0

Compilation events (20 events):
Event: 12963.560 Thread 0x0000014d769caf00 nmethod 31481 0x0000014d6ca70f10 code [0x0000014d6ca710a0, 0x0000014d6ca711c8]
Event: 12980.560 Thread 0x0000014d769caf00 31482   !   4       java.util.concurrent.locks.AbstractQueuedSynchronizer::acquire (407 bytes)
Event: 12980.577 Thread 0x0000014d769caf00 nmethod 31482 0x0000014d6ca71310 code [0x0000014d6ca71520, 0x0000014d6ca71e00]
Event: 13037.558 Thread 0x0000014d769caf00 31483       4       java.util.concurrent.ThreadPoolExecutor$Worker::lock (6 bytes)
Event: 13037.559 Thread 0x0000014d769caf00 nmethod 31483 0x0000014d6ca72690 code [0x0000014d6ca72800, 0x0000014d6ca728d8]
Event: 13147.554 Thread 0x0000014d769caf00 31484   !   4       java.util.concurrent.ThreadPoolExecutor::getTask (177 bytes)
Event: 13147.604 Thread 0x0000014d769caf00 nmethod 31484 0x0000014d6ca72990 code [0x0000014d6ca72d20, 0x0000014d6ca748e0]
Event: 13441.559 Thread 0x0000014d769caf00 31485       4       java.util.concurrent.ScheduledThreadPoolExecutor$DelayedWorkQueue::add (9 bytes)
Event: 13441.578 Thread 0x0000014d769caf00 nmethod 31485 0x0000014d6ca76610 code [0x0000014d6ca76800, 0x0000014d6ca76e08]
Event: 13444.561 Thread 0x0000014d769caf00 31486       4       java.util.concurrent.ScheduledThreadPoolExecutor$ScheduledFutureTask::run (57 bytes)
Event: 13444.611 Thread 0x0000014d769caf00 nmethod 31486 0x0000014d6ca77510 code [0x0000014d6ca777a0, 0x0000014d6ca78480]
Event: 13444.611 Thread 0x0000014d769caf00 31487       4       java.util.concurrent.Executors$RunnableAdapter::call (14 bytes)
Event: 13444.611 Thread 0x0000014d769caf00 nmethod 31487 0x0000014d6ca79390 code [0x0000014d6ca79500, 0x0000014d6ca795b8]
Event: 13814.740 Thread 0x0000014d769caf00 31488       4       java.util.HashMap$Node::setValue (12 bytes)
Event: 13814.740 Thread 0x0000014d769caf00 nmethod 31488 0x0000014d6ca79690 code [0x0000014d6ca79800, 0x0000014d6ca79898]
Event: 15614.859 Thread 0x0000014d769caf00 31489       4       org.eclipse.core.runtime.jobs.JobChangeAdapter::running (1 bytes)
Event: 15614.859 Thread 0x0000014d769caf00 nmethod 31489 0x0000014d6ca79990 code [0x0000014d6ca79b00, 0x0000014d6ca79b78]
Event: 22843.596 Thread 0x0000014d769cb9a0 31490       3       org.eclipse.jdt.ls.core.internal.hover.JavaElementLabelComposer::appendElementLabel (339 bytes)
Event: 22843.740 Thread 0x0000014d769cb9a0 nmethod 31490 0x0000014d63922d10 code [0x0000014d63923100, 0x0000014d63924fa8]
Event: 22844.412 Thread 0x0000014d769caf00 31491       4       org.eclipse.jdt.ls.core.internal.hover.JavaElementLabelComposer::appendTypeSignatureLabel (284 bytes)

GC Heap History (20 events):
Event: 22843.732 GC heap before
{Heap before GC invocations=19420 (full 342):
 PSYoungGen      total 2560K, used 2548K [0x00000000eab00000, 0x00000000eb700000, 0x0000000100000000)
  eden space 2048K, 99% used [0x00000000eab00000,0x00000000eacfffe8,0x00000000ead00000)
  from space 512K, 97% used [0x00000000eae00000,0x00000000eae7d200,0x00000000eae80000)
  to   space 5120K, 0% used [0x00000000eb200000,0x00000000eb200000,0x00000000eb700000)
 ParOldGen       total 318976K, used 288131K [0x00000000c0000000, 0x00000000d3780000, 0x00000000eab00000)
  object space 318976K, 90% used [0x00000000c0000000,0x00000000d1960d40,0x00000000d3780000)
 Metaspace       used 106675K, committed 107968K, reserved 1146880K
  class space    used 10895K, committed 11520K, reserved 1048576K
}
Event: 22843.739 GC heap after
{Heap after GC invocations=19420 (full 342):
 PSYoungGen      total 3584K, used 1310K [0x00000000eab00000, 0x00000000eb380000, 0x0000000100000000)
  eden space 2048K, 0% used [0x00000000eab00000,0x00000000eab00000,0x00000000ead00000)
  from space 1536K, 85% used [0x00000000eb200000,0x00000000eb347928,0x00000000eb380000)
  to   space 2560K, 0% used [0x00000000eae80000,0x00000000eae80000,0x00000000eb100000)
 ParOldGen       total 318976K, used 288580K [0x00000000c0000000, 0x00000000d3780000, 0x00000000eab00000)
  object space 318976K, 90% used [0x00000000c0000000,0x00000000d19d1150,0x00000000d3780000)
 Metaspace       used 106675K, committed 107968K, reserved 1146880K
  class space    used 10895K, committed 11520K, reserved 1048576K
}
Event: 22843.773 GC heap before
{Heap before GC invocations=19421 (full 342):
 PSYoungGen      total 3584K, used 3358K [0x00000000eab00000, 0x00000000eb380000, 0x0000000100000000)
  eden space 2048K, 100% used [0x00000000eab00000,0x00000000ead00000,0x00000000ead00000)
  from space 1536K, 85% used [0x00000000eb200000,0x00000000eb347928,0x00000000eb380000)
  to   space 2560K, 0% used [0x00000000eae80000,0x00000000eae80000,0x00000000eb100000)
 ParOldGen       total 318976K, used 288580K [0x00000000c0000000, 0x00000000d3780000, 0x00000000eab00000)
  object space 318976K, 90% used [0x00000000c0000000,0x00000000d19d1150,0x00000000d3780000)
 Metaspace       used 106675K, committed 107968K, reserved 1146880K
  class space    used 10895K, committed 11520K, reserved 1048576K
}
Event: 22843.785 GC heap after
{Heap after GC invocations=19421 (full 342):
 PSYoungGen      total 4608K, used 497K [0x00000000eab00000, 0x00000000eb280000, 0x0000000100000000)
  eden space 2048K, 0% used [0x00000000eab00000,0x00000000eab00000,0x00000000ead00000)
  from space 2560K, 19% used [0x00000000eae80000,0x00000000eaefc718,0x00000000eb100000)
  to   space 1024K, 0% used [0x00000000eb180000,0x00000000eb180000,0x00000000eb280000)
 ParOldGen       total 318976K, used 289855K [0x00000000c0000000, 0x00000000d3780000, 0x00000000eab00000)
  object space 318976K, 90% used [0x00000000c0000000,0x00000000d1b0fcc8,0x00000000d3780000)
 Metaspace       used 106675K, committed 107968K, reserved 1146880K
  class space    used 10895K, committed 11520K, reserved 1048576K
}
Event: 22843.857 GC heap before
{Heap before GC invocations=19422 (full 342):
 PSYoungGen      total 4608K, used 2545K [0x00000000eab00000, 0x00000000eb280000, 0x0000000100000000)
  eden space 2048K, 100% used [0x00000000eab00000,0x00000000ead00000,0x00000000ead00000)
  from space 2560K, 19% used [0x00000000eae80000,0x00000000eaefc718,0x00000000eb100000)
  to   space 1024K, 0% used [0x00000000eb180000,0x00000000eb180000,0x00000000eb280000)
 ParOldGen       total 318976K, used 289855K [0x00000000c0000000, 0x00000000d3780000, 0x00000000eab00000)
  object space 318976K, 90% used [0x00000000c0000000,0x00000000d1b0fcc8,0x00000000d3780000)
 Metaspace       used 106675K, committed 107968K, reserved 1146880K
  class space    used 10895K, committed 11520K, reserved 1048576K
}
Event: 22843.862 GC heap after
{Heap after GC invocations=19422 (full 342):
 PSYoungGen      total 3072K, used 704K [0x00000000eab00000, 0x00000000eb280000, 0x0000000100000000)
  eden space 2048K, 0% used [0x00000000eab00000,0x00000000eab00000,0x00000000ead00000)
  from space 1024K, 68% used [0x00000000eb180000,0x00000000eb230020,0x00000000eb280000)
  to   space 1024K, 0% used [0x00000000eb080000,0x00000000eb080000,0x00000000eb180000)
 ParOldGen       total 318976K, used 290218K [0x00000000c0000000, 0x00000000d3780000, 0x00000000eab00000)
  object space 318976K, 90% used [0x00000000c0000000,0x00000000d1b6aad8,0x00000000d3780000)
 Metaspace       used 106675K, committed 107968K, reserved 1146880K
  class space    used 10895K, committed 11520K, reserved 1048576K
}
Event: 22843.914 GC heap before
{Heap before GC invocations=19423 (full 342):
 PSYoungGen      total 3072K, used 2752K [0x00000000eab00000, 0x00000000eb280000, 0x0000000100000000)
  eden space 2048K, 100% used [0x00000000eab00000,0x00000000ead00000,0x00000000ead00000)
  from space 1024K, 68% used [0x00000000eb180000,0x00000000eb230020,0x00000000eb280000)
  to   space 1024K, 0% used [0x00000000eb080000,0x00000000eb080000,0x00000000eb180000)
 ParOldGen       total 318976K, used 290218K [0x00000000c0000000, 0x00000000d3780000, 0x00000000eab00000)
  object space 318976K, 90% used [0x00000000c0000000,0x00000000d1b6aad8,0x00000000d3780000)
 Metaspace       used 106675K, committed 107968K, reserved 1146880K
  class space    used 10895K, committed 11520K, reserved 1048576K
}
Event: 22843.920 GC heap after
{Heap after GC invocations=19423 (full 342):
 PSYoungGen      total 3072K, used 736K [0x00000000eab00000, 0x00000000eb200000, 0x0000000100000000)
  eden space 2048K, 0% used [0x00000000eab00000,0x00000000eab00000,0x00000000ead00000)
  from space 1024K, 71% used [0x00000000eb080000,0x00000000eb138000,0x00000000eb180000)
  to   space 512K, 0% used [0x00000000eb180000,0x00000000eb180000,0x00000000eb200000)
 ParOldGen       total 318976K, used 290794K [0x00000000c0000000, 0x00000000d3780000, 0x00000000eab00000)
  object space 318976K, 91% used [0x00000000c0000000,0x00000000d1bfaaf8,0x00000000d3780000)
 Metaspace       used 106675K, committed 107968K, reserved 1146880K
  class space    used 10895K, committed 11520K, reserved 1048576K
}
Event: 22843.981 GC heap before
{Heap before GC invocations=19424 (full 342):
 PSYoungGen      total 3072K, used 2784K [0x00000000eab00000, 0x00000000eb200000, 0x0000000100000000)
  eden space 2048K, 100% used [0x00000000eab00000,0x00000000ead00000,0x00000000ead00000)
  from space 1024K, 71% used [0x00000000eb080000,0x00000000eb138000,0x00000000eb180000)
  to   space 512K, 0% used [0x00000000eb180000,0x00000000eb180000,0x00000000eb200000)
 ParOldGen       total 318976K, used 290794K [0x00000000c0000000, 0x00000000d3780000, 0x00000000eab00000)
  object space 318976K, 91% used [0x00000000c0000000,0x00000000d1bfaaf8,0x00000000d3780000)
 Metaspace       used 106675K, committed 107968K, reserved 1146880K
  class space    used 10895K, committed 11520K, reserved 1048576K
}
Event: 22843.992 GC heap after
{Heap after GC invocations=19424 (full 342):
 PSYoungGen      total 2560K, used 480K [0x00000000eab00000, 0x00000000eb200000, 0x0000000100000000)
  eden space 2048K, 0% used [0x00000000eab00000,0x00000000eab00000,0x00000000ead00000)
  from space 512K, 93% used [0x00000000eb180000,0x00000000eb1f8020,0x00000000eb200000)
  to   space 2048K, 0% used [0x00000000eae00000,0x00000000eae00000,0x00000000eb000000)
 ParOldGen       total 318976K, used 291770K [0x00000000c0000000, 0x00000000d3780000, 0x00000000eab00000)
  object space 318976K, 91% used [0x00000000c0000000,0x00000000d1ceeb08,0x00000000d3780000)
 Metaspace       used 106675K, committed 107968K, reserved 1146880K
  class space    used 10895K, committed 11520K, reserved 1048576K
}
Event: 22843.998 GC heap before
{Heap before GC invocations=19425 (full 342):
 PSYoungGen      total 2560K, used 2528K [0x00000000eab00000, 0x00000000eb200000, 0x0000000100000000)
  eden space 2048K, 100% used [0x00000000eab00000,0x00000000ead00000,0x00000000ead00000)
  from space 512K, 93% used [0x00000000eb180000,0x00000000eb1f8020,0x00000000eb200000)
  to   space 2048K, 0% used [0x00000000eae00000,0x00000000eae00000,0x00000000eb000000)
 ParOldGen       total 318976K, used 291770K [0x00000000c0000000, 0x00000000d3780000, 0x00000000eab00000)
  object space 318976K, 91% used [0x00000000c0000000,0x00000000d1ceeb08,0x00000000d3780000)
 Metaspace       used 106675K, committed 107968K, reserved 1146880K
  class space    used 10895K, committed 11520K, reserved 1048576K
}
Event: 22844.004 GC heap after
{Heap after GC invocations=19425 (full 342):
 PSYoungGen      total 4608K, used 864K [0x00000000eab00000, 0x00000000eb200000, 0x0000000100000000)
  eden space 2560K, 0% used [0x00000000eab00000,0x00000000eab00000,0x00000000ead80000)
  from space 2048K, 42% used [0x00000000eae00000,0x00000000eaed8030,0x00000000eb000000)
  to   space 1536K, 0% used [0x00000000eb080000,0x00000000eb080000,0x00000000eb200000)
 ParOldGen       total 318976K, used 292282K [0x00000000c0000000, 0x00000000d3780000, 0x00000000eab00000)
  object space 318976K, 91% used [0x00000000c0000000,0x00000000d1d6eb28,0x00000000d3780000)
 Metaspace       used 106675K, committed 107968K, reserved 1146880K
  class space    used 10895K, committed 11520K, reserved 1048576K
}
Event: 22844.068 GC heap before
{Heap before GC invocations=19426 (full 342):
 PSYoungGen      total 4608K, used 3424K [0x00000000eab00000, 0x00000000eb200000, 0x0000000100000000)
  eden space 2560K, 100% used [0x00000000eab00000,0x00000000ead80000,0x00000000ead80000)
  from space 2048K, 42% used [0x00000000eae00000,0x00000000eaed8030,0x00000000eb000000)
  to   space 1536K, 0% used [0x00000000eb080000,0x00000000eb080000,0x00000000eb200000)
 ParOldGen       total 318976K, used 292282K [0x00000000c0000000, 0x00000000d3780000, 0x00000000eab00000)
  object space 318976K, 91% used [0x00000000c0000000,0x00000000d1d6eb28,0x00000000d3780000)
 Metaspace       used 106675K, committed 107968K, reserved 1146880K
  class space    used 10895K, committed 11520K, reserved 1048576K
}
Event: 22844.074 GC heap after
{Heap after GC invocations=19426 (full 342):
 PSYoungGen      total 3072K, used 480K [0x00000000eab00000, 0x00000000eb100000, 0x0000000100000000)
  eden space 2560K, 0% used [0x00000000eab00000,0x00000000eab00000,0x00000000ead80000)
  from space 512K, 93% used [0x00000000eb080000,0x00000000eb0f8000,0x00000000eb100000)
  to   space 1024K, 0% used [0x00000000eaf00000,0x00000000eaf00000,0x00000000eb000000)
 ParOldGen       total 318976K, used 292994K [0x00000000c0000000, 0x00000000d3780000, 0x00000000eab00000)
  object space 318976K, 91% used [0x00000000c0000000,0x00000000d1e20b58,0x00000000d3780000)
 Metaspace       used 106675K, committed 107968K, reserved 1146880K
  class space    used 10895K, committed 11520K, reserved 1048576K
}
Event: 22844.319 GC heap before
{Heap before GC invocations=19427 (full 342):
 PSYoungGen      total 3072K, used 3040K [0x00000000eab00000, 0x00000000eb100000, 0x0000000100000000)
  eden space 2560K, 100% used [0x00000000eab00000,0x00000000ead80000,0x00000000ead80000)
  from space 512K, 93% used [0x00000000eb080000,0x00000000eb0f8000,0x00000000eb100000)
  to   space 1024K, 0% used [0x00000000eaf00000,0x00000000eaf00000,0x00000000eb000000)
 ParOldGen       total 318976K, used 292994K [0x00000000c0000000, 0x00000000d3780000, 0x00000000eab00000)
  object space 318976K, 91% used [0x00000000c0000000,0x00000000d1e20b58,0x00000000d3780000)
 Metaspace       used 106675K, committed 107968K, reserved 1146880K
  class space    used 10895K, committed 11520K, reserved 1048576K
}
Event: 22844.324 GC heap after
{Heap after GC invocations=19427 (full 342):
 PSYoungGen      total 3584K, used 416K [0x00000000eab00000, 0x00000000eb100000, 0x0000000100000000)
  eden space 2560K, 0% used [0x00000000eab00000,0x00000000eab00000,0x00000000ead80000)
  from space 1024K, 40% used [0x00000000eaf00000,0x00000000eaf68000,0x00000000eb000000)
  to   space 512K, 0% used [0x00000000eb080000,0x00000000eb080000,0x00000000eb100000)
 ParOldGen       total 318976K, used 293330K [0x00000000c0000000, 0x00000000d3780000, 0x00000000eab00000)
  object space 318976K, 91% used [0x00000000c0000000,0x00000000d1e74b58,0x00000000d3780000)
 Metaspace       used 106675K, committed 107968K, reserved 1146880K
  class space    used 10895K, committed 11520K, reserved 1048576K
}
Event: 22844.420 GC heap before
{Heap before GC invocations=19428 (full 342):
 PSYoungGen      total 3584K, used 2976K [0x00000000eab00000, 0x00000000eb100000, 0x0000000100000000)
  eden space 2560K, 100% used [0x00000000eab00000,0x00000000ead80000,0x00000000ead80000)
  from space 1024K, 40% used [0x00000000eaf00000,0x00000000eaf68000,0x00000000eb000000)
  to   space 512K, 0% used [0x00000000eb080000,0x00000000eb080000,0x00000000eb100000)
 ParOldGen       total 318976K, used 293330K [0x00000000c0000000, 0x00000000d3780000, 0x00000000eab00000)
  object space 318976K, 91% used [0x00000000c0000000,0x00000000d1e74b58,0x00000000d3780000)
 Metaspace       used 106675K, committed 107968K, reserved 1146880K
  class space    used 10895K, committed 11520K, reserved 1048576K
}
Event: 22844.423 GC heap after
{Heap after GC invocations=19428 (full 342):
 PSYoungGen      total 3072K, used 256K [0x00000000eab00000, 0x00000000eb100000, 0x0000000100000000)
  eden space 2560K, 0% used [0x00000000eab00000,0x00000000eab00000,0x00000000ead80000)
  from space 512K, 50% used [0x00000000eb080000,0x00000000eb0c0000,0x00000000eb100000)
  to   space 512K, 0% used [0x00000000eb000000,0x00000000eb000000,0x00000000eb080000)
 ParOldGen       total 318976K, used 293599K [0x00000000c0000000, 0x00000000d3780000, 0x00000000eab00000)
  object space 318976K, 92% used [0x00000000c0000000,0x00000000d1eb7f18,0x00000000d3780000)
 Metaspace       used 106675K, committed 107968K, reserved 1146880K
  class space    used 10895K, committed 11520K, reserved 1048576K
}
Event: 22844.484 GC heap before
{Heap before GC invocations=19429 (full 342):
 PSYoungGen      total 3072K, used 2754K [0x00000000eab00000, 0x00000000eb100000, 0x0000000100000000)
  eden space 2560K, 97% used [0x00000000eab00000,0x00000000ead70828,0x00000000ead80000)
  from space 512K, 50% used [0x00000000eb080000,0x00000000eb0c0000,0x00000000eb100000)
  to   space 512K, 0% used [0x00000000eb000000,0x00000000eb000000,0x00000000eb080000)
 ParOldGen       total 318976K, used 293599K [0x00000000c0000000, 0x00000000d3780000, 0x00000000eab00000)
  object space 318976K, 92% used [0x00000000c0000000,0x00000000d1eb7f18,0x00000000d3780000)
 Metaspace       used 106675K, committed 107968K, reserved 1146880K
  class space    used 10895K, committed 11520K, reserved 1048576K
}
Event: 22844.486 GC heap after
{Heap after GC invocations=19429 (full 342):
 PSYoungGen      total 3072K, used 480K [0x00000000eab00000, 0x00000000eb100000, 0x0000000100000000)
  eden space 2560K, 0% used [0x00000000eab00000,0x00000000eab00000,0x00000000ead80000)
  from space 512K, 93% used [0x00000000eb000000,0x00000000eb078010,0x00000000eb080000)
  to   space 512K, 0% used [0x00000000eb080000,0x00000000eb080000,0x00000000eb100000)
 ParOldGen       total 318976K, used 293719K [0x00000000c0000000, 0x00000000d3780000, 0x00000000eab00000)
  object space 318976K, 92% used [0x00000000c0000000,0x00000000d1ed5f18,0x00000000d3780000)
 Metaspace       used 106675K, committed 107968K, reserved 1146880K
  class space    used 10895K, committed 11520K, reserved 1048576K
}

Deoptimization events (20 events):
Event: 12242.818 Thread 0x0000014d76ab21a0 Uncommon trap: trap_request=0xffffff66 fr.pc=0x0000014d6c5fcc90 relative=0x0000000000002910
Event: 12242.818 Thread 0x0000014d76ab21a0 Uncommon trap: reason=speculate_class_check action=maybe_recompile pc=0x0000014d6c5fcc90 method=org.eclipse.jdt.internal.compiler.ast.TypeReference.resolveType(Lorg/eclipse/jdt/internal/compiler/lookup/BlockScope;Z)Lorg/eclipse/jdt/internal/compiler/looku
Event: 12242.818 Thread 0x0000014d76ab21a0 DEOPT PACKING pc=0x0000014d6c5fcc90 sp=0x0000004764bfebe0
Event: 12242.818 Thread 0x0000014d76ab21a0 DEOPT UNPACKING pc=0x0000014d633120a3 sp=0x0000004764bfeb18 mode 2
Event: 12408.876 Thread 0x0000014d0b751750 DEOPT PACKING pc=0x0000014d66207f72 sp=0x00000047650fea10
Event: 12408.876 Thread 0x0000014d0b751750 DEOPT UNPACKING pc=0x0000014d63312843 sp=0x00000047650fdf80 mode 0
Event: 12458.675 Thread 0x0000014d7aa4d970 DEOPT PACKING pc=0x0000014d66342833 sp=0x00000047620fdd90
Event: 12458.676 Thread 0x0000014d7aa4d970 DEOPT UNPACKING pc=0x0000014d63312843 sp=0x00000047620fd2b8 mode 0
Event: 12459.163 Thread 0x0000014d78d16b70 DEOPT PACKING pc=0x0000014d638e30f4 sp=0x00000047643fe490
Event: 12459.163 Thread 0x0000014d78d16b70 DEOPT UNPACKING pc=0x0000014d63312843 sp=0x00000047643fd968 mode 0
Event: 12478.475 Thread 0x0000014d78d16b70 DEOPT PACKING pc=0x0000014d65414aef sp=0x00000047643fe100
Event: 12478.475 Thread 0x0000014d78d16b70 DEOPT UNPACKING pc=0x0000014d63312843 sp=0x00000047643fd620 mode 0
Event: 12526.194 Thread 0x0000014d78d18d20 DEOPT PACKING pc=0x0000014d66342833 sp=0x0000004761efe210
Event: 12526.194 Thread 0x0000014d78d18d20 DEOPT UNPACKING pc=0x0000014d63312843 sp=0x0000004761efd738 mode 0
Event: 12526.677 Thread 0x0000014d78d18d20 DEOPT PACKING pc=0x0000014d6621f631 sp=0x0000004761efdbb0
Event: 12526.677 Thread 0x0000014d78d18d20 DEOPT UNPACKING pc=0x0000014d63312843 sp=0x0000004761efd0a8 mode 0
Event: 12570.385 Thread 0x0000014d0b751750 Uncommon trap: trap_request=0xffffff45 fr.pc=0x0000014d6c104400 relative=0x00000000000002a0
Event: 12570.385 Thread 0x0000014d0b751750 Uncommon trap: reason=unstable_if action=reinterpret pc=0x0000014d6c104400 method=org.eclipse.jdt.internal.codeassist.SelectionEngine.checkSelection([CIIZ)Z @ 297 c2
Event: 12570.385 Thread 0x0000014d0b751750 DEOPT PACKING pc=0x0000014d6c104400 sp=0x00000047650fe600
Event: 12570.385 Thread 0x0000014d0b751750 DEOPT UNPACKING pc=0x0000014d633120a3 sp=0x00000047650fe550 mode 2

Classes unloaded (20 events):
Event: 12254.414 Thread 0x0000014d744ae240 Unloading class 0x0000000100a48c00 'jdk/internal/reflect/GeneratedSerializationConstructorAccessor134'
Event: 12254.414 Thread 0x0000014d744ae240 Unloading class 0x0000000100a48800 'jdk/internal/reflect/GeneratedSerializationConstructorAccessor133'
Event: 12254.414 Thread 0x0000014d744ae240 Unloading class 0x0000000100a49400 'jdk/internal/reflect/GeneratedSerializationConstructorAccessor132'
Event: 12254.414 Thread 0x0000014d744ae240 Unloading class 0x0000000100a49000 'jdk/internal/reflect/GeneratedSerializationConstructorAccessor131'
Event: 12254.414 Thread 0x0000014d744ae240 Unloading class 0x0000000100a4b400 'jdk/internal/reflect/GeneratedSerializationConstructorAccessor130'
Event: 12254.414 Thread 0x0000014d744ae240 Unloading class 0x0000000100a4b000 'jdk/internal/reflect/GeneratedMethodAccessor70'
Event: 12254.414 Thread 0x0000014d744ae240 Unloading class 0x0000000100a51400 'jdk/internal/reflect/GeneratedMethodAccessor69'
Event: 12254.414 Thread 0x0000014d744ae240 Unloading class 0x0000000100a51000 'jdk/internal/reflect/GeneratedSerializationConstructorAccessor129'
Event: 12254.414 Thread 0x0000014d744ae240 Unloading class 0x0000000100a54400 'jdk/internal/reflect/GeneratedSerializationConstructorAccessor128'
Event: 12254.414 Thread 0x0000014d744ae240 Unloading class 0x0000000100a54000 'jdk/internal/reflect/GeneratedSerializationConstructorAccessor127'
Event: 12254.414 Thread 0x0000014d744ae240 Unloading class 0x0000000100a6dc00 'jdk/internal/reflect/GeneratedSerializationConstructorAccessor126'
Event: 12254.414 Thread 0x0000014d744ae240 Unloading class 0x0000000100a6d800 'jdk/internal/reflect/GeneratedSerializationConstructorAccessor125'
Event: 12254.414 Thread 0x0000014d744ae240 Unloading class 0x0000000100a49c00 'jdk/internal/reflect/GeneratedSerializationConstructorAccessor124'
Event: 12254.414 Thread 0x0000014d744ae240 Unloading class 0x0000000100a4b800 'jdk/internal/reflect/GeneratedSerializationConstructorAccessor123'
Event: 12254.414 Thread 0x0000014d744ae240 Unloading class 0x0000000100a51c00 'jdk/internal/reflect/GeneratedSerializationConstructorAccessor122'
Event: 12254.414 Thread 0x0000014d744ae240 Unloading class 0x0000000100a54800 'jdk/internal/reflect/GeneratedSerializationConstructorAccessor121'
Event: 12254.414 Thread 0x0000014d744ae240 Unloading class 0x0000000100a60c00 'jdk/internal/reflect/GeneratedSerializationConstructorAccessor120'
Event: 12254.414 Thread 0x0000014d744ae240 Unloading class 0x0000000100a6cc00 'jdk/internal/reflect/GeneratedSerializationConstructorAccessor119'
Event: 12254.414 Thread 0x0000014d744ae240 Unloading class 0x0000000100a6d400 'jdk/internal/reflect/GeneratedSerializationConstructorAccessor118'
Event: 12254.414 Thread 0x0000014d744ae240 Unloading class 0x0000000100a6e000 'jdk/internal/reflect/GeneratedSerializationConstructorAccessor117'

Classes redefined (0 events):
No events

Internal exceptions (20 events):
Event: 12107.305 Thread 0x0000014d0a270ae0 Implicit null exception at 0x0000014d65ab6dbf to 0x0000014d65abbc4a
Event: 12107.305 Thread 0x0000014d0a270ae0 Exception <a 'java/lang/NullPointerException'{0x00000000eac264b8}> (0x00000000eac264b8) 
thrown [s\src\hotspot\share\runtime\sharedRuntime.cpp, line 628]
Event: 12107.305 Thread 0x0000014d0a270ae0 Implicit null exception at 0x0000014d65ab6dbf to 0x0000014d65abbc4a
Event: 12107.305 Thread 0x0000014d0a270ae0 Exception <a 'java/lang/NullPointerException'{0x00000000eac269e8}> (0x00000000eac269e8) 
thrown [s\src\hotspot\share\runtime\sharedRuntime.cpp, line 628]
Event: 12107.669 Thread 0x0000014d7aa4e310 Exception <a 'sun/nio/fs/WindowsException'{0x00000000eacc1ed0}> (0x00000000eacc1ed0) 
thrown [s\src\hotspot\share\prims\jni.cpp, line 516]
Event: 12107.669 Thread 0x0000014d7aa4e310 Exception <a 'sun/nio/fs/WindowsException'{0x00000000eacc21d0}> (0x00000000eacc21d0) 
thrown [s\src\hotspot\share\prims\jni.cpp, line 516]
Event: 12107.669 Thread 0x0000014d7aa4e310 Exception <a 'sun/nio/fs/WindowsException'{0x00000000eacc2bd0}> (0x00000000eacc2bd0) 
thrown [s\src\hotspot\share\prims\jni.cpp, line 516]
Event: 12107.669 Thread 0x0000014d7aa4e310 Exception <a 'sun/nio/fs/WindowsException'{0x00000000eacc2eb0}> (0x00000000eacc2eb0) 
thrown [s\src\hotspot\share\prims\jni.cpp, line 516]
Event: 12203.432 Thread 0x0000014d76ab21a0 Exception <a 'sun/nio/fs/WindowsException'{0x00000000eacfa368}> (0x00000000eacfa368) 
thrown [s\src\hotspot\share\prims\jni.cpp, line 516]
Event: 12203.432 Thread 0x0000014d76ab21a0 Exception <a 'sun/nio/fs/WindowsException'{0x00000000eacfc260}> (0x00000000eacfc260) 
thrown [s\src\hotspot\share\prims\jni.cpp, line 516]
Event: 12242.813 Thread 0x0000014d76ab21a0 Exception <a 'java/lang/ClassNotFoundException'{0x00000000eab13d48}: sun/net/www/protocol/jdt/Handler> (0x00000000eab13d48) 
thrown [s\src\hotspot\share\classfile\systemDictionary.cpp, line 256]
Event: 12242.814 Thread 0x0000014d76ab21a0 Exception <a 'java/lang/ClassNotFoundException'{0x00000000eab16458}: sun/net/www/protocol/jdt/Handler> (0x00000000eab16458) 
thrown [s\src\hotspot\share\classfile\systemDictionary.cpp, line 256]
Event: 12242.814 Thread 0x0000014d76ab21a0 Exception <a 'java/lang/ClassNotFoundException'{0x00000000eab198e0}: sun/net/www/protocol/jdt/Handler> (0x00000000eab198e0) 
thrown [s\src\hotspot\share\classfile\systemDictionary.cpp, line 256]
Event: 12242.814 Thread 0x0000014d76ab21a0 Exception <a 'java/lang/ClassNotFoundException'{0x00000000eab1c300}: sun/net/www/protocol/jdt/Handler> (0x00000000eab1c300) 
thrown [s\src\hotspot\share\classfile\systemDictionary.cpp, line 256]
Event: 12250.510 Thread 0x0000014d76ab21a0 Exception <a 'sun/nio/fs/WindowsException'{0x00000000eabb09a8}> (0x00000000eabb09a8) 
thrown [s\src\hotspot\share\prims\jni.cpp, line 516]
Event: 12250.511 Thread 0x0000014d76ab21a0 Exception <a 'sun/nio/fs/WindowsException'{0x00000000eabb2a18}> (0x00000000eabb2a18) 
thrown [s\src\hotspot\share\prims\jni.cpp, line 516]
Event: 12377.305 Thread 0x0000014d7aa521a0 Exception <a 'java/lang/NoSuchMethodError'{0x00000000eab92d20}: static Lorg/eclipse/m2e/core/internal/lifecyclemapping/model/PluginExecutionMetadata;.<clinit>()V> (0x00000000eab92d20) 
thrown [s\src\hotspot\share\prims\jni.cpp, line 1107]
Event: 12377.307 Thread 0x0000014d7aa521a0 Exception <a 'java/lang/NoSuchMethodError'{0x00000000eabb6e88}: static Lorg/eclipse/m2e/core/internal/lifecyclemapping/model/PluginExecutionFilter;.<clinit>()V> (0x00000000eabb6e88) 
thrown [s\src\hotspot\share\prims\jni.cpp, line 1107]
Event: 12377.310 Thread 0x0000014d7aa521a0 Exception <a 'java/lang/NoSuchMethodError'{0x00000000eabf5390}: static [J.<clinit>()V> (0x00000000eabf5390) 
thrown [s\src\hotspot\share\prims\jni.cpp, line 1107]
Event: 12406.042 Thread 0x0000014d78d1aa00 Exception <a 'java/lang/InterruptedException'{0x00000000ead5d5b8}> (0x00000000ead5d5b8) 
thrown [s\src\hotspot\share\runtime\objectMonitor.cpp, line 1470]

VM Operations (20 events):
Event: 22843.691 Executing VM operation: ParallelGCFailedAllocation
Event: 22843.740 Executing VM operation: ParallelGCFailedAllocation done
Event: 22843.773 Executing VM operation: ParallelGCFailedAllocation
Event: 22843.785 Executing VM operation: ParallelGCFailedAllocation done
Event: 22843.837 Executing VM operation: ParallelGCFailedAllocation
Event: 22843.862 Executing VM operation: ParallelGCFailedAllocation done
Event: 22843.913 Executing VM operation: ParallelGCFailedAllocation
Event: 22843.920 Executing VM operation: ParallelGCFailedAllocation done
Event: 22843.928 Executing VM operation: ParallelGCFailedAllocation
Event: 22843.992 Executing VM operation: ParallelGCFailedAllocation done
Event: 22843.997 Executing VM operation: ParallelGCFailedAllocation
Event: 22844.004 Executing VM operation: ParallelGCFailedAllocation done
Event: 22844.067 Executing VM operation: ParallelGCFailedAllocation
Event: 22844.074 Executing VM operation: ParallelGCFailedAllocation done
Event: 22844.319 Executing VM operation: ParallelGCFailedAllocation
Event: 22844.324 Executing VM operation: ParallelGCFailedAllocation done
Event: 22844.420 Executing VM operation: ParallelGCFailedAllocation
Event: 22844.423 Executing VM operation: ParallelGCFailedAllocation done
Event: 22844.484 Executing VM operation: ParallelGCFailedAllocation
Event: 22844.486 Executing VM operation: ParallelGCFailedAllocation done

Events (20 events):
Event: 12458.653 Thread 0x0000014d78d179e0 Thread added: 0x0000014d78d179e0
Event: 12458.653 Thread 0x0000014d78d191f0 Thread added: 0x0000014d78d191f0
Event: 12644.543 Thread 0x0000014d0b751750 Thread exited: 0x0000014d0b751750
Event: 12704.546 Thread 0x0000014d0b756450 Thread exited: 0x0000014d0b756450
Event: 12764.556 Thread 0x0000014d78d18d20 Thread exited: 0x0000014d78d18d20
Event: 12824.563 Thread 0x0000014d78d1bd40 Thread exited: 0x0000014d78d1bd40
Event: 12884.575 Thread 0x0000014d78d16b70 Thread exited: 0x0000014d78d16b70
Event: 12944.588 Thread 0x0000014d76aaf650 Thread exited: 0x0000014d76aaf650
Event: 12969.043 Thread 0x0000014d78d17040 Thread exited: 0x0000014d78d17040
Event: 13004.597 Thread 0x0000014d78d191f0 Thread exited: 0x0000014d78d191f0
Event: 13064.611 Thread 0x0000014d78d1d550 Thread exited: 0x0000014d78d1d550
Event: 13124.613 Thread 0x0000014d76ab1330 Thread exited: 0x0000014d76ab1330
Event: 13184.615 Thread 0x0000014d7aa4d970 Thread exited: 0x0000014d7aa4d970
Event: 13244.628 Thread 0x0000014d78d179e0 Thread exited: 0x0000014d78d179e0
Event: 13304.632 Thread 0x0000014d78d1a060 Thread exited: 0x0000014d78d1a060
Event: 22843.327 Thread 0x0000014d78d1b3a0 Thread added: 0x0000014d78d1b3a0
Event: 22843.362 Thread 0x0000014d78d1def0 Thread added: 0x0000014d78d1def0
Event: 22843.449 Thread 0x0000014d78d17040 Thread added: 0x0000014d78d17040
Event: 22843.475 Thread 0x0000014d78d1c6e0 Thread added: 0x0000014d78d1c6e0
Event: 22843.524 Thread 0x0000014d78d1b870 Thread added: 0x0000014d78d1b870


Dynamic libraries:
0x00007ff62a550000 - 0x00007ff62a55e000 	c:\Users\Nargol\.vscode\extensions\redhat.java-1.10.0-win32-x64\jre\17.0.4-win32-x86_64\bin\java.exe
0x00007ffa5d050000 - 0x00007ffa5d248000 	C:\WINDOWS\SYSTEM32\ntdll.dll
0x00007ffa5c540000 - 0x00007ffa5c5fd000 	C:\WINDOWS\System32\KERNEL32.DLL
0x00007ffa5a870000 - 0x00007ffa5ab3e000 	C:\WINDOWS\System32\KERNELBASE.dll
0x00007ffa5ae70000 - 0x00007ffa5af70000 	C:\WINDOWS\System32\ucrtbase.dll
0x00007ffa54f60000 - 0x00007ffa54f78000 	c:\Users\Nargol\.vscode\extensions\redhat.java-1.10.0-win32-x64\jre\17.0.4-win32-x86_64\bin\jli.dll
0x00007ffa5b900000 - 0x00007ffa5baa0000 	C:\WINDOWS\System32\USER32.dll
0x00007ffa5ab90000 - 0x00007ffa5abb2000 	C:\WINDOWS\System32\win32u.dll
0x00007ffa5bac0000 - 0x00007ffa5baea000 	C:\WINDOWS\System32\GDI32.dll
0x00007ffa5afa0000 - 0x00007ffa5b0ab000 	C:\WINDOWS\System32\gdi32full.dll
0x00007ffa53e50000 - 0x00007ffa53e69000 	c:\Users\Nargol\.vscode\extensions\redhat.java-1.10.0-win32-x64\jre\17.0.4-win32-x86_64\bin\VCRUNTIME140.dll
0x00007ffa5abc0000 - 0x00007ffa5ac5d000 	C:\WINDOWS\System32\msvcp_win.dll
0x00007ffa4b660000 - 0x00007ffa4b8fa000 	C:\WINDOWS\WinSxS\amd64_microsoft.windows.common-controls_6595b64144ccf1df_6.0.19041.1110_none_60b5254171f9507e\COMCTL32.dll
0x00007ffa5cec0000 - 0x00007ffa5cf5e000 	C:\WINDOWS\System32\msvcrt.dll
0x00007ffa5b0b0000 - 0x00007ffa5b0e0000 	C:\WINDOWS\System32\IMM32.DLL
0x00007ffa53e40000 - 0x00007ffa53e4c000 	c:\Users\Nargol\.vscode\extensions\redhat.java-1.10.0-win32-x64\jre\17.0.4-win32-x86_64\bin\vcruntime140_1.dll
0x00007ffa33ce0000 - 0x00007ffa33d71000 	c:\Users\Nargol\.vscode\extensions\redhat.java-1.10.0-win32-x64\jre\17.0.4-win32-x86_64\bin\msvcp140.dll
0x00007ffa24600000 - 0x00007ffa25246000 	c:\Users\Nargol\.vscode\extensions\redhat.java-1.10.0-win32-x64\jre\17.0.4-win32-x86_64\bin\server\jvm.dll
0x00007ffa5c660000 - 0x00007ffa5c70e000 	C:\WINDOWS\System32\ADVAPI32.dll
0x00007ffa5bfb0000 - 0x00007ffa5c04c000 	C:\WINDOWS\System32\sechost.dll
0x00007ffa5c870000 - 0x00007ffa5c995000 	C:\WINDOWS\System32\RPCRT4.dll
0x00007ffa5b140000 - 0x00007ffa5b148000 	C:\WINDOWS\System32\PSAPI.DLL
0x00007ffa52da0000 - 0x00007ffa52da9000 	C:\WINDOWS\SYSTEM32\WSOCK32.dll
0x00007ffa5c4d0000 - 0x00007ffa5c53b000 	C:\WINDOWS\System32\WS2_32.dll
0x00007ffa57ee0000 - 0x00007ffa57f07000 	C:\WINDOWS\SYSTEM32\WINMM.dll
0x00007ffa501d0000 - 0x00007ffa501da000 	C:\WINDOWS\SYSTEM32\VERSION.dll
0x00007ffa58630000 - 0x00007ffa58642000 	C:\WINDOWS\SYSTEM32\kernel.appcore.dll
0x00007ffa53530000 - 0x00007ffa5353a000 	c:\Users\Nargol\.vscode\extensions\redhat.java-1.10.0-win32-x64\jre\17.0.4-win32-x86_64\bin\jimage.dll
0x00007ffa443c0000 - 0x00007ffa445a4000 	C:\WINDOWS\SYSTEM32\DBGHELP.DLL
0x00007ffa44390000 - 0x00007ffa443bc000 	C:\WINDOWS\SYSTEM32\dbgcore.DLL
0x00007ffa5a770000 - 0x00007ffa5a7f2000 	C:\WINDOWS\System32\bcryptPrimitives.dll
0x00007ffa53520000 - 0x00007ffa5352e000 	c:\Users\Nargol\.vscode\extensions\redhat.java-1.10.0-win32-x64\jre\17.0.4-win32-x86_64\bin\instrument.dll
0x00007ffa52f70000 - 0x00007ffa52f95000 	c:\Users\Nargol\.vscode\extensions\redhat.java-1.10.0-win32-x64\jre\17.0.4-win32-x86_64\bin\java.dll
0x00007ffa52f50000 - 0x00007ffa52f68000 	c:\Users\Nargol\.vscode\extensions\redhat.java-1.10.0-win32-x64\jre\17.0.4-win32-x86_64\bin\zip.dll
0x00007ffa5b1b0000 - 0x00007ffa5b8f4000 	C:\WINDOWS\System32\SHELL32.dll
0x00007ffa58830000 - 0x00007ffa58fc4000 	C:\WINDOWS\SYSTEM32\windows.storage.dll
0x00007ffa5cb60000 - 0x00007ffa5ceb4000 	C:\WINDOWS\System32\combase.dll
0x00007ffa5a020000 - 0x00007ffa5a050000 	C:\WINDOWS\SYSTEM32\Wldp.dll
0x00007ffa5bf00000 - 0x00007ffa5bfad000 	C:\WINDOWS\System32\SHCORE.dll
0x00007ffa5bb80000 - 0x00007ffa5bbd5000 	C:\WINDOWS\System32\shlwapi.dll
0x00007ffa5a6b0000 - 0x00007ffa5a6cf000 	C:\WINDOWS\SYSTEM32\profapi.dll
0x00007ffa53fa0000 - 0x00007ffa53fb9000 	C:\Users\Nargol\.vscode\extensions\redhat.java-1.10.0-win32-x64\jre\17.0.4-win32-x86_64\bin\net.dll
0x00007ffa51930000 - 0x00007ffa51a3a000 	C:\WINDOWS\SYSTEM32\WINHTTP.dll
0x00007ffa59e00000 - 0x00007ffa59e6a000 	C:\WINDOWS\system32\mswsock.dll
0x00007ffa52ec0000 - 0x00007ffa52ed5000 	C:\Users\Nargol\.vscode\extensions\redhat.java-1.10.0-win32-x64\jre\17.0.4-win32-x86_64\bin\nio.dll
0x00007ffa53510000 - 0x00007ffa53520000 	c:\Users\Nargol\.vscode\extensions\redhat.java-1.10.0-win32-x64\jre\17.0.4-win32-x86_64\bin\verify.dll
0x00007ffa432d0000 - 0x00007ffa4330e000 	C:\Users\Nargol\AppData\Roaming\Code\User\globalStorage\redhat.java\1.10.0\config_win\org.eclipse.equinox.launcher\org.eclipse.equinox.launcher.win32.win32.x86_64_1.2.500.v20220509-0833\eclipse_11700.dll
0x00007ffa5bdd0000 - 0x00007ffa5befa000 	C:\WINDOWS\System32\ole32.dll
0x00007ffa5a390000 - 0x00007ffa5a3a8000 	C:\WINDOWS\SYSTEM32\CRYPTSP.dll
0x00007ffa597a0000 - 0x00007ffa597d4000 	C:\WINDOWS\system32\rsaenh.dll
0x00007ffa5af70000 - 0x00007ffa5af97000 	C:\WINDOWS\System32\bcrypt.dll
0x00007ffa5a630000 - 0x00007ffa5a65e000 	C:\WINDOWS\SYSTEM32\USERENV.dll
0x00007ffa59f90000 - 0x00007ffa59f9c000 	C:\WINDOWS\SYSTEM32\CRYPTBASE.dll
0x00007ffa59b10000 - 0x00007ffa59b4b000 	C:\WINDOWS\SYSTEM32\IPHLPAPI.DLL
0x00007ffa5c050000 - 0x00007ffa5c058000 	C:\WINDOWS\System32\NSI.dll
0x00007ffa51ff0000 - 0x00007ffa52007000 	C:\WINDOWS\SYSTEM32\dhcpcsvc6.DLL
0x00007ffa53160000 - 0x00007ffa5317d000 	C:\WINDOWS\SYSTEM32\dhcpcsvc.DLL
0x00007ffa59b50000 - 0x00007ffa59c1a000 	C:\WINDOWS\SYSTEM32\DNSAPI.dll
0x00007ffa4dbf0000 - 0x00007ffa4dc34000 	C:\Users\Nargol\AppData\Local\Temp\jna--1968813275\jna6650401820200328967.dll
0x00007ffa52f40000 - 0x00007ffa52f4e000 	C:\Users\Nargol\.vscode\extensions\redhat.java-1.10.0-win32-x64\jre\17.0.4-win32-x86_64\bin\sunmscapi.dll
0x00007ffa5ad10000 - 0x00007ffa5ae66000 	C:\WINDOWS\System32\CRYPT32.dll
0x00007ffa5a090000 - 0x00007ffa5a0b7000 	C:\WINDOWS\SYSTEM32\ncrypt.dll
0x00007ffa5a050000 - 0x00007ffa5a08b000 	C:\WINDOWS\SYSTEM32\NTASN1.dll
0x00007ffa48af0000 - 0x00007ffa48afa000 	C:\Windows\System32\rasadhlp.dll
0x00007ffa515b0000 - 0x00007ffa51630000 	C:\WINDOWS\System32\fwpuclnt.dll
0x00007ffa4bc20000 - 0x00007ffa4bc27000 	C:\WINDOWS\system32\wshunix.dll

dbghelp: loaded successfully - version: 4.0.5 - missing functions: none
symbol engine: initialized successfully - sym options: 0x614 - pdb path: .;c:\Users\Nargol\.vscode\extensions\redhat.java-1.10.0-win32-x64\jre\17.0.4-win32-x86_64\bin;C:\WINDOWS\SYSTEM32;C:\WINDOWS\WinSxS\amd64_microsoft.windows.common-controls_6595b64144ccf1df_6.0.19041.1110_none_60b5254171f9507e;c:\Users\Nargol\.vscode\extensions\redhat.java-1.10.0-win32-x64\jre\17.0.4-win32-x86_64\bin\server;C:\Users\Nargol\AppData\Roaming\Code\User\globalStorage\redhat.java\1.10.0\config_win\org.eclipse.equinox.launcher\org.eclipse.equinox.launcher.win32.win32.x86_64_1.2.500.v20220509-0833;C:\Users\Nargol\AppData\Local\Temp\jna--1968813275

VM Arguments:
jvm_args: --add-modules=ALL-SYSTEM --add-opens=java.base/java.util=ALL-UNNAMED --add-opens=java.base/java.lang=ALL-UNNAMED --add-opens=java.base/sun.nio.fs=ALL-UNNAMED -Declipse.application=org.eclipse.jdt.ls.core.id1 -Dosgi.bundles.defaultStartLevel=4 -Declipse.product=org.eclipse.jdt.ls.core.product -Djava.import.generatesMetadataFilesAtProjectRoot=false -Dfile.encoding=utf8 -DwatchParentProcess=false -Xlog:jni+resolve=off -XX:+UseParallelGC -XX:GCTimeRatio=4 -XX:AdaptiveSizePolicyWeight=90 -Dsun.zip.disableMemoryMapping=true -Xmx1G -Xms100m -javaagent:c:\Users\Nargol\.vscode\extensions\redhat.java-1.10.0-win32-x64\lombok\lombok-1.18.24.jar -XX:+HeapDumpOnOutOfMemoryError -XX:HeapDumpPath=c:\Users\Nargol\AppData\Roaming\Code\User\workspaceStorage\45846c7739866774b57027b74214147e\redhat.java 
java_command: c:\Users\Nargol\.vscode\extensions\redhat.java-1.10.0-win32-x64\server\plugins\org.eclipse.equinox.launcher_1.6.400.v20210924-0641.jar -configuration c:\Users\Nargol\AppData\Roaming\Code\User\globalStorage\redhat.java\1.10.0\config_win -data c:\Users\Nargol\AppData\Roaming\Code\User\workspaceStorage\45846c7739866774b57027b74214147e\redhat.java\jdt_ws
java_class_path (initial): c:\Users\Nargol\.vscode\extensions\redhat.java-1.10.0-win32-x64\server\plugins\org.eclipse.equinox.launcher_1.6.400.v20210924-0641.jar
Launcher Type: SUN_STANDARD

[Global flags]
    uintx AdaptiveSizePolicyWeight                 = 90                                        {product} {command line}
     intx CICompilerCount                          = 4                                         {product} {ergonomic}
    uintx GCTimeRatio                              = 4                                         {product} {command line}
     bool HeapDumpOnOutOfMemoryError               = true                                   {manageable} {command line}
    ccstr HeapDumpPath                             = c:\Users\Nargol\AppData\Roaming\Code\User\workspaceStorage\45846c7739866774b57027b74214147e\redhat.java         {manageable} {command line}
   size_t InitialHeapSize                          = 104857600                                 {product} {command line}
   size_t MaxHeapSize                              = 1073741824                                {product} {command line}
   size_t MaxNewSize                               = 357564416                                 {product} {ergonomic}
   size_t MinHeapDeltaBytes                        = 524288                                    {product} {ergonomic}
   size_t MinHeapSize                              = 104857600                                 {product} {command line}
   size_t NewSize                                  = 34603008                                  {product} {ergonomic}
    uintx NonNMethodCodeHeapSize                   = 5839372                                {pd product} {ergonomic}
    uintx NonProfiledCodeHeapSize                  = 122909434                              {pd product} {ergonomic}
   size_t OldSize                                  = 70254592                                  {product} {ergonomic}
    uintx ProfiledCodeHeapSize                     = 122909434                              {pd product} {ergonomic}
    uintx ReservedCodeCacheSize                    = 251658240                              {pd product} {ergonomic}
     bool SegmentedCodeCache                       = true                                      {product} {ergonomic}
   size_t SoftMaxHeapSize                          = 1073741824                             {manageable} {ergonomic}
     bool UseCompressedClassPointers               = true                           {product lp64_product} {ergonomic}
     bool UseCompressedOops                        = true                           {product lp64_product} {ergonomic}
     bool UseLargePagesIndividualAllocation        = false                                  {pd product} {ergonomic}
     bool UseParallelGC                            = true                                      {product} {command line}

Logging:
Log output configuration:
 #0: stdout all=warning,jni+resolve=off uptime,level,tags
 #1: stderr all=off uptime,level,tags

Environment Variables:
JAVA_HOME=C:\Program Files\Java\jdk-11.0.8
PATH=C:\Program Files\Common Files\Oracle\Java\javapath;C:\apache-maven-3.8.6\bin;C:\WINDOWS\system32;C:\WINDOWS;C:\WINDOWS\System32\Wbem;C:\WINDOWS\System32\WindowsPowerShell\v1.0\;C:\Program Files (x86)\Git\cmd;C:\Program Files\PuTTY\;C:\WINDOWS\System32\OpenSSH\;C:\Program Files\Docker\Docker\resources\bin;C:\ProgramData\DockerDesktop\version-bin;C:\Program Files\nodejs\;C:\Program Files\Java\jdk-11.0.8;C:\Users\Nargol\AppData\Local\Microsoft\WindowsApps;C:\apache-maven-3.8.6\bin;C:\Users\Nargol\AppData\Local\Programs\Microsoft VS Code\bin;C:\Users\Nargol\AppData\Roaming\npm;
USERNAME=Nargol
OS=Windows_NT
PROCESSOR_IDENTIFIER=Intel64 Family 6 Model 42 Stepping 7, GenuineIntel
TMP=C:\Users\Nargol\AppData\Local\Temp
TEMP=C:\Users\Nargol\AppData\Local\Temp



---------------  S Y S T E M  ---------------

OS:
 Windows 10 , 64 bit Build 19041 (10.0.19041.1889)
OS uptime: 9 days 21:49 hours
Hyper-V role detected

CPU: total 8 (initial active 8) (4 cores per cpu, 2 threads per core) family 6 model 42 stepping 7 microcode 0x2f, cx8, cmov, fxsr, ht, mmx, sse, sse2, sse3, ssse3, sse4.1, sse4.2, popcnt, tsc, tscinvbit, avx, aes, clmul, vzeroupper, clflush, hv

Memory: 4k page, system-wide physical 16291M (400M free)
TotalPageFile size 35028M (AvailPageFile size 3M)
current process WorkingSet (physical memory assigned to process): 97M, peak: 660M
current process commit charge ("private bytes"): 680M, peak: 733M

vm_info: OpenJDK 64-Bit Server VM (17.0.4+8) for windows-amd64 JRE (17.0.4+8), built on Jul 19 2022 16:05:16 by "temurin" with MS VC++ 16.7 (VS2019)

END.
